[1.103s] DEBUG:colcon:Command line arguments: ['/usr/bin/colcon', 'build', '--packages-select', 'actionclient']
[1.103s] DEBUG:colcon:Parsed command line arguments: Namespace(allow_overriding=[], ament_cmake_args=None, base_paths=['.'], build_base='build', catkin_cmake_args=None, catkin_skip_building_tests=False, cmake_args=None, cmake_clean_cache=False, cmake_clean_first=False, cmake_force_configure=False, cmake_target=None, cmake_target_skip_unavailable=False, continue_on_error=False, event_handlers=None, executor='parallel', ignore_user_meta=False, install_base='install', log_base=None, log_level=None, main=<bound method BuildVerb.main of <colcon_core.verb.build.BuildVerb object at 0x7f7d021280>>, merge_install=False, metas=['./colcon.meta'], packages_above=None, packages_above_and_dependencies=None, packages_above_depth=None, packages_end=None, packages_ignore=None, packages_ignore_regex=None, packages_select=['actionclient'], packages_select_build_failed=False, packages_select_by_dep=None, packages_select_regex=None, packages_select_test_failures=False, packages_skip=None, packages_skip_build_finished=False, packages_skip_by_dep=None, packages_skip_regex=None, packages_skip_test_passed=False, packages_skip_up_to=None, packages_start=None, packages_up_to=None, packages_up_to_regex=None, parallel_workers=4, paths=None, symlink_install=False, test_result_base=None, verb_extension=<colcon_core.verb.build.BuildVerb object at 0x7f7d021280>, verb_name='build', verb_parser=<colcon_defaults.argument_parser.defaults.DefaultArgumentsDecorator object at 0x7f7d0216d0>)
[2.513s] Level 1:colcon.colcon_core.package_discovery:discover_packages(colcon_meta) check parameters
[2.513s] Level 1:colcon.colcon_core.package_discovery:discover_packages(recursive) check parameters
[2.513s] Level 1:colcon.colcon_core.package_discovery:discover_packages(ignore) check parameters
[2.513s] Level 1:colcon.colcon_core.package_discovery:discover_packages(path) check parameters
[2.514s] Level 1:colcon.colcon_core.package_discovery:discover_packages(colcon_meta) discover
[2.514s] Level 1:colcon.colcon_core.package_discovery:discover_packages(recursive) discover
[2.514s] INFO:colcon.colcon_core.package_discovery:Crawling recursively for packages in '/home/wheeltec/KUL_TABLOO/src'
[2.514s] Level 1:colcon.colcon_core.package_identification:_identify(.) by extensions ['ignore', 'ignore_ament_install']
[2.515s] Level 1:colcon.colcon_core.package_identification:_identify(.) by extension 'ignore'
[2.515s] Level 1:colcon.colcon_core.package_identification:_identify(.) by extension 'ignore_ament_install'
[2.515s] Level 1:colcon.colcon_core.package_identification:_identify(.) by extensions ['colcon_pkg']
[2.515s] Level 1:colcon.colcon_core.package_identification:_identify(.) by extension 'colcon_pkg'
[2.515s] Level 1:colcon.colcon_core.package_identification:_identify(.) by extensions ['colcon_meta']
[2.516s] Level 1:colcon.colcon_core.package_identification:_identify(.) by extension 'colcon_meta'
[2.516s] Level 1:colcon.colcon_core.package_identification:_identify(.) by extensions ['ros']
[2.516s] Level 1:colcon.colcon_core.package_identification:_identify(.) by extension 'ros'
[2.576s] Level 1:colcon.colcon_core.package_identification:_identify(.) by extensions ['cmake', 'python']
[2.576s] Level 1:colcon.colcon_core.package_identification:_identify(.) by extension 'cmake'
[2.577s] Level 1:colcon.colcon_core.package_identification:_identify(.) by extension 'python'
[2.577s] Level 1:colcon.colcon_core.package_identification:_identify(.) by extensions ['python_setup_py']
[2.577s] Level 1:colcon.colcon_core.package_identification:_identify(.) by extension 'python_setup_py'
[2.577s] Level 1:colcon.colcon_core.package_identification:_identify(actionclient) by extensions ['ignore', 'ignore_ament_install']
[2.578s] Level 1:colcon.colcon_core.package_identification:_identify(actionclient) by extension 'ignore'
[2.578s] Level 1:colcon.colcon_core.package_identification:_identify(actionclient) by extension 'ignore_ament_install'
[2.578s] Level 1:colcon.colcon_core.package_identification:_identify(actionclient) by extensions ['colcon_pkg']
[2.578s] Level 1:colcon.colcon_core.package_identification:_identify(actionclient) by extension 'colcon_pkg'
[2.579s] Level 1:colcon.colcon_core.package_identification:_identify(actionclient) by extensions ['colcon_meta']
[2.579s] Level 1:colcon.colcon_core.package_identification:_identify(actionclient) by extension 'colcon_meta'
[2.579s] Level 1:colcon.colcon_core.package_identification:_identify(actionclient) by extensions ['ros']
[2.579s] Level 1:colcon.colcon_core.package_identification:_identify(actionclient) by extension 'ros'
[2.592s] DEBUG:colcon.colcon_core.package_identification:Package 'actionclient' with type 'ros.ament_python' and name 'actionclient'
[2.593s] Level 1:colcon.colcon_core.package_identification:_identify(build) by extensions ['ignore', 'ignore_ament_install']
[2.593s] Level 1:colcon.colcon_core.package_identification:_identify(build) by extension 'ignore'
[2.594s] Level 1:colcon.colcon_core.package_identification:_identify(build) ignored
[2.594s] Level 1:colcon.colcon_core.package_identification:_identify(config) by extensions ['ignore', 'ignore_ament_install']
[2.595s] Level 1:colcon.colcon_core.package_identification:_identify(config) by extension 'ignore'
[2.595s] Level 1:colcon.colcon_core.package_identification:_identify(config) by extension 'ignore_ament_install'
[2.596s] Level 1:colcon.colcon_core.package_identification:_identify(config) by extensions ['colcon_pkg']
[2.596s] Level 1:colcon.colcon_core.package_identification:_identify(config) by extension 'colcon_pkg'
[2.596s] Level 1:colcon.colcon_core.package_identification:_identify(config) by extensions ['colcon_meta']
[2.596s] Level 1:colcon.colcon_core.package_identification:_identify(config) by extension 'colcon_meta'
[2.596s] Level 1:colcon.colcon_core.package_identification:_identify(config) by extensions ['ros']
[2.597s] Level 1:colcon.colcon_core.package_identification:_identify(config) by extension 'ros'
[2.597s] Level 1:colcon.colcon_core.package_identification:_identify(config) by extensions ['cmake', 'python']
[2.597s] Level 1:colcon.colcon_core.package_identification:_identify(config) by extension 'cmake'
[2.597s] Level 1:colcon.colcon_core.package_identification:_identify(config) by extension 'python'
[2.598s] Level 1:colcon.colcon_core.package_identification:_identify(config) by extensions ['python_setup_py']
[2.598s] Level 1:colcon.colcon_core.package_identification:_identify(config) by extension 'python_setup_py'
[2.598s] Level 1:colcon.colcon_core.package_identification:_identify(emergency_stop) by extensions ['ignore', 'ignore_ament_install']
[2.599s] Level 1:colcon.colcon_core.package_identification:_identify(emergency_stop) by extension 'ignore'
[2.599s] Level 1:colcon.colcon_core.package_identification:_identify(emergency_stop) by extension 'ignore_ament_install'
[2.600s] Level 1:colcon.colcon_core.package_identification:_identify(emergency_stop) by extensions ['colcon_pkg']
[2.600s] Level 1:colcon.colcon_core.package_identification:_identify(emergency_stop) by extension 'colcon_pkg'
[2.600s] Level 1:colcon.colcon_core.package_identification:_identify(emergency_stop) by extensions ['colcon_meta']
[2.601s] Level 1:colcon.colcon_core.package_identification:_identify(emergency_stop) by extension 'colcon_meta'
[2.601s] Level 1:colcon.colcon_core.package_identification:_identify(emergency_stop) by extensions ['ros']
[2.601s] Level 1:colcon.colcon_core.package_identification:_identify(emergency_stop) by extension 'ros'
[2.604s] DEBUG:colcon.colcon_core.package_identification:Package 'emergency_stop' with type 'ros.ament_python' and name 'emergency_stop'
[2.605s] Level 1:colcon.colcon_core.package_identification:_identify(install) by extensions ['ignore', 'ignore_ament_install']
[2.605s] Level 1:colcon.colcon_core.package_identification:_identify(install) by extension 'ignore'
[2.605s] Level 1:colcon.colcon_core.package_identification:_identify(install) ignored
[2.605s] Level 1:colcon.colcon_core.package_identification:_identify(launch) by extensions ['ignore', 'ignore_ament_install']
[2.606s] Level 1:colcon.colcon_core.package_identification:_identify(launch) by extension 'ignore'
[2.606s] Level 1:colcon.colcon_core.package_identification:_identify(launch) by extension 'ignore_ament_install'
[2.606s] Level 1:colcon.colcon_core.package_identification:_identify(launch) by extensions ['colcon_pkg']
[2.606s] Level 1:colcon.colcon_core.package_identification:_identify(launch) by extension 'colcon_pkg'
[2.606s] Level 1:colcon.colcon_core.package_identification:_identify(launch) by extensions ['colcon_meta']
[2.607s] Level 1:colcon.colcon_core.package_identification:_identify(launch) by extension 'colcon_meta'
[2.607s] Level 1:colcon.colcon_core.package_identification:_identify(launch) by extensions ['ros']
[2.607s] Level 1:colcon.colcon_core.package_identification:_identify(launch) by extension 'ros'
[2.607s] Level 1:colcon.colcon_core.package_identification:_identify(launch) by extensions ['cmake', 'python']
[2.607s] Level 1:colcon.colcon_core.package_identification:_identify(launch) by extension 'cmake'
[2.607s] Level 1:colcon.colcon_core.package_identification:_identify(launch) by extension 'python'
[2.608s] Level 1:colcon.colcon_core.package_identification:_identify(launch) by extensions ['python_setup_py']
[2.608s] Level 1:colcon.colcon_core.package_identification:_identify(launch) by extension 'python_setup_py'
[2.608s] Level 1:colcon.colcon_core.package_identification:_identify(log) by extensions ['ignore', 'ignore_ament_install']
[2.609s] Level 1:colcon.colcon_core.package_identification:_identify(log) by extension 'ignore'
[2.609s] Level 1:colcon.colcon_core.package_identification:_identify(log) ignored
[2.609s] Level 1:colcon.colcon_core.package_identification:_identify(quiz) by extensions ['ignore', 'ignore_ament_install']
[2.609s] Level 1:colcon.colcon_core.package_identification:_identify(quiz) by extension 'ignore'
[2.609s] Level 1:colcon.colcon_core.package_identification:_identify(quiz) by extension 'ignore_ament_install'
[2.610s] Level 1:colcon.colcon_core.package_identification:_identify(quiz) by extensions ['colcon_pkg']
[2.610s] Level 1:colcon.colcon_core.package_identification:_identify(quiz) by extension 'colcon_pkg'
[2.610s] Level 1:colcon.colcon_core.package_identification:_identify(quiz) by extensions ['colcon_meta']
[2.610s] Level 1:colcon.colcon_core.package_identification:_identify(quiz) by extension 'colcon_meta'
[2.610s] Level 1:colcon.colcon_core.package_identification:_identify(quiz) by extensions ['ros']
[2.610s] Level 1:colcon.colcon_core.package_identification:_identify(quiz) by extension 'ros'
[2.612s] DEBUG:colcon.colcon_core.package_identification:Package 'quiz' with type 'ros.ament_python' and name 'quiz'
[2.613s] Level 1:colcon.colcon_core.package_identification:_identify(quiz_enable) by extensions ['ignore', 'ignore_ament_install']
[2.613s] Level 1:colcon.colcon_core.package_identification:_identify(quiz_enable) by extension 'ignore'
[2.614s] Level 1:colcon.colcon_core.package_identification:_identify(quiz_enable) by extension 'ignore_ament_install'
[2.614s] Level 1:colcon.colcon_core.package_identification:_identify(quiz_enable) by extensions ['colcon_pkg']
[2.614s] Level 1:colcon.colcon_core.package_identification:_identify(quiz_enable) by extension 'colcon_pkg'
[2.614s] Level 1:colcon.colcon_core.package_identification:_identify(quiz_enable) by extensions ['colcon_meta']
[2.614s] Level 1:colcon.colcon_core.package_identification:_identify(quiz_enable) by extension 'colcon_meta'
[2.615s] Level 1:colcon.colcon_core.package_identification:_identify(quiz_enable) by extensions ['ros']
[2.615s] Level 1:colcon.colcon_core.package_identification:_identify(quiz_enable) by extension 'ros'
[2.617s] DEBUG:colcon.colcon_core.package_identification:Package 'quiz_enable' with type 'ros.ament_python' and name 'quiz_enable'
[2.618s] Level 1:colcon.colcon_core.package_identification:_identify(remote_control_socket) by extensions ['ignore', 'ignore_ament_install']
[2.618s] Level 1:colcon.colcon_core.package_identification:_identify(remote_control_socket) by extension 'ignore'
[2.619s] Level 1:colcon.colcon_core.package_identification:_identify(remote_control_socket) by extension 'ignore_ament_install'
[2.619s] Level 1:colcon.colcon_core.package_identification:_identify(remote_control_socket) by extensions ['colcon_pkg']
[2.619s] Level 1:colcon.colcon_core.package_identification:_identify(remote_control_socket) by extension 'colcon_pkg'
[2.619s] Level 1:colcon.colcon_core.package_identification:_identify(remote_control_socket) by extensions ['colcon_meta']
[2.620s] Level 1:colcon.colcon_core.package_identification:_identify(remote_control_socket) by extension 'colcon_meta'
[2.620s] Level 1:colcon.colcon_core.package_identification:_identify(remote_control_socket) by extensions ['ros']
[2.620s] Level 1:colcon.colcon_core.package_identification:_identify(remote_control_socket) by extension 'ros'
[2.623s] DEBUG:colcon.colcon_core.package_identification:Package 'remote_control_socket' with type 'ros.ament_python' and name 'remote_control_socket'
[2.623s] Level 1:colcon.colcon_core.package_identification:_identify(rpi_pub) by extensions ['ignore', 'ignore_ament_install']
[2.623s] Level 1:colcon.colcon_core.package_identification:_identify(rpi_pub) by extension 'ignore'
[2.624s] Level 1:colcon.colcon_core.package_identification:_identify(rpi_pub) by extension 'ignore_ament_install'
[2.624s] Level 1:colcon.colcon_core.package_identification:_identify(rpi_pub) by extensions ['colcon_pkg']
[2.624s] Level 1:colcon.colcon_core.package_identification:_identify(rpi_pub) by extension 'colcon_pkg'
[2.624s] Level 1:colcon.colcon_core.package_identification:_identify(rpi_pub) by extensions ['colcon_meta']
[2.625s] Level 1:colcon.colcon_core.package_identification:_identify(rpi_pub) by extension 'colcon_meta'
[2.625s] Level 1:colcon.colcon_core.package_identification:_identify(rpi_pub) by extensions ['ros']
[2.625s] Level 1:colcon.colcon_core.package_identification:_identify(rpi_pub) by extension 'ros'
[2.628s] DEBUG:colcon.colcon_core.package_identification:Package 'rpi_pub' with type 'ros.ament_python' and name 'rpi_pub'
[2.628s] Level 1:colcon.colcon_core.package_identification:_identify(teleop_twist_emer_key) by extensions ['ignore', 'ignore_ament_install']
[2.629s] Level 1:colcon.colcon_core.package_identification:_identify(teleop_twist_emer_key) by extension 'ignore'
[2.629s] Level 1:colcon.colcon_core.package_identification:_identify(teleop_twist_emer_key) by extension 'ignore_ament_install'
[2.629s] Level 1:colcon.colcon_core.package_identification:_identify(teleop_twist_emer_key) by extensions ['colcon_pkg']
[2.630s] Level 1:colcon.colcon_core.package_identification:_identify(teleop_twist_emer_key) by extension 'colcon_pkg'
[2.630s] Level 1:colcon.colcon_core.package_identification:_identify(teleop_twist_emer_key) by extensions ['colcon_meta']
[2.630s] Level 1:colcon.colcon_core.package_identification:_identify(teleop_twist_emer_key) by extension 'colcon_meta'
[2.630s] Level 1:colcon.colcon_core.package_identification:_identify(teleop_twist_emer_key) by extensions ['ros']
[2.630s] Level 1:colcon.colcon_core.package_identification:_identify(teleop_twist_emer_key) by extension 'ros'
[2.633s] DEBUG:colcon.colcon_core.package_identification:Package 'teleop_twist_emer_key' with type 'ros.ament_python' and name 'teleop_twist_emer_key'
[2.633s] Level 1:colcon.colcon_core.package_discovery:discover_packages(recursive) using defaults
[2.634s] Level 1:colcon.colcon_core.package_discovery:discover_packages(ignore) discover
[2.634s] Level 1:colcon.colcon_core.package_discovery:discover_packages(ignore) using defaults
[2.634s] Level 1:colcon.colcon_core.package_discovery:discover_packages(path) discover
[2.634s] Level 1:colcon.colcon_core.package_discovery:discover_packages(path) using defaults
[2.751s] INFO:colcon.colcon_core.package_selection:Skipping not selected package 'emergency_stop' in 'emergency_stop'
[2.752s] INFO:colcon.colcon_core.package_selection:Skipping not selected package 'quiz' in 'quiz'
[2.752s] INFO:colcon.colcon_core.package_selection:Skipping not selected package 'quiz_enable' in 'quiz_enable'
[2.752s] INFO:colcon.colcon_core.package_selection:Skipping not selected package 'remote_control_socket' in 'remote_control_socket'
[2.752s] INFO:colcon.colcon_core.package_selection:Skipping not selected package 'rpi_pub' in 'rpi_pub'
[2.752s] INFO:colcon.colcon_core.package_selection:Skipping not selected package 'teleop_twist_emer_key' in 'teleop_twist_emer_key'
[2.755s] Level 1:colcon.colcon_core.package_discovery:discover_packages(prefix_path) check parameters
[2.755s] Level 1:colcon.colcon_core.package_discovery:discover_packages(prefix_path) discover
[2.799s] DEBUG:colcon.colcon_installed_package_information.package_discovery:Found 72 installed packages in /home/wheeltec/wheeltec_ros2/install
[2.809s] DEBUG:colcon.colcon_installed_package_information.package_discovery:Found 345 installed packages in /opt/ros/galactic
[2.829s] Level 1:colcon.colcon_core.package_discovery:discover_packages(prefix_path) using defaults
[3.206s] Level 5:colcon.colcon_core.verb:set package 'actionclient' build argument 'cmake_args' from command line to 'None'
[3.207s] Level 5:colcon.colcon_core.verb:set package 'actionclient' build argument 'cmake_target' from command line to 'None'
[3.207s] Level 5:colcon.colcon_core.verb:set package 'actionclient' build argument 'cmake_target_skip_unavailable' from command line to 'False'
[3.207s] Level 5:colcon.colcon_core.verb:set package 'actionclient' build argument 'cmake_clean_cache' from command line to 'False'
[3.207s] Level 5:colcon.colcon_core.verb:set package 'actionclient' build argument 'cmake_clean_first' from command line to 'False'
[3.207s] Level 5:colcon.colcon_core.verb:set package 'actionclient' build argument 'cmake_force_configure' from command line to 'False'
[3.207s] Level 5:colcon.colcon_core.verb:set package 'actionclient' build argument 'ament_cmake_args' from command line to 'None'
[3.208s] Level 5:colcon.colcon_core.verb:set package 'actionclient' build argument 'catkin_cmake_args' from command line to 'None'
[3.208s] Level 5:colcon.colcon_core.verb:set package 'actionclient' build argument 'catkin_skip_building_tests' from command line to 'False'
[3.208s] DEBUG:colcon.colcon_core.verb:Building package 'actionclient' with the following arguments: {'ament_cmake_args': None, 'build_base': '/home/wheeltec/KUL_TABLOO/src/build/actionclient', 'catkin_cmake_args': None, 'catkin_skip_building_tests': False, 'cmake_args': None, 'cmake_clean_cache': False, 'cmake_clean_first': False, 'cmake_force_configure': False, 'cmake_target': None, 'cmake_target_skip_unavailable': False, 'install_base': '/home/wheeltec/KUL_TABLOO/src/install/actionclient', 'merge_install': False, 'path': '/home/wheeltec/KUL_TABLOO/src/actionclient', 'symlink_install': False, 'test_result_base': None}
[3.209s] INFO:colcon.colcon_core.executor:Executing jobs using 'parallel' executor
[3.212s] DEBUG:colcon.colcon_parallel_executor.executor.parallel:run_until_complete
[3.213s] INFO:colcon.colcon_ros.task.ament_python.build:Building ROS package in '/home/wheeltec/KUL_TABLOO/src/actionclient' with build type 'ament_python'
[3.214s] Level 1:colcon.colcon_core.shell:create_environment_hook('actionclient', 'ament_prefix_path')
[3.224s] INFO:colcon.colcon_core.plugin_system:Skipping extension 'colcon_core.shell.bat': Not used on non-Windows systems
[3.225s] INFO:colcon.colcon_core.shell:Creating environment hook '/home/wheeltec/KUL_TABLOO/src/install/actionclient/share/actionclient/hook/ament_prefix_path.ps1'
[3.228s] INFO:colcon.colcon_core.shell:Creating environment descriptor '/home/wheeltec/KUL_TABLOO/src/install/actionclient/share/actionclient/hook/ament_prefix_path.dsv'
[3.230s] INFO:colcon.colcon_core.shell:Creating environment hook '/home/wheeltec/KUL_TABLOO/src/install/actionclient/share/actionclient/hook/ament_prefix_path.sh'
[3.233s] INFO:colcon.colcon_core.shell:Skip shell extension 'powershell' for command environment: Not usable outside of PowerShell
[3.233s] DEBUG:colcon.colcon_core.shell:Skip shell extension 'dsv' for command environment
[5.101s] INFO:colcon.colcon_core.task.python.build:Building Python package in '/home/wheeltec/KUL_TABLOO/src/actionclient'
[5.102s] INFO:colcon.colcon_core.shell:Skip shell extension 'powershell' for command environment: Not usable outside of PowerShell
[5.103s] DEBUG:colcon.colcon_core.shell:Skip shell extension 'dsv' for command environment
[8.574s] DEBUG:colcon.colcon_core.event_handler.log_command:Invoking command in '/home/wheeltec/KUL_TABLOO/src/actionclient': PYTHONPATH=/home/wheeltec/KUL_TABLOO/src/build/actionclient/prefix_override:/usr/lib/python3/dist-packages/colcon_core/task/python/colcon_distutils_commands:/home/wheeltec/KUL_TABLOO/src/install/actionclient/lib/python3.8/site-packages:${PYTHONPATH} /usr/bin/python3 -W ignore:setup.py install is deprecated -W ignore:easy_install command is deprecated setup.py egg_info --egg-base ../build/actionclient build --build-base /home/wheeltec/KUL_TABLOO/src/build/actionclient/build install --record /home/wheeltec/KUL_TABLOO/src/build/actionclient/install.log --single-version-externally-managed install_data
[11.417s] DEBUG:colcon.colcon_core.event_handler.log_command:Invoked command in '/home/wheeltec/KUL_TABLOO/src/actionclient' returned '0': PYTHONPATH=/home/wheeltec/KUL_TABLOO/src/build/actionclient/prefix_override:/usr/lib/python3/dist-packages/colcon_core/task/python/colcon_distutils_commands:/home/wheeltec/KUL_TABLOO/src/install/actionclient/lib/python3.8/site-packages:${PYTHONPATH} /usr/bin/python3 -W ignore:setup.py install is deprecated -W ignore:easy_install command is deprecated setup.py egg_info --egg-base ../build/actionclient build --build-base /home/wheeltec/KUL_TABLOO/src/build/actionclient/build install --record /home/wheeltec/KUL_TABLOO/src/build/actionclient/install.log --single-version-externally-managed install_data
[11.429s] Level 1:colcon.colcon_core.environment:checking '/home/wheeltec/KUL_TABLOO/src/install/actionclient' for CMake module files
[11.432s] Level 1:colcon.colcon_core.environment:checking '/home/wheeltec/KUL_TABLOO/src/install/actionclient' for CMake config files
[11.436s] Level 1:colcon.colcon_core.environment:checking '/home/wheeltec/KUL_TABLOO/src/install/actionclient/lib'
[11.437s] Level 1:colcon.colcon_core.environment:checking '/home/wheeltec/KUL_TABLOO/src/install/actionclient/bin'
[11.445s] Level 1:colcon.colcon_core.environment:checking '/home/wheeltec/KUL_TABLOO/src/install/actionclient/lib/pkgconfig/actionclient.pc'
[11.446s] Level 1:colcon.colcon_core.environment:checking '/home/wheeltec/KUL_TABLOO/src/install/actionclient/lib/python3.8/site-packages'
[11.446s] Level 1:colcon.colcon_core.shell:create_environment_hook('actionclient', 'pythonpath')
[11.448s] INFO:colcon.colcon_core.shell:Creating environment hook '/home/wheeltec/KUL_TABLOO/src/install/actionclient/share/actionclient/hook/pythonpath.ps1'
[11.450s] INFO:colcon.colcon_core.shell:Creating environment descriptor '/home/wheeltec/KUL_TABLOO/src/install/actionclient/share/actionclient/hook/pythonpath.dsv'
[11.451s] INFO:colcon.colcon_core.shell:Creating environment hook '/home/wheeltec/KUL_TABLOO/src/install/actionclient/share/actionclient/hook/pythonpath.sh'
[11.454s] Level 1:colcon.colcon_core.environment:checking '/home/wheeltec/KUL_TABLOO/src/install/actionclient/bin'
[11.455s] Level 1:colcon.colcon_core.environment:create_environment_scripts_only(actionclient)
[11.456s] INFO:colcon.colcon_core.shell:Creating package script '/home/wheeltec/KUL_TABLOO/src/install/actionclient/share/actionclient/package.ps1'
[11.460s] INFO:colcon.colcon_core.shell:Creating package descriptor '/home/wheeltec/KUL_TABLOO/src/install/actionclient/share/actionclient/package.dsv'
[11.463s] INFO:colcon.colcon_core.shell:Creating package script '/home/wheeltec/KUL_TABLOO/src/install/actionclient/share/actionclient/package.sh'
[11.467s] INFO:colcon.colcon_core.shell:Creating package script '/home/wheeltec/KUL_TABLOO/src/install/actionclient/share/actionclient/package.bash'
[11.470s] INFO:colcon.colcon_core.shell:Creating package script '/home/wheeltec/KUL_TABLOO/src/install/actionclient/share/actionclient/package.zsh'
[11.473s] Level 1:colcon.colcon_core.environment:create_file_with_runtime_dependencies(/home/wheeltec/KUL_TABLOO/src/install/actionclient/share/colcon-core/packages/actionclient)
[11.475s] DEBUG:colcon.colcon_parallel_executor.executor.parallel:closing loop
[11.476s] DEBUG:colcon.colcon_parallel_executor.executor.parallel:loop closed
[11.476s] DEBUG:colcon.colcon_parallel_executor.executor.parallel:run_until_complete finished with '0'
[11.477s] DEBUG:colcon.colcon_core.event_reactor:joining thread
[11.505s] INFO:colcon.colcon_core.plugin_system:Skipping extension 'colcon_notification.desktop_notification.terminal_notifier': Not used on non-Darwin systems
[11.506s] INFO:colcon.colcon_core.plugin_system:Skipping extension 'colcon_notification.desktop_notification.win32': Not used on non-Windows systems
[11.506s] INFO:colcon.colcon_notification.desktop_notification:Sending desktop notification using 'notify2'
[11.562s] DEBUG:colcon.colcon_core.event_reactor:joined thread
[11.564s] INFO:colcon.colcon_core.shell:Creating prefix script '/home/wheeltec/KUL_TABLOO/src/install/local_setup.ps1'
[11.568s] INFO:colcon.colcon_core.shell:Creating prefix util module '/home/wheeltec/KUL_TABLOO/src/install/_local_setup_util_ps1.py'
[11.575s] INFO:colcon.colcon_core.shell:Creating prefix chain script '/home/wheeltec/KUL_TABLOO/src/install/setup.ps1'
[11.601s] INFO:colcon.colcon_core.shell:Creating prefix script '/home/wheeltec/KUL_TABLOO/src/install/local_setup.sh'
[11.604s] INFO:colcon.colcon_core.shell:Creating prefix util module '/home/wheeltec/KUL_TABLOO/src/install/_local_setup_util_sh.py'
[11.606s] INFO:colcon.colcon_core.shell:Creating prefix chain script '/home/wheeltec/KUL_TABLOO/src/install/setup.sh'
[11.625s] INFO:colcon.colcon_core.shell:Creating prefix script '/home/wheeltec/KUL_TABLOO/src/install/local_setup.bash'
[11.628s] INFO:colcon.colcon_core.shell:Creating prefix chain script '/home/wheeltec/KUL_TABLOO/src/install/setup.bash'
[11.647s] INFO:colcon.colcon_core.shell:Creating prefix script '/home/wheeltec/KUL_TABLOO/src/install/local_setup.zsh'
[11.649s] INFO:colcon.colcon_core.shell:Creating prefix chain script '/home/wheeltec/KUL_TABLOO/src/install/setup.zsh'
