[7.437s] Invoking command in '/home/wheeltec/KUL_TABLOO/src/rpi_pub': PYTHONPATH=/home/wheeltec/KUL_TABLOO/src/build/rpi_pub/prefix_override:/usr/lib/python3/dist-packages/colcon_core/task/python/colcon_distutils_commands:/home/wheeltec/KUL_TABLOO/src/install/rpi_pub/lib/python3.8/site-packages:${PYTHONPATH} /usr/bin/python3 -W ignore:setup.py install is deprecated -W ignore:easy_install command is deprecated setup.py egg_info --egg-base ../build/rpi_pub build --build-base /home/wheeltec/KUL_TABLOO/src/build/rpi_pub/build install --record /home/wheeltec/KUL_TABLOO/src/build/rpi_pub/install.log --single-version-externally-managed install_data
[9.421s] running egg_info
[9.488s] writing ../build/rpi_pub/rpi_pub.egg-info/PKG-INFO
[9.488s] writing dependency_links to ../build/rpi_pub/rpi_pub.egg-info/dependency_links.txt
[9.489s] writing entry points to ../build/rpi_pub/rpi_pub.egg-info/entry_points.txt
[9.490s] writing requirements to ../build/rpi_pub/rpi_pub.egg-info/requires.txt
[9.490s] writing top-level names to ../build/rpi_pub/rpi_pub.egg-info/top_level.txt
[9.633s] reading manifest file '../build/rpi_pub/rpi_pub.egg-info/SOURCES.txt'
[9.639s] writing manifest file '../build/rpi_pub/rpi_pub.egg-info/SOURCES.txt'
[9.639s] running build
[9.639s] running build_py
[9.642s] running install
[9.669s] running install_lib
[9.741s] running install_data
[9.742s] running install_egg_info
[9.812s] removing '/home/wheeltec/KUL_TABLOO/src/install/rpi_pub/lib/python3.8/site-packages/rpi_pub-0.0.0-py3.8.egg-info' (and everything under it)
[9.814s] Copying ../build/rpi_pub/rpi_pub.egg-info to /home/wheeltec/KUL_TABLOO/src/install/rpi_pub/lib/python3.8/site-packages/rpi_pub-0.0.0-py3.8.egg-info
[9.819s] running install_scripts
[10.209s] Installing rpi_pub script to /home/wheeltec/KUL_TABLOO/src/install/rpi_pub/lib/rpi_pub
[10.210s] writing list of installed files to '/home/wheeltec/KUL_TABLOO/src/build/rpi_pub/install.log'
[10.382s] Invoked command in '/home/wheeltec/KUL_TABLOO/src/rpi_pub' returned '0': PYTHONPATH=/home/wheeltec/KUL_TABLOO/src/build/rpi_pub/prefix_override:/usr/lib/python3/dist-packages/colcon_core/task/python/colcon_distutils_commands:/home/wheeltec/KUL_TABLOO/src/install/rpi_pub/lib/python3.8/site-packages:${PYTHONPATH} /usr/bin/python3 -W ignore:setup.py install is deprecated -W ignore:easy_install command is deprecated setup.py egg_info --egg-base ../build/rpi_pub build --build-base /home/wheeltec/KUL_TABLOO/src/build/rpi_pub/build install --record /home/wheeltec/KUL_TABLOO/src/build/rpi_pub/install.log --single-version-externally-managed install_data
