[12.023s] Invoking command in '/home/wheeltec/KUL_TABLOO/src/quiz_enable': PYTHONPATH=/home/wheeltec/KUL_TABLOO/src/build/quiz_enable/prefix_override:/usr/lib/python3/dist-packages/colcon_core/task/python/colcon_distutils_commands:/home/wheeltec/KUL_TABLOO/src/install/quiz_enable/lib/python3.8/site-packages:${PYTHONPATH} /usr/bin/python3 -W ignore:setup.py install is deprecated -W ignore:easy_install command is deprecated setup.py egg_info --egg-base ../build/quiz_enable build --build-base /home/wheeltec/KUL_TABLOO/src/build/quiz_enable/build install --record /home/wheeltec/KUL_TABLOO/src/build/quiz_enable/install.log --single-version-externally-managed install_data
[14.805s] running egg_info
[14.898s] writing ../build/quiz_enable/quiz_enable.egg-info/PKG-INFO
[14.900s] writing dependency_links to ../build/quiz_enable/quiz_enable.egg-info/dependency_links.txt
[14.902s] writing entry points to ../build/quiz_enable/quiz_enable.egg-info/entry_points.txt
[14.903s] writing requirements to ../build/quiz_enable/quiz_enable.egg-info/requires.txt
[14.904s] writing top-level names to ../build/quiz_enable/quiz_enable.egg-info/top_level.txt
[15.153s] reading manifest file '../build/quiz_enable/quiz_enable.egg-info/SOURCES.txt'
[15.158s] writing manifest file '../build/quiz_enable/quiz_enable.egg-info/SOURCES.txt'
[15.159s] running build
[15.160s] running build_py
[15.161s] running install
[15.192s] running install_lib
[15.276s] running install_data
[15.277s] running install_egg_info
[15.361s] removing '/home/wheeltec/KUL_TABLOO/src/install/quiz_enable/lib/python3.8/site-packages/quiz_enable-0.0.0-py3.8.egg-info' (and everything under it)
[15.364s] Copying ../build/quiz_enable/quiz_enable.egg-info to /home/wheeltec/KUL_TABLOO/src/install/quiz_enable/lib/python3.8/site-packages/quiz_enable-0.0.0-py3.8.egg-info
[15.368s] running install_scripts
[15.897s] Installing quiz_enable script to /home/wheeltec/KUL_TABLOO/src/install/quiz_enable/lib/quiz_enable
[15.900s] writing list of installed files to '/home/wheeltec/KUL_TABLOO/src/build/quiz_enable/install.log'
[16.101s] Invoked command in '/home/wheeltec/KUL_TABLOO/src/quiz_enable' returned '0': PYTHONPATH=/home/wheeltec/KUL_TABLOO/src/build/quiz_enable/prefix_override:/usr/lib/python3/dist-packages/colcon_core/task/python/colcon_distutils_commands:/home/wheeltec/KUL_TABLOO/src/install/quiz_enable/lib/python3.8/site-packages:${PYTHONPATH} /usr/bin/python3 -W ignore:setup.py install is deprecated -W ignore:easy_install command is deprecated setup.py egg_info --egg-base ../build/quiz_enable build --build-base /home/wheeltec/KUL_TABLOO/src/build/quiz_enable/build install --record /home/wheeltec/KUL_TABLOO/src/build/quiz_enable/install.log --single-version-externally-managed install_data
