[11.218s] Invoking command in '/home/wheeltec/KUL_TABLOO/src/beamer': PYTHONPATH=/home/wheeltec/KUL_TABLOO/src/build/beamer/prefix_override:/usr/lib/python3/dist-packages/colcon_core/task/python/colcon_distutils_commands:/home/wheeltec/KUL_TABLOO/src/install/beamer/lib/python3.8/site-packages:${PYTHONPATH} /usr/bin/python3 -W ignore:setup.py install is deprecated -W ignore:easy_install command is deprecated setup.py egg_info --egg-base ../build/beamer build --build-base /home/wheeltec/KUL_TABLOO/src/build/beamer/build install --record /home/wheeltec/KUL_TABLOO/src/build/beamer/install.log --single-version-externally-managed install_data
[13.538s] running egg_info
[13.626s] writing ../build/beamer/beamer.egg-info/PKG-INFO
[13.628s] writing dependency_links to ../build/beamer/beamer.egg-info/dependency_links.txt
[13.631s] writing entry points to ../build/beamer/beamer.egg-info/entry_points.txt
[13.633s] writing requirements to ../build/beamer/beamer.egg-info/requires.txt
[13.638s] writing top-level names to ../build/beamer/beamer.egg-info/top_level.txt
[13.868s] reading manifest file '../build/beamer/beamer.egg-info/SOURCES.txt'
[13.872s] writing manifest file '../build/beamer/beamer.egg-info/SOURCES.txt'
[13.874s] running build
[13.874s] running build_py
[13.875s] running install
[13.962s] running install_lib
[14.098s] running install_data
[14.099s] running install_egg_info
[14.183s] removing '/home/wheeltec/KUL_TABLOO/src/install/beamer/lib/python3.8/site-packages/beamer-0.0.0-py3.8.egg-info' (and everything under it)
[14.184s] Copying ../build/beamer/beamer.egg-info to /home/wheeltec/KUL_TABLOO/src/install/beamer/lib/python3.8/site-packages/beamer-0.0.0-py3.8.egg-info
[14.188s] running install_scripts
[14.736s] Installing beamer script to /home/wheeltec/KUL_TABLOO/src/install/beamer/lib/beamer
[14.742s] writing list of installed files to '/home/wheeltec/KUL_TABLOO/src/build/beamer/install.log'
[15.128s] Invoked command in '/home/wheeltec/KUL_TABLOO/src/beamer' returned '0': PYTHONPATH=/home/wheeltec/KUL_TABLOO/src/build/beamer/prefix_override:/usr/lib/python3/dist-packages/colcon_core/task/python/colcon_distutils_commands:/home/wheeltec/KUL_TABLOO/src/install/beamer/lib/python3.8/site-packages:${PYTHONPATH} /usr/bin/python3 -W ignore:setup.py install is deprecated -W ignore:easy_install command is deprecated setup.py egg_info --egg-base ../build/beamer build --build-base /home/wheeltec/KUL_TABLOO/src/build/beamer/build install --record /home/wheeltec/KUL_TABLOO/src/build/beamer/install.log --single-version-externally-managed install_data
