[13.067s] Invoking command in '/home/wheeltec/KUL_TABLOO/src/quiz': PYTHONPATH=/home/wheeltec/KUL_TABLOO/src/build/quiz/prefix_override:/usr/lib/python3/dist-packages/colcon_core/task/python/colcon_distutils_commands:/home/wheeltec/KUL_TABLOO/src/install/quiz/lib/python3.8/site-packages:${PYTHONPATH} /usr/bin/python3 -W ignore:setup.py install is deprecated -W ignore:easy_install command is deprecated setup.py egg_info --egg-base ../build/quiz build --build-base /home/wheeltec/KUL_TABLOO/src/build/quiz/build install --record /home/wheeltec/KUL_TABLOO/src/build/quiz/install.log --single-version-externally-managed install_data
[15.669s] running egg_info
[15.749s] writing ../build/quiz/quiz.egg-info/PKG-INFO
[15.753s] writing dependency_links to ../build/quiz/quiz.egg-info/dependency_links.txt
[15.757s] writing entry points to ../build/quiz/quiz.egg-info/entry_points.txt
[15.763s] writing requirements to ../build/quiz/quiz.egg-info/requires.txt
[15.766s] writing top-level names to ../build/quiz/quiz.egg-info/top_level.txt
[16.043s] reading manifest file '../build/quiz/quiz.egg-info/SOURCES.txt'
[16.049s] writing manifest file '../build/quiz/quiz.egg-info/SOURCES.txt'
[16.051s] running build
[16.052s] running build_py
[16.057s] running install
[16.116s] running install_lib
[16.218s] running install_data
[16.219s] running install_egg_info
[16.339s] removing '/home/wheeltec/KUL_TABLOO/src/install/quiz/lib/python3.8/site-packages/quiz-0.0.0-py3.8.egg-info' (and everything under it)
[16.353s] Copying ../build/quiz/quiz.egg-info to /home/wheeltec/KUL_TABLOO/src/install/quiz/lib/python3.8/site-packages/quiz-0.0.0-py3.8.egg-info
[16.362s] running install_scripts
[16.985s] Installing quiz script to /home/wheeltec/KUL_TABLOO/src/install/quiz/lib/quiz
[16.989s] writing list of installed files to '/home/wheeltec/KUL_TABLOO/src/build/quiz/install.log'
[17.493s] Invoked command in '/home/wheeltec/KUL_TABLOO/src/quiz' returned '0': PYTHONPATH=/home/wheeltec/KUL_TABLOO/src/build/quiz/prefix_override:/usr/lib/python3/dist-packages/colcon_core/task/python/colcon_distutils_commands:/home/wheeltec/KUL_TABLOO/src/install/quiz/lib/python3.8/site-packages:${PYTHONPATH} /usr/bin/python3 -W ignore:setup.py install is deprecated -W ignore:easy_install command is deprecated setup.py egg_info --egg-base ../build/quiz build --build-base /home/wheeltec/KUL_TABLOO/src/build/quiz/build install --record /home/wheeltec/KUL_TABLOO/src/build/quiz/install.log --single-version-externally-managed install_data
