running egg_info
creating ../build/remote_control_socket/remote_control_socket.egg-info
writing ../build/remote_control_socket/remote_control_socket.egg-info/PKG-INFO
writing dependency_links to ../build/remote_control_socket/remote_control_socket.egg-info/dependency_links.txt
writing entry points to ../build/remote_control_socket/remote_control_socket.egg-info/entry_points.txt
writing requirements to ../build/remote_control_socket/remote_control_socket.egg-info/requires.txt
writing top-level names to ../build/remote_control_socket/remote_control_socket.egg-info/top_level.txt
writing manifest file '../build/remote_control_socket/remote_control_socket.egg-info/SOURCES.txt'
reading manifest file '../build/remote_control_socket/remote_control_socket.egg-info/SOURCES.txt'
writing manifest file '../build/remote_control_socket/remote_control_socket.egg-info/SOURCES.txt'
running build
running build_py
creating /home/wheeltec/KUL_TABLOO/src/build/remote_control_socket/build
creating /home/wheeltec/KUL_TABLOO/src/build/remote_control_socket/build/lib
creating /home/wheeltec/KUL_TABLOO/src/build/remote_control_socket/build/lib/remote_control_socket
copying remote_control_socket/__init__.py -> /home/wheeltec/KUL_TABLOO/src/build/remote_control_socket/build/lib/remote_control_socket
copying remote_control_socket/remote_control_socket.py -> /home/wheeltec/KUL_TABLOO/src/build/remote_control_socket/build/lib/remote_control_socket
running install
running install_lib
creating /home/wheeltec/KUL_TABLOO/src/install/remote_control_socket/lib/python3.8/site-packages/remote_control_socket
copying /home/wheeltec/KUL_TABLOO/src/build/remote_control_socket/build/lib/remote_control_socket/__init__.py -> /home/wheeltec/KUL_TABLOO/src/install/remote_control_socket/lib/python3.8/site-packages/remote_control_socket
copying /home/wheeltec/KUL_TABLOO/src/build/remote_control_socket/build/lib/remote_control_socket/remote_control_socket.py -> /home/wheeltec/KUL_TABLOO/src/install/remote_control_socket/lib/python3.8/site-packages/remote_control_socket
byte-compiling /home/wheeltec/KUL_TABLOO/src/install/remote_control_socket/lib/python3.8/site-packages/remote_control_socket/__init__.py to __init__.cpython-38.pyc
byte-compiling /home/wheeltec/KUL_TABLOO/src/install/remote_control_socket/lib/python3.8/site-packages/remote_control_socket/remote_control_socket.py to remote_control_socket.cpython-38.pyc
running install_data
creating /home/wheeltec/KUL_TABLOO/src/install/remote_control_socket/share/ament_index
creating /home/wheeltec/KUL_TABLOO/src/install/remote_control_socket/share/ament_index/resource_index
creating /home/wheeltec/KUL_TABLOO/src/install/remote_control_socket/share/ament_index/resource_index/packages
copying resource/remote_control_socket -> /home/wheeltec/KUL_TABLOO/src/install/remote_control_socket/share/ament_index/resource_index/packages
copying package.xml -> /home/wheeltec/KUL_TABLOO/src/install/remote_control_socket/share/remote_control_socket
running install_egg_info
Copying ../build/remote_control_socket/remote_control_socket.egg-info to /home/wheeltec/KUL_TABLOO/src/install/remote_control_socket/lib/python3.8/site-packages/remote_control_socket-0.0.0-py3.8.egg-info
running install_scripts
Installing remote_control_socket script to /home/wheeltec/KUL_TABLOO/src/install/remote_control_socket/lib/remote_control_socket
writing list of installed files to '/home/wheeltec/KUL_TABLOO/src/build/remote_control_socket/install.log'
