[8.130s] Invoking command in '/home/wheeltec/KUL_TABLOO/src/remote_control_socket': PYTHONPATH=/home/wheeltec/KUL_TABLOO/src/build/remote_control_socket/prefix_override:/usr/lib/python3/dist-packages/colcon_core/task/python/colcon_distutils_commands:/home/wheeltec/KUL_TABLOO/src/install/remote_control_socket/lib/python3.8/site-packages:${PYTHONPATH} /usr/bin/python3 -W ignore:setup.py install is deprecated -W ignore:easy_install command is deprecated setup.py egg_info --egg-base ../build/remote_control_socket build --build-base /home/wheeltec/KUL_TABLOO/src/build/remote_control_socket/build install --record /home/wheeltec/KUL_TABLOO/src/build/remote_control_socket/install.log --single-version-externally-managed install_data
[10.090s] running egg_info
[10.093s] creating ../build/remote_control_socket/remote_control_socket.egg-info
[10.155s] writing ../build/remote_control_socket/remote_control_socket.egg-info/PKG-INFO
[10.156s] writing dependency_links to ../build/remote_control_socket/remote_control_socket.egg-info/dependency_links.txt
[10.156s] writing entry points to ../build/remote_control_socket/remote_control_socket.egg-info/entry_points.txt
[10.157s] writing requirements to ../build/remote_control_socket/remote_control_socket.egg-info/requires.txt
[10.157s] writing top-level names to ../build/remote_control_socket/remote_control_socket.egg-info/top_level.txt
[10.164s] writing manifest file '../build/remote_control_socket/remote_control_socket.egg-info/SOURCES.txt'
[10.300s] reading manifest file '../build/remote_control_socket/remote_control_socket.egg-info/SOURCES.txt'
[10.303s] writing manifest file '../build/remote_control_socket/remote_control_socket.egg-info/SOURCES.txt'
[10.304s] running build
[10.304s] running build_py
[10.304s] creating /home/wheeltec/KUL_TABLOO/src/build/remote_control_socket/build
[10.305s] creating /home/wheeltec/KUL_TABLOO/src/build/remote_control_socket/build/lib
[10.307s] creating /home/wheeltec/KUL_TABLOO/src/build/remote_control_socket/build/lib/remote_control_socket
[10.308s] copying remote_control_socket/__init__.py -> /home/wheeltec/KUL_TABLOO/src/build/remote_control_socket/build/lib/remote_control_socket
[10.308s] copying remote_control_socket/remote_control_socket.py -> /home/wheeltec/KUL_TABLOO/src/build/remote_control_socket/build/lib/remote_control_socket
[10.311s] running install
[10.336s] running install_lib
[10.403s] creating /home/wheeltec/KUL_TABLOO/src/install/remote_control_socket/lib/python3.8/site-packages/remote_control_socket
[10.403s] copying /home/wheeltec/KUL_TABLOO/src/build/remote_control_socket/build/lib/remote_control_socket/__init__.py -> /home/wheeltec/KUL_TABLOO/src/install/remote_control_socket/lib/python3.8/site-packages/remote_control_socket
[10.404s] copying /home/wheeltec/KUL_TABLOO/src/build/remote_control_socket/build/lib/remote_control_socket/remote_control_socket.py -> /home/wheeltec/KUL_TABLOO/src/install/remote_control_socket/lib/python3.8/site-packages/remote_control_socket
[10.406s] byte-compiling /home/wheeltec/KUL_TABLOO/src/install/remote_control_socket/lib/python3.8/site-packages/remote_control_socket/__init__.py to __init__.cpython-38.pyc
[10.407s] byte-compiling /home/wheeltec/KUL_TABLOO/src/install/remote_control_socket/lib/python3.8/site-packages/remote_control_socket/remote_control_socket.py to remote_control_socket.cpython-38.pyc
[10.414s] running install_data
[10.417s] creating /home/wheeltec/KUL_TABLOO/src/install/remote_control_socket/share/ament_index
[10.422s] creating /home/wheeltec/KUL_TABLOO/src/install/remote_control_socket/share/ament_index/resource_index
[10.422s] creating /home/wheeltec/KUL_TABLOO/src/install/remote_control_socket/share/ament_index/resource_index/packages
[10.423s] copying resource/remote_control_socket -> /home/wheeltec/KUL_TABLOO/src/install/remote_control_socket/share/ament_index/resource_index/packages
[10.423s] copying package.xml -> /home/wheeltec/KUL_TABLOO/src/install/remote_control_socket/share/remote_control_socket
[10.423s] running install_egg_info
[10.492s] Copying ../build/remote_control_socket/remote_control_socket.egg-info to /home/wheeltec/KUL_TABLOO/src/install/remote_control_socket/lib/python3.8/site-packages/remote_control_socket-0.0.0-py3.8.egg-info
[10.495s] running install_scripts
[10.925s] Installing remote_control_socket script to /home/wheeltec/KUL_TABLOO/src/install/remote_control_socket/lib/remote_control_socket
[10.927s] writing list of installed files to '/home/wheeltec/KUL_TABLOO/src/build/remote_control_socket/install.log'
[11.075s] Invoked command in '/home/wheeltec/KUL_TABLOO/src/remote_control_socket' returned '0': PYTHONPATH=/home/wheeltec/KUL_TABLOO/src/build/remote_control_socket/prefix_override:/usr/lib/python3/dist-packages/colcon_core/task/python/colcon_distutils_commands:/home/wheeltec/KUL_TABLOO/src/install/remote_control_socket/lib/python3.8/site-packages:${PYTHONPATH} /usr/bin/python3 -W ignore:setup.py install is deprecated -W ignore:easy_install command is deprecated setup.py egg_info --egg-base ../build/remote_control_socket build --build-base /home/wheeltec/KUL_TABLOO/src/build/remote_control_socket/build install --record /home/wheeltec/KUL_TABLOO/src/build/remote_control_socket/install.log --single-version-externally-managed install_data
