[13.860s] Invoking command in '/home/wheeltec/KUL_TABLOO/src/actionclient': PYTHONPATH=/home/wheeltec/KUL_TABLOO/src/build/actionclient/prefix_override:/usr/lib/python3/dist-packages/colcon_core/task/python/colcon_distutils_commands:/home/wheeltec/KUL_TABLOO/src/install/actionclient/lib/python3.8/site-packages:${PYTHONPATH} /usr/bin/python3 -W ignore:setup.py install is deprecated -W ignore:easy_install command is deprecated setup.py egg_info --egg-base ../build/actionclient build --build-base /home/wheeltec/KUL_TABLOO/src/build/actionclient/build install --record /home/wheeltec/KUL_TABLOO/src/build/actionclient/install.log --single-version-externally-managed install_data
[16.874s] running egg_info
[16.978s] writing ../build/actionclient/actionclient.egg-info/PKG-INFO
[16.981s] writing dependency_links to ../build/actionclient/actionclient.egg-info/dependency_links.txt
[16.983s] writing entry points to ../build/actionclient/actionclient.egg-info/entry_points.txt
[16.985s] writing requirements to ../build/actionclient/actionclient.egg-info/requires.txt
[16.986s] writing top-level names to ../build/actionclient/actionclient.egg-info/top_level.txt
[17.191s] reading manifest file '../build/actionclient/actionclient.egg-info/SOURCES.txt'
[17.199s] writing manifest file '../build/actionclient/actionclient.egg-info/SOURCES.txt'
[17.201s] running build
[17.201s] running build_py
[17.202s] running install
[17.241s] running install_lib
[17.341s] running install_data
[17.342s] running install_egg_info
[17.463s] removing '/home/wheeltec/KUL_TABLOO/src/install/actionclient/lib/python3.8/site-packages/actionclient-0.0.0-py3.8.egg-info' (and everything under it)
[17.464s] Copying ../build/actionclient/actionclient.egg-info to /home/wheeltec/KUL_TABLOO/src/install/actionclient/lib/python3.8/site-packages/actionclient-0.0.0-py3.8.egg-info
[17.474s] running install_scripts
[18.073s] Installing actionclient script to /home/wheeltec/KUL_TABLOO/src/install/actionclient/lib/actionclient
[18.074s] writing list of installed files to '/home/wheeltec/KUL_TABLOO/src/build/actionclient/install.log'
[18.288s] Invoked command in '/home/wheeltec/KUL_TABLOO/src/actionclient' returned '0': PYTHONPATH=/home/wheeltec/KUL_TABLOO/src/build/actionclient/prefix_override:/usr/lib/python3/dist-packages/colcon_core/task/python/colcon_distutils_commands:/home/wheeltec/KUL_TABLOO/src/install/actionclient/lib/python3.8/site-packages:${PYTHONPATH} /usr/bin/python3 -W ignore:setup.py install is deprecated -W ignore:easy_install command is deprecated setup.py egg_info --egg-base ../build/actionclient build --build-base /home/wheeltec/KUL_TABLOO/src/build/actionclient/build install --record /home/wheeltec/KUL_TABLOO/src/build/actionclient/install.log --single-version-externally-managed install_data
