[11.871s] Invoking command in '/home/wheeltec/KUL_TABLOO/src/emergency_stop': PYTHONPATH=/home/wheeltec/KUL_TABLOO/src/build/emergency_stop/prefix_override:/usr/lib/python3/dist-packages/colcon_core/task/python/colcon_distutils_commands:/home/wheeltec/KUL_TABLOO/src/install/emergency_stop/lib/python3.8/site-packages:${PYTHONPATH} /usr/bin/python3 -W ignore:setup.py install is deprecated -W ignore:easy_install command is deprecated setup.py egg_info --egg-base ../build/emergency_stop build --build-base /home/wheeltec/KUL_TABLOO/src/build/emergency_stop/build install --record /home/wheeltec/KUL_TABLOO/src/build/emergency_stop/install.log --single-version-externally-managed install_data
[14.333s] running egg_info
[14.427s] writing ../build/emergency_stop/emergency_stop.egg-info/PKG-INFO
[14.429s] writing dependency_links to ../build/emergency_stop/emergency_stop.egg-info/dependency_links.txt
[14.430s] writing entry points to ../build/emergency_stop/emergency_stop.egg-info/entry_points.txt
[14.431s] writing requirements to ../build/emergency_stop/emergency_stop.egg-info/requires.txt
[14.431s] writing top-level names to ../build/emergency_stop/emergency_stop.egg-info/top_level.txt
[14.608s] reading manifest file '../build/emergency_stop/emergency_stop.egg-info/SOURCES.txt'
[14.613s] writing manifest file '../build/emergency_stop/emergency_stop.egg-info/SOURCES.txt'
[14.613s] running build
[14.614s] running build_py
[14.615s] running install
[14.648s] running install_lib
[14.748s] running install_data
[14.750s] running install_egg_info
[14.846s] removing '/home/wheeltec/KUL_TABLOO/src/install/emergency_stop/lib/python3.8/site-packages/emergency_stop-0.0.0-py3.8.egg-info' (and everything under it)
[14.847s] Copying ../build/emergency_stop/emergency_stop.egg-info to /home/wheeltec/KUL_TABLOO/src/install/emergency_stop/lib/python3.8/site-packages/emergency_stop-0.0.0-py3.8.egg-info
[14.854s] running install_scripts
[15.326s] Installing emergency_stop script to /home/wheeltec/KUL_TABLOO/src/install/emergency_stop/lib/emergency_stop
[15.330s] writing list of installed files to '/home/wheeltec/KUL_TABLOO/src/build/emergency_stop/install.log'
[15.540s] Invoked command in '/home/wheeltec/KUL_TABLOO/src/emergency_stop' returned '0': PYTHONPATH=/home/wheeltec/KUL_TABLOO/src/build/emergency_stop/prefix_override:/usr/lib/python3/dist-packages/colcon_core/task/python/colcon_distutils_commands:/home/wheeltec/KUL_TABLOO/src/install/emergency_stop/lib/python3.8/site-packages:${PYTHONPATH} /usr/bin/python3 -W ignore:setup.py install is deprecated -W ignore:easy_install command is deprecated setup.py egg_info --egg-base ../build/emergency_stop build --build-base /home/wheeltec/KUL_TABLOO/src/build/emergency_stop/build install --record /home/wheeltec/KUL_TABLOO/src/build/emergency_stop/install.log --single-version-externally-managed install_data
