[8.252s] Invoking command in '/home/wheeltec/KUL_TABLOO/src/emergency_stop': PYTHONPATH=/home/wheeltec/KUL_TABLOO/src/build/emergency_stop/prefix_override:/usr/lib/python3/dist-packages/colcon_core/task/python/colcon_distutils_commands:/home/wheeltec/KUL_TABLOO/src/install/emergency_stop/lib/python3.8/site-packages:${PYTHONPATH} /usr/bin/python3 -W ignore:setup.py install is deprecated -W ignore:easy_install command is deprecated setup.py egg_info --egg-base ../build/emergency_stop build --build-base /home/wheeltec/KUL_TABLOO/src/build/emergency_stop/build install --record /home/wheeltec/KUL_TABLOO/src/build/emergency_stop/install.log --single-version-externally-managed install_data
[10.037s] running egg_info
[10.102s] writing ../build/emergency_stop/emergency_stop.egg-info/PKG-INFO
[10.107s] writing dependency_links to ../build/emergency_stop/emergency_stop.egg-info/dependency_links.txt
[10.108s] writing entry points to ../build/emergency_stop/emergency_stop.egg-info/entry_points.txt
[10.109s] writing requirements to ../build/emergency_stop/emergency_stop.egg-info/requires.txt
[10.109s] writing top-level names to ../build/emergency_stop/emergency_stop.egg-info/top_level.txt
[10.239s] reading manifest file '../build/emergency_stop/emergency_stop.egg-info/SOURCES.txt'
[10.260s] writing manifest file '../build/emergency_stop/emergency_stop.egg-info/SOURCES.txt'
[10.260s] running build
[10.261s] running build_py
[10.261s] running install
[10.283s] running install_lib
[10.353s] running install_data
[10.354s] running install_egg_info
[10.425s] removing '/home/wheeltec/KUL_TABLOO/src/install/emergency_stop/lib/python3.8/site-packages/emergency_stop-0.0.0-py3.8.egg-info' (and everything under it)
[10.427s] Copying ../build/emergency_stop/emergency_stop.egg-info to /home/wheeltec/KUL_TABLOO/src/install/emergency_stop/lib/python3.8/site-packages/emergency_stop-0.0.0-py3.8.egg-info
[10.432s] running install_scripts
[10.833s] Installing emergency_stop script to /home/wheeltec/KUL_TABLOO/src/install/emergency_stop/lib/emergency_stop
[10.837s] writing list of installed files to '/home/wheeltec/KUL_TABLOO/src/build/emergency_stop/install.log'
[11.035s] Invoked command in '/home/wheeltec/KUL_TABLOO/src/emergency_stop' returned '0': PYTHONPATH=/home/wheeltec/KUL_TABLOO/src/build/emergency_stop/prefix_override:/usr/lib/python3/dist-packages/colcon_core/task/python/colcon_distutils_commands:/home/wheeltec/KUL_TABLOO/src/install/emergency_stop/lib/python3.8/site-packages:${PYTHONPATH} /usr/bin/python3 -W ignore:setup.py install is deprecated -W ignore:easy_install command is deprecated setup.py egg_info --egg-base ../build/emergency_stop build --build-base /home/wheeltec/KUL_TABLOO/src/build/emergency_stop/build install --record /home/wheeltec/KUL_TABLOO/src/build/emergency_stop/install.log --single-version-externally-managed install_data
