[12.837s] Invoking command in '/home/wheeltec/KUL_TABLOO/src/emergency_stop': PYTHONPATH=/home/wheeltec/KUL_TABLOO/src/build/emergency_stop/prefix_override:/usr/lib/python3/dist-packages/colcon_core/task/python/colcon_distutils_commands:/home/wheeltec/KUL_TABLOO/src/install/emergency_stop/lib/python3.8/site-packages:${PYTHONPATH} /usr/bin/python3 -W ignore:setup.py install is deprecated -W ignore:easy_install command is deprecated setup.py egg_info --egg-base ../build/emergency_stop build --build-base /home/wheeltec/KUL_TABLOO/src/build/emergency_stop/build install --record /home/wheeltec/KUL_TABLOO/src/build/emergency_stop/install.log --single-version-externally-managed install_data
[15.629s] running egg_info
[15.775s] writing ../build/emergency_stop/emergency_stop.egg-info/PKG-INFO
[15.778s] writing dependency_links to ../build/emergency_stop/emergency_stop.egg-info/dependency_links.txt
[15.778s] writing entry points to ../build/emergency_stop/emergency_stop.egg-info/entry_points.txt
[15.780s] writing requirements to ../build/emergency_stop/emergency_stop.egg-info/requires.txt
[15.781s] writing top-level names to ../build/emergency_stop/emergency_stop.egg-info/top_level.txt
[15.975s] reading manifest file '../build/emergency_stop/emergency_stop.egg-info/SOURCES.txt'
[15.980s] writing manifest file '../build/emergency_stop/emergency_stop.egg-info/SOURCES.txt'
[15.984s] running build
[15.984s] running build_py
[15.985s] running install
[16.025s] running install_lib
[16.128s] running install_data
[16.130s] running install_egg_info
[16.227s] removing '/home/wheeltec/KUL_TABLOO/src/install/emergency_stop/lib/python3.8/site-packages/emergency_stop-0.0.0-py3.8.egg-info' (and everything under it)
[16.228s] Copying ../build/emergency_stop/emergency_stop.egg-info to /home/wheeltec/KUL_TABLOO/src/install/emergency_stop/lib/python3.8/site-packages/emergency_stop-0.0.0-py3.8.egg-info
[16.234s] running install_scripts
[16.862s] Installing emergency_stop script to /home/wheeltec/KUL_TABLOO/src/install/emergency_stop/lib/emergency_stop
[16.864s] writing list of installed files to '/home/wheeltec/KUL_TABLOO/src/build/emergency_stop/install.log'
[17.293s] Invoked command in '/home/wheeltec/KUL_TABLOO/src/emergency_stop' returned '0': PYTHONPATH=/home/wheeltec/KUL_TABLOO/src/build/emergency_stop/prefix_override:/usr/lib/python3/dist-packages/colcon_core/task/python/colcon_distutils_commands:/home/wheeltec/KUL_TABLOO/src/install/emergency_stop/lib/python3.8/site-packages:${PYTHONPATH} /usr/bin/python3 -W ignore:setup.py install is deprecated -W ignore:easy_install command is deprecated setup.py egg_info --egg-base ../build/emergency_stop build --build-base /home/wheeltec/KUL_TABLOO/src/build/emergency_stop/build install --record /home/wheeltec/KUL_TABLOO/src/build/emergency_stop/install.log --single-version-externally-managed install_data
