[11.489s] Invoking command in '/home/wheeltec/KUL_TABLOO/src/beamer': PYTHONPATH=/home/wheeltec/KUL_TABLOO/src/build/beamer/prefix_override:/usr/lib/python3/dist-packages/colcon_core/task/python/colcon_distutils_commands:/home/wheeltec/KUL_TABLOO/src/install/beamer/lib/python3.8/site-packages:${PYTHONPATH} /usr/bin/python3 -W ignore:setup.py install is deprecated -W ignore:easy_install command is deprecated setup.py egg_info --egg-base ../build/beamer build --build-base /home/wheeltec/KUL_TABLOO/src/build/beamer/build install --record /home/wheeltec/KUL_TABLOO/src/build/beamer/install.log --single-version-externally-managed install_data
[14.007s] running egg_info
[14.081s] writing ../build/beamer/beamer.egg-info/PKG-INFO
[14.082s] writing dependency_links to ../build/beamer/beamer.egg-info/dependency_links.txt
[14.082s] writing entry points to ../build/beamer/beamer.egg-info/entry_points.txt
[14.083s] writing requirements to ../build/beamer/beamer.egg-info/requires.txt
[14.083s] writing top-level names to ../build/beamer/beamer.egg-info/top_level.txt
[14.332s] reading manifest file '../build/beamer/beamer.egg-info/SOURCES.txt'
[14.336s] writing manifest file '../build/beamer/beamer.egg-info/SOURCES.txt'
[14.337s] running build
[14.338s] running build_py
[14.339s] copying beamer/beamer.py -> /home/wheeltec/KUL_TABLOO/src/build/beamer/build/lib/beamer
[14.341s] running install
[14.379s] running install_lib
[14.462s] copying /home/wheeltec/KUL_TABLOO/src/build/beamer/build/lib/beamer/beamer.py -> /home/wheeltec/KUL_TABLOO/src/install/beamer/lib/python3.8/site-packages/beamer
[14.467s] byte-compiling /home/wheeltec/KUL_TABLOO/src/install/beamer/lib/python3.8/site-packages/beamer/beamer.py to beamer.cpython-38.pyc
[14.474s] running install_data
[14.476s] running install_egg_info
[14.568s] removing '/home/wheeltec/KUL_TABLOO/src/install/beamer/lib/python3.8/site-packages/beamer-0.0.0-py3.8.egg-info' (and everything under it)
[14.569s] Copying ../build/beamer/beamer.egg-info to /home/wheeltec/KUL_TABLOO/src/install/beamer/lib/python3.8/site-packages/beamer-0.0.0-py3.8.egg-info
[14.576s] running install_scripts
[15.101s] Installing beamer script to /home/wheeltec/KUL_TABLOO/src/install/beamer/lib/beamer
[15.102s] writing list of installed files to '/home/wheeltec/KUL_TABLOO/src/build/beamer/install.log'
[15.481s] Invoked command in '/home/wheeltec/KUL_TABLOO/src/beamer' returned '0': PYTHONPATH=/home/wheeltec/KUL_TABLOO/src/build/beamer/prefix_override:/usr/lib/python3/dist-packages/colcon_core/task/python/colcon_distutils_commands:/home/wheeltec/KUL_TABLOO/src/install/beamer/lib/python3.8/site-packages:${PYTHONPATH} /usr/bin/python3 -W ignore:setup.py install is deprecated -W ignore:easy_install command is deprecated setup.py egg_info --egg-base ../build/beamer build --build-base /home/wheeltec/KUL_TABLOO/src/build/beamer/build install --record /home/wheeltec/KUL_TABLOO/src/build/beamer/install.log --single-version-externally-managed install_data
