[7.367s] Invoking command in '/home/wheeltec/KUL_TABLOO/src/rpi_pub': PYTHONPATH=/home/wheeltec/KUL_TABLOO/src/build/rpi_pub/prefix_override:/usr/lib/python3/dist-packages/colcon_core/task/python/colcon_distutils_commands:/home/wheeltec/KUL_TABLOO/src/install/rpi_pub/lib/python3.8/site-packages:${PYTHONPATH} /usr/bin/python3 -W ignore:setup.py install is deprecated -W ignore:easy_install command is deprecated setup.py egg_info --egg-base ../build/rpi_pub build --build-base /home/wheeltec/KUL_TABLOO/src/build/rpi_pub/build install --record /home/wheeltec/KUL_TABLOO/src/build/rpi_pub/install.log --single-version-externally-managed install_data
[9.352s] running egg_info
[9.420s] writing ../build/rpi_pub/rpi_pub.egg-info/PKG-INFO
[9.421s] writing dependency_links to ../build/rpi_pub/rpi_pub.egg-info/dependency_links.txt
[9.421s] writing entry points to ../build/rpi_pub/rpi_pub.egg-info/entry_points.txt
[9.422s] writing requirements to ../build/rpi_pub/rpi_pub.egg-info/requires.txt
[9.423s] writing top-level names to ../build/rpi_pub/rpi_pub.egg-info/top_level.txt
[9.564s] reading manifest file '../build/rpi_pub/rpi_pub.egg-info/SOURCES.txt'
[9.568s] writing manifest file '../build/rpi_pub/rpi_pub.egg-info/SOURCES.txt'
[9.569s] running build
[9.569s] running build_py
[9.570s] running install
[9.598s] running install_lib
[9.682s] running install_data
[9.683s] running install_egg_info
[9.765s] removing '/home/wheeltec/KUL_TABLOO/src/install/rpi_pub/lib/python3.8/site-packages/rpi_pub-0.0.0-py3.8.egg-info' (and everything under it)
[9.766s] Copying ../build/rpi_pub/rpi_pub.egg-info to /home/wheeltec/KUL_TABLOO/src/install/rpi_pub/lib/python3.8/site-packages/rpi_pub-0.0.0-py3.8.egg-info
[9.770s] running install_scripts
[10.163s] Installing rpi_pub script to /home/wheeltec/KUL_TABLOO/src/install/rpi_pub/lib/rpi_pub
[10.163s] writing list of installed files to '/home/wheeltec/KUL_TABLOO/src/build/rpi_pub/install.log'
[10.331s] Invoked command in '/home/wheeltec/KUL_TABLOO/src/rpi_pub' returned '0': PYTHONPATH=/home/wheeltec/KUL_TABLOO/src/build/rpi_pub/prefix_override:/usr/lib/python3/dist-packages/colcon_core/task/python/colcon_distutils_commands:/home/wheeltec/KUL_TABLOO/src/install/rpi_pub/lib/python3.8/site-packages:${PYTHONPATH} /usr/bin/python3 -W ignore:setup.py install is deprecated -W ignore:easy_install command is deprecated setup.py egg_info --egg-base ../build/rpi_pub build --build-base /home/wheeltec/KUL_TABLOO/src/build/rpi_pub/build install --record /home/wheeltec/KUL_TABLOO/src/build/rpi_pub/install.log --single-version-externally-managed install_data
