[12.574s] Invoking command in '/home/wheeltec/KUL_TABLOO/src/emergency_stop': PYTHONPATH=/home/wheeltec/KUL_TABLOO/src/build/emergency_stop/prefix_override:/usr/lib/python3/dist-packages/colcon_core/task/python/colcon_distutils_commands:/home/wheeltec/KUL_TABLOO/src/install/emergency_stop/lib/python3.8/site-packages:${PYTHONPATH} /usr/bin/python3 -W ignore:setup.py install is deprecated -W ignore:easy_install command is deprecated setup.py egg_info --egg-base ../build/emergency_stop build --build-base /home/wheeltec/KUL_TABLOO/src/build/emergency_stop/build install --record /home/wheeltec/KUL_TABLOO/src/build/emergency_stop/install.log --single-version-externally-managed install_data
[16.152s] running egg_info
[16.224s] writing ../build/emergency_stop/emergency_stop.egg-info/PKG-INFO
[16.225s] writing dependency_links to ../build/emergency_stop/emergency_stop.egg-info/dependency_links.txt
[16.226s] writing entry points to ../build/emergency_stop/emergency_stop.egg-info/entry_points.txt
[16.227s] writing requirements to ../build/emergency_stop/emergency_stop.egg-info/requires.txt
[16.235s] writing top-level names to ../build/emergency_stop/emergency_stop.egg-info/top_level.txt
[16.542s] reading manifest file '../build/emergency_stop/emergency_stop.egg-info/SOURCES.txt'
[16.557s] writing manifest file '../build/emergency_stop/emergency_stop.egg-info/SOURCES.txt'
[16.558s] running build
[16.559s] running build_py
[16.559s] running install
[16.621s] running install_lib
[16.801s] running install_data
[16.802s] running install_egg_info
[17.022s] removing '/home/wheeltec/KUL_TABLOO/src/install/emergency_stop/lib/python3.8/site-packages/emergency_stop-0.0.0-py3.8.egg-info' (and everything under it)
[17.030s] Copying ../build/emergency_stop/emergency_stop.egg-info to /home/wheeltec/KUL_TABLOO/src/install/emergency_stop/lib/python3.8/site-packages/emergency_stop-0.0.0-py3.8.egg-info
[17.048s] running install_scripts
[17.981s] Installing emergency_stop script to /home/wheeltec/KUL_TABLOO/src/install/emergency_stop/lib/emergency_stop
[17.992s] writing list of installed files to '/home/wheeltec/KUL_TABLOO/src/build/emergency_stop/install.log'
[20.584s] Invoked command in '/home/wheeltec/KUL_TABLOO/src/emergency_stop' returned '0': PYTHONPATH=/home/wheeltec/KUL_TABLOO/src/build/emergency_stop/prefix_override:/usr/lib/python3/dist-packages/colcon_core/task/python/colcon_distutils_commands:/home/wheeltec/KUL_TABLOO/src/install/emergency_stop/lib/python3.8/site-packages:${PYTHONPATH} /usr/bin/python3 -W ignore:setup.py install is deprecated -W ignore:easy_install command is deprecated setup.py egg_info --egg-base ../build/emergency_stop build --build-base /home/wheeltec/KUL_TABLOO/src/build/emergency_stop/build install --record /home/wheeltec/KUL_TABLOO/src/build/emergency_stop/install.log --single-version-externally-managed install_data
