[11.761s] Invoking command in '/home/wheeltec/KUL_TABLOO/src/heartbeat_monitor': PYTHONPATH=/home/wheeltec/KUL_TABLOO/src/build/heartbeat_monitor/prefix_override:/usr/lib/python3/dist-packages/colcon_core/task/python/colcon_distutils_commands:/home/wheeltec/KUL_TABLOO/src/install/heartbeat_monitor/lib/python3.8/site-packages:${PYTHONPATH} /usr/bin/python3 -W ignore:setup.py install is deprecated -W ignore:easy_install command is deprecated setup.py egg_info --egg-base ../build/heartbeat_monitor build --build-base /home/wheeltec/KUL_TABLOO/src/build/heartbeat_monitor/build install --record /home/wheeltec/KUL_TABLOO/src/build/heartbeat_monitor/install.log --single-version-externally-managed install_data
[14.227s] running egg_info
[14.322s] writing ../build/heartbeat_monitor/heartbeat_monitor.egg-info/PKG-INFO
[14.324s] writing dependency_links to ../build/heartbeat_monitor/heartbeat_monitor.egg-info/dependency_links.txt
[14.333s] writing entry points to ../build/heartbeat_monitor/heartbeat_monitor.egg-info/entry_points.txt
[14.333s] writing requirements to ../build/heartbeat_monitor/heartbeat_monitor.egg-info/requires.txt
[14.334s] writing top-level names to ../build/heartbeat_monitor/heartbeat_monitor.egg-info/top_level.txt
[14.532s] reading manifest file '../build/heartbeat_monitor/heartbeat_monitor.egg-info/SOURCES.txt'
[14.539s] writing manifest file '../build/heartbeat_monitor/heartbeat_monitor.egg-info/SOURCES.txt'
[14.539s] running build
[14.540s] running build_py
[14.540s] running install
[14.574s] running install_lib
[14.657s] running install_data
[14.660s] running install_egg_info
[14.740s] removing '/home/wheeltec/KUL_TABLOO/src/install/heartbeat_monitor/lib/python3.8/site-packages/heartbeat_monitor-0.0.0-py3.8.egg-info' (and everything under it)
[14.746s] Copying ../build/heartbeat_monitor/heartbeat_monitor.egg-info to /home/wheeltec/KUL_TABLOO/src/install/heartbeat_monitor/lib/python3.8/site-packages/heartbeat_monitor-0.0.0-py3.8.egg-info
[14.750s] running install_scripts
[15.316s] Installing heartbeat_monitor script to /home/wheeltec/KUL_TABLOO/src/install/heartbeat_monitor/lib/heartbeat_monitor
[15.317s] Installing heartbeat_publisher script to /home/wheeltec/KUL_TABLOO/src/install/heartbeat_monitor/lib/heartbeat_monitor
[15.319s] writing list of installed files to '/home/wheeltec/KUL_TABLOO/src/build/heartbeat_monitor/install.log'
[15.681s] Invoked command in '/home/wheeltec/KUL_TABLOO/src/heartbeat_monitor' returned '0': PYTHONPATH=/home/wheeltec/KUL_TABLOO/src/build/heartbeat_monitor/prefix_override:/usr/lib/python3/dist-packages/colcon_core/task/python/colcon_distutils_commands:/home/wheeltec/KUL_TABLOO/src/install/heartbeat_monitor/lib/python3.8/site-packages:${PYTHONPATH} /usr/bin/python3 -W ignore:setup.py install is deprecated -W ignore:easy_install command is deprecated setup.py egg_info --egg-base ../build/heartbeat_monitor build --build-base /home/wheeltec/KUL_TABLOO/src/build/heartbeat_monitor/build install --record /home/wheeltec/KUL_TABLOO/src/build/heartbeat_monitor/install.log --single-version-externally-managed install_data
