[10.500s] Invoking command in '/home/wheeltec/KUL_TABLOO/src/remote_control_socket': PYTHONPATH=/home/wheeltec/KUL_TABLOO/src/build/remote_control_socket/prefix_override:/usr/lib/python3/dist-packages/colcon_core/task/python/colcon_distutils_commands:/home/wheeltec/KUL_TABLOO/src/install/remote_control_socket/lib/python3.8/site-packages:${PYTHONPATH} /usr/bin/python3 -W ignore:setup.py install is deprecated -W ignore:easy_install command is deprecated setup.py egg_info --egg-base ../build/remote_control_socket build --build-base /home/wheeltec/KUL_TABLOO/src/build/remote_control_socket/build install --record /home/wheeltec/KUL_TABLOO/src/build/remote_control_socket/install.log --single-version-externally-managed install_data
[12.686s] running egg_info
[12.784s] writing ../build/remote_control_socket/remote_control_socket.egg-info/PKG-INFO
[12.788s] writing dependency_links to ../build/remote_control_socket/remote_control_socket.egg-info/dependency_links.txt
[12.789s] writing entry points to ../build/remote_control_socket/remote_control_socket.egg-info/entry_points.txt
[12.789s] writing requirements to ../build/remote_control_socket/remote_control_socket.egg-info/requires.txt
[12.792s] writing top-level names to ../build/remote_control_socket/remote_control_socket.egg-info/top_level.txt
[12.978s] reading manifest file '../build/remote_control_socket/remote_control_socket.egg-info/SOURCES.txt'
[12.981s] writing manifest file '../build/remote_control_socket/remote_control_socket.egg-info/SOURCES.txt'
[12.981s] running build
[12.982s] running build_py
[12.982s] copying remote_control_socket/remote_control_socket.py -> /home/wheeltec/KUL_TABLOO/src/build/remote_control_socket/build/lib/remote_control_socket
[12.983s] running install
[13.025s] running install_lib
[13.112s] copying /home/wheeltec/KUL_TABLOO/src/build/remote_control_socket/build/lib/remote_control_socket/remote_control_socket.py -> /home/wheeltec/KUL_TABLOO/src/install/remote_control_socket/lib/python3.8/site-packages/remote_control_socket
[13.117s] byte-compiling /home/wheeltec/KUL_TABLOO/src/install/remote_control_socket/lib/python3.8/site-packages/remote_control_socket/remote_control_socket.py to remote_control_socket.cpython-38.pyc
[13.119s] running install_data
[13.126s] running install_egg_info
[13.219s] removing '/home/wheeltec/KUL_TABLOO/src/install/remote_control_socket/lib/python3.8/site-packages/remote_control_socket-0.0.0-py3.8.egg-info' (and everything under it)
[13.220s] Copying ../build/remote_control_socket/remote_control_socket.egg-info to /home/wheeltec/KUL_TABLOO/src/install/remote_control_socket/lib/python3.8/site-packages/remote_control_socket-0.0.0-py3.8.egg-info
[13.226s] running install_scripts
[13.664s] Installing remote_control_socket script to /home/wheeltec/KUL_TABLOO/src/install/remote_control_socket/lib/remote_control_socket
[13.671s] writing list of installed files to '/home/wheeltec/KUL_TABLOO/src/build/remote_control_socket/install.log'
[13.869s] Invoked command in '/home/wheeltec/KUL_TABLOO/src/remote_control_socket' returned '0': PYTHONPATH=/home/wheeltec/KUL_TABLOO/src/build/remote_control_socket/prefix_override:/usr/lib/python3/dist-packages/colcon_core/task/python/colcon_distutils_commands:/home/wheeltec/KUL_TABLOO/src/install/remote_control_socket/lib/python3.8/site-packages:${PYTHONPATH} /usr/bin/python3 -W ignore:setup.py install is deprecated -W ignore:easy_install command is deprecated setup.py egg_info --egg-base ../build/remote_control_socket build --build-base /home/wheeltec/KUL_TABLOO/src/build/remote_control_socket/build install --record /home/wheeltec/KUL_TABLOO/src/build/remote_control_socket/install.log --single-version-externally-managed install_data
