[16.946s] Invoking command in '/home/wheeltec/KUL_TABLOO/src/emergency_stop': PYTHONPATH=/home/wheeltec/KUL_TABLOO/src/build/emergency_stop/prefix_override:/usr/lib/python3/dist-packages/colcon_core/task/python/colcon_distutils_commands:/home/wheeltec/KUL_TABLOO/src/install/emergency_stop/lib/python3.8/site-packages:${PYTHONPATH} /usr/bin/python3 -W ignore:setup.py install is deprecated -W ignore:easy_install command is deprecated setup.py egg_info --egg-base ../build/emergency_stop build --build-base /home/wheeltec/KUL_TABLOO/src/build/emergency_stop/build install --record /home/wheeltec/KUL_TABLOO/src/build/emergency_stop/install.log --single-version-externally-managed install_data
[21.814s] running egg_info
[21.997s] writing ../build/emergency_stop/emergency_stop.egg-info/PKG-INFO
[21.999s] writing dependency_links to ../build/emergency_stop/emergency_stop.egg-info/dependency_links.txt
[22.000s] writing entry points to ../build/emergency_stop/emergency_stop.egg-info/entry_points.txt
[22.000s] writing requirements to ../build/emergency_stop/emergency_stop.egg-info/requires.txt
[22.004s] writing top-level names to ../build/emergency_stop/emergency_stop.egg-info/top_level.txt
[22.327s] reading manifest file '../build/emergency_stop/emergency_stop.egg-info/SOURCES.txt'
[22.332s] writing manifest file '../build/emergency_stop/emergency_stop.egg-info/SOURCES.txt'
[22.333s] running build
[22.333s] running build_py
[22.340s] running install
[22.389s] running install_lib
[22.538s] running install_data
[22.540s] running install_egg_info
[22.694s] removing '/home/wheeltec/KUL_TABLOO/src/install/emergency_stop/lib/python3.8/site-packages/emergency_stop-0.0.0-py3.8.egg-info' (and everything under it)
[22.699s] Copying ../build/emergency_stop/emergency_stop.egg-info to /home/wheeltec/KUL_TABLOO/src/install/emergency_stop/lib/python3.8/site-packages/emergency_stop-0.0.0-py3.8.egg-info
[22.701s] running install_scripts
[24.004s] Installing emergency_stop script to /home/wheeltec/KUL_TABLOO/src/install/emergency_stop/lib/emergency_stop
[24.009s] writing list of installed files to '/home/wheeltec/KUL_TABLOO/src/build/emergency_stop/install.log'
[24.417s] Invoked command in '/home/wheeltec/KUL_TABLOO/src/emergency_stop' returned '0': PYTHONPATH=/home/wheeltec/KUL_TABLOO/src/build/emergency_stop/prefix_override:/usr/lib/python3/dist-packages/colcon_core/task/python/colcon_distutils_commands:/home/wheeltec/KUL_TABLOO/src/install/emergency_stop/lib/python3.8/site-packages:${PYTHONPATH} /usr/bin/python3 -W ignore:setup.py install is deprecated -W ignore:easy_install command is deprecated setup.py egg_info --egg-base ../build/emergency_stop build --build-base /home/wheeltec/KUL_TABLOO/src/build/emergency_stop/build install --record /home/wheeltec/KUL_TABLOO/src/build/emergency_stop/install.log --single-version-externally-managed install_data
