[11.616s] Invoking command in '/home/wheeltec/KUL_TABLOO/src/quiz': PYTHONPATH=/home/wheeltec/KUL_TABLOO/src/build/quiz/prefix_override:/usr/lib/python3/dist-packages/colcon_core/task/python/colcon_distutils_commands:/home/wheeltec/KUL_TABLOO/src/install/quiz/lib/python3.8/site-packages:${PYTHONPATH} /usr/bin/python3 -W ignore:setup.py install is deprecated -W ignore:easy_install command is deprecated setup.py egg_info --egg-base ../build/quiz build --build-base /home/wheeltec/KUL_TABLOO/src/build/quiz/build install --record /home/wheeltec/KUL_TABLOO/src/build/quiz/install.log --single-version-externally-managed install_data
[13.892s] running egg_info
[13.968s] writing ../build/quiz/quiz.egg-info/PKG-INFO
[13.971s] writing dependency_links to ../build/quiz/quiz.egg-info/dependency_links.txt
[13.976s] writing entry points to ../build/quiz/quiz.egg-info/entry_points.txt
[13.977s] writing requirements to ../build/quiz/quiz.egg-info/requires.txt
[13.979s] writing top-level names to ../build/quiz/quiz.egg-info/top_level.txt
[14.145s] reading manifest file '../build/quiz/quiz.egg-info/SOURCES.txt'
[14.164s] writing manifest file '../build/quiz/quiz.egg-info/SOURCES.txt'
[14.165s] running build
[14.167s] running build_py
[14.168s] copying quiz/quiz.py -> /home/wheeltec/KUL_TABLOO/src/build/quiz/build/lib/quiz
[14.169s] running install
[14.198s] running install_lib
[14.282s] copying /home/wheeltec/KUL_TABLOO/src/build/quiz/build/lib/quiz/quiz.py -> /home/wheeltec/KUL_TABLOO/src/install/quiz/lib/python3.8/site-packages/quiz
[14.289s] byte-compiling /home/wheeltec/KUL_TABLOO/src/install/quiz/lib/python3.8/site-packages/quiz/quiz.py to quiz.cpython-38.pyc
[14.293s] running install_data
[14.295s] running install_egg_info
[14.400s] removing '/home/wheeltec/KUL_TABLOO/src/install/quiz/lib/python3.8/site-packages/quiz-0.0.0-py3.8.egg-info' (and everything under it)
[14.402s] Copying ../build/quiz/quiz.egg-info to /home/wheeltec/KUL_TABLOO/src/install/quiz/lib/python3.8/site-packages/quiz-0.0.0-py3.8.egg-info
[14.410s] running install_scripts
[14.898s] Installing quiz script to /home/wheeltec/KUL_TABLOO/src/install/quiz/lib/quiz
[14.900s] writing list of installed files to '/home/wheeltec/KUL_TABLOO/src/build/quiz/install.log'
[15.228s] Invoked command in '/home/wheeltec/KUL_TABLOO/src/quiz' returned '0': PYTHONPATH=/home/wheeltec/KUL_TABLOO/src/build/quiz/prefix_override:/usr/lib/python3/dist-packages/colcon_core/task/python/colcon_distutils_commands:/home/wheeltec/KUL_TABLOO/src/install/quiz/lib/python3.8/site-packages:${PYTHONPATH} /usr/bin/python3 -W ignore:setup.py install is deprecated -W ignore:easy_install command is deprecated setup.py egg_info --egg-base ../build/quiz build --build-base /home/wheeltec/KUL_TABLOO/src/build/quiz/build install --record /home/wheeltec/KUL_TABLOO/src/build/quiz/install.log --single-version-externally-managed install_data
