[16.686s] Invoking command in '/home/wheeltec/KUL_TABLOO/src/remote_control_socket': PYTHONPATH=/home/wheeltec/KUL_TABLOO/src/build/remote_control_socket/prefix_override:/usr/lib/python3/dist-packages/colcon_core/task/python/colcon_distutils_commands:/home/wheeltec/KUL_TABLOO/src/install/remote_control_socket/lib/python3.8/site-packages:${PYTHONPATH} /usr/bin/python3 -W ignore:setup.py install is deprecated -W ignore:easy_install command is deprecated setup.py egg_info --egg-base ../build/remote_control_socket build --build-base /home/wheeltec/KUL_TABLOO/src/build/remote_control_socket/build install --record /home/wheeltec/KUL_TABLOO/src/build/remote_control_socket/install.log --single-version-externally-managed install_data
[22.052s] running egg_info
[22.218s] writing ../build/remote_control_socket/remote_control_socket.egg-info/PKG-INFO
[22.220s] writing dependency_links to ../build/remote_control_socket/remote_control_socket.egg-info/dependency_links.txt
[22.220s] writing entry points to ../build/remote_control_socket/remote_control_socket.egg-info/entry_points.txt
[22.221s] writing requirements to ../build/remote_control_socket/remote_control_socket.egg-info/requires.txt
[22.221s] writing top-level names to ../build/remote_control_socket/remote_control_socket.egg-info/top_level.txt
[22.489s] reading manifest file '../build/remote_control_socket/remote_control_socket.egg-info/SOURCES.txt'
[22.498s] writing manifest file '../build/remote_control_socket/remote_control_socket.egg-info/SOURCES.txt'
[22.501s] running build
[22.502s] running build_py
[22.509s] copying remote_control_socket/remote_control_socket.py -> /home/wheeltec/KUL_TABLOO/src/build/remote_control_socket/build/lib/remote_control_socket
[22.510s] running install
[22.571s] running install_lib
[22.782s] copying /home/wheeltec/KUL_TABLOO/src/build/remote_control_socket/build/lib/remote_control_socket/remote_control_socket.py -> /home/wheeltec/KUL_TABLOO/src/install/remote_control_socket/lib/python3.8/site-packages/remote_control_socket
[22.783s] byte-compiling /home/wheeltec/KUL_TABLOO/src/install/remote_control_socket/lib/python3.8/site-packages/remote_control_socket/remote_control_socket.py to remote_control_socket.cpython-38.pyc
[22.785s] running install_data
[22.786s] running install_egg_info
[22.918s] removing '/home/wheeltec/KUL_TABLOO/src/install/remote_control_socket/lib/python3.8/site-packages/remote_control_socket-0.0.0-py3.8.egg-info' (and everything under it)
[22.920s] Copying ../build/remote_control_socket/remote_control_socket.egg-info to /home/wheeltec/KUL_TABLOO/src/install/remote_control_socket/lib/python3.8/site-packages/remote_control_socket-0.0.0-py3.8.egg-info
[22.923s] running install_scripts
[24.023s] Installing remote_control_socket script to /home/wheeltec/KUL_TABLOO/src/install/remote_control_socket/lib/remote_control_socket
[24.035s] writing list of installed files to '/home/wheeltec/KUL_TABLOO/src/build/remote_control_socket/install.log'
[24.737s] Invoked command in '/home/wheeltec/KUL_TABLOO/src/remote_control_socket' returned '0': PYTHONPATH=/home/wheeltec/KUL_TABLOO/src/build/remote_control_socket/prefix_override:/usr/lib/python3/dist-packages/colcon_core/task/python/colcon_distutils_commands:/home/wheeltec/KUL_TABLOO/src/install/remote_control_socket/lib/python3.8/site-packages:${PYTHONPATH} /usr/bin/python3 -W ignore:setup.py install is deprecated -W ignore:easy_install command is deprecated setup.py egg_info --egg-base ../build/remote_control_socket build --build-base /home/wheeltec/KUL_TABLOO/src/build/remote_control_socket/build install --record /home/wheeltec/KUL_TABLOO/src/build/remote_control_socket/install.log --single-version-externally-managed install_data
