[17.350s] Invoking command in '/home/wheeltec/KUL_TABLOO/src/quiz_enable': PYTHONPATH=/home/wheeltec/KUL_TABLOO/src/build/quiz_enable/prefix_override:/usr/lib/python3/dist-packages/colcon_core/task/python/colcon_distutils_commands:/home/wheeltec/KUL_TABLOO/src/install/quiz_enable/lib/python3.8/site-packages:${PYTHONPATH} /usr/bin/python3 -W ignore:setup.py install is deprecated -W ignore:easy_install command is deprecated setup.py egg_info --egg-base ../build/quiz_enable build --build-base /home/wheeltec/KUL_TABLOO/src/build/quiz_enable/build install --record /home/wheeltec/KUL_TABLOO/src/build/quiz_enable/install.log --single-version-externally-managed install_data
[23.378s] running egg_info
[23.589s] writing ../build/quiz_enable/quiz_enable.egg-info/PKG-INFO
[23.595s] writing dependency_links to ../build/quiz_enable/quiz_enable.egg-info/dependency_links.txt
[23.601s] writing entry points to ../build/quiz_enable/quiz_enable.egg-info/entry_points.txt
[23.607s] writing requirements to ../build/quiz_enable/quiz_enable.egg-info/requires.txt
[23.611s] writing top-level names to ../build/quiz_enable/quiz_enable.egg-info/top_level.txt
[23.998s] reading manifest file '../build/quiz_enable/quiz_enable.egg-info/SOURCES.txt'
[24.003s] writing manifest file '../build/quiz_enable/quiz_enable.egg-info/SOURCES.txt'
[24.008s] running build
[24.009s] running build_py
[24.010s] running install
[24.061s] running install_lib
[24.213s] running install_data
[24.217s] running install_egg_info
[24.375s] removing '/home/wheeltec/KUL_TABLOO/src/install/quiz_enable/lib/python3.8/site-packages/quiz_enable-0.0.0-py3.8.egg-info' (and everything under it)
[24.385s] Copying ../build/quiz_enable/quiz_enable.egg-info to /home/wheeltec/KUL_TABLOO/src/install/quiz_enable/lib/python3.8/site-packages/quiz_enable-0.0.0-py3.8.egg-info
[24.391s] running install_scripts
[25.289s] Installing quiz_enable script to /home/wheeltec/KUL_TABLOO/src/install/quiz_enable/lib/quiz_enable
[25.302s] writing list of installed files to '/home/wheeltec/KUL_TABLOO/src/build/quiz_enable/install.log'
[27.512s] Invoked command in '/home/wheeltec/KUL_TABLOO/src/quiz_enable' returned '0': PYTHONPATH=/home/wheeltec/KUL_TABLOO/src/build/quiz_enable/prefix_override:/usr/lib/python3/dist-packages/colcon_core/task/python/colcon_distutils_commands:/home/wheeltec/KUL_TABLOO/src/install/quiz_enable/lib/python3.8/site-packages:${PYTHONPATH} /usr/bin/python3 -W ignore:setup.py install is deprecated -W ignore:easy_install command is deprecated setup.py egg_info --egg-base ../build/quiz_enable build --build-base /home/wheeltec/KUL_TABLOO/src/build/quiz_enable/build install --record /home/wheeltec/KUL_TABLOO/src/build/quiz_enable/install.log --single-version-externally-managed install_data
