running egg_info
creating ../build/beamer/beamer.egg-info
writing ../build/beamer/beamer.egg-info/PKG-INFO
writing dependency_links to ../build/beamer/beamer.egg-info/dependency_links.txt
writing entry points to ../build/beamer/beamer.egg-info/entry_points.txt
writing requirements to ../build/beamer/beamer.egg-info/requires.txt
writing top-level names to ../build/beamer/beamer.egg-info/top_level.txt
writing manifest file '../build/beamer/beamer.egg-info/SOURCES.txt'
reading manifest file '../build/beamer/beamer.egg-info/SOURCES.txt'
writing manifest file '../build/beamer/beamer.egg-info/SOURCES.txt'
running build
running build_py
creating /home/wheeltec/KUL_TABLOO/src/build/beamer/build
creating /home/wheeltec/KUL_TABLOO/src/build/beamer/build/lib
creating /home/wheeltec/KUL_TABLOO/src/build/beamer/build/lib/beamer
copying beamer/__init__.py -> /home/wheeltec/KUL_TABLOO/src/build/beamer/build/lib/beamer
copying beamer/beamer.py -> /home/wheeltec/KUL_TABLOO/src/build/beamer/build/lib/beamer
running install
running install_lib
creating /home/wheeltec/KUL_TABLOO/src/install/beamer/lib/python3.8/site-packages/beamer
copying /home/wheeltec/KUL_TABLOO/src/build/beamer/build/lib/beamer/__init__.py -> /home/wheeltec/KUL_TABLOO/src/install/beamer/lib/python3.8/site-packages/beamer
copying /home/wheeltec/KUL_TABLOO/src/build/beamer/build/lib/beamer/beamer.py -> /home/wheeltec/KUL_TABLOO/src/install/beamer/lib/python3.8/site-packages/beamer
byte-compiling /home/wheeltec/KUL_TABLOO/src/install/beamer/lib/python3.8/site-packages/beamer/__init__.py to __init__.cpython-38.pyc
byte-compiling /home/wheeltec/KUL_TABLOO/src/install/beamer/lib/python3.8/site-packages/beamer/beamer.py to beamer.cpython-38.pyc
running install_data
creating /home/wheeltec/KUL_TABLOO/src/install/beamer/share/ament_index
creating /home/wheeltec/KUL_TABLOO/src/install/beamer/share/ament_index/resource_index
creating /home/wheeltec/KUL_TABLOO/src/install/beamer/share/ament_index/resource_index/packages
copying resource/beamer -> /home/wheeltec/KUL_TABLOO/src/install/beamer/share/ament_index/resource_index/packages
copying package.xml -> /home/wheeltec/KUL_TABLOO/src/install/beamer/share/beamer
running install_egg_info
Copying ../build/beamer/beamer.egg-info to /home/wheeltec/KUL_TABLOO/src/install/beamer/lib/python3.8/site-packages/beamer-0.0.0-py3.8.egg-info
running install_scripts
Installing beamer script to /home/wheeltec/KUL_TABLOO/src/install/beamer/lib/beamer
writing list of installed files to '/home/wheeltec/KUL_TABLOO/src/build/beamer/install.log'
