[12.212s] Invoking command in '/home/wheeltec/KUL_TABLOO/src/beamer': PYTHONPATH=/home/wheeltec/KUL_TABLOO/src/build/beamer/prefix_override:/usr/lib/python3/dist-packages/colcon_core/task/python/colcon_distutils_commands:/home/wheeltec/KUL_TABLOO/src/install/beamer/lib/python3.8/site-packages:${PYTHONPATH} /usr/bin/python3 -W ignore:setup.py install is deprecated -W ignore:easy_install command is deprecated setup.py egg_info --egg-base ../build/beamer build --build-base /home/wheeltec/KUL_TABLOO/src/build/beamer/build install --record /home/wheeltec/KUL_TABLOO/src/build/beamer/install.log --single-version-externally-managed install_data
[14.740s] running egg_info
[14.851s] writing ../build/beamer/beamer.egg-info/PKG-INFO
[14.853s] writing dependency_links to ../build/beamer/beamer.egg-info/dependency_links.txt
[14.859s] writing entry points to ../build/beamer/beamer.egg-info/entry_points.txt
[14.859s] writing requirements to ../build/beamer/beamer.egg-info/requires.txt
[14.859s] writing top-level names to ../build/beamer/beamer.egg-info/top_level.txt
[15.061s] reading manifest file '../build/beamer/beamer.egg-info/SOURCES.txt'
[15.070s] writing manifest file '../build/beamer/beamer.egg-info/SOURCES.txt'
[15.070s] running build
[15.073s] running build_py
[15.073s] copying beamer/beamer.py -> /home/wheeltec/KUL_TABLOO/src/build/beamer/build/lib/beamer
[15.076s] running install
[15.106s] running install_lib
[15.210s] copying /home/wheeltec/KUL_TABLOO/src/build/beamer/build/lib/beamer/beamer.py -> /home/wheeltec/KUL_TABLOO/src/install/beamer/lib/python3.8/site-packages/beamer
[15.226s] byte-compiling /home/wheeltec/KUL_TABLOO/src/install/beamer/lib/python3.8/site-packages/beamer/beamer.py to beamer.cpython-38.pyc
[15.247s] running install_data
[15.248s] running install_egg_info
[15.368s] removing '/home/wheeltec/KUL_TABLOO/src/install/beamer/lib/python3.8/site-packages/beamer-0.0.0-py3.8.egg-info' (and everything under it)
[15.370s] Copying ../build/beamer/beamer.egg-info to /home/wheeltec/KUL_TABLOO/src/install/beamer/lib/python3.8/site-packages/beamer-0.0.0-py3.8.egg-info
[15.377s] running install_scripts
[15.901s] Installing beamer script to /home/wheeltec/KUL_TABLOO/src/install/beamer/lib/beamer
[15.903s] writing list of installed files to '/home/wheeltec/KUL_TABLOO/src/build/beamer/install.log'
[16.094s] Invoked command in '/home/wheeltec/KUL_TABLOO/src/beamer' returned '0': PYTHONPATH=/home/wheeltec/KUL_TABLOO/src/build/beamer/prefix_override:/usr/lib/python3/dist-packages/colcon_core/task/python/colcon_distutils_commands:/home/wheeltec/KUL_TABLOO/src/install/beamer/lib/python3.8/site-packages:${PYTHONPATH} /usr/bin/python3 -W ignore:setup.py install is deprecated -W ignore:easy_install command is deprecated setup.py egg_info --egg-base ../build/beamer build --build-base /home/wheeltec/KUL_TABLOO/src/build/beamer/build install --record /home/wheeltec/KUL_TABLOO/src/build/beamer/install.log --single-version-externally-managed install_data
