[9.951s] Invoking command in '/home/wheeltec/KUL_TABLOO/src/quiz_enable': PYTHONPATH=/home/wheeltec/KUL_TABLOO/src/build/quiz_enable/prefix_override:/usr/lib/python3/dist-packages/colcon_core/task/python/colcon_distutils_commands:/home/wheeltec/KUL_TABLOO/src/install/quiz_enable/lib/python3.8/site-packages:${PYTHONPATH} /usr/bin/python3 -W ignore:setup.py install is deprecated -W ignore:easy_install command is deprecated setup.py egg_info --egg-base ../build/quiz_enable build --build-base /home/wheeltec/KUL_TABLOO/src/build/quiz_enable/build install --record /home/wheeltec/KUL_TABLOO/src/build/quiz_enable/install.log --single-version-externally-managed install_data
[12.446s] running egg_info
[12.543s] writing ../build/quiz_enable/quiz_enable.egg-info/PKG-INFO
[12.545s] writing dependency_links to ../build/quiz_enable/quiz_enable.egg-info/dependency_links.txt
[12.546s] writing entry points to ../build/quiz_enable/quiz_enable.egg-info/entry_points.txt
[12.547s] writing requirements to ../build/quiz_enable/quiz_enable.egg-info/requires.txt
[12.548s] writing top-level names to ../build/quiz_enable/quiz_enable.egg-info/top_level.txt
[12.749s] reading manifest file '../build/quiz_enable/quiz_enable.egg-info/SOURCES.txt'
[12.754s] writing manifest file '../build/quiz_enable/quiz_enable.egg-info/SOURCES.txt'
[12.755s] running build
[12.756s] running build_py
[12.756s] running install
[12.785s] running install_lib
[12.865s] running install_data
[12.866s] running install_egg_info
[12.951s] removing '/home/wheeltec/KUL_TABLOO/src/install/quiz_enable/lib/python3.8/site-packages/quiz_enable-0.0.0-py3.8.egg-info' (and everything under it)
[12.952s] Copying ../build/quiz_enable/quiz_enable.egg-info to /home/wheeltec/KUL_TABLOO/src/install/quiz_enable/lib/python3.8/site-packages/quiz_enable-0.0.0-py3.8.egg-info
[12.960s] running install_scripts
[13.514s] Installing quiz_enable script to /home/wheeltec/KUL_TABLOO/src/install/quiz_enable/lib/quiz_enable
[13.516s] writing list of installed files to '/home/wheeltec/KUL_TABLOO/src/build/quiz_enable/install.log'
[13.790s] Invoked command in '/home/wheeltec/KUL_TABLOO/src/quiz_enable' returned '0': PYTHONPATH=/home/wheeltec/KUL_TABLOO/src/build/quiz_enable/prefix_override:/usr/lib/python3/dist-packages/colcon_core/task/python/colcon_distutils_commands:/home/wheeltec/KUL_TABLOO/src/install/quiz_enable/lib/python3.8/site-packages:${PYTHONPATH} /usr/bin/python3 -W ignore:setup.py install is deprecated -W ignore:easy_install command is deprecated setup.py egg_info --egg-base ../build/quiz_enable build --build-base /home/wheeltec/KUL_TABLOO/src/build/quiz_enable/build install --record /home/wheeltec/KUL_TABLOO/src/build/quiz_enable/install.log --single-version-externally-managed install_data
