[12.909s] Invoking command in '/home/wheeltec/KUL_TABLOO/src/rpi_pub': PYTHONPATH=/home/wheeltec/KUL_TABLOO/src/build/rpi_pub/prefix_override:/usr/lib/python3/dist-packages/colcon_core/task/python/colcon_distutils_commands:/home/wheeltec/KUL_TABLOO/src/install/rpi_pub/lib/python3.8/site-packages:${PYTHONPATH} /usr/bin/python3 -W ignore:setup.py install is deprecated -W ignore:easy_install command is deprecated setup.py egg_info --egg-base ../build/rpi_pub build --build-base /home/wheeltec/KUL_TABLOO/src/build/rpi_pub/build install --record /home/wheeltec/KUL_TABLOO/src/build/rpi_pub/install.log --single-version-externally-managed install_data
[16.270s] running egg_info
[16.362s] writing ../build/rpi_pub/rpi_pub.egg-info/PKG-INFO
[16.364s] writing dependency_links to ../build/rpi_pub/rpi_pub.egg-info/dependency_links.txt
[16.365s] writing entry points to ../build/rpi_pub/rpi_pub.egg-info/entry_points.txt
[16.367s] writing requirements to ../build/rpi_pub/rpi_pub.egg-info/requires.txt
[16.367s] writing top-level names to ../build/rpi_pub/rpi_pub.egg-info/top_level.txt
[16.841s] reading manifest file '../build/rpi_pub/rpi_pub.egg-info/SOURCES.txt'
[16.846s] writing manifest file '../build/rpi_pub/rpi_pub.egg-info/SOURCES.txt'
[16.848s] running build
[16.849s] running build_py
[16.851s] running install
[16.889s] running install_lib
[16.985s] running install_data
[16.988s] running install_egg_info
[17.103s] removing '/home/wheeltec/KUL_TABLOO/src/install/rpi_pub/lib/python3.8/site-packages/rpi_pub-0.0.0-py3.8.egg-info' (and everything under it)
[17.106s] Copying ../build/rpi_pub/rpi_pub.egg-info to /home/wheeltec/KUL_TABLOO/src/install/rpi_pub/lib/python3.8/site-packages/rpi_pub-0.0.0-py3.8.egg-info
[17.113s] running install_scripts
[17.978s] Installing rpi_pub script to /home/wheeltec/KUL_TABLOO/src/install/rpi_pub/lib/rpi_pub
[17.980s] writing list of installed files to '/home/wheeltec/KUL_TABLOO/src/build/rpi_pub/install.log'
[20.365s] Invoked command in '/home/wheeltec/KUL_TABLOO/src/rpi_pub' returned '0': PYTHONPATH=/home/wheeltec/KUL_TABLOO/src/build/rpi_pub/prefix_override:/usr/lib/python3/dist-packages/colcon_core/task/python/colcon_distutils_commands:/home/wheeltec/KUL_TABLOO/src/install/rpi_pub/lib/python3.8/site-packages:${PYTHONPATH} /usr/bin/python3 -W ignore:setup.py install is deprecated -W ignore:easy_install command is deprecated setup.py egg_info --egg-base ../build/rpi_pub build --build-base /home/wheeltec/KUL_TABLOO/src/build/rpi_pub/build install --record /home/wheeltec/KUL_TABLOO/src/build/rpi_pub/install.log --single-version-externally-managed install_data
