[8.825s] Invoking command in '/home/wheeltec/KUL_TABLOO/src/emergency_stop': PYTHONPATH=/home/wheeltec/KUL_TABLOO/src/build/emergency_stop/prefix_override:/usr/lib/python3/dist-packages/colcon_core/task/python/colcon_distutils_commands:/home/wheeltec/KUL_TABLOO/src/install/emergency_stop/lib/python3.8/site-packages:${PYTHONPATH} /usr/bin/python3 -W ignore:setup.py install is deprecated -W ignore:easy_install command is deprecated setup.py egg_info --egg-base ../build/emergency_stop build --build-base /home/wheeltec/KUL_TABLOO/src/build/emergency_stop/build install --record /home/wheeltec/KUL_TABLOO/src/build/emergency_stop/install.log --single-version-externally-managed install_data
[10.820s] running egg_info
[10.892s] writing ../build/emergency_stop/emergency_stop.egg-info/PKG-INFO
[10.893s] writing dependency_links to ../build/emergency_stop/emergency_stop.egg-info/dependency_links.txt
[10.894s] writing entry points to ../build/emergency_stop/emergency_stop.egg-info/entry_points.txt
[10.894s] writing requirements to ../build/emergency_stop/emergency_stop.egg-info/requires.txt
[10.895s] writing top-level names to ../build/emergency_stop/emergency_stop.egg-info/top_level.txt
[11.044s] reading manifest file '../build/emergency_stop/emergency_stop.egg-info/SOURCES.txt'
[11.048s] writing manifest file '../build/emergency_stop/emergency_stop.egg-info/SOURCES.txt'
[11.049s] running build
[11.050s] running build_py
[11.051s] running install
[11.079s] running install_lib
[11.154s] running install_data
[11.154s] running install_egg_info
[11.233s] removing '/home/wheeltec/KUL_TABLOO/src/install/emergency_stop/lib/python3.8/site-packages/emergency_stop-0.0.0-py3.8.egg-info' (and everything under it)
[11.233s] Copying ../build/emergency_stop/emergency_stop.egg-info to /home/wheeltec/KUL_TABLOO/src/install/emergency_stop/lib/python3.8/site-packages/emergency_stop-0.0.0-py3.8.egg-info
[11.239s] running install_scripts
[11.684s] Installing emergency_stop script to /home/wheeltec/KUL_TABLOO/src/install/emergency_stop/lib/emergency_stop
[11.691s] writing list of installed files to '/home/wheeltec/KUL_TABLOO/src/build/emergency_stop/install.log'
[11.838s] Invoked command in '/home/wheeltec/KUL_TABLOO/src/emergency_stop' returned '0': PYTHONPATH=/home/wheeltec/KUL_TABLOO/src/build/emergency_stop/prefix_override:/usr/lib/python3/dist-packages/colcon_core/task/python/colcon_distutils_commands:/home/wheeltec/KUL_TABLOO/src/install/emergency_stop/lib/python3.8/site-packages:${PYTHONPATH} /usr/bin/python3 -W ignore:setup.py install is deprecated -W ignore:easy_install command is deprecated setup.py egg_info --egg-base ../build/emergency_stop build --build-base /home/wheeltec/KUL_TABLOO/src/build/emergency_stop/build install --record /home/wheeltec/KUL_TABLOO/src/build/emergency_stop/install.log --single-version-externally-managed install_data
