[11.420s] Invoking command in '/home/wheeltec/KUL_TABLOO/src/rpi_pub': PYTHONPATH=/home/wheeltec/KUL_TABLOO/src/build/rpi_pub/prefix_override:/usr/lib/python3/dist-packages/colcon_core/task/python/colcon_distutils_commands:/home/wheeltec/KUL_TABLOO/src/install/rpi_pub/lib/python3.8/site-packages:${PYTHONPATH} /usr/bin/python3 -W ignore:setup.py install is deprecated -W ignore:easy_install command is deprecated setup.py egg_info --egg-base ../build/rpi_pub build --build-base /home/wheeltec/KUL_TABLOO/src/build/rpi_pub/build install --record /home/wheeltec/KUL_TABLOO/src/build/rpi_pub/install.log --single-version-externally-managed install_data
[13.699s] running egg_info
[13.772s] writing ../build/rpi_pub/rpi_pub.egg-info/PKG-INFO
[13.774s] writing dependency_links to ../build/rpi_pub/rpi_pub.egg-info/dependency_links.txt
[13.776s] writing entry points to ../build/rpi_pub/rpi_pub.egg-info/entry_points.txt
[13.778s] writing requirements to ../build/rpi_pub/rpi_pub.egg-info/requires.txt
[13.779s] writing top-level names to ../build/rpi_pub/rpi_pub.egg-info/top_level.txt
[13.943s] reading manifest file '../build/rpi_pub/rpi_pub.egg-info/SOURCES.txt'
[13.948s] writing manifest file '../build/rpi_pub/rpi_pub.egg-info/SOURCES.txt'
[13.949s] running build
[13.950s] running build_py
[13.950s] running install
[13.980s] running install_lib
[14.110s] running install_data
[14.113s] running install_egg_info
[14.299s] removing '/home/wheeltec/KUL_TABLOO/src/install/rpi_pub/lib/python3.8/site-packages/rpi_pub-0.0.0-py3.8.egg-info' (and everything under it)
[14.303s] Copying ../build/rpi_pub/rpi_pub.egg-info to /home/wheeltec/KUL_TABLOO/src/install/rpi_pub/lib/python3.8/site-packages/rpi_pub-0.0.0-py3.8.egg-info
[14.309s] running install_scripts
[14.833s] Installing rpi_pub script to /home/wheeltec/KUL_TABLOO/src/install/rpi_pub/lib/rpi_pub
[14.835s] writing list of installed files to '/home/wheeltec/KUL_TABLOO/src/build/rpi_pub/install.log'
[15.050s] Invoked command in '/home/wheeltec/KUL_TABLOO/src/rpi_pub' returned '0': PYTHONPATH=/home/wheeltec/KUL_TABLOO/src/build/rpi_pub/prefix_override:/usr/lib/python3/dist-packages/colcon_core/task/python/colcon_distutils_commands:/home/wheeltec/KUL_TABLOO/src/install/rpi_pub/lib/python3.8/site-packages:${PYTHONPATH} /usr/bin/python3 -W ignore:setup.py install is deprecated -W ignore:easy_install command is deprecated setup.py egg_info --egg-base ../build/rpi_pub build --build-base /home/wheeltec/KUL_TABLOO/src/build/rpi_pub/build install --record /home/wheeltec/KUL_TABLOO/src/build/rpi_pub/install.log --single-version-externally-managed install_data
