[1.254s] DEBUG:colcon:Command line arguments: ['/usr/bin/colcon', 'build']
[1.254s] DEBUG:colcon:Parsed command line arguments: Namespace(allow_overriding=[], ament_cmake_args=None, base_paths=['.'], build_base='build', catkin_cmake_args=None, catkin_skip_building_tests=False, cmake_args=None, cmake_clean_cache=False, cmake_clean_first=False, cmake_force_configure=False, cmake_target=None, cmake_target_skip_unavailable=False, continue_on_error=False, event_handlers=None, executor='parallel', ignore_user_meta=False, install_base='install', log_base=None, log_level=None, main=<bound method BuildVerb.main of <colcon_core.verb.build.BuildVerb object at 0x7fab72a490>>, merge_install=False, metas=['./colcon.meta'], packages_above=None, packages_above_and_dependencies=None, packages_above_depth=None, packages_end=None, packages_ignore=None, packages_ignore_regex=None, packages_select=None, packages_select_build_failed=False, packages_select_by_dep=None, packages_select_regex=None, packages_select_test_failures=False, packages_skip=None, packages_skip_build_finished=False, packages_skip_by_dep=None, packages_skip_regex=None, packages_skip_test_passed=False, packages_skip_up_to=None, packages_start=None, packages_up_to=None, packages_up_to_regex=None, parallel_workers=4, paths=None, symlink_install=False, test_result_base=None, verb_extension=<colcon_core.verb.build.BuildVerb object at 0x7fab72a490>, verb_name='build', verb_parser=<colcon_defaults.argument_parser.defaults.DefaultArgumentsDecorator object at 0x7fab72a8e0>)
[2.809s] Level 1:colcon.colcon_core.package_discovery:discover_packages(colcon_meta) check parameters
[2.809s] Level 1:colcon.colcon_core.package_discovery:discover_packages(recursive) check parameters
[2.809s] Level 1:colcon.colcon_core.package_discovery:discover_packages(ignore) check parameters
[2.810s] Level 1:colcon.colcon_core.package_discovery:discover_packages(path) check parameters
[2.810s] Level 1:colcon.colcon_core.package_discovery:discover_packages(colcon_meta) discover
[2.810s] Level 1:colcon.colcon_core.package_discovery:discover_packages(recursive) discover
[2.811s] INFO:colcon.colcon_core.package_discovery:Crawling recursively for packages in '/home/wheeltec/KUL_TABLOO/src'
[2.811s] Level 1:colcon.colcon_core.package_identification:_identify(.) by extensions ['ignore', 'ignore_ament_install']
[2.811s] Level 1:colcon.colcon_core.package_identification:_identify(.) by extension 'ignore'
[2.812s] Level 1:colcon.colcon_core.package_identification:_identify(.) by extension 'ignore_ament_install'
[2.812s] Level 1:colcon.colcon_core.package_identification:_identify(.) by extensions ['colcon_pkg']
[2.812s] Level 1:colcon.colcon_core.package_identification:_identify(.) by extension 'colcon_pkg'
[2.813s] Level 1:colcon.colcon_core.package_identification:_identify(.) by extensions ['colcon_meta']
[2.813s] Level 1:colcon.colcon_core.package_identification:_identify(.) by extension 'colcon_meta'
[2.813s] Level 1:colcon.colcon_core.package_identification:_identify(.) by extensions ['ros']
[2.813s] Level 1:colcon.colcon_core.package_identification:_identify(.) by extension 'ros'
[2.882s] Level 1:colcon.colcon_core.package_identification:_identify(.) by extensions ['cmake', 'python']
[2.883s] Level 1:colcon.colcon_core.package_identification:_identify(.) by extension 'cmake'
[2.883s] Level 1:colcon.colcon_core.package_identification:_identify(.) by extension 'python'
[2.883s] Level 1:colcon.colcon_core.package_identification:_identify(.) by extensions ['python_setup_py']
[2.883s] Level 1:colcon.colcon_core.package_identification:_identify(.) by extension 'python_setup_py'
[2.884s] Level 1:colcon.colcon_core.package_identification:_identify(build) by extensions ['ignore', 'ignore_ament_install']
[2.884s] Level 1:colcon.colcon_core.package_identification:_identify(build) by extension 'ignore'
[2.885s] Level 1:colcon.colcon_core.package_identification:_identify(build) ignored
[2.885s] Level 1:colcon.colcon_core.package_identification:_identify(config) by extensions ['ignore', 'ignore_ament_install']
[2.886s] Level 1:colcon.colcon_core.package_identification:_identify(config) by extension 'ignore'
[2.886s] Level 1:colcon.colcon_core.package_identification:_identify(config) by extension 'ignore_ament_install'
[2.887s] Level 1:colcon.colcon_core.package_identification:_identify(config) by extensions ['colcon_pkg']
[2.887s] Level 1:colcon.colcon_core.package_identification:_identify(config) by extension 'colcon_pkg'
[2.888s] Level 1:colcon.colcon_core.package_identification:_identify(config) by extensions ['colcon_meta']
[2.888s] Level 1:colcon.colcon_core.package_identification:_identify(config) by extension 'colcon_meta'
[2.888s] Level 1:colcon.colcon_core.package_identification:_identify(config) by extensions ['ros']
[2.889s] Level 1:colcon.colcon_core.package_identification:_identify(config) by extension 'ros'
[2.889s] Level 1:colcon.colcon_core.package_identification:_identify(config) by extensions ['cmake', 'python']
[2.889s] Level 1:colcon.colcon_core.package_identification:_identify(config) by extension 'cmake'
[2.890s] Level 1:colcon.colcon_core.package_identification:_identify(config) by extension 'python'
[2.890s] Level 1:colcon.colcon_core.package_identification:_identify(config) by extensions ['python_setup_py']
[2.890s] Level 1:colcon.colcon_core.package_identification:_identify(config) by extension 'python_setup_py'
[2.891s] Level 1:colcon.colcon_core.package_identification:_identify(emergency_stop) by extensions ['ignore', 'ignore_ament_install']
[2.891s] Level 1:colcon.colcon_core.package_identification:_identify(emergency_stop) by extension 'ignore'
[2.892s] Level 1:colcon.colcon_core.package_identification:_identify(emergency_stop) by extension 'ignore_ament_install'
[2.892s] Level 1:colcon.colcon_core.package_identification:_identify(emergency_stop) by extensions ['colcon_pkg']
[2.892s] Level 1:colcon.colcon_core.package_identification:_identify(emergency_stop) by extension 'colcon_pkg'
[2.893s] Level 1:colcon.colcon_core.package_identification:_identify(emergency_stop) by extensions ['colcon_meta']
[2.893s] Level 1:colcon.colcon_core.package_identification:_identify(emergency_stop) by extension 'colcon_meta'
[2.893s] Level 1:colcon.colcon_core.package_identification:_identify(emergency_stop) by extensions ['ros']
[2.893s] Level 1:colcon.colcon_core.package_identification:_identify(emergency_stop) by extension 'ros'
[2.906s] DEBUG:colcon.colcon_core.package_identification:Package 'emergency_stop' with type 'ros.ament_python' and name 'emergency_stop'
[2.907s] Level 1:colcon.colcon_core.package_identification:_identify(install) by extensions ['ignore', 'ignore_ament_install']
[2.908s] Level 1:colcon.colcon_core.package_identification:_identify(install) by extension 'ignore'
[2.908s] Level 1:colcon.colcon_core.package_identification:_identify(install) ignored
[2.908s] Level 1:colcon.colcon_core.package_identification:_identify(launch) by extensions ['ignore', 'ignore_ament_install']
[2.909s] Level 1:colcon.colcon_core.package_identification:_identify(launch) by extension 'ignore'
[2.909s] Level 1:colcon.colcon_core.package_identification:_identify(launch) by extension 'ignore_ament_install'
[2.910s] Level 1:colcon.colcon_core.package_identification:_identify(launch) by extensions ['colcon_pkg']
[2.910s] Level 1:colcon.colcon_core.package_identification:_identify(launch) by extension 'colcon_pkg'
[2.910s] Level 1:colcon.colcon_core.package_identification:_identify(launch) by extensions ['colcon_meta']
[2.910s] Level 1:colcon.colcon_core.package_identification:_identify(launch) by extension 'colcon_meta'
[2.911s] Level 1:colcon.colcon_core.package_identification:_identify(launch) by extensions ['ros']
[2.911s] Level 1:colcon.colcon_core.package_identification:_identify(launch) by extension 'ros'
[2.912s] Level 1:colcon.colcon_core.package_identification:_identify(launch) by extensions ['cmake', 'python']
[2.912s] Level 1:colcon.colcon_core.package_identification:_identify(launch) by extension 'cmake'
[2.912s] Level 1:colcon.colcon_core.package_identification:_identify(launch) by extension 'python'
[2.912s] Level 1:colcon.colcon_core.package_identification:_identify(launch) by extensions ['python_setup_py']
[2.913s] Level 1:colcon.colcon_core.package_identification:_identify(launch) by extension 'python_setup_py'
[2.913s] Level 1:colcon.colcon_core.package_identification:_identify(log) by extensions ['ignore', 'ignore_ament_install']
[2.914s] Level 1:colcon.colcon_core.package_identification:_identify(log) by extension 'ignore'
[2.914s] Level 1:colcon.colcon_core.package_identification:_identify(log) ignored
[2.915s] Level 1:colcon.colcon_core.package_identification:_identify(quiz) by extensions ['ignore', 'ignore_ament_install']
[2.915s] Level 1:colcon.colcon_core.package_identification:_identify(quiz) by extension 'ignore'
[2.915s] Level 1:colcon.colcon_core.package_identification:_identify(quiz) by extension 'ignore_ament_install'
[2.916s] Level 1:colcon.colcon_core.package_identification:_identify(quiz) by extensions ['colcon_pkg']
[2.916s] Level 1:colcon.colcon_core.package_identification:_identify(quiz) by extension 'colcon_pkg'
[2.917s] Level 1:colcon.colcon_core.package_identification:_identify(quiz) by extensions ['colcon_meta']
[2.917s] Level 1:colcon.colcon_core.package_identification:_identify(quiz) by extension 'colcon_meta'
[2.917s] Level 1:colcon.colcon_core.package_identification:_identify(quiz) by extensions ['ros']
[2.917s] Level 1:colcon.colcon_core.package_identification:_identify(quiz) by extension 'ros'
[2.921s] DEBUG:colcon.colcon_core.package_identification:Package 'quiz' with type 'ros.ament_python' and name 'quiz'
[2.921s] Level 1:colcon.colcon_core.package_identification:_identify(quiz_enable) by extensions ['ignore', 'ignore_ament_install']
[2.922s] Level 1:colcon.colcon_core.package_identification:_identify(quiz_enable) by extension 'ignore'
[2.922s] Level 1:colcon.colcon_core.package_identification:_identify(quiz_enable) by extension 'ignore_ament_install'
[2.922s] Level 1:colcon.colcon_core.package_identification:_identify(quiz_enable) by extensions ['colcon_pkg']
[2.923s] Level 1:colcon.colcon_core.package_identification:_identify(quiz_enable) by extension 'colcon_pkg'
[2.923s] Level 1:colcon.colcon_core.package_identification:_identify(quiz_enable) by extensions ['colcon_meta']
[2.923s] Level 1:colcon.colcon_core.package_identification:_identify(quiz_enable) by extension 'colcon_meta'
[2.923s] Level 1:colcon.colcon_core.package_identification:_identify(quiz_enable) by extensions ['ros']
[2.923s] Level 1:colcon.colcon_core.package_identification:_identify(quiz_enable) by extension 'ros'
[2.926s] DEBUG:colcon.colcon_core.package_identification:Package 'quiz_enable' with type 'ros.ament_python' and name 'quiz_enable'
[2.926s] Level 1:colcon.colcon_core.package_identification:_identify(remote_control_socket) by extensions ['ignore', 'ignore_ament_install']
[2.926s] Level 1:colcon.colcon_core.package_identification:_identify(remote_control_socket) by extension 'ignore'
[2.927s] Level 1:colcon.colcon_core.package_identification:_identify(remote_control_socket) by extension 'ignore_ament_install'
[2.927s] Level 1:colcon.colcon_core.package_identification:_identify(remote_control_socket) by extensions ['colcon_pkg']
[2.927s] Level 1:colcon.colcon_core.package_identification:_identify(remote_control_socket) by extension 'colcon_pkg'
[2.927s] Level 1:colcon.colcon_core.package_identification:_identify(remote_control_socket) by extensions ['colcon_meta']
[2.928s] Level 1:colcon.colcon_core.package_identification:_identify(remote_control_socket) by extension 'colcon_meta'
[2.928s] Level 1:colcon.colcon_core.package_identification:_identify(remote_control_socket) by extensions ['ros']
[2.928s] Level 1:colcon.colcon_core.package_identification:_identify(remote_control_socket) by extension 'ros'
[2.930s] DEBUG:colcon.colcon_core.package_identification:Package 'remote_control_socket' with type 'ros.ament_python' and name 'remote_control_socket'
[2.931s] Level 1:colcon.colcon_core.package_identification:_identify(rpi_pub) by extensions ['ignore', 'ignore_ament_install']
[2.932s] Level 1:colcon.colcon_core.package_identification:_identify(rpi_pub) by extension 'ignore'
[2.932s] Level 1:colcon.colcon_core.package_identification:_identify(rpi_pub) by extension 'ignore_ament_install'
[2.932s] Level 1:colcon.colcon_core.package_identification:_identify(rpi_pub) by extensions ['colcon_pkg']
[2.933s] Level 1:colcon.colcon_core.package_identification:_identify(rpi_pub) by extension 'colcon_pkg'
[2.933s] Level 1:colcon.colcon_core.package_identification:_identify(rpi_pub) by extensions ['colcon_meta']
[2.933s] Level 1:colcon.colcon_core.package_identification:_identify(rpi_pub) by extension 'colcon_meta'
[2.933s] Level 1:colcon.colcon_core.package_identification:_identify(rpi_pub) by extensions ['ros']
[2.934s] Level 1:colcon.colcon_core.package_identification:_identify(rpi_pub) by extension 'ros'
[2.937s] DEBUG:colcon.colcon_core.package_identification:Package 'rpi_pub' with type 'ros.ament_python' and name 'rpi_pub'
[2.938s] Level 1:colcon.colcon_core.package_identification:_identify(teleop_twist_emer_key) by extensions ['ignore', 'ignore_ament_install']
[2.938s] Level 1:colcon.colcon_core.package_identification:_identify(teleop_twist_emer_key) by extension 'ignore'
[2.938s] Level 1:colcon.colcon_core.package_identification:_identify(teleop_twist_emer_key) by extension 'ignore_ament_install'
[2.939s] Level 1:colcon.colcon_core.package_identification:_identify(teleop_twist_emer_key) by extensions ['colcon_pkg']
[2.939s] Level 1:colcon.colcon_core.package_identification:_identify(teleop_twist_emer_key) by extension 'colcon_pkg'
[2.939s] Level 1:colcon.colcon_core.package_identification:_identify(teleop_twist_emer_key) by extensions ['colcon_meta']
[2.940s] Level 1:colcon.colcon_core.package_identification:_identify(teleop_twist_emer_key) by extension 'colcon_meta'
[2.940s] Level 1:colcon.colcon_core.package_identification:_identify(teleop_twist_emer_key) by extensions ['ros']
[2.940s] Level 1:colcon.colcon_core.package_identification:_identify(teleop_twist_emer_key) by extension 'ros'
[2.943s] DEBUG:colcon.colcon_core.package_identification:Package 'teleop_twist_emer_key' with type 'ros.ament_python' and name 'teleop_twist_emer_key'
[2.943s] Level 1:colcon.colcon_core.package_discovery:discover_packages(recursive) using defaults
[2.944s] Level 1:colcon.colcon_core.package_discovery:discover_packages(ignore) discover
[2.944s] Level 1:colcon.colcon_core.package_discovery:discover_packages(ignore) using defaults
[2.944s] Level 1:colcon.colcon_core.package_discovery:discover_packages(path) discover
[2.944s] Level 1:colcon.colcon_core.package_discovery:discover_packages(path) using defaults
[3.058s] Level 1:colcon.colcon_core.package_discovery:discover_packages(prefix_path) check parameters
[3.058s] Level 1:colcon.colcon_core.package_discovery:discover_packages(prefix_path) discover
[3.099s] DEBUG:colcon.colcon_installed_package_information.package_discovery:Found 7 installed packages in /home/wheeltec/KUL_TABLOO/src/install
[3.112s] DEBUG:colcon.colcon_installed_package_information.package_discovery:Found 72 installed packages in /home/wheeltec/install
[3.127s] DEBUG:colcon.colcon_installed_package_information.package_discovery:Found 72 installed packages in /home/wheeltec/wheeltec_ros2/install
[3.148s] DEBUG:colcon.colcon_installed_package_information.package_discovery:Found 5 installed packages in /home/wheeltec/KUL_TABLOO/install
[3.159s] DEBUG:colcon.colcon_installed_package_information.package_discovery:Found 345 installed packages in /opt/ros/galactic
[3.192s] Level 1:colcon.colcon_core.package_discovery:discover_packages(prefix_path) using defaults
[3.627s] Level 5:colcon.colcon_core.verb:set package 'emergency_stop' build argument 'cmake_args' from command line to 'None'
[3.628s] Level 5:colcon.colcon_core.verb:set package 'emergency_stop' build argument 'cmake_target' from command line to 'None'
[3.628s] Level 5:colcon.colcon_core.verb:set package 'emergency_stop' build argument 'cmake_target_skip_unavailable' from command line to 'False'
[3.628s] Level 5:colcon.colcon_core.verb:set package 'emergency_stop' build argument 'cmake_clean_cache' from command line to 'False'
[3.628s] Level 5:colcon.colcon_core.verb:set package 'emergency_stop' build argument 'cmake_clean_first' from command line to 'False'
[3.628s] Level 5:colcon.colcon_core.verb:set package 'emergency_stop' build argument 'cmake_force_configure' from command line to 'False'
[3.628s] Level 5:colcon.colcon_core.verb:set package 'emergency_stop' build argument 'ament_cmake_args' from command line to 'None'
[3.628s] Level 5:colcon.colcon_core.verb:set package 'emergency_stop' build argument 'catkin_cmake_args' from command line to 'None'
[3.629s] Level 5:colcon.colcon_core.verb:set package 'emergency_stop' build argument 'catkin_skip_building_tests' from command line to 'False'
[3.629s] DEBUG:colcon.colcon_core.verb:Building package 'emergency_stop' with the following arguments: {'ament_cmake_args': None, 'build_base': '/home/wheeltec/KUL_TABLOO/src/build/emergency_stop', 'catkin_cmake_args': None, 'catkin_skip_building_tests': False, 'cmake_args': None, 'cmake_clean_cache': False, 'cmake_clean_first': False, 'cmake_force_configure': False, 'cmake_target': None, 'cmake_target_skip_unavailable': False, 'install_base': '/home/wheeltec/KUL_TABLOO/src/install/emergency_stop', 'merge_install': False, 'path': '/home/wheeltec/KUL_TABLOO/src/emergency_stop', 'symlink_install': False, 'test_result_base': None}
[3.631s] Level 5:colcon.colcon_core.verb:set package 'quiz' build argument 'cmake_args' from command line to 'None'
[3.631s] Level 5:colcon.colcon_core.verb:set package 'quiz' build argument 'cmake_target' from command line to 'None'
[3.631s] Level 5:colcon.colcon_core.verb:set package 'quiz' build argument 'cmake_target_skip_unavailable' from command line to 'False'
[3.631s] Level 5:colcon.colcon_core.verb:set package 'quiz' build argument 'cmake_clean_cache' from command line to 'False'
[3.631s] Level 5:colcon.colcon_core.verb:set package 'quiz' build argument 'cmake_clean_first' from command line to 'False'
[3.631s] Level 5:colcon.colcon_core.verb:set package 'quiz' build argument 'cmake_force_configure' from command line to 'False'
[3.631s] Level 5:colcon.colcon_core.verb:set package 'quiz' build argument 'ament_cmake_args' from command line to 'None'
[3.632s] Level 5:colcon.colcon_core.verb:set package 'quiz' build argument 'catkin_cmake_args' from command line to 'None'
[3.632s] Level 5:colcon.colcon_core.verb:set package 'quiz' build argument 'catkin_skip_building_tests' from command line to 'False'
[3.632s] DEBUG:colcon.colcon_core.verb:Building package 'quiz' with the following arguments: {'ament_cmake_args': None, 'build_base': '/home/wheeltec/KUL_TABLOO/src/build/quiz', 'catkin_cmake_args': None, 'catkin_skip_building_tests': False, 'cmake_args': None, 'cmake_clean_cache': False, 'cmake_clean_first': False, 'cmake_force_configure': False, 'cmake_target': None, 'cmake_target_skip_unavailable': False, 'install_base': '/home/wheeltec/KUL_TABLOO/src/install/quiz', 'merge_install': False, 'path': '/home/wheeltec/KUL_TABLOO/src/quiz', 'symlink_install': False, 'test_result_base': None}
[3.634s] Level 5:colcon.colcon_core.verb:set package 'quiz_enable' build argument 'cmake_args' from command line to 'None'
[3.634s] Level 5:colcon.colcon_core.verb:set package 'quiz_enable' build argument 'cmake_target' from command line to 'None'
[3.634s] Level 5:colcon.colcon_core.verb:set package 'quiz_enable' build argument 'cmake_target_skip_unavailable' from command line to 'False'
[3.634s] Level 5:colcon.colcon_core.verb:set package 'quiz_enable' build argument 'cmake_clean_cache' from command line to 'False'
[3.635s] Level 5:colcon.colcon_core.verb:set package 'quiz_enable' build argument 'cmake_clean_first' from command line to 'False'
[3.635s] Level 5:colcon.colcon_core.verb:set package 'quiz_enable' build argument 'cmake_force_configure' from command line to 'False'
[3.635s] Level 5:colcon.colcon_core.verb:set package 'quiz_enable' build argument 'ament_cmake_args' from command line to 'None'
[3.635s] Level 5:colcon.colcon_core.verb:set package 'quiz_enable' build argument 'catkin_cmake_args' from command line to 'None'
[3.635s] Level 5:colcon.colcon_core.verb:set package 'quiz_enable' build argument 'catkin_skip_building_tests' from command line to 'False'
[3.635s] DEBUG:colcon.colcon_core.verb:Building package 'quiz_enable' with the following arguments: {'ament_cmake_args': None, 'build_base': '/home/wheeltec/KUL_TABLOO/src/build/quiz_enable', 'catkin_cmake_args': None, 'catkin_skip_building_tests': False, 'cmake_args': None, 'cmake_clean_cache': False, 'cmake_clean_first': False, 'cmake_force_configure': False, 'cmake_target': None, 'cmake_target_skip_unavailable': False, 'install_base': '/home/wheeltec/KUL_TABLOO/src/install/quiz_enable', 'merge_install': False, 'path': '/home/wheeltec/KUL_TABLOO/src/quiz_enable', 'symlink_install': False, 'test_result_base': None}
[3.638s] Level 5:colcon.colcon_core.verb:set package 'remote_control_socket' build argument 'cmake_args' from command line to 'None'
[3.638s] Level 5:colcon.colcon_core.verb:set package 'remote_control_socket' build argument 'cmake_target' from command line to 'None'
[3.638s] Level 5:colcon.colcon_core.verb:set package 'remote_control_socket' build argument 'cmake_target_skip_unavailable' from command line to 'False'
[3.638s] Level 5:colcon.colcon_core.verb:set package 'remote_control_socket' build argument 'cmake_clean_cache' from command line to 'False'
[3.638s] Level 5:colcon.colcon_core.verb:set package 'remote_control_socket' build argument 'cmake_clean_first' from command line to 'False'
[3.638s] Level 5:colcon.colcon_core.verb:set package 'remote_control_socket' build argument 'cmake_force_configure' from command line to 'False'
[3.639s] Level 5:colcon.colcon_core.verb:set package 'remote_control_socket' build argument 'ament_cmake_args' from command line to 'None'
[3.639s] Level 5:colcon.colcon_core.verb:set package 'remote_control_socket' build argument 'catkin_cmake_args' from command line to 'None'
[3.639s] Level 5:colcon.colcon_core.verb:set package 'remote_control_socket' build argument 'catkin_skip_building_tests' from command line to 'False'
[3.639s] DEBUG:colcon.colcon_core.verb:Building package 'remote_control_socket' with the following arguments: {'ament_cmake_args': None, 'build_base': '/home/wheeltec/KUL_TABLOO/src/build/remote_control_socket', 'catkin_cmake_args': None, 'catkin_skip_building_tests': False, 'cmake_args': None, 'cmake_clean_cache': False, 'cmake_clean_first': False, 'cmake_force_configure': False, 'cmake_target': None, 'cmake_target_skip_unavailable': False, 'install_base': '/home/wheeltec/KUL_TABLOO/src/install/remote_control_socket', 'merge_install': False, 'path': '/home/wheeltec/KUL_TABLOO/src/remote_control_socket', 'symlink_install': False, 'test_result_base': None}
[3.641s] Level 5:colcon.colcon_core.verb:set package 'rpi_pub' build argument 'cmake_args' from command line to 'None'
[3.642s] Level 5:colcon.colcon_core.verb:set package 'rpi_pub' build argument 'cmake_target' from command line to 'None'
[3.642s] Level 5:colcon.colcon_core.verb:set package 'rpi_pub' build argument 'cmake_target_skip_unavailable' from command line to 'False'
[3.642s] Level 5:colcon.colcon_core.verb:set package 'rpi_pub' build argument 'cmake_clean_cache' from command line to 'False'
[3.642s] Level 5:colcon.colcon_core.verb:set package 'rpi_pub' build argument 'cmake_clean_first' from command line to 'False'
[3.642s] Level 5:colcon.colcon_core.verb:set package 'rpi_pub' build argument 'cmake_force_configure' from command line to 'False'
[3.643s] Level 5:colcon.colcon_core.verb:set package 'rpi_pub' build argument 'ament_cmake_args' from command line to 'None'
[3.643s] Level 5:colcon.colcon_core.verb:set package 'rpi_pub' build argument 'catkin_cmake_args' from command line to 'None'
[3.643s] Level 5:colcon.colcon_core.verb:set package 'rpi_pub' build argument 'catkin_skip_building_tests' from command line to 'False'
[3.643s] DEBUG:colcon.colcon_core.verb:Building package 'rpi_pub' with the following arguments: {'ament_cmake_args': None, 'build_base': '/home/wheeltec/KUL_TABLOO/src/build/rpi_pub', 'catkin_cmake_args': None, 'catkin_skip_building_tests': False, 'cmake_args': None, 'cmake_clean_cache': False, 'cmake_clean_first': False, 'cmake_force_configure': False, 'cmake_target': None, 'cmake_target_skip_unavailable': False, 'install_base': '/home/wheeltec/KUL_TABLOO/src/install/rpi_pub', 'merge_install': False, 'path': '/home/wheeltec/KUL_TABLOO/src/rpi_pub', 'symlink_install': False, 'test_result_base': None}
[3.645s] Level 5:colcon.colcon_core.verb:set package 'teleop_twist_emer_key' build argument 'cmake_args' from command line to 'None'
[3.645s] Level 5:colcon.colcon_core.verb:set package 'teleop_twist_emer_key' build argument 'cmake_target' from command line to 'None'
[3.646s] Level 5:colcon.colcon_core.verb:set package 'teleop_twist_emer_key' build argument 'cmake_target_skip_unavailable' from command line to 'False'
[3.646s] Level 5:colcon.colcon_core.verb:set package 'teleop_twist_emer_key' build argument 'cmake_clean_cache' from command line to 'False'
[3.646s] Level 5:colcon.colcon_core.verb:set package 'teleop_twist_emer_key' build argument 'cmake_clean_first' from command line to 'False'
[3.646s] Level 5:colcon.colcon_core.verb:set package 'teleop_twist_emer_key' build argument 'cmake_force_configure' from command line to 'False'
[3.646s] Level 5:colcon.colcon_core.verb:set package 'teleop_twist_emer_key' build argument 'ament_cmake_args' from command line to 'None'
[3.646s] Level 5:colcon.colcon_core.verb:set package 'teleop_twist_emer_key' build argument 'catkin_cmake_args' from command line to 'None'
[3.646s] Level 5:colcon.colcon_core.verb:set package 'teleop_twist_emer_key' build argument 'catkin_skip_building_tests' from command line to 'False'
[3.646s] DEBUG:colcon.colcon_core.verb:Building package 'teleop_twist_emer_key' with the following arguments: {'ament_cmake_args': None, 'build_base': '/home/wheeltec/KUL_TABLOO/src/build/teleop_twist_emer_key', 'catkin_cmake_args': None, 'catkin_skip_building_tests': False, 'cmake_args': None, 'cmake_clean_cache': False, 'cmake_clean_first': False, 'cmake_force_configure': False, 'cmake_target': None, 'cmake_target_skip_unavailable': False, 'install_base': '/home/wheeltec/KUL_TABLOO/src/install/teleop_twist_emer_key', 'merge_install': False, 'path': '/home/wheeltec/KUL_TABLOO/src/teleop_twist_emer_key', 'symlink_install': False, 'test_result_base': None}
[3.647s] INFO:colcon.colcon_core.executor:Executing jobs using 'parallel' executor
[3.651s] DEBUG:colcon.colcon_parallel_executor.executor.parallel:run_until_complete
[3.652s] INFO:colcon.colcon_ros.task.ament_python.build:Building ROS package in '/home/wheeltec/KUL_TABLOO/src/emergency_stop' with build type 'ament_python'
[3.653s] Level 1:colcon.colcon_core.shell:create_environment_hook('emergency_stop', 'ament_prefix_path')
[3.671s] INFO:colcon.colcon_core.plugin_system:Skipping extension 'colcon_core.shell.bat': Not used on non-Windows systems
[3.674s] INFO:colcon.colcon_core.shell:Creating environment hook '/home/wheeltec/KUL_TABLOO/src/install/emergency_stop/share/emergency_stop/hook/ament_prefix_path.ps1'
[3.678s] INFO:colcon.colcon_core.shell:Creating environment descriptor '/home/wheeltec/KUL_TABLOO/src/install/emergency_stop/share/emergency_stop/hook/ament_prefix_path.dsv'
[3.681s] INFO:colcon.colcon_core.shell:Creating environment hook '/home/wheeltec/KUL_TABLOO/src/install/emergency_stop/share/emergency_stop/hook/ament_prefix_path.sh'
[3.686s] INFO:colcon.colcon_core.shell:Skip shell extension 'powershell' for command environment: Not usable outside of PowerShell
[3.686s] DEBUG:colcon.colcon_core.shell:Skip shell extension 'dsv' for command environment
[3.777s] INFO:colcon.colcon_ros.task.ament_python.build:Building ROS package in '/home/wheeltec/KUL_TABLOO/src/quiz' with build type 'ament_python'
[3.778s] Level 1:colcon.colcon_core.shell:create_environment_hook('quiz', 'ament_prefix_path')
[3.780s] INFO:colcon.colcon_core.shell:Creating environment hook '/home/wheeltec/KUL_TABLOO/src/install/quiz/share/quiz/hook/ament_prefix_path.ps1'
[3.783s] INFO:colcon.colcon_core.shell:Creating environment descriptor '/home/wheeltec/KUL_TABLOO/src/install/quiz/share/quiz/hook/ament_prefix_path.dsv'
[3.787s] INFO:colcon.colcon_core.shell:Creating environment hook '/home/wheeltec/KUL_TABLOO/src/install/quiz/share/quiz/hook/ament_prefix_path.sh'
[3.790s] INFO:colcon.colcon_core.shell:Skip shell extension 'powershell' for command environment: Not usable outside of PowerShell
[3.790s] DEBUG:colcon.colcon_core.shell:Skip shell extension 'dsv' for command environment
[3.881s] INFO:colcon.colcon_ros.task.ament_python.build:Building ROS package in '/home/wheeltec/KUL_TABLOO/src/quiz_enable' with build type 'ament_python'
[3.882s] Level 1:colcon.colcon_core.shell:create_environment_hook('quiz_enable', 'ament_prefix_path')
[3.883s] INFO:colcon.colcon_core.shell:Creating environment hook '/home/wheeltec/KUL_TABLOO/src/install/quiz_enable/share/quiz_enable/hook/ament_prefix_path.ps1'
[3.891s] INFO:colcon.colcon_core.shell:Creating environment descriptor '/home/wheeltec/KUL_TABLOO/src/install/quiz_enable/share/quiz_enable/hook/ament_prefix_path.dsv'
[3.893s] INFO:colcon.colcon_core.shell:Creating environment hook '/home/wheeltec/KUL_TABLOO/src/install/quiz_enable/share/quiz_enable/hook/ament_prefix_path.sh'
[3.899s] INFO:colcon.colcon_core.shell:Skip shell extension 'powershell' for command environment: Not usable outside of PowerShell
[3.900s] DEBUG:colcon.colcon_core.shell:Skip shell extension 'dsv' for command environment
[3.992s] INFO:colcon.colcon_ros.task.ament_python.build:Building ROS package in '/home/wheeltec/KUL_TABLOO/src/remote_control_socket' with build type 'ament_python'
[3.993s] Level 1:colcon.colcon_core.shell:create_environment_hook('remote_control_socket', 'ament_prefix_path')
[3.995s] INFO:colcon.colcon_core.shell:Creating environment hook '/home/wheeltec/KUL_TABLOO/src/install/remote_control_socket/share/remote_control_socket/hook/ament_prefix_path.ps1'
[3.998s] INFO:colcon.colcon_core.shell:Creating environment descriptor '/home/wheeltec/KUL_TABLOO/src/install/remote_control_socket/share/remote_control_socket/hook/ament_prefix_path.dsv'
[4.000s] INFO:colcon.colcon_core.shell:Creating environment hook '/home/wheeltec/KUL_TABLOO/src/install/remote_control_socket/share/remote_control_socket/hook/ament_prefix_path.sh'
[4.005s] INFO:colcon.colcon_core.shell:Skip shell extension 'powershell' for command environment: Not usable outside of PowerShell
[4.005s] DEBUG:colcon.colcon_core.shell:Skip shell extension 'dsv' for command environment
[6.371s] INFO:colcon.colcon_core.task.python.build:Building Python package in '/home/wheeltec/KUL_TABLOO/src/emergency_stop'
[6.373s] INFO:colcon.colcon_core.shell:Skip shell extension 'powershell' for command environment: Not usable outside of PowerShell
[6.373s] DEBUG:colcon.colcon_core.shell:Skip shell extension 'dsv' for command environment
[8.656s] INFO:colcon.colcon_core.task.python.build:Building Python package in '/home/wheeltec/KUL_TABLOO/src/quiz'
[8.658s] INFO:colcon.colcon_core.shell:Skip shell extension 'powershell' for command environment: Not usable outside of PowerShell
[8.659s] DEBUG:colcon.colcon_core.shell:Skip shell extension 'dsv' for command environment
[10.916s] INFO:colcon.colcon_core.task.python.build:Building Python package in '/home/wheeltec/KUL_TABLOO/src/quiz_enable'
[10.918s] INFO:colcon.colcon_core.shell:Skip shell extension 'powershell' for command environment: Not usable outside of PowerShell
[10.918s] DEBUG:colcon.colcon_core.shell:Skip shell extension 'dsv' for command environment
[13.321s] INFO:colcon.colcon_core.task.python.build:Building Python package in '/home/wheeltec/KUL_TABLOO/src/remote_control_socket'
[13.323s] INFO:colcon.colcon_core.shell:Skip shell extension 'powershell' for command environment: Not usable outside of PowerShell
[13.323s] DEBUG:colcon.colcon_core.shell:Skip shell extension 'dsv' for command environment
[20.621s] DEBUG:colcon.colcon_core.event_handler.log_command:Invoking command in '/home/wheeltec/KUL_TABLOO/src/emergency_stop': PYTHONPATH=/home/wheeltec/KUL_TABLOO/src/build/emergency_stop/prefix_override:/usr/lib/python3/dist-packages/colcon_core/task/python/colcon_distutils_commands:/home/wheeltec/KUL_TABLOO/src/install/emergency_stop/lib/python3.8/site-packages:${PYTHONPATH} /usr/bin/python3 -W ignore:setup.py install is deprecated -W ignore:easy_install command is deprecated setup.py egg_info --egg-base ../build/emergency_stop build --build-base /home/wheeltec/KUL_TABLOO/src/build/emergency_stop/build install --record /home/wheeltec/KUL_TABLOO/src/build/emergency_stop/install.log --single-version-externally-managed install_data
[20.827s] DEBUG:colcon.colcon_core.event_handler.log_command:Invoking command in '/home/wheeltec/KUL_TABLOO/src/remote_control_socket': PYTHONPATH=/home/wheeltec/KUL_TABLOO/src/build/remote_control_socket/prefix_override:/usr/lib/python3/dist-packages/colcon_core/task/python/colcon_distutils_commands:/home/wheeltec/KUL_TABLOO/src/install/remote_control_socket/lib/python3.8/site-packages:${PYTHONPATH} /usr/bin/python3 -W ignore:setup.py install is deprecated -W ignore:easy_install command is deprecated setup.py egg_info --egg-base ../build/remote_control_socket build --build-base /home/wheeltec/KUL_TABLOO/src/build/remote_control_socket/build install --record /home/wheeltec/KUL_TABLOO/src/build/remote_control_socket/install.log --single-version-externally-managed install_data
[21.403s] DEBUG:colcon.colcon_core.event_handler.log_command:Invoking command in '/home/wheeltec/KUL_TABLOO/src/quiz_enable': PYTHONPATH=/home/wheeltec/KUL_TABLOO/src/build/quiz_enable/prefix_override:/usr/lib/python3/dist-packages/colcon_core/task/python/colcon_distutils_commands:/home/wheeltec/KUL_TABLOO/src/install/quiz_enable/lib/python3.8/site-packages:${PYTHONPATH} /usr/bin/python3 -W ignore:setup.py install is deprecated -W ignore:easy_install command is deprecated setup.py egg_info --egg-base ../build/quiz_enable build --build-base /home/wheeltec/KUL_TABLOO/src/build/quiz_enable/build install --record /home/wheeltec/KUL_TABLOO/src/build/quiz_enable/install.log --single-version-externally-managed install_data
[22.405s] DEBUG:colcon.colcon_core.event_handler.log_command:Invoking command in '/home/wheeltec/KUL_TABLOO/src/quiz': PYTHONPATH=/home/wheeltec/KUL_TABLOO/src/build/quiz/prefix_override:/usr/lib/python3/dist-packages/colcon_core/task/python/colcon_distutils_commands:/home/wheeltec/KUL_TABLOO/src/install/quiz/lib/python3.8/site-packages:${PYTHONPATH} /usr/bin/python3 -W ignore:setup.py install is deprecated -W ignore:easy_install command is deprecated setup.py egg_info --egg-base ../build/quiz build --build-base /home/wheeltec/KUL_TABLOO/src/build/quiz/build install --record /home/wheeltec/KUL_TABLOO/src/build/quiz/install.log --single-version-externally-managed install_data
[28.090s] DEBUG:colcon.colcon_core.event_handler.log_command:Invoked command in '/home/wheeltec/KUL_TABLOO/src/emergency_stop' returned '0': PYTHONPATH=/home/wheeltec/KUL_TABLOO/src/build/emergency_stop/prefix_override:/usr/lib/python3/dist-packages/colcon_core/task/python/colcon_distutils_commands:/home/wheeltec/KUL_TABLOO/src/install/emergency_stop/lib/python3.8/site-packages:${PYTHONPATH} /usr/bin/python3 -W ignore:setup.py install is deprecated -W ignore:easy_install command is deprecated setup.py egg_info --egg-base ../build/emergency_stop build --build-base /home/wheeltec/KUL_TABLOO/src/build/emergency_stop/build install --record /home/wheeltec/KUL_TABLOO/src/build/emergency_stop/install.log --single-version-externally-managed install_data
[28.120s] Level 1:colcon.colcon_core.environment:checking '/home/wheeltec/KUL_TABLOO/src/install/emergency_stop' for CMake module files
[28.130s] Level 1:colcon.colcon_core.environment:checking '/home/wheeltec/KUL_TABLOO/src/install/emergency_stop' for CMake config files
[28.134s] Level 1:colcon.colcon_core.environment:checking '/home/wheeltec/KUL_TABLOO/src/install/emergency_stop/lib'
[28.145s] Level 1:colcon.colcon_core.environment:checking '/home/wheeltec/KUL_TABLOO/src/install/emergency_stop/bin'
[28.146s] Level 1:colcon.colcon_core.environment:checking '/home/wheeltec/KUL_TABLOO/src/install/emergency_stop/lib/pkgconfig/emergency_stop.pc'
[28.147s] Level 1:colcon.colcon_core.environment:checking '/home/wheeltec/KUL_TABLOO/src/install/emergency_stop/lib/python3.8/site-packages'
[28.148s] Level 1:colcon.colcon_core.shell:create_environment_hook('emergency_stop', 'pythonpath')
[28.149s] INFO:colcon.colcon_core.shell:Creating environment hook '/home/wheeltec/KUL_TABLOO/src/install/emergency_stop/share/emergency_stop/hook/pythonpath.ps1'
[28.152s] INFO:colcon.colcon_core.shell:Creating environment descriptor '/home/wheeltec/KUL_TABLOO/src/install/emergency_stop/share/emergency_stop/hook/pythonpath.dsv'
[28.161s] INFO:colcon.colcon_core.shell:Creating environment hook '/home/wheeltec/KUL_TABLOO/src/install/emergency_stop/share/emergency_stop/hook/pythonpath.sh'
[28.164s] Level 1:colcon.colcon_core.environment:checking '/home/wheeltec/KUL_TABLOO/src/install/emergency_stop/bin'
[28.167s] Level 1:colcon.colcon_core.environment:create_environment_scripts_only(emergency_stop)
[28.176s] INFO:colcon.colcon_core.shell:Creating package script '/home/wheeltec/KUL_TABLOO/src/install/emergency_stop/share/emergency_stop/package.ps1'
[28.198s] INFO:colcon.colcon_core.shell:Creating package descriptor '/home/wheeltec/KUL_TABLOO/src/install/emergency_stop/share/emergency_stop/package.dsv'
[28.211s] INFO:colcon.colcon_core.shell:Creating package script '/home/wheeltec/KUL_TABLOO/src/install/emergency_stop/share/emergency_stop/package.sh'
[28.222s] INFO:colcon.colcon_core.shell:Creating package script '/home/wheeltec/KUL_TABLOO/src/install/emergency_stop/share/emergency_stop/package.bash'
[28.237s] INFO:colcon.colcon_core.shell:Creating package script '/home/wheeltec/KUL_TABLOO/src/install/emergency_stop/share/emergency_stop/package.zsh'
[28.245s] Level 1:colcon.colcon_core.environment:create_file_with_runtime_dependencies(/home/wheeltec/KUL_TABLOO/src/install/emergency_stop/share/colcon-core/packages/emergency_stop)
[28.259s] INFO:colcon.colcon_ros.task.ament_python.build:Building ROS package in '/home/wheeltec/KUL_TABLOO/src/rpi_pub' with build type 'ament_python'
[28.265s] Level 1:colcon.colcon_core.shell:create_environment_hook('rpi_pub', 'ament_prefix_path')
[28.266s] INFO:colcon.colcon_core.shell:Creating environment hook '/home/wheeltec/KUL_TABLOO/src/install/rpi_pub/share/rpi_pub/hook/ament_prefix_path.ps1'
[28.278s] INFO:colcon.colcon_core.shell:Creating environment descriptor '/home/wheeltec/KUL_TABLOO/src/install/rpi_pub/share/rpi_pub/hook/ament_prefix_path.dsv'
[28.279s] INFO:colcon.colcon_core.shell:Creating environment hook '/home/wheeltec/KUL_TABLOO/src/install/rpi_pub/share/rpi_pub/hook/ament_prefix_path.sh'
[28.290s] INFO:colcon.colcon_core.shell:Skip shell extension 'powershell' for command environment: Not usable outside of PowerShell
[28.290s] DEBUG:colcon.colcon_core.shell:Skip shell extension 'dsv' for command environment
[30.828s] INFO:colcon.colcon_core.task.python.build:Building Python package in '/home/wheeltec/KUL_TABLOO/src/rpi_pub'
[30.830s] INFO:colcon.colcon_core.shell:Skip shell extension 'powershell' for command environment: Not usable outside of PowerShell
[30.830s] DEBUG:colcon.colcon_core.shell:Skip shell extension 'dsv' for command environment
[30.932s] Level 1:colcon.colcon_core.environment:checking '/home/wheeltec/KUL_TABLOO/src/install/remote_control_socket' for CMake module files
[30.937s] DEBUG:colcon.colcon_core.event_handler.log_command:Invoked command in '/home/wheeltec/KUL_TABLOO/src/remote_control_socket' returned '0': PYTHONPATH=/home/wheeltec/KUL_TABLOO/src/build/remote_control_socket/prefix_override:/usr/lib/python3/dist-packages/colcon_core/task/python/colcon_distutils_commands:/home/wheeltec/KUL_TABLOO/src/install/remote_control_socket/lib/python3.8/site-packages:${PYTHONPATH} /usr/bin/python3 -W ignore:setup.py install is deprecated -W ignore:easy_install command is deprecated setup.py egg_info --egg-base ../build/remote_control_socket build --build-base /home/wheeltec/KUL_TABLOO/src/build/remote_control_socket/build install --record /home/wheeltec/KUL_TABLOO/src/build/remote_control_socket/install.log --single-version-externally-managed install_data
[30.938s] Level 1:colcon.colcon_core.environment:checking '/home/wheeltec/KUL_TABLOO/src/install/remote_control_socket' for CMake config files
[30.941s] Level 1:colcon.colcon_core.environment:checking '/home/wheeltec/KUL_TABLOO/src/install/remote_control_socket/lib'
[30.942s] Level 1:colcon.colcon_core.environment:checking '/home/wheeltec/KUL_TABLOO/src/install/remote_control_socket/bin'
[30.943s] Level 1:colcon.colcon_core.environment:checking '/home/wheeltec/KUL_TABLOO/src/install/remote_control_socket/lib/pkgconfig/remote_control_socket.pc'
[30.944s] Level 1:colcon.colcon_core.environment:checking '/home/wheeltec/KUL_TABLOO/src/install/remote_control_socket/lib/python3.8/site-packages'
[30.944s] Level 1:colcon.colcon_core.shell:create_environment_hook('remote_control_socket', 'pythonpath')
[30.945s] INFO:colcon.colcon_core.shell:Creating environment hook '/home/wheeltec/KUL_TABLOO/src/install/remote_control_socket/share/remote_control_socket/hook/pythonpath.ps1'
[30.947s] INFO:colcon.colcon_core.shell:Creating environment descriptor '/home/wheeltec/KUL_TABLOO/src/install/remote_control_socket/share/remote_control_socket/hook/pythonpath.dsv'
[30.949s] INFO:colcon.colcon_core.shell:Creating environment hook '/home/wheeltec/KUL_TABLOO/src/install/remote_control_socket/share/remote_control_socket/hook/pythonpath.sh'
[30.952s] Level 1:colcon.colcon_core.environment:checking '/home/wheeltec/KUL_TABLOO/src/install/remote_control_socket/bin'
[30.952s] Level 1:colcon.colcon_core.environment:create_environment_scripts_only(remote_control_socket)
[30.954s] INFO:colcon.colcon_core.shell:Creating package script '/home/wheeltec/KUL_TABLOO/src/install/remote_control_socket/share/remote_control_socket/package.ps1'
[30.956s] INFO:colcon.colcon_core.shell:Creating package descriptor '/home/wheeltec/KUL_TABLOO/src/install/remote_control_socket/share/remote_control_socket/package.dsv'
[30.959s] INFO:colcon.colcon_core.shell:Creating package script '/home/wheeltec/KUL_TABLOO/src/install/remote_control_socket/share/remote_control_socket/package.sh'
[30.962s] INFO:colcon.colcon_core.shell:Creating package script '/home/wheeltec/KUL_TABLOO/src/install/remote_control_socket/share/remote_control_socket/package.bash'
[30.964s] INFO:colcon.colcon_core.shell:Creating package script '/home/wheeltec/KUL_TABLOO/src/install/remote_control_socket/share/remote_control_socket/package.zsh'
[30.966s] Level 1:colcon.colcon_core.environment:create_file_with_runtime_dependencies(/home/wheeltec/KUL_TABLOO/src/install/remote_control_socket/share/colcon-core/packages/remote_control_socket)
[30.968s] Level 1:colcon.colcon_core.environment:checking '/home/wheeltec/KUL_TABLOO/src/install/quiz' for CMake module files
[30.972s] DEBUG:colcon.colcon_core.event_handler.log_command:Invoked command in '/home/wheeltec/KUL_TABLOO/src/quiz' returned '0': PYTHONPATH=/home/wheeltec/KUL_TABLOO/src/build/quiz/prefix_override:/usr/lib/python3/dist-packages/colcon_core/task/python/colcon_distutils_commands:/home/wheeltec/KUL_TABLOO/src/install/quiz/lib/python3.8/site-packages:${PYTHONPATH} /usr/bin/python3 -W ignore:setup.py install is deprecated -W ignore:easy_install command is deprecated setup.py egg_info --egg-base ../build/quiz build --build-base /home/wheeltec/KUL_TABLOO/src/build/quiz/build install --record /home/wheeltec/KUL_TABLOO/src/build/quiz/install.log --single-version-externally-managed install_data
[30.974s] Level 1:colcon.colcon_core.environment:checking '/home/wheeltec/KUL_TABLOO/src/install/quiz' for CMake config files
[30.976s] Level 1:colcon.colcon_core.environment:checking '/home/wheeltec/KUL_TABLOO/src/install/quiz/lib'
[30.976s] Level 1:colcon.colcon_core.environment:checking '/home/wheeltec/KUL_TABLOO/src/install/quiz/bin'
[30.977s] Level 1:colcon.colcon_core.environment:checking '/home/wheeltec/KUL_TABLOO/src/install/quiz/lib/pkgconfig/quiz.pc'
[30.978s] Level 1:colcon.colcon_core.environment:checking '/home/wheeltec/KUL_TABLOO/src/install/quiz/lib/python3.8/site-packages'
[30.978s] Level 1:colcon.colcon_core.shell:create_environment_hook('quiz', 'pythonpath')
[30.980s] INFO:colcon.colcon_core.shell:Creating environment hook '/home/wheeltec/KUL_TABLOO/src/install/quiz/share/quiz/hook/pythonpath.ps1'
[30.982s] INFO:colcon.colcon_core.shell:Creating environment descriptor '/home/wheeltec/KUL_TABLOO/src/install/quiz/share/quiz/hook/pythonpath.dsv'
[30.984s] INFO:colcon.colcon_core.shell:Creating environment hook '/home/wheeltec/KUL_TABLOO/src/install/quiz/share/quiz/hook/pythonpath.sh'
[30.986s] Level 1:colcon.colcon_core.environment:checking '/home/wheeltec/KUL_TABLOO/src/install/quiz/bin'
[30.987s] Level 1:colcon.colcon_core.environment:create_environment_scripts_only(quiz)
[30.988s] INFO:colcon.colcon_core.shell:Creating package script '/home/wheeltec/KUL_TABLOO/src/install/quiz/share/quiz/package.ps1'
[30.991s] INFO:colcon.colcon_core.shell:Creating package descriptor '/home/wheeltec/KUL_TABLOO/src/install/quiz/share/quiz/package.dsv'
[30.993s] INFO:colcon.colcon_core.shell:Creating package script '/home/wheeltec/KUL_TABLOO/src/install/quiz/share/quiz/package.sh'
[30.995s] INFO:colcon.colcon_core.shell:Creating package script '/home/wheeltec/KUL_TABLOO/src/install/quiz/share/quiz/package.bash'
[30.998s] INFO:colcon.colcon_core.shell:Creating package script '/home/wheeltec/KUL_TABLOO/src/install/quiz/share/quiz/package.zsh'
[31.000s] Level 1:colcon.colcon_core.environment:create_file_with_runtime_dependencies(/home/wheeltec/KUL_TABLOO/src/install/quiz/share/colcon-core/packages/quiz)
[31.003s] INFO:colcon.colcon_ros.task.ament_python.build:Building ROS package in '/home/wheeltec/KUL_TABLOO/src/teleop_twist_emer_key' with build type 'ament_python'
[31.003s] Level 1:colcon.colcon_core.shell:create_environment_hook('teleop_twist_emer_key', 'ament_prefix_path')
[31.005s] INFO:colcon.colcon_core.shell:Creating environment hook '/home/wheeltec/KUL_TABLOO/src/install/teleop_twist_emer_key/share/teleop_twist_emer_key/hook/ament_prefix_path.ps1'
[31.010s] INFO:colcon.colcon_core.shell:Creating environment descriptor '/home/wheeltec/KUL_TABLOO/src/install/teleop_twist_emer_key/share/teleop_twist_emer_key/hook/ament_prefix_path.dsv'
[31.012s] INFO:colcon.colcon_core.shell:Creating environment hook '/home/wheeltec/KUL_TABLOO/src/install/teleop_twist_emer_key/share/teleop_twist_emer_key/hook/ament_prefix_path.sh'
[31.018s] INFO:colcon.colcon_core.shell:Skip shell extension 'powershell' for command environment: Not usable outside of PowerShell
[31.018s] DEBUG:colcon.colcon_core.shell:Skip shell extension 'dsv' for command environment
[31.110s] Level 1:colcon.colcon_core.environment:checking '/home/wheeltec/KUL_TABLOO/src/install/quiz_enable' for CMake module files
[31.114s] DEBUG:colcon.colcon_core.event_handler.log_command:Invoked command in '/home/wheeltec/KUL_TABLOO/src/quiz_enable' returned '0': PYTHONPATH=/home/wheeltec/KUL_TABLOO/src/build/quiz_enable/prefix_override:/usr/lib/python3/dist-packages/colcon_core/task/python/colcon_distutils_commands:/home/wheeltec/KUL_TABLOO/src/install/quiz_enable/lib/python3.8/site-packages:${PYTHONPATH} /usr/bin/python3 -W ignore:setup.py install is deprecated -W ignore:easy_install command is deprecated setup.py egg_info --egg-base ../build/quiz_enable build --build-base /home/wheeltec/KUL_TABLOO/src/build/quiz_enable/build install --record /home/wheeltec/KUL_TABLOO/src/build/quiz_enable/install.log --single-version-externally-managed install_data
[31.116s] Level 1:colcon.colcon_core.environment:checking '/home/wheeltec/KUL_TABLOO/src/install/quiz_enable' for CMake config files
[31.119s] Level 1:colcon.colcon_core.environment:checking '/home/wheeltec/KUL_TABLOO/src/install/quiz_enable/lib'
[31.119s] Level 1:colcon.colcon_core.environment:checking '/home/wheeltec/KUL_TABLOO/src/install/quiz_enable/bin'
[31.119s] Level 1:colcon.colcon_core.environment:checking '/home/wheeltec/KUL_TABLOO/src/install/quiz_enable/lib/pkgconfig/quiz_enable.pc'
[31.120s] Level 1:colcon.colcon_core.environment:checking '/home/wheeltec/KUL_TABLOO/src/install/quiz_enable/lib/python3.8/site-packages'
[31.121s] Level 1:colcon.colcon_core.shell:create_environment_hook('quiz_enable', 'pythonpath')
[31.122s] INFO:colcon.colcon_core.shell:Creating environment hook '/home/wheeltec/KUL_TABLOO/src/install/quiz_enable/share/quiz_enable/hook/pythonpath.ps1'
[31.126s] INFO:colcon.colcon_core.shell:Creating environment descriptor '/home/wheeltec/KUL_TABLOO/src/install/quiz_enable/share/quiz_enable/hook/pythonpath.dsv'
[31.127s] INFO:colcon.colcon_core.shell:Creating environment hook '/home/wheeltec/KUL_TABLOO/src/install/quiz_enable/share/quiz_enable/hook/pythonpath.sh'
[31.130s] Level 1:colcon.colcon_core.environment:checking '/home/wheeltec/KUL_TABLOO/src/install/quiz_enable/bin'
[31.130s] Level 1:colcon.colcon_core.environment:create_environment_scripts_only(quiz_enable)
[31.132s] INFO:colcon.colcon_core.shell:Creating package script '/home/wheeltec/KUL_TABLOO/src/install/quiz_enable/share/quiz_enable/package.ps1'
[31.134s] INFO:colcon.colcon_core.shell:Creating package descriptor '/home/wheeltec/KUL_TABLOO/src/install/quiz_enable/share/quiz_enable/package.dsv'
[31.137s] INFO:colcon.colcon_core.shell:Creating package script '/home/wheeltec/KUL_TABLOO/src/install/quiz_enable/share/quiz_enable/package.sh'
[31.139s] INFO:colcon.colcon_core.shell:Creating package script '/home/wheeltec/KUL_TABLOO/src/install/quiz_enable/share/quiz_enable/package.bash'
[31.142s] INFO:colcon.colcon_core.shell:Creating package script '/home/wheeltec/KUL_TABLOO/src/install/quiz_enable/share/quiz_enable/package.zsh'
[31.144s] Level 1:colcon.colcon_core.environment:create_file_with_runtime_dependencies(/home/wheeltec/KUL_TABLOO/src/install/quiz_enable/share/colcon-core/packages/quiz_enable)
[33.674s] INFO:colcon.colcon_core.task.python.build:Building Python package in '/home/wheeltec/KUL_TABLOO/src/teleop_twist_emer_key'
[33.676s] INFO:colcon.colcon_core.shell:Skip shell extension 'powershell' for command environment: Not usable outside of PowerShell
[33.676s] DEBUG:colcon.colcon_core.shell:Skip shell extension 'dsv' for command environment
[35.587s] DEBUG:colcon.colcon_core.event_handler.log_command:Invoking command in '/home/wheeltec/KUL_TABLOO/src/rpi_pub': PYTHONPATH=/home/wheeltec/KUL_TABLOO/src/build/rpi_pub/prefix_override:/usr/lib/python3/dist-packages/colcon_core/task/python/colcon_distutils_commands:/home/wheeltec/KUL_TABLOO/src/install/rpi_pub/lib/python3.8/site-packages:${PYTHONPATH} /usr/bin/python3 -W ignore:setup.py install is deprecated -W ignore:easy_install command is deprecated setup.py egg_info --egg-base ../build/rpi_pub build --build-base /home/wheeltec/KUL_TABLOO/src/build/rpi_pub/build install --record /home/wheeltec/KUL_TABLOO/src/build/rpi_pub/install.log --single-version-externally-managed install_data
[38.658s] DEBUG:colcon.colcon_core.event_handler.log_command:Invoking command in '/home/wheeltec/KUL_TABLOO/src/teleop_twist_emer_key': PYTHONPATH=/home/wheeltec/KUL_TABLOO/src/build/teleop_twist_emer_key/prefix_override:/usr/lib/python3/dist-packages/colcon_core/task/python/colcon_distutils_commands:/home/wheeltec/KUL_TABLOO/src/install/teleop_twist_emer_key/lib/python3.8/site-packages:${PYTHONPATH} /usr/bin/python3 -W ignore:setup.py install is deprecated -W ignore:easy_install command is deprecated setup.py egg_info --egg-base ../build/teleop_twist_emer_key build --build-base /home/wheeltec/KUL_TABLOO/src/build/teleop_twist_emer_key/build install --record /home/wheeltec/KUL_TABLOO/src/build/teleop_twist_emer_key/install.log --single-version-externally-managed install_data
[39.822s] Level 1:colcon.colcon_core.environment:checking '/home/wheeltec/KUL_TABLOO/src/install/rpi_pub' for CMake module files
[39.824s] Level 1:colcon.colcon_core.environment:checking '/home/wheeltec/KUL_TABLOO/src/install/rpi_pub' for CMake config files
[39.826s] Level 1:colcon.colcon_core.environment:checking '/home/wheeltec/KUL_TABLOO/src/install/rpi_pub/lib'
[39.827s] Level 1:colcon.colcon_core.environment:checking '/home/wheeltec/KUL_TABLOO/src/install/rpi_pub/bin'
[39.827s] Level 1:colcon.colcon_core.environment:checking '/home/wheeltec/KUL_TABLOO/src/install/rpi_pub/lib/pkgconfig/rpi_pub.pc'
[39.829s] Level 1:colcon.colcon_core.environment:checking '/home/wheeltec/KUL_TABLOO/src/install/rpi_pub/lib/python3.8/site-packages'
[39.832s] DEBUG:colcon.colcon_core.event_handler.log_command:Invoked command in '/home/wheeltec/KUL_TABLOO/src/rpi_pub' returned '0': PYTHONPATH=/home/wheeltec/KUL_TABLOO/src/build/rpi_pub/prefix_override:/usr/lib/python3/dist-packages/colcon_core/task/python/colcon_distutils_commands:/home/wheeltec/KUL_TABLOO/src/install/rpi_pub/lib/python3.8/site-packages:${PYTHONPATH} /usr/bin/python3 -W ignore:setup.py install is deprecated -W ignore:easy_install command is deprecated setup.py egg_info --egg-base ../build/rpi_pub build --build-base /home/wheeltec/KUL_TABLOO/src/build/rpi_pub/build install --record /home/wheeltec/KUL_TABLOO/src/build/rpi_pub/install.log --single-version-externally-managed install_data
[39.833s] Level 1:colcon.colcon_core.shell:create_environment_hook('rpi_pub', 'pythonpath')
[39.836s] INFO:colcon.colcon_core.shell:Creating environment hook '/home/wheeltec/KUL_TABLOO/src/install/rpi_pub/share/rpi_pub/hook/pythonpath.ps1'
[39.845s] INFO:colcon.colcon_core.shell:Creating environment descriptor '/home/wheeltec/KUL_TABLOO/src/install/rpi_pub/share/rpi_pub/hook/pythonpath.dsv'
[39.860s] INFO:colcon.colcon_core.shell:Creating environment hook '/home/wheeltec/KUL_TABLOO/src/install/rpi_pub/share/rpi_pub/hook/pythonpath.sh'
[39.874s] Level 1:colcon.colcon_core.environment:checking '/home/wheeltec/KUL_TABLOO/src/install/rpi_pub/bin'
[39.874s] Level 1:colcon.colcon_core.environment:create_environment_scripts_only(rpi_pub)
[39.876s] INFO:colcon.colcon_core.shell:Creating package script '/home/wheeltec/KUL_TABLOO/src/install/rpi_pub/share/rpi_pub/package.ps1'
[39.879s] INFO:colcon.colcon_core.shell:Creating package descriptor '/home/wheeltec/KUL_TABLOO/src/install/rpi_pub/share/rpi_pub/package.dsv'
[39.882s] INFO:colcon.colcon_core.shell:Creating package script '/home/wheeltec/KUL_TABLOO/src/install/rpi_pub/share/rpi_pub/package.sh'
[39.885s] INFO:colcon.colcon_core.shell:Creating package script '/home/wheeltec/KUL_TABLOO/src/install/rpi_pub/share/rpi_pub/package.bash'
[39.887s] INFO:colcon.colcon_core.shell:Creating package script '/home/wheeltec/KUL_TABLOO/src/install/rpi_pub/share/rpi_pub/package.zsh'
[39.889s] Level 1:colcon.colcon_core.environment:create_file_with_runtime_dependencies(/home/wheeltec/KUL_TABLOO/src/install/rpi_pub/share/colcon-core/packages/rpi_pub)
[42.226s] Level 1:colcon.colcon_core.environment:checking '/home/wheeltec/KUL_TABLOO/src/install/teleop_twist_emer_key' for CMake module files
[42.229s] DEBUG:colcon.colcon_core.event_handler.log_command:Invoked command in '/home/wheeltec/KUL_TABLOO/src/teleop_twist_emer_key' returned '0': PYTHONPATH=/home/wheeltec/KUL_TABLOO/src/build/teleop_twist_emer_key/prefix_override:/usr/lib/python3/dist-packages/colcon_core/task/python/colcon_distutils_commands:/home/wheeltec/KUL_TABLOO/src/install/teleop_twist_emer_key/lib/python3.8/site-packages:${PYTHONPATH} /usr/bin/python3 -W ignore:setup.py install is deprecated -W ignore:easy_install command is deprecated setup.py egg_info --egg-base ../build/teleop_twist_emer_key build --build-base /home/wheeltec/KUL_TABLOO/src/build/teleop_twist_emer_key/build install --record /home/wheeltec/KUL_TABLOO/src/build/teleop_twist_emer_key/install.log --single-version-externally-managed install_data
[42.231s] Level 1:colcon.colcon_core.environment:checking '/home/wheeltec/KUL_TABLOO/src/install/teleop_twist_emer_key' for CMake config files
[42.233s] Level 1:colcon.colcon_core.environment:checking '/home/wheeltec/KUL_TABLOO/src/install/teleop_twist_emer_key/lib'
[42.233s] Level 1:colcon.colcon_core.environment:checking '/home/wheeltec/KUL_TABLOO/src/install/teleop_twist_emer_key/bin'
[42.234s] Level 1:colcon.colcon_core.environment:checking '/home/wheeltec/KUL_TABLOO/src/install/teleop_twist_emer_key/lib/pkgconfig/teleop_twist_emer_key.pc'
[42.234s] Level 1:colcon.colcon_core.environment:checking '/home/wheeltec/KUL_TABLOO/src/install/teleop_twist_emer_key/lib/python3.8/site-packages'
[42.235s] Level 1:colcon.colcon_core.shell:create_environment_hook('teleop_twist_emer_key', 'pythonpath')
[42.236s] INFO:colcon.colcon_core.shell:Creating environment hook '/home/wheeltec/KUL_TABLOO/src/install/teleop_twist_emer_key/share/teleop_twist_emer_key/hook/pythonpath.ps1'
[42.238s] INFO:colcon.colcon_core.shell:Creating environment descriptor '/home/wheeltec/KUL_TABLOO/src/install/teleop_twist_emer_key/share/teleop_twist_emer_key/hook/pythonpath.dsv'
[42.239s] INFO:colcon.colcon_core.shell:Creating environment hook '/home/wheeltec/KUL_TABLOO/src/install/teleop_twist_emer_key/share/teleop_twist_emer_key/hook/pythonpath.sh'
[42.242s] Level 1:colcon.colcon_core.environment:checking '/home/wheeltec/KUL_TABLOO/src/install/teleop_twist_emer_key/bin'
[42.242s] Level 1:colcon.colcon_core.environment:create_environment_scripts_only(teleop_twist_emer_key)
[42.244s] INFO:colcon.colcon_core.shell:Creating package script '/home/wheeltec/KUL_TABLOO/src/install/teleop_twist_emer_key/share/teleop_twist_emer_key/package.ps1'
[42.247s] INFO:colcon.colcon_core.shell:Creating package descriptor '/home/wheeltec/KUL_TABLOO/src/install/teleop_twist_emer_key/share/teleop_twist_emer_key/package.dsv'
[42.250s] INFO:colcon.colcon_core.shell:Creating package script '/home/wheeltec/KUL_TABLOO/src/install/teleop_twist_emer_key/share/teleop_twist_emer_key/package.sh'
[42.253s] INFO:colcon.colcon_core.shell:Creating package script '/home/wheeltec/KUL_TABLOO/src/install/teleop_twist_emer_key/share/teleop_twist_emer_key/package.bash'
[42.262s] INFO:colcon.colcon_core.shell:Creating package script '/home/wheeltec/KUL_TABLOO/src/install/teleop_twist_emer_key/share/teleop_twist_emer_key/package.zsh'
[42.264s] Level 1:colcon.colcon_core.environment:create_file_with_runtime_dependencies(/home/wheeltec/KUL_TABLOO/src/install/teleop_twist_emer_key/share/colcon-core/packages/teleop_twist_emer_key)
[42.267s] DEBUG:colcon.colcon_parallel_executor.executor.parallel:closing loop
[42.267s] DEBUG:colcon.colcon_parallel_executor.executor.parallel:loop closed
[42.268s] DEBUG:colcon.colcon_parallel_executor.executor.parallel:run_until_complete finished with '0'
[42.268s] DEBUG:colcon.colcon_core.event_reactor:joining thread
[42.299s] INFO:colcon.colcon_core.plugin_system:Skipping extension 'colcon_notification.desktop_notification.terminal_notifier': Not used on non-Darwin systems
[42.299s] INFO:colcon.colcon_core.plugin_system:Skipping extension 'colcon_notification.desktop_notification.win32': Not used on non-Windows systems
[42.300s] INFO:colcon.colcon_notification.desktop_notification:Sending desktop notification using 'notify2'
[42.342s] DEBUG:colcon.colcon_core.event_reactor:joined thread
[42.344s] INFO:colcon.colcon_core.shell:Creating prefix script '/home/wheeltec/KUL_TABLOO/src/install/local_setup.ps1'
[42.347s] INFO:colcon.colcon_core.shell:Creating prefix util module '/home/wheeltec/KUL_TABLOO/src/install/_local_setup_util_ps1.py'
[42.362s] INFO:colcon.colcon_core.shell:Creating prefix chain script '/home/wheeltec/KUL_TABLOO/src/install/setup.ps1'
[42.397s] INFO:colcon.colcon_core.shell:Creating prefix script '/home/wheeltec/KUL_TABLOO/src/install/local_setup.sh'
[42.400s] INFO:colcon.colcon_core.shell:Creating prefix util module '/home/wheeltec/KUL_TABLOO/src/install/_local_setup_util_sh.py'
[42.403s] INFO:colcon.colcon_core.shell:Creating prefix chain script '/home/wheeltec/KUL_TABLOO/src/install/setup.sh'
[42.437s] INFO:colcon.colcon_core.shell:Creating prefix script '/home/wheeltec/KUL_TABLOO/src/install/local_setup.bash'
[42.439s] INFO:colcon.colcon_core.shell:Creating prefix chain script '/home/wheeltec/KUL_TABLOO/src/install/setup.bash'
[42.480s] INFO:colcon.colcon_core.shell:Creating prefix script '/home/wheeltec/KUL_TABLOO/src/install/local_setup.zsh'
[42.483s] INFO:colcon.colcon_core.shell:Creating prefix chain script '/home/wheeltec/KUL_TABLOO/src/install/setup.zsh'
