[7.093s] Invoking command in '/home/wheeltec/KUL_TABLOO/src/rpi_pub': PYTHONPATH=/home/wheeltec/KUL_TABLOO/src/build/rpi_pub/prefix_override:/usr/lib/python3/dist-packages/colcon_core/task/python/colcon_distutils_commands:/home/wheeltec/KUL_TABLOO/src/install/rpi_pub/lib/python3.8/site-packages:${PYTHONPATH} /usr/bin/python3 -W ignore:setup.py install is deprecated -W ignore:easy_install command is deprecated setup.py egg_info --egg-base ../build/rpi_pub build --build-base /home/wheeltec/KUL_TABLOO/src/build/rpi_pub/build install --record /home/wheeltec/KUL_TABLOO/src/build/rpi_pub/install.log --single-version-externally-managed install_data
[9.478s] running egg_info
[9.550s] writing ../build/rpi_pub/rpi_pub.egg-info/PKG-INFO
[9.551s] writing dependency_links to ../build/rpi_pub/rpi_pub.egg-info/dependency_links.txt
[9.553s] writing entry points to ../build/rpi_pub/rpi_pub.egg-info/entry_points.txt
[9.553s] writing requirements to ../build/rpi_pub/rpi_pub.egg-info/requires.txt
[9.554s] writing top-level names to ../build/rpi_pub/rpi_pub.egg-info/top_level.txt
[9.706s] reading manifest file '../build/rpi_pub/rpi_pub.egg-info/SOURCES.txt'
[9.711s] writing manifest file '../build/rpi_pub/rpi_pub.egg-info/SOURCES.txt'
[9.712s] running build
[9.712s] running build_py
[9.713s] running install
[9.742s] running install_lib
[9.828s] running install_data
[9.829s] running install_egg_info
[9.905s] removing '/home/wheeltec/KUL_TABLOO/src/install/rpi_pub/lib/python3.8/site-packages/rpi_pub-0.0.0-py3.8.egg-info' (and everything under it)
[9.906s] Copying ../build/rpi_pub/rpi_pub.egg-info to /home/wheeltec/KUL_TABLOO/src/install/rpi_pub/lib/python3.8/site-packages/rpi_pub-0.0.0-py3.8.egg-info
[9.912s] running install_scripts
[10.315s] Installing rpi_pub script to /home/wheeltec/KUL_TABLOO/src/install/rpi_pub/lib/rpi_pub
[10.317s] writing list of installed files to '/home/wheeltec/KUL_TABLOO/src/build/rpi_pub/install.log'
[10.490s] Invoked command in '/home/wheeltec/KUL_TABLOO/src/rpi_pub' returned '0': PYTHONPATH=/home/wheeltec/KUL_TABLOO/src/build/rpi_pub/prefix_override:/usr/lib/python3/dist-packages/colcon_core/task/python/colcon_distutils_commands:/home/wheeltec/KUL_TABLOO/src/install/rpi_pub/lib/python3.8/site-packages:${PYTHONPATH} /usr/bin/python3 -W ignore:setup.py install is deprecated -W ignore:easy_install command is deprecated setup.py egg_info --egg-base ../build/rpi_pub build --build-base /home/wheeltec/KUL_TABLOO/src/build/rpi_pub/build install --record /home/wheeltec/KUL_TABLOO/src/build/rpi_pub/install.log --single-version-externally-managed install_data
