[8.248s] Invoking command in '/home/wheeltec/KUL_TABLOO/src/rpi_pub': PYTHONPATH=/home/wheeltec/KUL_TABLOO/src/build/rpi_pub/prefix_override:/usr/lib/python3/dist-packages/colcon_core/task/python/colcon_distutils_commands:/home/wheeltec/KUL_TABLOO/src/install/rpi_pub/lib/python3.8/site-packages:${PYTHONPATH} /usr/bin/python3 -W ignore:setup.py install is deprecated -W ignore:easy_install command is deprecated setup.py egg_info --egg-base ../build/rpi_pub build --build-base /home/wheeltec/KUL_TABLOO/src/build/rpi_pub/build install --record /home/wheeltec/KUL_TABLOO/src/build/rpi_pub/install.log --single-version-externally-managed install_data
[10.389s] running egg_info
[10.476s] writing ../build/rpi_pub/rpi_pub.egg-info/PKG-INFO
[10.477s] writing dependency_links to ../build/rpi_pub/rpi_pub.egg-info/dependency_links.txt
[10.479s] writing entry points to ../build/rpi_pub/rpi_pub.egg-info/entry_points.txt
[10.480s] writing requirements to ../build/rpi_pub/rpi_pub.egg-info/requires.txt
[10.480s] writing top-level names to ../build/rpi_pub/rpi_pub.egg-info/top_level.txt
[10.637s] reading manifest file '../build/rpi_pub/rpi_pub.egg-info/SOURCES.txt'
[10.642s] writing manifest file '../build/rpi_pub/rpi_pub.egg-info/SOURCES.txt'
[10.643s] running build
[10.643s] running build_py
[10.645s] running install
[10.674s] running install_lib
[10.755s] running install_data
[10.756s] running install_egg_info
[10.843s] removing '/home/wheeltec/KUL_TABLOO/src/install/rpi_pub/lib/python3.8/site-packages/rpi_pub-0.0.0-py3.8.egg-info' (and everything under it)
[10.845s] Copying ../build/rpi_pub/rpi_pub.egg-info to /home/wheeltec/KUL_TABLOO/src/install/rpi_pub/lib/python3.8/site-packages/rpi_pub-0.0.0-py3.8.egg-info
[10.853s] running install_scripts
[11.305s] Installing rpi_pub script to /home/wheeltec/KUL_TABLOO/src/install/rpi_pub/lib/rpi_pub
[11.307s] writing list of installed files to '/home/wheeltec/KUL_TABLOO/src/build/rpi_pub/install.log'
[11.475s] Invoked command in '/home/wheeltec/KUL_TABLOO/src/rpi_pub' returned '0': PYTHONPATH=/home/wheeltec/KUL_TABLOO/src/build/rpi_pub/prefix_override:/usr/lib/python3/dist-packages/colcon_core/task/python/colcon_distutils_commands:/home/wheeltec/KUL_TABLOO/src/install/rpi_pub/lib/python3.8/site-packages:${PYTHONPATH} /usr/bin/python3 -W ignore:setup.py install is deprecated -W ignore:easy_install command is deprecated setup.py egg_info --egg-base ../build/rpi_pub build --build-base /home/wheeltec/KUL_TABLOO/src/build/rpi_pub/build install --record /home/wheeltec/KUL_TABLOO/src/build/rpi_pub/install.log --single-version-externally-managed install_data
