[6.037s] Invoking command in '/home/wheeltec/KUL_TABLOO/src/teleop_twist_emer_key': PYTHONPATH=/home/wheeltec/KUL_TABLOO/src/build/teleop_twist_emer_key/prefix_override:/usr/lib/python3/dist-packages/colcon_core/task/python/colcon_distutils_commands:/home/wheeltec/KUL_TABLOO/src/install/teleop_twist_emer_key/lib/python3.8/site-packages:${PYTHONPATH} /usr/bin/python3 -W ignore:setup.py install is deprecated -W ignore:easy_install command is deprecated setup.py egg_info --egg-base ../build/teleop_twist_emer_key build --build-base /home/wheeltec/KUL_TABLOO/src/build/teleop_twist_emer_key/build install --record /home/wheeltec/KUL_TABLOO/src/build/teleop_twist_emer_key/install.log --single-version-externally-managed install_data
[7.901s] running egg_info
[7.968s] writing ../build/teleop_twist_emer_key/teleop_twist_emer_key.egg-info/PKG-INFO
[7.968s] writing dependency_links to ../build/teleop_twist_emer_key/teleop_twist_emer_key.egg-info/dependency_links.txt
[7.969s] writing entry points to ../build/teleop_twist_emer_key/teleop_twist_emer_key.egg-info/entry_points.txt
[7.970s] writing requirements to ../build/teleop_twist_emer_key/teleop_twist_emer_key.egg-info/requires.txt
[7.971s] writing top-level names to ../build/teleop_twist_emer_key/teleop_twist_emer_key.egg-info/top_level.txt
[8.113s] reading manifest file '../build/teleop_twist_emer_key/teleop_twist_emer_key.egg-info/SOURCES.txt'
[8.115s] writing manifest file '../build/teleop_twist_emer_key/teleop_twist_emer_key.egg-info/SOURCES.txt'
[8.116s] running build
[8.116s] running build_py
[8.116s] running install
[8.144s] running install_lib
[8.216s] running install_data
[8.217s] running install_egg_info
[8.289s] removing '/home/wheeltec/KUL_TABLOO/src/install/teleop_twist_emer_key/lib/python3.8/site-packages/teleop_twist_emer_key-0.0.0-py3.8.egg-info' (and everything under it)
[8.290s] Copying ../build/teleop_twist_emer_key/teleop_twist_emer_key.egg-info to /home/wheeltec/KUL_TABLOO/src/install/teleop_twist_emer_key/lib/python3.8/site-packages/teleop_twist_emer_key-0.0.0-py3.8.egg-info
[8.296s] running install_scripts
[8.682s] Installing keyboard_emer script to /home/wheeltec/KUL_TABLOO/src/install/teleop_twist_emer_key/lib/teleop_twist_emer_key
[8.684s] writing list of installed files to '/home/wheeltec/KUL_TABLOO/src/build/teleop_twist_emer_key/install.log'
[8.858s] Invoked command in '/home/wheeltec/KUL_TABLOO/src/teleop_twist_emer_key' returned '0': PYTHONPATH=/home/wheeltec/KUL_TABLOO/src/build/teleop_twist_emer_key/prefix_override:/usr/lib/python3/dist-packages/colcon_core/task/python/colcon_distutils_commands:/home/wheeltec/KUL_TABLOO/src/install/teleop_twist_emer_key/lib/python3.8/site-packages:${PYTHONPATH} /usr/bin/python3 -W ignore:setup.py install is deprecated -W ignore:easy_install command is deprecated setup.py egg_info --egg-base ../build/teleop_twist_emer_key build --build-base /home/wheeltec/KUL_TABLOO/src/build/teleop_twist_emer_key/build install --record /home/wheeltec/KUL_TABLOO/src/build/teleop_twist_emer_key/install.log --single-version-externally-managed install_data
