[16.602s] Invoking command in '/home/wheeltec/KUL_TABLOO/src/quiz_enable': PYTHONPATH=/home/wheeltec/KUL_TABLOO/src/build/quiz_enable/prefix_override:/usr/lib/python3/dist-packages/colcon_core/task/python/colcon_distutils_commands:/home/wheeltec/KUL_TABLOO/src/install/quiz_enable/lib/python3.8/site-packages:${PYTHONPATH} /usr/bin/python3 -W ignore:setup.py install is deprecated -W ignore:easy_install command is deprecated setup.py egg_info --egg-base ../build/quiz_enable build --build-base /home/wheeltec/KUL_TABLOO/src/build/quiz_enable/build install --record /home/wheeltec/KUL_TABLOO/src/build/quiz_enable/install.log --single-version-externally-managed install_data
[20.732s] running egg_info
[20.847s] writing ../build/quiz_enable/quiz_enable.egg-info/PKG-INFO
[20.849s] writing dependency_links to ../build/quiz_enable/quiz_enable.egg-info/dependency_links.txt
[20.849s] writing entry points to ../build/quiz_enable/quiz_enable.egg-info/entry_points.txt
[20.850s] writing requirements to ../build/quiz_enable/quiz_enable.egg-info/requires.txt
[20.850s] writing top-level names to ../build/quiz_enable/quiz_enable.egg-info/top_level.txt
[21.222s] reading manifest file '../build/quiz_enable/quiz_enable.egg-info/SOURCES.txt'
[21.234s] writing manifest file '../build/quiz_enable/quiz_enable.egg-info/SOURCES.txt'
[21.242s] running build
[21.243s] running build_py
[21.243s] running install
[21.289s] running install_lib
[21.499s] running install_data
[21.502s] running install_egg_info
[21.710s] removing '/home/wheeltec/KUL_TABLOO/src/install/quiz_enable/lib/python3.8/site-packages/quiz_enable-0.0.0-py3.8.egg-info' (and everything under it)
[21.719s] Copying ../build/quiz_enable/quiz_enable.egg-info to /home/wheeltec/KUL_TABLOO/src/install/quiz_enable/lib/python3.8/site-packages/quiz_enable-0.0.0-py3.8.egg-info
[21.727s] running install_scripts
[22.430s] Installing quiz_enable script to /home/wheeltec/KUL_TABLOO/src/install/quiz_enable/lib/quiz_enable
[22.440s] writing list of installed files to '/home/wheeltec/KUL_TABLOO/src/build/quiz_enable/install.log'
[25.260s] Invoked command in '/home/wheeltec/KUL_TABLOO/src/quiz_enable' returned '0': PYTHONPATH=/home/wheeltec/KUL_TABLOO/src/build/quiz_enable/prefix_override:/usr/lib/python3/dist-packages/colcon_core/task/python/colcon_distutils_commands:/home/wheeltec/KUL_TABLOO/src/install/quiz_enable/lib/python3.8/site-packages:${PYTHONPATH} /usr/bin/python3 -W ignore:setup.py install is deprecated -W ignore:easy_install command is deprecated setup.py egg_info --egg-base ../build/quiz_enable build --build-base /home/wheeltec/KUL_TABLOO/src/build/quiz_enable/build install --record /home/wheeltec/KUL_TABLOO/src/build/quiz_enable/install.log --single-version-externally-managed install_data
