[8.028s] Invoking command in '/home/wheeltec/KUL_TABLOO/src/emergency_stop': PYTHONPATH=/home/wheeltec/KUL_TABLOO/src/build/emergency_stop/prefix_override:/usr/lib/python3/dist-packages/colcon_core/task/python/colcon_distutils_commands:/home/wheeltec/KUL_TABLOO/src/install/emergency_stop/lib/python3.8/site-packages:${PYTHONPATH} /usr/bin/python3 -W ignore:setup.py install is deprecated -W ignore:easy_install command is deprecated setup.py egg_info --egg-base ../build/emergency_stop build --build-base /home/wheeltec/KUL_TABLOO/src/build/emergency_stop/build install --record /home/wheeltec/KUL_TABLOO/src/build/emergency_stop/install.log --single-version-externally-managed install_data
[9.771s] running egg_info
[9.774s] creating ../build/emergency_stop/emergency_stop.egg-info
[9.842s] writing ../build/emergency_stop/emergency_stop.egg-info/PKG-INFO
[9.845s] writing dependency_links to ../build/emergency_stop/emergency_stop.egg-info/dependency_links.txt
[9.846s] writing entry points to ../build/emergency_stop/emergency_stop.egg-info/entry_points.txt
[9.846s] writing requirements to ../build/emergency_stop/emergency_stop.egg-info/requires.txt
[9.847s] writing top-level names to ../build/emergency_stop/emergency_stop.egg-info/top_level.txt
[9.849s] writing manifest file '../build/emergency_stop/emergency_stop.egg-info/SOURCES.txt'
[9.982s] reading manifest file '../build/emergency_stop/emergency_stop.egg-info/SOURCES.txt'
[9.985s] writing manifest file '../build/emergency_stop/emergency_stop.egg-info/SOURCES.txt'
[9.986s] running build
[9.987s] running build_py
[9.987s] creating /home/wheeltec/KUL_TABLOO/src/build/emergency_stop/build
[9.988s] creating /home/wheeltec/KUL_TABLOO/src/build/emergency_stop/build/lib
[9.988s] creating /home/wheeltec/KUL_TABLOO/src/build/emergency_stop/build/lib/emergency_stop
[9.989s] copying emergency_stop/__init__.py -> /home/wheeltec/KUL_TABLOO/src/build/emergency_stop/build/lib/emergency_stop
[9.989s] copying emergency_stop/emergency_stop.py -> /home/wheeltec/KUL_TABLOO/src/build/emergency_stop/build/lib/emergency_stop
[9.990s] running install
[10.018s] running install_lib
[10.082s] creating /home/wheeltec/KUL_TABLOO/src/install/emergency_stop/lib/python3.8/site-packages/emergency_stop
[10.082s] copying /home/wheeltec/KUL_TABLOO/src/build/emergency_stop/build/lib/emergency_stop/__init__.py -> /home/wheeltec/KUL_TABLOO/src/install/emergency_stop/lib/python3.8/site-packages/emergency_stop
[10.083s] copying /home/wheeltec/KUL_TABLOO/src/build/emergency_stop/build/lib/emergency_stop/emergency_stop.py -> /home/wheeltec/KUL_TABLOO/src/install/emergency_stop/lib/python3.8/site-packages/emergency_stop
[10.086s] byte-compiling /home/wheeltec/KUL_TABLOO/src/install/emergency_stop/lib/python3.8/site-packages/emergency_stop/__init__.py to __init__.cpython-38.pyc
[10.087s] byte-compiling /home/wheeltec/KUL_TABLOO/src/install/emergency_stop/lib/python3.8/site-packages/emergency_stop/emergency_stop.py to emergency_stop.cpython-38.pyc
[10.088s] running install_data
[10.089s] creating /home/wheeltec/KUL_TABLOO/src/install/emergency_stop/share/ament_index
[10.089s] creating /home/wheeltec/KUL_TABLOO/src/install/emergency_stop/share/ament_index/resource_index
[10.090s] creating /home/wheeltec/KUL_TABLOO/src/install/emergency_stop/share/ament_index/resource_index/packages
[10.090s] copying resource/emergency_stop -> /home/wheeltec/KUL_TABLOO/src/install/emergency_stop/share/ament_index/resource_index/packages
[10.090s] copying package.xml -> /home/wheeltec/KUL_TABLOO/src/install/emergency_stop/share/emergency_stop
[10.091s] running install_egg_info
[10.158s] Copying ../build/emergency_stop/emergency_stop.egg-info to /home/wheeltec/KUL_TABLOO/src/install/emergency_stop/lib/python3.8/site-packages/emergency_stop-0.0.0-py3.8.egg-info
[10.162s] running install_scripts
[10.577s] Installing emergency_stop script to /home/wheeltec/KUL_TABLOO/src/install/emergency_stop/lib/emergency_stop
[10.580s] writing list of installed files to '/home/wheeltec/KUL_TABLOO/src/build/emergency_stop/install.log'
[10.752s] Invoked command in '/home/wheeltec/KUL_TABLOO/src/emergency_stop' returned '0': PYTHONPATH=/home/wheeltec/KUL_TABLOO/src/build/emergency_stop/prefix_override:/usr/lib/python3/dist-packages/colcon_core/task/python/colcon_distutils_commands:/home/wheeltec/KUL_TABLOO/src/install/emergency_stop/lib/python3.8/site-packages:${PYTHONPATH} /usr/bin/python3 -W ignore:setup.py install is deprecated -W ignore:easy_install command is deprecated setup.py egg_info --egg-base ../build/emergency_stop build --build-base /home/wheeltec/KUL_TABLOO/src/build/emergency_stop/build install --record /home/wheeltec/KUL_TABLOO/src/build/emergency_stop/install.log --single-version-externally-managed install_data
