[11.299s] Invoking command in '/home/wheeltec/KUL_TABLOO/src/actionclient': PYTHONPATH=/home/wheeltec/KUL_TABLOO/src/build/actionclient/prefix_override:/usr/lib/python3/dist-packages/colcon_core/task/python/colcon_distutils_commands:/home/wheeltec/KUL_TABLOO/src/install/actionclient/lib/python3.8/site-packages:${PYTHONPATH} /usr/bin/python3 -W ignore:setup.py install is deprecated -W ignore:easy_install command is deprecated setup.py egg_info --egg-base ../build/actionclient build --build-base /home/wheeltec/KUL_TABLOO/src/build/actionclient/build install --record /home/wheeltec/KUL_TABLOO/src/build/actionclient/install.log --single-version-externally-managed install_data
[13.683s] running egg_info
[13.772s] writing ../build/actionclient/actionclient.egg-info/PKG-INFO
[13.772s] writing dependency_links to ../build/actionclient/actionclient.egg-info/dependency_links.txt
[13.773s] writing entry points to ../build/actionclient/actionclient.egg-info/entry_points.txt
[13.773s] writing requirements to ../build/actionclient/actionclient.egg-info/requires.txt
[13.774s] writing top-level names to ../build/actionclient/actionclient.egg-info/top_level.txt
[13.970s] reading manifest file '../build/actionclient/actionclient.egg-info/SOURCES.txt'
[13.974s] writing manifest file '../build/actionclient/actionclient.egg-info/SOURCES.txt'
[13.974s] running build
[13.975s] running build_py
[13.975s] running install
[14.022s] running install_lib
[14.113s] running install_data
[14.114s] running install_egg_info
[14.211s] removing '/home/wheeltec/KUL_TABLOO/src/install/actionclient/lib/python3.8/site-packages/actionclient-0.0.0-py3.8.egg-info' (and everything under it)
[14.212s] Copying ../build/actionclient/actionclient.egg-info to /home/wheeltec/KUL_TABLOO/src/install/actionclient/lib/python3.8/site-packages/actionclient-0.0.0-py3.8.egg-info
[14.219s] running install_scripts
[14.692s] Installing actionclient script to /home/wheeltec/KUL_TABLOO/src/install/actionclient/lib/actionclient
[14.692s] writing list of installed files to '/home/wheeltec/KUL_TABLOO/src/build/actionclient/install.log'
[14.903s] Invoked command in '/home/wheeltec/KUL_TABLOO/src/actionclient' returned '0': PYTHONPATH=/home/wheeltec/KUL_TABLOO/src/build/actionclient/prefix_override:/usr/lib/python3/dist-packages/colcon_core/task/python/colcon_distutils_commands:/home/wheeltec/KUL_TABLOO/src/install/actionclient/lib/python3.8/site-packages:${PYTHONPATH} /usr/bin/python3 -W ignore:setup.py install is deprecated -W ignore:easy_install command is deprecated setup.py egg_info --egg-base ../build/actionclient build --build-base /home/wheeltec/KUL_TABLOO/src/build/actionclient/build install --record /home/wheeltec/KUL_TABLOO/src/build/actionclient/install.log --single-version-externally-managed install_data
