[11.712s] Invoking command in '/home/wheeltec/KUL_TABLOO/src/rpi_pub': PYTHONPATH=/home/wheeltec/KUL_TABLOO/src/build/rpi_pub/prefix_override:/usr/lib/python3/dist-packages/colcon_core/task/python/colcon_distutils_commands:/home/wheeltec/KUL_TABLOO/src/install/rpi_pub/lib/python3.8/site-packages:${PYTHONPATH} /usr/bin/python3 -W ignore:setup.py install is deprecated -W ignore:easy_install command is deprecated setup.py egg_info --egg-base ../build/rpi_pub build --build-base /home/wheeltec/KUL_TABLOO/src/build/rpi_pub/build install --record /home/wheeltec/KUL_TABLOO/src/build/rpi_pub/install.log --single-version-externally-managed install_data
[13.955s] running egg_info
[14.025s] writing ../build/rpi_pub/rpi_pub.egg-info/PKG-INFO
[14.027s] writing dependency_links to ../build/rpi_pub/rpi_pub.egg-info/dependency_links.txt
[14.028s] writing entry points to ../build/rpi_pub/rpi_pub.egg-info/entry_points.txt
[14.030s] writing requirements to ../build/rpi_pub/rpi_pub.egg-info/requires.txt
[14.031s] writing top-level names to ../build/rpi_pub/rpi_pub.egg-info/top_level.txt
[14.189s] reading manifest file '../build/rpi_pub/rpi_pub.egg-info/SOURCES.txt'
[14.193s] writing manifest file '../build/rpi_pub/rpi_pub.egg-info/SOURCES.txt'
[14.195s] running build
[14.195s] running build_py
[14.198s] running install
[14.240s] running install_lib
[14.328s] running install_data
[14.330s] running install_egg_info
[14.428s] removing '/home/wheeltec/KUL_TABLOO/src/install/rpi_pub/lib/python3.8/site-packages/rpi_pub-0.0.0-py3.8.egg-info' (and everything under it)
[14.429s] Copying ../build/rpi_pub/rpi_pub.egg-info to /home/wheeltec/KUL_TABLOO/src/install/rpi_pub/lib/python3.8/site-packages/rpi_pub-0.0.0-py3.8.egg-info
[14.434s] running install_scripts
[14.923s] Installing rpi_pub script to /home/wheeltec/KUL_TABLOO/src/install/rpi_pub/lib/rpi_pub
[14.927s] writing list of installed files to '/home/wheeltec/KUL_TABLOO/src/build/rpi_pub/install.log'
[15.120s] Invoked command in '/home/wheeltec/KUL_TABLOO/src/rpi_pub' returned '0': PYTHONPATH=/home/wheeltec/KUL_TABLOO/src/build/rpi_pub/prefix_override:/usr/lib/python3/dist-packages/colcon_core/task/python/colcon_distutils_commands:/home/wheeltec/KUL_TABLOO/src/install/rpi_pub/lib/python3.8/site-packages:${PYTHONPATH} /usr/bin/python3 -W ignore:setup.py install is deprecated -W ignore:easy_install command is deprecated setup.py egg_info --egg-base ../build/rpi_pub build --build-base /home/wheeltec/KUL_TABLOO/src/build/rpi_pub/build install --record /home/wheeltec/KUL_TABLOO/src/build/rpi_pub/install.log --single-version-externally-managed install_data
