[8.512s] Invoking command in '/home/wheeltec/KUL_TABLOO/src/quiz': PYTHONPATH=/home/wheeltec/KUL_TABLOO/src/build/quiz/prefix_override:/usr/lib/python3/dist-packages/colcon_core/task/python/colcon_distutils_commands:/home/wheeltec/KUL_TABLOO/src/install/quiz/lib/python3.8/site-packages:${PYTHONPATH} /usr/bin/python3 -W ignore:setup.py install is deprecated -W ignore:easy_install command is deprecated setup.py egg_info --egg-base ../build/quiz build --build-base /home/wheeltec/KUL_TABLOO/src/build/quiz/build install --record /home/wheeltec/KUL_TABLOO/src/build/quiz/install.log --single-version-externally-managed install_data
[10.804s] running egg_info
[10.930s] writing ../build/quiz/quiz.egg-info/PKG-INFO
[10.936s] writing dependency_links to ../build/quiz/quiz.egg-info/dependency_links.txt
[10.937s] writing entry points to ../build/quiz/quiz.egg-info/entry_points.txt
[10.937s] writing requirements to ../build/quiz/quiz.egg-info/requires.txt
[10.938s] writing top-level names to ../build/quiz/quiz.egg-info/top_level.txt
[11.131s] reading manifest file '../build/quiz/quiz.egg-info/SOURCES.txt'
[11.137s] writing manifest file '../build/quiz/quiz.egg-info/SOURCES.txt'
[11.140s] running build
[11.141s] running build_py
[11.144s] running install
[11.185s] running install_lib
[11.296s] running install_data
[11.299s] running install_egg_info
[11.403s] removing '/home/wheeltec/KUL_TABLOO/src/install/quiz/lib/python3.8/site-packages/quiz-0.0.0-py3.8.egg-info' (and everything under it)
[11.409s] Copying ../build/quiz/quiz.egg-info to /home/wheeltec/KUL_TABLOO/src/install/quiz/lib/python3.8/site-packages/quiz-0.0.0-py3.8.egg-info
[11.413s] running install_scripts
[11.903s] Installing quiz script to /home/wheeltec/KUL_TABLOO/src/install/quiz/lib/quiz
[11.910s] writing list of installed files to '/home/wheeltec/KUL_TABLOO/src/build/quiz/install.log'
[12.102s] Invoked command in '/home/wheeltec/KUL_TABLOO/src/quiz' returned '0': PYTHONPATH=/home/wheeltec/KUL_TABLOO/src/build/quiz/prefix_override:/usr/lib/python3/dist-packages/colcon_core/task/python/colcon_distutils_commands:/home/wheeltec/KUL_TABLOO/src/install/quiz/lib/python3.8/site-packages:${PYTHONPATH} /usr/bin/python3 -W ignore:setup.py install is deprecated -W ignore:easy_install command is deprecated setup.py egg_info --egg-base ../build/quiz build --build-base /home/wheeltec/KUL_TABLOO/src/build/quiz/build install --record /home/wheeltec/KUL_TABLOO/src/build/quiz/install.log --single-version-externally-managed install_data
