running egg_info
creating ../build/ros_final/ros_final.egg-info
writing ../build/ros_final/ros_final.egg-info/PKG-INFO
writing dependency_links to ../build/ros_final/ros_final.egg-info/dependency_links.txt
writing entry points to ../build/ros_final/ros_final.egg-info/entry_points.txt
writing requirements to ../build/ros_final/ros_final.egg-info/requires.txt
writing top-level names to ../build/ros_final/ros_final.egg-info/top_level.txt
writing manifest file '../build/ros_final/ros_final.egg-info/SOURCES.txt'
reading manifest file '../build/ros_final/ros_final.egg-info/SOURCES.txt'
writing manifest file '../build/ros_final/ros_final.egg-info/SOURCES.txt'
running build
running build_py
creating /home/wheeltec/KUL_TABLOO/src/build/ros_final/build
creating /home/wheeltec/KUL_TABLOO/src/build/ros_final/build/lib
creating /home/wheeltec/KUL_TABLOO/src/build/ros_final/build/lib/ros_final
copying ros_final/__init__.py -> /home/wheeltec/KUL_TABLOO/src/build/ros_final/build/lib/ros_final
copying ros_final/ros_final.py -> /home/wheeltec/KUL_TABLOO/src/build/ros_final/build/lib/ros_final
running install
running install_lib
creating /home/wheeltec/KUL_TABLOO/src/install/ros_final/lib/python3.8/site-packages/ros_final
copying /home/wheeltec/KUL_TABLOO/src/build/ros_final/build/lib/ros_final/__init__.py -> /home/wheeltec/KUL_TABLOO/src/install/ros_final/lib/python3.8/site-packages/ros_final
copying /home/wheeltec/KUL_TABLOO/src/build/ros_final/build/lib/ros_final/ros_final.py -> /home/wheeltec/KUL_TABLOO/src/install/ros_final/lib/python3.8/site-packages/ros_final
byte-compiling /home/wheeltec/KUL_TABLOO/src/install/ros_final/lib/python3.8/site-packages/ros_final/__init__.py to __init__.cpython-38.pyc
byte-compiling /home/wheeltec/KUL_TABLOO/src/install/ros_final/lib/python3.8/site-packages/ros_final/ros_final.py to ros_final.cpython-38.pyc
running install_data
creating /home/wheeltec/KUL_TABLOO/src/install/ros_final/share/ament_index
creating /home/wheeltec/KUL_TABLOO/src/install/ros_final/share/ament_index/resource_index
creating /home/wheeltec/KUL_TABLOO/src/install/ros_final/share/ament_index/resource_index/packages
copying resource/ros_final -> /home/wheeltec/KUL_TABLOO/src/install/ros_final/share/ament_index/resource_index/packages
copying package.xml -> /home/wheeltec/KUL_TABLOO/src/install/ros_final/share/ros_final
running install_egg_info
Copying ../build/ros_final/ros_final.egg-info to /home/wheeltec/KUL_TABLOO/src/install/ros_final/lib/python3.8/site-packages/ros_final-0.0.0-py3.8.egg-info
running install_scripts
Installing ros_final script to /home/wheeltec/KUL_TABLOO/src/install/ros_final/lib/ros_final
writing list of installed files to '/home/wheeltec/KUL_TABLOO/src/build/ros_final/install.log'
