[9.443s] Invoking command in '/home/wheeltec/KUL_TABLOO/src/quiz': PYTHONPATH=/home/wheeltec/KUL_TABLOO/src/build/quiz/prefix_override:/usr/lib/python3/dist-packages/colcon_core/task/python/colcon_distutils_commands:/home/wheeltec/KUL_TABLOO/src/install/quiz/lib/python3.8/site-packages:${PYTHONPATH} /usr/bin/python3 -W ignore:setup.py install is deprecated -W ignore:easy_install command is deprecated setup.py egg_info --egg-base ../build/quiz build --build-base /home/wheeltec/KUL_TABLOO/src/build/quiz/build install --record /home/wheeltec/KUL_TABLOO/src/build/quiz/install.log --single-version-externally-managed install_data
[11.969s] running egg_info
[12.062s] writing ../build/quiz/quiz.egg-info/PKG-INFO
[12.064s] writing dependency_links to ../build/quiz/quiz.egg-info/dependency_links.txt
[12.065s] writing entry points to ../build/quiz/quiz.egg-info/entry_points.txt
[12.066s] writing requirements to ../build/quiz/quiz.egg-info/requires.txt
[12.067s] writing top-level names to ../build/quiz/quiz.egg-info/top_level.txt
[12.275s] reading manifest file '../build/quiz/quiz.egg-info/SOURCES.txt'
[12.278s] writing manifest file '../build/quiz/quiz.egg-info/SOURCES.txt'
[12.280s] running build
[12.281s] running build_py
[12.282s] running install
[12.313s] running install_lib
[12.405s] running install_data
[12.405s] running install_egg_info
[12.486s] removing '/home/wheeltec/KUL_TABLOO/src/install/quiz/lib/python3.8/site-packages/quiz-0.0.0-py3.8.egg-info' (and everything under it)
[12.488s] Copying ../build/quiz/quiz.egg-info to /home/wheeltec/KUL_TABLOO/src/install/quiz/lib/python3.8/site-packages/quiz-0.0.0-py3.8.egg-info
[12.492s] running install_scripts
[12.939s] Installing quiz script to /home/wheeltec/KUL_TABLOO/src/install/quiz/lib/quiz
[12.940s] writing list of installed files to '/home/wheeltec/KUL_TABLOO/src/build/quiz/install.log'
[13.119s] Invoked command in '/home/wheeltec/KUL_TABLOO/src/quiz' returned '0': PYTHONPATH=/home/wheeltec/KUL_TABLOO/src/build/quiz/prefix_override:/usr/lib/python3/dist-packages/colcon_core/task/python/colcon_distutils_commands:/home/wheeltec/KUL_TABLOO/src/install/quiz/lib/python3.8/site-packages:${PYTHONPATH} /usr/bin/python3 -W ignore:setup.py install is deprecated -W ignore:easy_install command is deprecated setup.py egg_info --egg-base ../build/quiz build --build-base /home/wheeltec/KUL_TABLOO/src/build/quiz/build install --record /home/wheeltec/KUL_TABLOO/src/build/quiz/install.log --single-version-externally-managed install_data
