[1.443s] DEBUG:colcon:Command line arguments: ['/usr/bin/colcon', 'build']
[1.443s] DEBUG:colcon:Parsed command line arguments: Namespace(allow_overriding=[], ament_cmake_args=None, base_paths=['.'], build_base='build', catkin_cmake_args=None, catkin_skip_building_tests=False, cmake_args=None, cmake_clean_cache=False, cmake_clean_first=False, cmake_force_configure=False, cmake_target=None, cmake_target_skip_unavailable=False, continue_on_error=False, event_handlers=None, executor='parallel', ignore_user_meta=False, install_base='install', log_base=None, log_level=None, main=<bound method BuildVerb.main of <colcon_core.verb.build.BuildVerb object at 0x7fa87dd100>>, merge_install=False, metas=['./colcon.meta'], packages_above=None, packages_above_and_dependencies=None, packages_above_depth=None, packages_end=None, packages_ignore=None, packages_ignore_regex=None, packages_select=None, packages_select_build_failed=False, packages_select_by_dep=None, packages_select_regex=None, packages_select_test_failures=False, packages_skip=None, packages_skip_build_finished=False, packages_skip_by_dep=None, packages_skip_regex=None, packages_skip_test_passed=False, packages_skip_up_to=None, packages_start=None, packages_up_to=None, packages_up_to_regex=None, parallel_workers=4, paths=None, symlink_install=False, test_result_base=None, verb_extension=<colcon_core.verb.build.BuildVerb object at 0x7fa87dd100>, verb_name='build', verb_parser=<colcon_defaults.argument_parser.defaults.DefaultArgumentsDecorator object at 0x7fa85e92b0>)
[2.920s] Level 1:colcon.colcon_core.package_discovery:discover_packages(colcon_meta) check parameters
[2.921s] Level 1:colcon.colcon_core.package_discovery:discover_packages(recursive) check parameters
[2.921s] Level 1:colcon.colcon_core.package_discovery:discover_packages(ignore) check parameters
[2.921s] Level 1:colcon.colcon_core.package_discovery:discover_packages(path) check parameters
[2.921s] Level 1:colcon.colcon_core.package_discovery:discover_packages(colcon_meta) discover
[2.921s] Level 1:colcon.colcon_core.package_discovery:discover_packages(recursive) discover
[2.922s] INFO:colcon.colcon_core.package_discovery:Crawling recursively for packages in '/home/wheeltec/KUL_TABLOO/src'
[2.922s] Level 1:colcon.colcon_core.package_identification:_identify(.) by extensions ['ignore', 'ignore_ament_install']
[2.922s] Level 1:colcon.colcon_core.package_identification:_identify(.) by extension 'ignore'
[2.923s] Level 1:colcon.colcon_core.package_identification:_identify(.) by extension 'ignore_ament_install'
[2.923s] Level 1:colcon.colcon_core.package_identification:_identify(.) by extensions ['colcon_pkg']
[2.923s] Level 1:colcon.colcon_core.package_identification:_identify(.) by extension 'colcon_pkg'
[2.923s] Level 1:colcon.colcon_core.package_identification:_identify(.) by extensions ['colcon_meta']
[2.924s] Level 1:colcon.colcon_core.package_identification:_identify(.) by extension 'colcon_meta'
[2.924s] Level 1:colcon.colcon_core.package_identification:_identify(.) by extensions ['ros']
[2.924s] Level 1:colcon.colcon_core.package_identification:_identify(.) by extension 'ros'
[3.000s] Level 1:colcon.colcon_core.package_identification:_identify(.) by extensions ['cmake', 'python']
[3.000s] Level 1:colcon.colcon_core.package_identification:_identify(.) by extension 'cmake'
[3.000s] Level 1:colcon.colcon_core.package_identification:_identify(.) by extension 'python'
[3.001s] Level 1:colcon.colcon_core.package_identification:_identify(.) by extensions ['python_setup_py']
[3.001s] Level 1:colcon.colcon_core.package_identification:_identify(.) by extension 'python_setup_py'
[3.002s] Level 1:colcon.colcon_core.package_identification:_identify(actionclient) by extensions ['ignore', 'ignore_ament_install']
[3.002s] Level 1:colcon.colcon_core.package_identification:_identify(actionclient) by extension 'ignore'
[3.002s] Level 1:colcon.colcon_core.package_identification:_identify(actionclient) by extension 'ignore_ament_install'
[3.003s] Level 1:colcon.colcon_core.package_identification:_identify(actionclient) by extensions ['colcon_pkg']
[3.003s] Level 1:colcon.colcon_core.package_identification:_identify(actionclient) by extension 'colcon_pkg'
[3.003s] Level 1:colcon.colcon_core.package_identification:_identify(actionclient) by extensions ['colcon_meta']
[3.003s] Level 1:colcon.colcon_core.package_identification:_identify(actionclient) by extension 'colcon_meta'
[3.004s] Level 1:colcon.colcon_core.package_identification:_identify(actionclient) by extensions ['ros']
[3.004s] Level 1:colcon.colcon_core.package_identification:_identify(actionclient) by extension 'ros'
[3.018s] DEBUG:colcon.colcon_core.package_identification:Package 'actionclient' with type 'ros.ament_python' and name 'actionclient'
[3.018s] Level 1:colcon.colcon_core.package_identification:_identify(beamer) by extensions ['ignore', 'ignore_ament_install']
[3.019s] Level 1:colcon.colcon_core.package_identification:_identify(beamer) by extension 'ignore'
[3.019s] Level 1:colcon.colcon_core.package_identification:_identify(beamer) by extension 'ignore_ament_install'
[3.020s] Level 1:colcon.colcon_core.package_identification:_identify(beamer) by extensions ['colcon_pkg']
[3.020s] Level 1:colcon.colcon_core.package_identification:_identify(beamer) by extension 'colcon_pkg'
[3.020s] Level 1:colcon.colcon_core.package_identification:_identify(beamer) by extensions ['colcon_meta']
[3.020s] Level 1:colcon.colcon_core.package_identification:_identify(beamer) by extension 'colcon_meta'
[3.020s] Level 1:colcon.colcon_core.package_identification:_identify(beamer) by extensions ['ros']
[3.021s] Level 1:colcon.colcon_core.package_identification:_identify(beamer) by extension 'ros'
[3.024s] DEBUG:colcon.colcon_core.package_identification:Package 'beamer' with type 'ros.ament_python' and name 'beamer'
[3.025s] Level 1:colcon.colcon_core.package_identification:_identify(build) by extensions ['ignore', 'ignore_ament_install']
[3.025s] Level 1:colcon.colcon_core.package_identification:_identify(build) by extension 'ignore'
[3.025s] Level 1:colcon.colcon_core.package_identification:_identify(build) ignored
[3.026s] Level 1:colcon.colcon_core.package_identification:_identify(config) by extensions ['ignore', 'ignore_ament_install']
[3.026s] Level 1:colcon.colcon_core.package_identification:_identify(config) by extension 'ignore'
[3.026s] Level 1:colcon.colcon_core.package_identification:_identify(config) by extension 'ignore_ament_install'
[3.027s] Level 1:colcon.colcon_core.package_identification:_identify(config) by extensions ['colcon_pkg']
[3.027s] Level 1:colcon.colcon_core.package_identification:_identify(config) by extension 'colcon_pkg'
[3.027s] Level 1:colcon.colcon_core.package_identification:_identify(config) by extensions ['colcon_meta']
[3.027s] Level 1:colcon.colcon_core.package_identification:_identify(config) by extension 'colcon_meta'
[3.027s] Level 1:colcon.colcon_core.package_identification:_identify(config) by extensions ['ros']
[3.027s] Level 1:colcon.colcon_core.package_identification:_identify(config) by extension 'ros'
[3.028s] Level 1:colcon.colcon_core.package_identification:_identify(config) by extensions ['cmake', 'python']
[3.028s] Level 1:colcon.colcon_core.package_identification:_identify(config) by extension 'cmake'
[3.028s] Level 1:colcon.colcon_core.package_identification:_identify(config) by extension 'python'
[3.028s] Level 1:colcon.colcon_core.package_identification:_identify(config) by extensions ['python_setup_py']
[3.029s] Level 1:colcon.colcon_core.package_identification:_identify(config) by extension 'python_setup_py'
[3.029s] Level 1:colcon.colcon_core.package_identification:_identify(emergency_stop) by extensions ['ignore', 'ignore_ament_install']
[3.029s] Level 1:colcon.colcon_core.package_identification:_identify(emergency_stop) by extension 'ignore'
[3.030s] Level 1:colcon.colcon_core.package_identification:_identify(emergency_stop) by extension 'ignore_ament_install'
[3.030s] Level 1:colcon.colcon_core.package_identification:_identify(emergency_stop) by extensions ['colcon_pkg']
[3.030s] Level 1:colcon.colcon_core.package_identification:_identify(emergency_stop) by extension 'colcon_pkg'
[3.030s] Level 1:colcon.colcon_core.package_identification:_identify(emergency_stop) by extensions ['colcon_meta']
[3.030s] Level 1:colcon.colcon_core.package_identification:_identify(emergency_stop) by extension 'colcon_meta'
[3.030s] Level 1:colcon.colcon_core.package_identification:_identify(emergency_stop) by extensions ['ros']
[3.031s] Level 1:colcon.colcon_core.package_identification:_identify(emergency_stop) by extension 'ros'
[3.035s] DEBUG:colcon.colcon_core.package_identification:Package 'emergency_stop' with type 'ros.ament_python' and name 'emergency_stop'
[3.036s] Level 1:colcon.colcon_core.package_identification:_identify(heartbeat_monitor) by extensions ['ignore', 'ignore_ament_install']
[3.036s] Level 1:colcon.colcon_core.package_identification:_identify(heartbeat_monitor) by extension 'ignore'
[3.036s] Level 1:colcon.colcon_core.package_identification:_identify(heartbeat_monitor) by extension 'ignore_ament_install'
[3.037s] Level 1:colcon.colcon_core.package_identification:_identify(heartbeat_monitor) by extensions ['colcon_pkg']
[3.037s] Level 1:colcon.colcon_core.package_identification:_identify(heartbeat_monitor) by extension 'colcon_pkg'
[3.037s] Level 1:colcon.colcon_core.package_identification:_identify(heartbeat_monitor) by extensions ['colcon_meta']
[3.037s] Level 1:colcon.colcon_core.package_identification:_identify(heartbeat_monitor) by extension 'colcon_meta'
[3.037s] Level 1:colcon.colcon_core.package_identification:_identify(heartbeat_monitor) by extensions ['ros']
[3.038s] Level 1:colcon.colcon_core.package_identification:_identify(heartbeat_monitor) by extension 'ros'
[3.041s] DEBUG:colcon.colcon_core.package_identification:Package 'heartbeat_monitor' with type 'ros.ament_python' and name 'heartbeat_monitor'
[3.041s] Level 1:colcon.colcon_core.package_identification:_identify(install) by extensions ['ignore', 'ignore_ament_install']
[3.042s] Level 1:colcon.colcon_core.package_identification:_identify(install) by extension 'ignore'
[3.042s] Level 1:colcon.colcon_core.package_identification:_identify(install) ignored
[3.042s] Level 1:colcon.colcon_core.package_identification:_identify(launch) by extensions ['ignore', 'ignore_ament_install']
[3.043s] Level 1:colcon.colcon_core.package_identification:_identify(launch) by extension 'ignore'
[3.043s] Level 1:colcon.colcon_core.package_identification:_identify(launch) by extension 'ignore_ament_install'
[3.043s] Level 1:colcon.colcon_core.package_identification:_identify(launch) by extensions ['colcon_pkg']
[3.044s] Level 1:colcon.colcon_core.package_identification:_identify(launch) by extension 'colcon_pkg'
[3.044s] Level 1:colcon.colcon_core.package_identification:_identify(launch) by extensions ['colcon_meta']
[3.044s] Level 1:colcon.colcon_core.package_identification:_identify(launch) by extension 'colcon_meta'
[3.044s] Level 1:colcon.colcon_core.package_identification:_identify(launch) by extensions ['ros']
[3.044s] Level 1:colcon.colcon_core.package_identification:_identify(launch) by extension 'ros'
[3.045s] Level 1:colcon.colcon_core.package_identification:_identify(launch) by extensions ['cmake', 'python']
[3.045s] Level 1:colcon.colcon_core.package_identification:_identify(launch) by extension 'cmake'
[3.045s] Level 1:colcon.colcon_core.package_identification:_identify(launch) by extension 'python'
[3.045s] Level 1:colcon.colcon_core.package_identification:_identify(launch) by extensions ['python_setup_py']
[3.045s] Level 1:colcon.colcon_core.package_identification:_identify(launch) by extension 'python_setup_py'
[3.046s] Level 1:colcon.colcon_core.package_identification:_identify(log) by extensions ['ignore', 'ignore_ament_install']
[3.046s] Level 1:colcon.colcon_core.package_identification:_identify(log) by extension 'ignore'
[3.046s] Level 1:colcon.colcon_core.package_identification:_identify(log) ignored
[3.047s] Level 1:colcon.colcon_core.package_identification:_identify(quiz) by extensions ['ignore', 'ignore_ament_install']
[3.047s] Level 1:colcon.colcon_core.package_identification:_identify(quiz) by extension 'ignore'
[3.047s] Level 1:colcon.colcon_core.package_identification:_identify(quiz) by extension 'ignore_ament_install'
[3.048s] Level 1:colcon.colcon_core.package_identification:_identify(quiz) by extensions ['colcon_pkg']
[3.048s] Level 1:colcon.colcon_core.package_identification:_identify(quiz) by extension 'colcon_pkg'
[3.048s] Level 1:colcon.colcon_core.package_identification:_identify(quiz) by extensions ['colcon_meta']
[3.048s] Level 1:colcon.colcon_core.package_identification:_identify(quiz) by extension 'colcon_meta'
[3.048s] Level 1:colcon.colcon_core.package_identification:_identify(quiz) by extensions ['ros']
[3.049s] Level 1:colcon.colcon_core.package_identification:_identify(quiz) by extension 'ros'
[3.052s] DEBUG:colcon.colcon_core.package_identification:Package 'quiz' with type 'ros.ament_python' and name 'quiz'
[3.052s] Level 1:colcon.colcon_core.package_identification:_identify(quiz_enable) by extensions ['ignore', 'ignore_ament_install']
[3.053s] Level 1:colcon.colcon_core.package_identification:_identify(quiz_enable) by extension 'ignore'
[3.053s] Level 1:colcon.colcon_core.package_identification:_identify(quiz_enable) by extension 'ignore_ament_install'
[3.054s] Level 1:colcon.colcon_core.package_identification:_identify(quiz_enable) by extensions ['colcon_pkg']
[3.054s] Level 1:colcon.colcon_core.package_identification:_identify(quiz_enable) by extension 'colcon_pkg'
[3.054s] Level 1:colcon.colcon_core.package_identification:_identify(quiz_enable) by extensions ['colcon_meta']
[3.054s] Level 1:colcon.colcon_core.package_identification:_identify(quiz_enable) by extension 'colcon_meta'
[3.054s] Level 1:colcon.colcon_core.package_identification:_identify(quiz_enable) by extensions ['ros']
[3.055s] Level 1:colcon.colcon_core.package_identification:_identify(quiz_enable) by extension 'ros'
[3.058s] DEBUG:colcon.colcon_core.package_identification:Package 'quiz_enable' with type 'ros.ament_python' and name 'quiz_enable'
[3.058s] Level 1:colcon.colcon_core.package_identification:_identify(remote_control_socket) by extensions ['ignore', 'ignore_ament_install']
[3.059s] Level 1:colcon.colcon_core.package_identification:_identify(remote_control_socket) by extension 'ignore'
[3.059s] Level 1:colcon.colcon_core.package_identification:_identify(remote_control_socket) by extension 'ignore_ament_install'
[3.059s] Level 1:colcon.colcon_core.package_identification:_identify(remote_control_socket) by extensions ['colcon_pkg']
[3.059s] Level 1:colcon.colcon_core.package_identification:_identify(remote_control_socket) by extension 'colcon_pkg'
[3.060s] Level 1:colcon.colcon_core.package_identification:_identify(remote_control_socket) by extensions ['colcon_meta']
[3.060s] Level 1:colcon.colcon_core.package_identification:_identify(remote_control_socket) by extension 'colcon_meta'
[3.060s] Level 1:colcon.colcon_core.package_identification:_identify(remote_control_socket) by extensions ['ros']
[3.060s] Level 1:colcon.colcon_core.package_identification:_identify(remote_control_socket) by extension 'ros'
[3.063s] DEBUG:colcon.colcon_core.package_identification:Package 'remote_control_socket' with type 'ros.ament_python' and name 'remote_control_socket'
[3.063s] Level 1:colcon.colcon_core.package_identification:_identify(rpi_pub) by extensions ['ignore', 'ignore_ament_install']
[3.064s] Level 1:colcon.colcon_core.package_identification:_identify(rpi_pub) by extension 'ignore'
[3.064s] Level 1:colcon.colcon_core.package_identification:_identify(rpi_pub) by extension 'ignore_ament_install'
[3.064s] Level 1:colcon.colcon_core.package_identification:_identify(rpi_pub) by extensions ['colcon_pkg']
[3.065s] Level 1:colcon.colcon_core.package_identification:_identify(rpi_pub) by extension 'colcon_pkg'
[3.065s] Level 1:colcon.colcon_core.package_identification:_identify(rpi_pub) by extensions ['colcon_meta']
[3.065s] Level 1:colcon.colcon_core.package_identification:_identify(rpi_pub) by extension 'colcon_meta'
[3.065s] Level 1:colcon.colcon_core.package_identification:_identify(rpi_pub) by extensions ['ros']
[3.065s] Level 1:colcon.colcon_core.package_identification:_identify(rpi_pub) by extension 'ros'
[3.068s] DEBUG:colcon.colcon_core.package_identification:Package 'rpi_pub' with type 'ros.ament_python' and name 'rpi_pub'
[3.069s] Level 1:colcon.colcon_core.package_identification:_identify(teleop_twist_emer_key) by extensions ['ignore', 'ignore_ament_install']
[3.069s] Level 1:colcon.colcon_core.package_identification:_identify(teleop_twist_emer_key) by extension 'ignore'
[3.069s] Level 1:colcon.colcon_core.package_identification:_identify(teleop_twist_emer_key) by extension 'ignore_ament_install'
[3.070s] Level 1:colcon.colcon_core.package_identification:_identify(teleop_twist_emer_key) by extensions ['colcon_pkg']
[3.070s] Level 1:colcon.colcon_core.package_identification:_identify(teleop_twist_emer_key) by extension 'colcon_pkg'
[3.070s] Level 1:colcon.colcon_core.package_identification:_identify(teleop_twist_emer_key) by extensions ['colcon_meta']
[3.070s] Level 1:colcon.colcon_core.package_identification:_identify(teleop_twist_emer_key) by extension 'colcon_meta'
[3.071s] Level 1:colcon.colcon_core.package_identification:_identify(teleop_twist_emer_key) by extensions ['ros']
[3.071s] Level 1:colcon.colcon_core.package_identification:_identify(teleop_twist_emer_key) by extension 'ros'
[3.075s] DEBUG:colcon.colcon_core.package_identification:Package 'teleop_twist_emer_key' with type 'ros.ament_python' and name 'teleop_twist_emer_key'
[3.075s] Level 1:colcon.colcon_core.package_discovery:discover_packages(recursive) using defaults
[3.075s] Level 1:colcon.colcon_core.package_discovery:discover_packages(ignore) discover
[3.075s] Level 1:colcon.colcon_core.package_discovery:discover_packages(ignore) using defaults
[3.076s] Level 1:colcon.colcon_core.package_discovery:discover_packages(path) discover
[3.076s] Level 1:colcon.colcon_core.package_discovery:discover_packages(path) using defaults
[3.199s] Level 1:colcon.colcon_core.package_discovery:discover_packages(prefix_path) check parameters
[3.199s] Level 1:colcon.colcon_core.package_discovery:discover_packages(prefix_path) discover
[3.232s] DEBUG:colcon.colcon_installed_package_information.package_discovery:Found 10 installed packages in /home/wheeltec/KUL_TABLOO/src/install
[3.249s] DEBUG:colcon.colcon_installed_package_information.package_discovery:Found 72 installed packages in /home/wheeltec/wheeltec_ros2/install
[3.255s] DEBUG:colcon.colcon_installed_package_information.package_discovery:Found 8 installed packages in /home/wheeltec/KUL_TABLOO/install
[3.265s] DEBUG:colcon.colcon_installed_package_information.package_discovery:Found 345 installed packages in /opt/ros/galactic
[3.287s] Level 1:colcon.colcon_core.package_discovery:discover_packages(prefix_path) using defaults
[3.907s] Level 5:colcon.colcon_core.verb:set package 'actionclient' build argument 'cmake_args' from command line to 'None'
[3.907s] Level 5:colcon.colcon_core.verb:set package 'actionclient' build argument 'cmake_target' from command line to 'None'
[3.908s] Level 5:colcon.colcon_core.verb:set package 'actionclient' build argument 'cmake_target_skip_unavailable' from command line to 'False'
[3.908s] Level 5:colcon.colcon_core.verb:set package 'actionclient' build argument 'cmake_clean_cache' from command line to 'False'
[3.908s] Level 5:colcon.colcon_core.verb:set package 'actionclient' build argument 'cmake_clean_first' from command line to 'False'
[3.908s] Level 5:colcon.colcon_core.verb:set package 'actionclient' build argument 'cmake_force_configure' from command line to 'False'
[3.908s] Level 5:colcon.colcon_core.verb:set package 'actionclient' build argument 'ament_cmake_args' from command line to 'None'
[3.908s] Level 5:colcon.colcon_core.verb:set package 'actionclient' build argument 'catkin_cmake_args' from command line to 'None'
[3.908s] Level 5:colcon.colcon_core.verb:set package 'actionclient' build argument 'catkin_skip_building_tests' from command line to 'False'
[3.909s] DEBUG:colcon.colcon_core.verb:Building package 'actionclient' with the following arguments: {'ament_cmake_args': None, 'build_base': '/home/wheeltec/KUL_TABLOO/src/build/actionclient', 'catkin_cmake_args': None, 'catkin_skip_building_tests': False, 'cmake_args': None, 'cmake_clean_cache': False, 'cmake_clean_first': False, 'cmake_force_configure': False, 'cmake_target': None, 'cmake_target_skip_unavailable': False, 'install_base': '/home/wheeltec/KUL_TABLOO/src/install/actionclient', 'merge_install': False, 'path': '/home/wheeltec/KUL_TABLOO/src/actionclient', 'symlink_install': False, 'test_result_base': None}
[3.910s] Level 5:colcon.colcon_core.verb:set package 'beamer' build argument 'cmake_args' from command line to 'None'
[3.911s] Level 5:colcon.colcon_core.verb:set package 'beamer' build argument 'cmake_target' from command line to 'None'
[3.911s] Level 5:colcon.colcon_core.verb:set package 'beamer' build argument 'cmake_target_skip_unavailable' from command line to 'False'
[3.911s] Level 5:colcon.colcon_core.verb:set package 'beamer' build argument 'cmake_clean_cache' from command line to 'False'
[3.911s] Level 5:colcon.colcon_core.verb:set package 'beamer' build argument 'cmake_clean_first' from command line to 'False'
[3.911s] Level 5:colcon.colcon_core.verb:set package 'beamer' build argument 'cmake_force_configure' from command line to 'False'
[3.911s] Level 5:colcon.colcon_core.verb:set package 'beamer' build argument 'ament_cmake_args' from command line to 'None'
[3.911s] Level 5:colcon.colcon_core.verb:set package 'beamer' build argument 'catkin_cmake_args' from command line to 'None'
[3.912s] Level 5:colcon.colcon_core.verb:set package 'beamer' build argument 'catkin_skip_building_tests' from command line to 'False'
[3.912s] DEBUG:colcon.colcon_core.verb:Building package 'beamer' with the following arguments: {'ament_cmake_args': None, 'build_base': '/home/wheeltec/KUL_TABLOO/src/build/beamer', 'catkin_cmake_args': None, 'catkin_skip_building_tests': False, 'cmake_args': None, 'cmake_clean_cache': False, 'cmake_clean_first': False, 'cmake_force_configure': False, 'cmake_target': None, 'cmake_target_skip_unavailable': False, 'install_base': '/home/wheeltec/KUL_TABLOO/src/install/beamer', 'merge_install': False, 'path': '/home/wheeltec/KUL_TABLOO/src/beamer', 'symlink_install': False, 'test_result_base': None}
[3.914s] Level 5:colcon.colcon_core.verb:set package 'emergency_stop' build argument 'cmake_args' from command line to 'None'
[3.914s] Level 5:colcon.colcon_core.verb:set package 'emergency_stop' build argument 'cmake_target' from command line to 'None'
[3.914s] Level 5:colcon.colcon_core.verb:set package 'emergency_stop' build argument 'cmake_target_skip_unavailable' from command line to 'False'
[3.914s] Level 5:colcon.colcon_core.verb:set package 'emergency_stop' build argument 'cmake_clean_cache' from command line to 'False'
[3.914s] Level 5:colcon.colcon_core.verb:set package 'emergency_stop' build argument 'cmake_clean_first' from command line to 'False'
[3.914s] Level 5:colcon.colcon_core.verb:set package 'emergency_stop' build argument 'cmake_force_configure' from command line to 'False'
[3.914s] Level 5:colcon.colcon_core.verb:set package 'emergency_stop' build argument 'ament_cmake_args' from command line to 'None'
[3.915s] Level 5:colcon.colcon_core.verb:set package 'emergency_stop' build argument 'catkin_cmake_args' from command line to 'None'
[3.915s] Level 5:colcon.colcon_core.verb:set package 'emergency_stop' build argument 'catkin_skip_building_tests' from command line to 'False'
[3.915s] DEBUG:colcon.colcon_core.verb:Building package 'emergency_stop' with the following arguments: {'ament_cmake_args': None, 'build_base': '/home/wheeltec/KUL_TABLOO/src/build/emergency_stop', 'catkin_cmake_args': None, 'catkin_skip_building_tests': False, 'cmake_args': None, 'cmake_clean_cache': False, 'cmake_clean_first': False, 'cmake_force_configure': False, 'cmake_target': None, 'cmake_target_skip_unavailable': False, 'install_base': '/home/wheeltec/KUL_TABLOO/src/install/emergency_stop', 'merge_install': False, 'path': '/home/wheeltec/KUL_TABLOO/src/emergency_stop', 'symlink_install': False, 'test_result_base': None}
[3.917s] Level 5:colcon.colcon_core.verb:set package 'heartbeat_monitor' build argument 'cmake_args' from command line to 'None'
[3.917s] Level 5:colcon.colcon_core.verb:set package 'heartbeat_monitor' build argument 'cmake_target' from command line to 'None'
[3.917s] Level 5:colcon.colcon_core.verb:set package 'heartbeat_monitor' build argument 'cmake_target_skip_unavailable' from command line to 'False'
[3.917s] Level 5:colcon.colcon_core.verb:set package 'heartbeat_monitor' build argument 'cmake_clean_cache' from command line to 'False'
[3.917s] Level 5:colcon.colcon_core.verb:set package 'heartbeat_monitor' build argument 'cmake_clean_first' from command line to 'False'
[3.917s] Level 5:colcon.colcon_core.verb:set package 'heartbeat_monitor' build argument 'cmake_force_configure' from command line to 'False'
[3.917s] Level 5:colcon.colcon_core.verb:set package 'heartbeat_monitor' build argument 'ament_cmake_args' from command line to 'None'
[3.917s] Level 5:colcon.colcon_core.verb:set package 'heartbeat_monitor' build argument 'catkin_cmake_args' from command line to 'None'
[3.918s] Level 5:colcon.colcon_core.verb:set package 'heartbeat_monitor' build argument 'catkin_skip_building_tests' from command line to 'False'
[3.918s] DEBUG:colcon.colcon_core.verb:Building package 'heartbeat_monitor' with the following arguments: {'ament_cmake_args': None, 'build_base': '/home/wheeltec/KUL_TABLOO/src/build/heartbeat_monitor', 'catkin_cmake_args': None, 'catkin_skip_building_tests': False, 'cmake_args': None, 'cmake_clean_cache': False, 'cmake_clean_first': False, 'cmake_force_configure': False, 'cmake_target': None, 'cmake_target_skip_unavailable': False, 'install_base': '/home/wheeltec/KUL_TABLOO/src/install/heartbeat_monitor', 'merge_install': False, 'path': '/home/wheeltec/KUL_TABLOO/src/heartbeat_monitor', 'symlink_install': False, 'test_result_base': None}
[3.920s] Level 5:colcon.colcon_core.verb:set package 'quiz' build argument 'cmake_args' from command line to 'None'
[3.920s] Level 5:colcon.colcon_core.verb:set package 'quiz' build argument 'cmake_target' from command line to 'None'
[3.920s] Level 5:colcon.colcon_core.verb:set package 'quiz' build argument 'cmake_target_skip_unavailable' from command line to 'False'
[3.920s] Level 5:colcon.colcon_core.verb:set package 'quiz' build argument 'cmake_clean_cache' from command line to 'False'
[3.920s] Level 5:colcon.colcon_core.verb:set package 'quiz' build argument 'cmake_clean_first' from command line to 'False'
[3.921s] Level 5:colcon.colcon_core.verb:set package 'quiz' build argument 'cmake_force_configure' from command line to 'False'
[3.921s] Level 5:colcon.colcon_core.verb:set package 'quiz' build argument 'ament_cmake_args' from command line to 'None'
[3.921s] Level 5:colcon.colcon_core.verb:set package 'quiz' build argument 'catkin_cmake_args' from command line to 'None'
[3.921s] Level 5:colcon.colcon_core.verb:set package 'quiz' build argument 'catkin_skip_building_tests' from command line to 'False'
[3.921s] DEBUG:colcon.colcon_core.verb:Building package 'quiz' with the following arguments: {'ament_cmake_args': None, 'build_base': '/home/wheeltec/KUL_TABLOO/src/build/quiz', 'catkin_cmake_args': None, 'catkin_skip_building_tests': False, 'cmake_args': None, 'cmake_clean_cache': False, 'cmake_clean_first': False, 'cmake_force_configure': False, 'cmake_target': None, 'cmake_target_skip_unavailable': False, 'install_base': '/home/wheeltec/KUL_TABLOO/src/install/quiz', 'merge_install': False, 'path': '/home/wheeltec/KUL_TABLOO/src/quiz', 'symlink_install': False, 'test_result_base': None}
[3.923s] Level 5:colcon.colcon_core.verb:set package 'quiz_enable' build argument 'cmake_args' from command line to 'None'
[3.923s] Level 5:colcon.colcon_core.verb:set package 'quiz_enable' build argument 'cmake_target' from command line to 'None'
[3.923s] Level 5:colcon.colcon_core.verb:set package 'quiz_enable' build argument 'cmake_target_skip_unavailable' from command line to 'False'
[3.924s] Level 5:colcon.colcon_core.verb:set package 'quiz_enable' build argument 'cmake_clean_cache' from command line to 'False'
[3.924s] Level 5:colcon.colcon_core.verb:set package 'quiz_enable' build argument 'cmake_clean_first' from command line to 'False'
[3.924s] Level 5:colcon.colcon_core.verb:set package 'quiz_enable' build argument 'cmake_force_configure' from command line to 'False'
[3.924s] Level 5:colcon.colcon_core.verb:set package 'quiz_enable' build argument 'ament_cmake_args' from command line to 'None'
[3.924s] Level 5:colcon.colcon_core.verb:set package 'quiz_enable' build argument 'catkin_cmake_args' from command line to 'None'
[3.924s] Level 5:colcon.colcon_core.verb:set package 'quiz_enable' build argument 'catkin_skip_building_tests' from command line to 'False'
[3.924s] DEBUG:colcon.colcon_core.verb:Building package 'quiz_enable' with the following arguments: {'ament_cmake_args': None, 'build_base': '/home/wheeltec/KUL_TABLOO/src/build/quiz_enable', 'catkin_cmake_args': None, 'catkin_skip_building_tests': False, 'cmake_args': None, 'cmake_clean_cache': False, 'cmake_clean_first': False, 'cmake_force_configure': False, 'cmake_target': None, 'cmake_target_skip_unavailable': False, 'install_base': '/home/wheeltec/KUL_TABLOO/src/install/quiz_enable', 'merge_install': False, 'path': '/home/wheeltec/KUL_TABLOO/src/quiz_enable', 'symlink_install': False, 'test_result_base': None}
[3.926s] Level 5:colcon.colcon_core.verb:set package 'remote_control_socket' build argument 'cmake_args' from command line to 'None'
[3.927s] Level 5:colcon.colcon_core.verb:set package 'remote_control_socket' build argument 'cmake_target' from command line to 'None'
[3.927s] Level 5:colcon.colcon_core.verb:set package 'remote_control_socket' build argument 'cmake_target_skip_unavailable' from command line to 'False'
[3.927s] Level 5:colcon.colcon_core.verb:set package 'remote_control_socket' build argument 'cmake_clean_cache' from command line to 'False'
[3.927s] Level 5:colcon.colcon_core.verb:set package 'remote_control_socket' build argument 'cmake_clean_first' from command line to 'False'
[3.927s] Level 5:colcon.colcon_core.verb:set package 'remote_control_socket' build argument 'cmake_force_configure' from command line to 'False'
[3.927s] Level 5:colcon.colcon_core.verb:set package 'remote_control_socket' build argument 'ament_cmake_args' from command line to 'None'
[3.927s] Level 5:colcon.colcon_core.verb:set package 'remote_control_socket' build argument 'catkin_cmake_args' from command line to 'None'
[3.927s] Level 5:colcon.colcon_core.verb:set package 'remote_control_socket' build argument 'catkin_skip_building_tests' from command line to 'False'
[3.928s] DEBUG:colcon.colcon_core.verb:Building package 'remote_control_socket' with the following arguments: {'ament_cmake_args': None, 'build_base': '/home/wheeltec/KUL_TABLOO/src/build/remote_control_socket', 'catkin_cmake_args': None, 'catkin_skip_building_tests': False, 'cmake_args': None, 'cmake_clean_cache': False, 'cmake_clean_first': False, 'cmake_force_configure': False, 'cmake_target': None, 'cmake_target_skip_unavailable': False, 'install_base': '/home/wheeltec/KUL_TABLOO/src/install/remote_control_socket', 'merge_install': False, 'path': '/home/wheeltec/KUL_TABLOO/src/remote_control_socket', 'symlink_install': False, 'test_result_base': None}
[3.929s] Level 5:colcon.colcon_core.verb:set package 'rpi_pub' build argument 'cmake_args' from command line to 'None'
[3.930s] Level 5:colcon.colcon_core.verb:set package 'rpi_pub' build argument 'cmake_target' from command line to 'None'
[3.930s] Level 5:colcon.colcon_core.verb:set package 'rpi_pub' build argument 'cmake_target_skip_unavailable' from command line to 'False'
[3.930s] Level 5:colcon.colcon_core.verb:set package 'rpi_pub' build argument 'cmake_clean_cache' from command line to 'False'
[3.930s] Level 5:colcon.colcon_core.verb:set package 'rpi_pub' build argument 'cmake_clean_first' from command line to 'False'
[3.930s] Level 5:colcon.colcon_core.verb:set package 'rpi_pub' build argument 'cmake_force_configure' from command line to 'False'
[3.930s] Level 5:colcon.colcon_core.verb:set package 'rpi_pub' build argument 'ament_cmake_args' from command line to 'None'
[3.930s] Level 5:colcon.colcon_core.verb:set package 'rpi_pub' build argument 'catkin_cmake_args' from command line to 'None'
[3.930s] Level 5:colcon.colcon_core.verb:set package 'rpi_pub' build argument 'catkin_skip_building_tests' from command line to 'False'
[3.931s] DEBUG:colcon.colcon_core.verb:Building package 'rpi_pub' with the following arguments: {'ament_cmake_args': None, 'build_base': '/home/wheeltec/KUL_TABLOO/src/build/rpi_pub', 'catkin_cmake_args': None, 'catkin_skip_building_tests': False, 'cmake_args': None, 'cmake_clean_cache': False, 'cmake_clean_first': False, 'cmake_force_configure': False, 'cmake_target': None, 'cmake_target_skip_unavailable': False, 'install_base': '/home/wheeltec/KUL_TABLOO/src/install/rpi_pub', 'merge_install': False, 'path': '/home/wheeltec/KUL_TABLOO/src/rpi_pub', 'symlink_install': False, 'test_result_base': None}
[3.932s] Level 5:colcon.colcon_core.verb:set package 'teleop_twist_emer_key' build argument 'cmake_args' from command line to 'None'
[3.933s] Level 5:colcon.colcon_core.verb:set package 'teleop_twist_emer_key' build argument 'cmake_target' from command line to 'None'
[3.933s] Level 5:colcon.colcon_core.verb:set package 'teleop_twist_emer_key' build argument 'cmake_target_skip_unavailable' from command line to 'False'
[3.933s] Level 5:colcon.colcon_core.verb:set package 'teleop_twist_emer_key' build argument 'cmake_clean_cache' from command line to 'False'
[3.933s] Level 5:colcon.colcon_core.verb:set package 'teleop_twist_emer_key' build argument 'cmake_clean_first' from command line to 'False'
[3.933s] Level 5:colcon.colcon_core.verb:set package 'teleop_twist_emer_key' build argument 'cmake_force_configure' from command line to 'False'
[3.933s] Level 5:colcon.colcon_core.verb:set package 'teleop_twist_emer_key' build argument 'ament_cmake_args' from command line to 'None'
[3.933s] Level 5:colcon.colcon_core.verb:set package 'teleop_twist_emer_key' build argument 'catkin_cmake_args' from command line to 'None'
[3.933s] Level 5:colcon.colcon_core.verb:set package 'teleop_twist_emer_key' build argument 'catkin_skip_building_tests' from command line to 'False'
[3.933s] DEBUG:colcon.colcon_core.verb:Building package 'teleop_twist_emer_key' with the following arguments: {'ament_cmake_args': None, 'build_base': '/home/wheeltec/KUL_TABLOO/src/build/teleop_twist_emer_key', 'catkin_cmake_args': None, 'catkin_skip_building_tests': False, 'cmake_args': None, 'cmake_clean_cache': False, 'cmake_clean_first': False, 'cmake_force_configure': False, 'cmake_target': None, 'cmake_target_skip_unavailable': False, 'install_base': '/home/wheeltec/KUL_TABLOO/src/install/teleop_twist_emer_key', 'merge_install': False, 'path': '/home/wheeltec/KUL_TABLOO/src/teleop_twist_emer_key', 'symlink_install': False, 'test_result_base': None}
[3.934s] INFO:colcon.colcon_core.executor:Executing jobs using 'parallel' executor
[3.939s] DEBUG:colcon.colcon_parallel_executor.executor.parallel:run_until_complete
[3.940s] INFO:colcon.colcon_ros.task.ament_python.build:Building ROS package in '/home/wheeltec/KUL_TABLOO/src/actionclient' with build type 'ament_python'
[3.941s] Level 1:colcon.colcon_core.shell:create_environment_hook('actionclient', 'ament_prefix_path')
[3.960s] INFO:colcon.colcon_core.plugin_system:Skipping extension 'colcon_core.shell.bat': Not used on non-Windows systems
[3.961s] INFO:colcon.colcon_core.shell:Creating environment hook '/home/wheeltec/KUL_TABLOO/src/install/actionclient/share/actionclient/hook/ament_prefix_path.ps1'
[3.965s] INFO:colcon.colcon_core.shell:Creating environment descriptor '/home/wheeltec/KUL_TABLOO/src/install/actionclient/share/actionclient/hook/ament_prefix_path.dsv'
[3.972s] INFO:colcon.colcon_core.shell:Creating environment hook '/home/wheeltec/KUL_TABLOO/src/install/actionclient/share/actionclient/hook/ament_prefix_path.sh'
[3.977s] INFO:colcon.colcon_core.shell:Skip shell extension 'powershell' for command environment: Not usable outside of PowerShell
[3.977s] DEBUG:colcon.colcon_core.shell:Skip shell extension 'dsv' for command environment
[4.032s] INFO:colcon.colcon_ros.task.ament_python.build:Building ROS package in '/home/wheeltec/KUL_TABLOO/src/beamer' with build type 'ament_python'
[4.033s] Level 1:colcon.colcon_core.shell:create_environment_hook('beamer', 'ament_prefix_path')
[4.035s] INFO:colcon.colcon_core.shell:Creating environment hook '/home/wheeltec/KUL_TABLOO/src/install/beamer/share/beamer/hook/ament_prefix_path.ps1'
[4.039s] INFO:colcon.colcon_core.shell:Creating environment descriptor '/home/wheeltec/KUL_TABLOO/src/install/beamer/share/beamer/hook/ament_prefix_path.dsv'
[4.040s] INFO:colcon.colcon_core.shell:Creating environment hook '/home/wheeltec/KUL_TABLOO/src/install/beamer/share/beamer/hook/ament_prefix_path.sh'
[4.043s] INFO:colcon.colcon_core.shell:Skip shell extension 'powershell' for command environment: Not usable outside of PowerShell
[4.043s] DEBUG:colcon.colcon_core.shell:Skip shell extension 'dsv' for command environment
[4.100s] INFO:colcon.colcon_ros.task.ament_python.build:Building ROS package in '/home/wheeltec/KUL_TABLOO/src/emergency_stop' with build type 'ament_python'
[4.101s] Level 1:colcon.colcon_core.shell:create_environment_hook('emergency_stop', 'ament_prefix_path')
[4.102s] INFO:colcon.colcon_core.shell:Creating environment hook '/home/wheeltec/KUL_TABLOO/src/install/emergency_stop/share/emergency_stop/hook/ament_prefix_path.ps1'
[4.105s] INFO:colcon.colcon_core.shell:Creating environment descriptor '/home/wheeltec/KUL_TABLOO/src/install/emergency_stop/share/emergency_stop/hook/ament_prefix_path.dsv'
[4.107s] INFO:colcon.colcon_core.shell:Creating environment hook '/home/wheeltec/KUL_TABLOO/src/install/emergency_stop/share/emergency_stop/hook/ament_prefix_path.sh'
[4.110s] INFO:colcon.colcon_core.shell:Skip shell extension 'powershell' for command environment: Not usable outside of PowerShell
[4.111s] DEBUG:colcon.colcon_core.shell:Skip shell extension 'dsv' for command environment
[4.169s] INFO:colcon.colcon_ros.task.ament_python.build:Building ROS package in '/home/wheeltec/KUL_TABLOO/src/heartbeat_monitor' with build type 'ament_python'
[4.172s] Level 1:colcon.colcon_core.shell:create_environment_hook('heartbeat_monitor', 'ament_prefix_path')
[4.173s] INFO:colcon.colcon_core.shell:Creating environment hook '/home/wheeltec/KUL_TABLOO/src/install/heartbeat_monitor/share/heartbeat_monitor/hook/ament_prefix_path.ps1'
[4.176s] INFO:colcon.colcon_core.shell:Creating environment descriptor '/home/wheeltec/KUL_TABLOO/src/install/heartbeat_monitor/share/heartbeat_monitor/hook/ament_prefix_path.dsv'
[4.179s] INFO:colcon.colcon_core.shell:Creating environment hook '/home/wheeltec/KUL_TABLOO/src/install/heartbeat_monitor/share/heartbeat_monitor/hook/ament_prefix_path.sh'
[4.182s] INFO:colcon.colcon_core.shell:Skip shell extension 'powershell' for command environment: Not usable outside of PowerShell
[4.182s] DEBUG:colcon.colcon_core.shell:Skip shell extension 'dsv' for command environment
[6.166s] INFO:colcon.colcon_core.task.python.build:Building Python package in '/home/wheeltec/KUL_TABLOO/src/actionclient'
[6.168s] INFO:colcon.colcon_core.shell:Skip shell extension 'powershell' for command environment: Not usable outside of PowerShell
[6.168s] DEBUG:colcon.colcon_core.shell:Skip shell extension 'dsv' for command environment
[8.059s] INFO:colcon.colcon_core.task.python.build:Building Python package in '/home/wheeltec/KUL_TABLOO/src/beamer'
[8.061s] INFO:colcon.colcon_core.shell:Skip shell extension 'powershell' for command environment: Not usable outside of PowerShell
[8.061s] DEBUG:colcon.colcon_core.shell:Skip shell extension 'dsv' for command environment
[10.046s] INFO:colcon.colcon_core.task.python.build:Building Python package in '/home/wheeltec/KUL_TABLOO/src/emergency_stop'
[10.048s] INFO:colcon.colcon_core.shell:Skip shell extension 'powershell' for command environment: Not usable outside of PowerShell
[10.049s] DEBUG:colcon.colcon_core.shell:Skip shell extension 'dsv' for command environment
[11.938s] INFO:colcon.colcon_core.task.python.build:Building Python package in '/home/wheeltec/KUL_TABLOO/src/heartbeat_monitor'
[11.939s] INFO:colcon.colcon_core.shell:Skip shell extension 'powershell' for command environment: Not usable outside of PowerShell
[11.940s] DEBUG:colcon.colcon_core.shell:Skip shell extension 'dsv' for command environment
[17.667s] DEBUG:colcon.colcon_core.event_handler.log_command:Invoking command in '/home/wheeltec/KUL_TABLOO/src/heartbeat_monitor': PYTHONPATH=/home/wheeltec/KUL_TABLOO/src/build/heartbeat_monitor/prefix_override:/usr/lib/python3/dist-packages/colcon_core/task/python/colcon_distutils_commands:/home/wheeltec/KUL_TABLOO/src/install/heartbeat_monitor/lib/python3.8/site-packages:${PYTHONPATH} /usr/bin/python3 -W ignore:setup.py install is deprecated -W ignore:easy_install command is deprecated setup.py egg_info --egg-base ../build/heartbeat_monitor build --build-base /home/wheeltec/KUL_TABLOO/src/build/heartbeat_monitor/build install --record /home/wheeltec/KUL_TABLOO/src/build/heartbeat_monitor/install.log --single-version-externally-managed install_data
[17.742s] DEBUG:colcon.colcon_core.event_handler.log_command:Invoking command in '/home/wheeltec/KUL_TABLOO/src/emergency_stop': PYTHONPATH=/home/wheeltec/KUL_TABLOO/src/build/emergency_stop/prefix_override:/usr/lib/python3/dist-packages/colcon_core/task/python/colcon_distutils_commands:/home/wheeltec/KUL_TABLOO/src/install/emergency_stop/lib/python3.8/site-packages:${PYTHONPATH} /usr/bin/python3 -W ignore:setup.py install is deprecated -W ignore:easy_install command is deprecated setup.py egg_info --egg-base ../build/emergency_stop build --build-base /home/wheeltec/KUL_TABLOO/src/build/emergency_stop/build install --record /home/wheeltec/KUL_TABLOO/src/build/emergency_stop/install.log --single-version-externally-managed install_data
[17.805s] DEBUG:colcon.colcon_core.event_handler.log_command:Invoking command in '/home/wheeltec/KUL_TABLOO/src/actionclient': PYTHONPATH=/home/wheeltec/KUL_TABLOO/src/build/actionclient/prefix_override:/usr/lib/python3/dist-packages/colcon_core/task/python/colcon_distutils_commands:/home/wheeltec/KUL_TABLOO/src/install/actionclient/lib/python3.8/site-packages:${PYTHONPATH} /usr/bin/python3 -W ignore:setup.py install is deprecated -W ignore:easy_install command is deprecated setup.py egg_info --egg-base ../build/actionclient build --build-base /home/wheeltec/KUL_TABLOO/src/build/actionclient/build install --record /home/wheeltec/KUL_TABLOO/src/build/actionclient/install.log --single-version-externally-managed install_data
[17.901s] DEBUG:colcon.colcon_core.event_handler.log_command:Invoking command in '/home/wheeltec/KUL_TABLOO/src/beamer': PYTHONPATH=/home/wheeltec/KUL_TABLOO/src/build/beamer/prefix_override:/usr/lib/python3/dist-packages/colcon_core/task/python/colcon_distutils_commands:/home/wheeltec/KUL_TABLOO/src/install/beamer/lib/python3.8/site-packages:${PYTHONPATH} /usr/bin/python3 -W ignore:setup.py install is deprecated -W ignore:easy_install command is deprecated setup.py egg_info --egg-base ../build/beamer build --build-base /home/wheeltec/KUL_TABLOO/src/build/beamer/build install --record /home/wheeltec/KUL_TABLOO/src/build/beamer/install.log --single-version-externally-managed install_data
[22.232s] DEBUG:colcon.colcon_core.event_handler.log_command:Invoked command in '/home/wheeltec/KUL_TABLOO/src/actionclient' returned '0': PYTHONPATH=/home/wheeltec/KUL_TABLOO/src/build/actionclient/prefix_override:/usr/lib/python3/dist-packages/colcon_core/task/python/colcon_distutils_commands:/home/wheeltec/KUL_TABLOO/src/install/actionclient/lib/python3.8/site-packages:${PYTHONPATH} /usr/bin/python3 -W ignore:setup.py install is deprecated -W ignore:easy_install command is deprecated setup.py egg_info --egg-base ../build/actionclient build --build-base /home/wheeltec/KUL_TABLOO/src/build/actionclient/build install --record /home/wheeltec/KUL_TABLOO/src/build/actionclient/install.log --single-version-externally-managed install_data
[22.356s] Level 1:colcon.colcon_core.environment:checking '/home/wheeltec/KUL_TABLOO/src/install/actionclient' for CMake module files
[22.359s] Level 1:colcon.colcon_core.environment:checking '/home/wheeltec/KUL_TABLOO/src/install/actionclient' for CMake config files
[22.362s] Level 1:colcon.colcon_core.environment:checking '/home/wheeltec/KUL_TABLOO/src/install/actionclient/lib'
[22.363s] Level 1:colcon.colcon_core.environment:checking '/home/wheeltec/KUL_TABLOO/src/install/actionclient/bin'
[22.367s] Level 1:colcon.colcon_core.environment:checking '/home/wheeltec/KUL_TABLOO/src/install/actionclient/lib/pkgconfig/actionclient.pc'
[22.368s] Level 1:colcon.colcon_core.environment:checking '/home/wheeltec/KUL_TABLOO/src/install/actionclient/lib/python3.8/site-packages'
[22.369s] Level 1:colcon.colcon_core.shell:create_environment_hook('actionclient', 'pythonpath')
[22.371s] INFO:colcon.colcon_core.shell:Creating environment hook '/home/wheeltec/KUL_TABLOO/src/install/actionclient/share/actionclient/hook/pythonpath.ps1'
[22.437s] INFO:colcon.colcon_core.shell:Creating environment descriptor '/home/wheeltec/KUL_TABLOO/src/install/actionclient/share/actionclient/hook/pythonpath.dsv'
[22.448s] INFO:colcon.colcon_core.shell:Creating environment hook '/home/wheeltec/KUL_TABLOO/src/install/actionclient/share/actionclient/hook/pythonpath.sh'
[22.454s] Level 1:colcon.colcon_core.environment:checking '/home/wheeltec/KUL_TABLOO/src/install/actionclient/bin'
[22.454s] Level 1:colcon.colcon_core.environment:create_environment_scripts_only(actionclient)
[22.456s] INFO:colcon.colcon_core.shell:Creating package script '/home/wheeltec/KUL_TABLOO/src/install/actionclient/share/actionclient/package.ps1'
[22.461s] INFO:colcon.colcon_core.shell:Creating package descriptor '/home/wheeltec/KUL_TABLOO/src/install/actionclient/share/actionclient/package.dsv'
[22.467s] INFO:colcon.colcon_core.shell:Creating package script '/home/wheeltec/KUL_TABLOO/src/install/actionclient/share/actionclient/package.sh'
[22.479s] INFO:colcon.colcon_core.shell:Creating package script '/home/wheeltec/KUL_TABLOO/src/install/actionclient/share/actionclient/package.bash'
[22.486s] INFO:colcon.colcon_core.shell:Creating package script '/home/wheeltec/KUL_TABLOO/src/install/actionclient/share/actionclient/package.zsh'
[22.494s] Level 1:colcon.colcon_core.environment:create_file_with_runtime_dependencies(/home/wheeltec/KUL_TABLOO/src/install/actionclient/share/colcon-core/packages/actionclient)
[22.497s] INFO:colcon.colcon_ros.task.ament_python.build:Building ROS package in '/home/wheeltec/KUL_TABLOO/src/quiz' with build type 'ament_python'
[22.506s] Level 1:colcon.colcon_core.shell:create_environment_hook('quiz', 'ament_prefix_path')
[22.507s] INFO:colcon.colcon_core.shell:Creating environment hook '/home/wheeltec/KUL_TABLOO/src/install/quiz/share/quiz/hook/ament_prefix_path.ps1'
[22.509s] INFO:colcon.colcon_core.shell:Creating environment descriptor '/home/wheeltec/KUL_TABLOO/src/install/quiz/share/quiz/hook/ament_prefix_path.dsv'
[22.510s] INFO:colcon.colcon_core.shell:Creating environment hook '/home/wheeltec/KUL_TABLOO/src/install/quiz/share/quiz/hook/ament_prefix_path.sh'
[22.513s] INFO:colcon.colcon_core.shell:Skip shell extension 'powershell' for command environment: Not usable outside of PowerShell
[22.513s] DEBUG:colcon.colcon_core.shell:Skip shell extension 'dsv' for command environment
[22.595s] Level 1:colcon.colcon_core.environment:checking '/home/wheeltec/KUL_TABLOO/src/install/emergency_stop' for CMake module files
[22.599s] DEBUG:colcon.colcon_core.event_handler.log_command:Invoked command in '/home/wheeltec/KUL_TABLOO/src/emergency_stop' returned '0': PYTHONPATH=/home/wheeltec/KUL_TABLOO/src/build/emergency_stop/prefix_override:/usr/lib/python3/dist-packages/colcon_core/task/python/colcon_distutils_commands:/home/wheeltec/KUL_TABLOO/src/install/emergency_stop/lib/python3.8/site-packages:${PYTHONPATH} /usr/bin/python3 -W ignore:setup.py install is deprecated -W ignore:easy_install command is deprecated setup.py egg_info --egg-base ../build/emergency_stop build --build-base /home/wheeltec/KUL_TABLOO/src/build/emergency_stop/build install --record /home/wheeltec/KUL_TABLOO/src/build/emergency_stop/install.log --single-version-externally-managed install_data
[22.601s] Level 1:colcon.colcon_core.environment:checking '/home/wheeltec/KUL_TABLOO/src/install/emergency_stop' for CMake config files
[22.604s] Level 1:colcon.colcon_core.environment:checking '/home/wheeltec/KUL_TABLOO/src/install/emergency_stop/lib'
[22.605s] Level 1:colcon.colcon_core.environment:checking '/home/wheeltec/KUL_TABLOO/src/install/emergency_stop/bin'
[22.605s] Level 1:colcon.colcon_core.environment:checking '/home/wheeltec/KUL_TABLOO/src/install/emergency_stop/lib/pkgconfig/emergency_stop.pc'
[22.606s] Level 1:colcon.colcon_core.environment:checking '/home/wheeltec/KUL_TABLOO/src/install/emergency_stop/lib/python3.8/site-packages'
[22.606s] Level 1:colcon.colcon_core.shell:create_environment_hook('emergency_stop', 'pythonpath')
[22.608s] INFO:colcon.colcon_core.shell:Creating environment hook '/home/wheeltec/KUL_TABLOO/src/install/emergency_stop/share/emergency_stop/hook/pythonpath.ps1'
[22.610s] INFO:colcon.colcon_core.shell:Creating environment descriptor '/home/wheeltec/KUL_TABLOO/src/install/emergency_stop/share/emergency_stop/hook/pythonpath.dsv'
[22.614s] INFO:colcon.colcon_core.shell:Creating environment hook '/home/wheeltec/KUL_TABLOO/src/install/emergency_stop/share/emergency_stop/hook/pythonpath.sh'
[22.617s] Level 1:colcon.colcon_core.environment:checking '/home/wheeltec/KUL_TABLOO/src/install/emergency_stop/bin'
[22.618s] Level 1:colcon.colcon_core.environment:create_environment_scripts_only(emergency_stop)
[22.620s] INFO:colcon.colcon_core.shell:Creating package script '/home/wheeltec/KUL_TABLOO/src/install/emergency_stop/share/emergency_stop/package.ps1'
[22.623s] INFO:colcon.colcon_core.shell:Creating package descriptor '/home/wheeltec/KUL_TABLOO/src/install/emergency_stop/share/emergency_stop/package.dsv'
[22.628s] INFO:colcon.colcon_core.shell:Creating package script '/home/wheeltec/KUL_TABLOO/src/install/emergency_stop/share/emergency_stop/package.sh'
[22.631s] INFO:colcon.colcon_core.shell:Creating package script '/home/wheeltec/KUL_TABLOO/src/install/emergency_stop/share/emergency_stop/package.bash'
[22.633s] INFO:colcon.colcon_core.shell:Creating package script '/home/wheeltec/KUL_TABLOO/src/install/emergency_stop/share/emergency_stop/package.zsh'
[22.636s] Level 1:colcon.colcon_core.environment:create_file_with_runtime_dependencies(/home/wheeltec/KUL_TABLOO/src/install/emergency_stop/share/colcon-core/packages/emergency_stop)
[22.640s] Level 1:colcon.colcon_core.environment:checking '/home/wheeltec/KUL_TABLOO/src/install/heartbeat_monitor' for CMake module files
[22.647s] DEBUG:colcon.colcon_core.event_handler.log_command:Invoked command in '/home/wheeltec/KUL_TABLOO/src/heartbeat_monitor' returned '0': PYTHONPATH=/home/wheeltec/KUL_TABLOO/src/build/heartbeat_monitor/prefix_override:/usr/lib/python3/dist-packages/colcon_core/task/python/colcon_distutils_commands:/home/wheeltec/KUL_TABLOO/src/install/heartbeat_monitor/lib/python3.8/site-packages:${PYTHONPATH} /usr/bin/python3 -W ignore:setup.py install is deprecated -W ignore:easy_install command is deprecated setup.py egg_info --egg-base ../build/heartbeat_monitor build --build-base /home/wheeltec/KUL_TABLOO/src/build/heartbeat_monitor/build install --record /home/wheeltec/KUL_TABLOO/src/build/heartbeat_monitor/install.log --single-version-externally-managed install_data
[22.649s] Level 1:colcon.colcon_core.environment:checking '/home/wheeltec/KUL_TABLOO/src/install/heartbeat_monitor' for CMake config files
[22.651s] Level 1:colcon.colcon_core.environment:checking '/home/wheeltec/KUL_TABLOO/src/install/heartbeat_monitor/lib'
[22.651s] Level 1:colcon.colcon_core.environment:checking '/home/wheeltec/KUL_TABLOO/src/install/heartbeat_monitor/bin'
[22.652s] Level 1:colcon.colcon_core.environment:checking '/home/wheeltec/KUL_TABLOO/src/install/heartbeat_monitor/lib/pkgconfig/heartbeat_monitor.pc'
[22.654s] Level 1:colcon.colcon_core.environment:checking '/home/wheeltec/KUL_TABLOO/src/install/heartbeat_monitor/lib/python3.8/site-packages'
[22.654s] Level 1:colcon.colcon_core.shell:create_environment_hook('heartbeat_monitor', 'pythonpath')
[22.656s] INFO:colcon.colcon_core.shell:Creating environment hook '/home/wheeltec/KUL_TABLOO/src/install/heartbeat_monitor/share/heartbeat_monitor/hook/pythonpath.ps1'
[22.659s] INFO:colcon.colcon_core.shell:Creating environment descriptor '/home/wheeltec/KUL_TABLOO/src/install/heartbeat_monitor/share/heartbeat_monitor/hook/pythonpath.dsv'
[22.661s] INFO:colcon.colcon_core.shell:Creating environment hook '/home/wheeltec/KUL_TABLOO/src/install/heartbeat_monitor/share/heartbeat_monitor/hook/pythonpath.sh'
[22.664s] Level 1:colcon.colcon_core.environment:checking '/home/wheeltec/KUL_TABLOO/src/install/heartbeat_monitor/bin'
[22.665s] Level 1:colcon.colcon_core.environment:create_environment_scripts_only(heartbeat_monitor)
[22.666s] INFO:colcon.colcon_core.shell:Creating package script '/home/wheeltec/KUL_TABLOO/src/install/heartbeat_monitor/share/heartbeat_monitor/package.ps1'
[22.671s] INFO:colcon.colcon_core.shell:Creating package descriptor '/home/wheeltec/KUL_TABLOO/src/install/heartbeat_monitor/share/heartbeat_monitor/package.dsv'
[22.678s] INFO:colcon.colcon_core.shell:Creating package script '/home/wheeltec/KUL_TABLOO/src/install/heartbeat_monitor/share/heartbeat_monitor/package.sh'
[22.681s] INFO:colcon.colcon_core.shell:Creating package script '/home/wheeltec/KUL_TABLOO/src/install/heartbeat_monitor/share/heartbeat_monitor/package.bash'
[22.686s] INFO:colcon.colcon_core.shell:Creating package script '/home/wheeltec/KUL_TABLOO/src/install/heartbeat_monitor/share/heartbeat_monitor/package.zsh'
[22.688s] Level 1:colcon.colcon_core.environment:create_file_with_runtime_dependencies(/home/wheeltec/KUL_TABLOO/src/install/heartbeat_monitor/share/colcon-core/packages/heartbeat_monitor)
[22.693s] INFO:colcon.colcon_ros.task.ament_python.build:Building ROS package in '/home/wheeltec/KUL_TABLOO/src/quiz_enable' with build type 'ament_python'
[22.695s] Level 1:colcon.colcon_core.shell:create_environment_hook('quiz_enable', 'ament_prefix_path')
[22.697s] INFO:colcon.colcon_core.shell:Creating environment hook '/home/wheeltec/KUL_TABLOO/src/install/quiz_enable/share/quiz_enable/hook/ament_prefix_path.ps1'
[22.700s] INFO:colcon.colcon_core.shell:Creating environment descriptor '/home/wheeltec/KUL_TABLOO/src/install/quiz_enable/share/quiz_enable/hook/ament_prefix_path.dsv'
[22.703s] INFO:colcon.colcon_core.shell:Creating environment hook '/home/wheeltec/KUL_TABLOO/src/install/quiz_enable/share/quiz_enable/hook/ament_prefix_path.sh'
[22.707s] INFO:colcon.colcon_core.shell:Skip shell extension 'powershell' for command environment: Not usable outside of PowerShell
[22.708s] DEBUG:colcon.colcon_core.shell:Skip shell extension 'dsv' for command environment
[22.825s] INFO:colcon.colcon_ros.task.ament_python.build:Building ROS package in '/home/wheeltec/KUL_TABLOO/src/remote_control_socket' with build type 'ament_python'
[22.827s] Level 1:colcon.colcon_core.shell:create_environment_hook('remote_control_socket', 'ament_prefix_path')
[22.829s] INFO:colcon.colcon_core.shell:Creating environment hook '/home/wheeltec/KUL_TABLOO/src/install/remote_control_socket/share/remote_control_socket/hook/ament_prefix_path.ps1'
[22.832s] INFO:colcon.colcon_core.shell:Creating environment descriptor '/home/wheeltec/KUL_TABLOO/src/install/remote_control_socket/share/remote_control_socket/hook/ament_prefix_path.dsv'
[22.839s] INFO:colcon.colcon_core.shell:Creating environment hook '/home/wheeltec/KUL_TABLOO/src/install/remote_control_socket/share/remote_control_socket/hook/ament_prefix_path.sh'
[22.843s] INFO:colcon.colcon_core.shell:Skip shell extension 'powershell' for command environment: Not usable outside of PowerShell
[22.843s] DEBUG:colcon.colcon_core.shell:Skip shell extension 'dsv' for command environment
[24.805s] INFO:colcon.colcon_core.task.python.build:Building Python package in '/home/wheeltec/KUL_TABLOO/src/quiz'
[24.807s] INFO:colcon.colcon_core.shell:Skip shell extension 'powershell' for command environment: Not usable outside of PowerShell
[24.808s] DEBUG:colcon.colcon_core.shell:Skip shell extension 'dsv' for command environment
[24.870s] Level 1:colcon.colcon_core.environment:checking '/home/wheeltec/KUL_TABLOO/src/install/beamer' for CMake module files
[24.874s] Level 1:colcon.colcon_core.environment:checking '/home/wheeltec/KUL_TABLOO/src/install/beamer' for CMake config files
[24.877s] Level 1:colcon.colcon_core.environment:checking '/home/wheeltec/KUL_TABLOO/src/install/beamer/lib'
[24.878s] DEBUG:colcon.colcon_core.event_handler.log_command:Invoked command in '/home/wheeltec/KUL_TABLOO/src/beamer' returned '0': PYTHONPATH=/home/wheeltec/KUL_TABLOO/src/build/beamer/prefix_override:/usr/lib/python3/dist-packages/colcon_core/task/python/colcon_distutils_commands:/home/wheeltec/KUL_TABLOO/src/install/beamer/lib/python3.8/site-packages:${PYTHONPATH} /usr/bin/python3 -W ignore:setup.py install is deprecated -W ignore:easy_install command is deprecated setup.py egg_info --egg-base ../build/beamer build --build-base /home/wheeltec/KUL_TABLOO/src/build/beamer/build install --record /home/wheeltec/KUL_TABLOO/src/build/beamer/install.log --single-version-externally-managed install_data
[24.879s] Level 1:colcon.colcon_core.environment:checking '/home/wheeltec/KUL_TABLOO/src/install/beamer/bin'
[24.879s] Level 1:colcon.colcon_core.environment:checking '/home/wheeltec/KUL_TABLOO/src/install/beamer/lib/pkgconfig/beamer.pc'
[24.880s] Level 1:colcon.colcon_core.environment:checking '/home/wheeltec/KUL_TABLOO/src/install/beamer/lib/python3.8/site-packages'
[24.880s] Level 1:colcon.colcon_core.shell:create_environment_hook('beamer', 'pythonpath')
[24.881s] INFO:colcon.colcon_core.shell:Creating environment hook '/home/wheeltec/KUL_TABLOO/src/install/beamer/share/beamer/hook/pythonpath.ps1'
[24.883s] INFO:colcon.colcon_core.shell:Creating environment descriptor '/home/wheeltec/KUL_TABLOO/src/install/beamer/share/beamer/hook/pythonpath.dsv'
[24.885s] INFO:colcon.colcon_core.shell:Creating environment hook '/home/wheeltec/KUL_TABLOO/src/install/beamer/share/beamer/hook/pythonpath.sh'
[24.887s] Level 1:colcon.colcon_core.environment:checking '/home/wheeltec/KUL_TABLOO/src/install/beamer/bin'
[24.887s] Level 1:colcon.colcon_core.environment:create_environment_scripts_only(beamer)
[24.889s] INFO:colcon.colcon_core.shell:Creating package script '/home/wheeltec/KUL_TABLOO/src/install/beamer/share/beamer/package.ps1'
[24.891s] INFO:colcon.colcon_core.shell:Creating package descriptor '/home/wheeltec/KUL_TABLOO/src/install/beamer/share/beamer/package.dsv'
[24.893s] INFO:colcon.colcon_core.shell:Creating package script '/home/wheeltec/KUL_TABLOO/src/install/beamer/share/beamer/package.sh'
[24.895s] INFO:colcon.colcon_core.shell:Creating package script '/home/wheeltec/KUL_TABLOO/src/install/beamer/share/beamer/package.bash'
[24.897s] INFO:colcon.colcon_core.shell:Creating package script '/home/wheeltec/KUL_TABLOO/src/install/beamer/share/beamer/package.zsh'
[24.901s] Level 1:colcon.colcon_core.environment:create_file_with_runtime_dependencies(/home/wheeltec/KUL_TABLOO/src/install/beamer/share/colcon-core/packages/beamer)
[26.769s] INFO:colcon.colcon_core.task.python.build:Building Python package in '/home/wheeltec/KUL_TABLOO/src/quiz_enable'
[26.771s] INFO:colcon.colcon_core.shell:Skip shell extension 'powershell' for command environment: Not usable outside of PowerShell
[26.771s] DEBUG:colcon.colcon_core.shell:Skip shell extension 'dsv' for command environment
[26.828s] INFO:colcon.colcon_ros.task.ament_python.build:Building ROS package in '/home/wheeltec/KUL_TABLOO/src/rpi_pub' with build type 'ament_python'
[26.829s] Level 1:colcon.colcon_core.shell:create_environment_hook('rpi_pub', 'ament_prefix_path')
[26.830s] INFO:colcon.colcon_core.shell:Creating environment hook '/home/wheeltec/KUL_TABLOO/src/install/rpi_pub/share/rpi_pub/hook/ament_prefix_path.ps1'
[26.833s] INFO:colcon.colcon_core.shell:Creating environment descriptor '/home/wheeltec/KUL_TABLOO/src/install/rpi_pub/share/rpi_pub/hook/ament_prefix_path.dsv'
[26.835s] INFO:colcon.colcon_core.shell:Creating environment hook '/home/wheeltec/KUL_TABLOO/src/install/rpi_pub/share/rpi_pub/hook/ament_prefix_path.sh'
[26.839s] INFO:colcon.colcon_core.shell:Skip shell extension 'powershell' for command environment: Not usable outside of PowerShell
[26.839s] DEBUG:colcon.colcon_core.shell:Skip shell extension 'dsv' for command environment
[28.750s] INFO:colcon.colcon_core.task.python.build:Building Python package in '/home/wheeltec/KUL_TABLOO/src/remote_control_socket'
[28.751s] INFO:colcon.colcon_core.shell:Skip shell extension 'powershell' for command environment: Not usable outside of PowerShell
[28.751s] DEBUG:colcon.colcon_core.shell:Skip shell extension 'dsv' for command environment
[31.089s] INFO:colcon.colcon_core.task.python.build:Building Python package in '/home/wheeltec/KUL_TABLOO/src/rpi_pub'
[31.090s] INFO:colcon.colcon_core.shell:Skip shell extension 'powershell' for command environment: Not usable outside of PowerShell
[31.091s] DEBUG:colcon.colcon_core.shell:Skip shell extension 'dsv' for command environment
[33.542s] DEBUG:colcon.colcon_core.event_handler.log_command:Invoking command in '/home/wheeltec/KUL_TABLOO/src/quiz': PYTHONPATH=/home/wheeltec/KUL_TABLOO/src/build/quiz/prefix_override:/usr/lib/python3/dist-packages/colcon_core/task/python/colcon_distutils_commands:/home/wheeltec/KUL_TABLOO/src/install/quiz/lib/python3.8/site-packages:${PYTHONPATH} /usr/bin/python3 -W ignore:setup.py install is deprecated -W ignore:easy_install command is deprecated setup.py egg_info --egg-base ../build/quiz build --build-base /home/wheeltec/KUL_TABLOO/src/build/quiz/build install --record /home/wheeltec/KUL_TABLOO/src/build/quiz/install.log --single-version-externally-managed install_data
[33.591s] DEBUG:colcon.colcon_core.event_handler.log_command:Invoking command in '/home/wheeltec/KUL_TABLOO/src/quiz_enable': PYTHONPATH=/home/wheeltec/KUL_TABLOO/src/build/quiz_enable/prefix_override:/usr/lib/python3/dist-packages/colcon_core/task/python/colcon_distutils_commands:/home/wheeltec/KUL_TABLOO/src/install/quiz_enable/lib/python3.8/site-packages:${PYTHONPATH} /usr/bin/python3 -W ignore:setup.py install is deprecated -W ignore:easy_install command is deprecated setup.py egg_info --egg-base ../build/quiz_enable build --build-base /home/wheeltec/KUL_TABLOO/src/build/quiz_enable/build install --record /home/wheeltec/KUL_TABLOO/src/build/quiz_enable/install.log --single-version-externally-managed install_data
[36.425s] DEBUG:colcon.colcon_core.event_handler.log_command:Invoking command in '/home/wheeltec/KUL_TABLOO/src/rpi_pub': PYTHONPATH=/home/wheeltec/KUL_TABLOO/src/build/rpi_pub/prefix_override:/usr/lib/python3/dist-packages/colcon_core/task/python/colcon_distutils_commands:/home/wheeltec/KUL_TABLOO/src/install/rpi_pub/lib/python3.8/site-packages:${PYTHONPATH} /usr/bin/python3 -W ignore:setup.py install is deprecated -W ignore:easy_install command is deprecated setup.py egg_info --egg-base ../build/rpi_pub build --build-base /home/wheeltec/KUL_TABLOO/src/build/rpi_pub/build install --record /home/wheeltec/KUL_TABLOO/src/build/rpi_pub/install.log --single-version-externally-managed install_data
[36.504s] DEBUG:colcon.colcon_core.event_handler.log_command:Invoking command in '/home/wheeltec/KUL_TABLOO/src/remote_control_socket': PYTHONPATH=/home/wheeltec/KUL_TABLOO/src/build/remote_control_socket/prefix_override:/usr/lib/python3/dist-packages/colcon_core/task/python/colcon_distutils_commands:/home/wheeltec/KUL_TABLOO/src/install/remote_control_socket/lib/python3.8/site-packages:${PYTHONPATH} /usr/bin/python3 -W ignore:setup.py install is deprecated -W ignore:easy_install command is deprecated setup.py egg_info --egg-base ../build/remote_control_socket build --build-base /home/wheeltec/KUL_TABLOO/src/build/remote_control_socket/build install --record /home/wheeltec/KUL_TABLOO/src/build/remote_control_socket/install.log --single-version-externally-managed install_data
[38.245s] Level 1:colcon.colcon_core.environment:checking '/home/wheeltec/KUL_TABLOO/src/install/quiz' for CMake module files
[38.249s] DEBUG:colcon.colcon_core.event_handler.log_command:Invoked command in '/home/wheeltec/KUL_TABLOO/src/quiz' returned '0': PYTHONPATH=/home/wheeltec/KUL_TABLOO/src/build/quiz/prefix_override:/usr/lib/python3/dist-packages/colcon_core/task/python/colcon_distutils_commands:/home/wheeltec/KUL_TABLOO/src/install/quiz/lib/python3.8/site-packages:${PYTHONPATH} /usr/bin/python3 -W ignore:setup.py install is deprecated -W ignore:easy_install command is deprecated setup.py egg_info --egg-base ../build/quiz build --build-base /home/wheeltec/KUL_TABLOO/src/build/quiz/build install --record /home/wheeltec/KUL_TABLOO/src/build/quiz/install.log --single-version-externally-managed install_data
[38.252s] Level 1:colcon.colcon_core.environment:checking '/home/wheeltec/KUL_TABLOO/src/install/quiz' for CMake config files
[38.254s] Level 1:colcon.colcon_core.environment:checking '/home/wheeltec/KUL_TABLOO/src/install/quiz/lib'
[38.255s] Level 1:colcon.colcon_core.environment:checking '/home/wheeltec/KUL_TABLOO/src/install/quiz/bin'
[38.263s] Level 1:colcon.colcon_core.environment:checking '/home/wheeltec/KUL_TABLOO/src/install/quiz/lib/pkgconfig/quiz.pc'
[38.264s] Level 1:colcon.colcon_core.environment:checking '/home/wheeltec/KUL_TABLOO/src/install/quiz/lib/python3.8/site-packages'
[38.264s] Level 1:colcon.colcon_core.shell:create_environment_hook('quiz', 'pythonpath')
[38.265s] INFO:colcon.colcon_core.shell:Creating environment hook '/home/wheeltec/KUL_TABLOO/src/install/quiz/share/quiz/hook/pythonpath.ps1'
[38.269s] INFO:colcon.colcon_core.shell:Creating environment descriptor '/home/wheeltec/KUL_TABLOO/src/install/quiz/share/quiz/hook/pythonpath.dsv'
[38.275s] INFO:colcon.colcon_core.shell:Creating environment hook '/home/wheeltec/KUL_TABLOO/src/install/quiz/share/quiz/hook/pythonpath.sh'
[38.278s] Level 1:colcon.colcon_core.environment:checking '/home/wheeltec/KUL_TABLOO/src/install/quiz/bin'
[38.278s] Level 1:colcon.colcon_core.environment:create_environment_scripts_only(quiz)
[38.280s] INFO:colcon.colcon_core.shell:Creating package script '/home/wheeltec/KUL_TABLOO/src/install/quiz/share/quiz/package.ps1'
[38.283s] INFO:colcon.colcon_core.shell:Creating package descriptor '/home/wheeltec/KUL_TABLOO/src/install/quiz/share/quiz/package.dsv'
[38.285s] INFO:colcon.colcon_core.shell:Creating package script '/home/wheeltec/KUL_TABLOO/src/install/quiz/share/quiz/package.sh'
[38.288s] INFO:colcon.colcon_core.shell:Creating package script '/home/wheeltec/KUL_TABLOO/src/install/quiz/share/quiz/package.bash'
[38.293s] INFO:colcon.colcon_core.shell:Creating package script '/home/wheeltec/KUL_TABLOO/src/install/quiz/share/quiz/package.zsh'
[38.296s] Level 1:colcon.colcon_core.environment:create_file_with_runtime_dependencies(/home/wheeltec/KUL_TABLOO/src/install/quiz/share/colcon-core/packages/quiz)
[38.301s] INFO:colcon.colcon_ros.task.ament_python.build:Building ROS package in '/home/wheeltec/KUL_TABLOO/src/teleop_twist_emer_key' with build type 'ament_python'
[38.302s] Level 1:colcon.colcon_core.shell:create_environment_hook('teleop_twist_emer_key', 'ament_prefix_path')
[38.304s] INFO:colcon.colcon_core.shell:Creating environment hook '/home/wheeltec/KUL_TABLOO/src/install/teleop_twist_emer_key/share/teleop_twist_emer_key/hook/ament_prefix_path.ps1'
[38.306s] INFO:colcon.colcon_core.shell:Creating environment descriptor '/home/wheeltec/KUL_TABLOO/src/install/teleop_twist_emer_key/share/teleop_twist_emer_key/hook/ament_prefix_path.dsv'
[38.308s] INFO:colcon.colcon_core.shell:Creating environment hook '/home/wheeltec/KUL_TABLOO/src/install/teleop_twist_emer_key/share/teleop_twist_emer_key/hook/ament_prefix_path.sh'
[38.319s] INFO:colcon.colcon_core.shell:Skip shell extension 'powershell' for command environment: Not usable outside of PowerShell
[38.320s] DEBUG:colcon.colcon_core.shell:Skip shell extension 'dsv' for command environment
[38.453s] Level 1:colcon.colcon_core.environment:checking '/home/wheeltec/KUL_TABLOO/src/install/quiz_enable' for CMake module files
[38.455s] DEBUG:colcon.colcon_core.event_handler.log_command:Invoked command in '/home/wheeltec/KUL_TABLOO/src/quiz_enable' returned '0': PYTHONPATH=/home/wheeltec/KUL_TABLOO/src/build/quiz_enable/prefix_override:/usr/lib/python3/dist-packages/colcon_core/task/python/colcon_distutils_commands:/home/wheeltec/KUL_TABLOO/src/install/quiz_enable/lib/python3.8/site-packages:${PYTHONPATH} /usr/bin/python3 -W ignore:setup.py install is deprecated -W ignore:easy_install command is deprecated setup.py egg_info --egg-base ../build/quiz_enable build --build-base /home/wheeltec/KUL_TABLOO/src/build/quiz_enable/build install --record /home/wheeltec/KUL_TABLOO/src/build/quiz_enable/install.log --single-version-externally-managed install_data
[38.458s] Level 1:colcon.colcon_core.environment:checking '/home/wheeltec/KUL_TABLOO/src/install/quiz_enable' for CMake config files
[38.460s] Level 1:colcon.colcon_core.environment:checking '/home/wheeltec/KUL_TABLOO/src/install/quiz_enable/lib'
[38.461s] Level 1:colcon.colcon_core.environment:checking '/home/wheeltec/KUL_TABLOO/src/install/quiz_enable/bin'
[38.461s] Level 1:colcon.colcon_core.environment:checking '/home/wheeltec/KUL_TABLOO/src/install/quiz_enable/lib/pkgconfig/quiz_enable.pc'
[38.462s] Level 1:colcon.colcon_core.environment:checking '/home/wheeltec/KUL_TABLOO/src/install/quiz_enable/lib/python3.8/site-packages'
[38.462s] Level 1:colcon.colcon_core.shell:create_environment_hook('quiz_enable', 'pythonpath')
[38.464s] INFO:colcon.colcon_core.shell:Creating environment hook '/home/wheeltec/KUL_TABLOO/src/install/quiz_enable/share/quiz_enable/hook/pythonpath.ps1'
[38.466s] INFO:colcon.colcon_core.shell:Creating environment descriptor '/home/wheeltec/KUL_TABLOO/src/install/quiz_enable/share/quiz_enable/hook/pythonpath.dsv'
[38.468s] INFO:colcon.colcon_core.shell:Creating environment hook '/home/wheeltec/KUL_TABLOO/src/install/quiz_enable/share/quiz_enable/hook/pythonpath.sh'
[38.475s] Level 1:colcon.colcon_core.environment:checking '/home/wheeltec/KUL_TABLOO/src/install/quiz_enable/bin'
[38.476s] Level 1:colcon.colcon_core.environment:create_environment_scripts_only(quiz_enable)
[38.477s] INFO:colcon.colcon_core.shell:Creating package script '/home/wheeltec/KUL_TABLOO/src/install/quiz_enable/share/quiz_enable/package.ps1'
[38.480s] INFO:colcon.colcon_core.shell:Creating package descriptor '/home/wheeltec/KUL_TABLOO/src/install/quiz_enable/share/quiz_enable/package.dsv'
[38.482s] INFO:colcon.colcon_core.shell:Creating package script '/home/wheeltec/KUL_TABLOO/src/install/quiz_enable/share/quiz_enable/package.sh'
[38.484s] INFO:colcon.colcon_core.shell:Creating package script '/home/wheeltec/KUL_TABLOO/src/install/quiz_enable/share/quiz_enable/package.bash'
[38.487s] INFO:colcon.colcon_core.shell:Creating package script '/home/wheeltec/KUL_TABLOO/src/install/quiz_enable/share/quiz_enable/package.zsh'
[38.490s] Level 1:colcon.colcon_core.environment:create_file_with_runtime_dependencies(/home/wheeltec/KUL_TABLOO/src/install/quiz_enable/share/colcon-core/packages/quiz_enable)
[40.826s] INFO:colcon.colcon_core.task.python.build:Building Python package in '/home/wheeltec/KUL_TABLOO/src/teleop_twist_emer_key'
[40.827s] INFO:colcon.colcon_core.shell:Skip shell extension 'powershell' for command environment: Not usable outside of PowerShell
[40.827s] DEBUG:colcon.colcon_core.shell:Skip shell extension 'dsv' for command environment
[40.888s] Level 1:colcon.colcon_core.environment:checking '/home/wheeltec/KUL_TABLOO/src/install/rpi_pub' for CMake module files
[40.891s] DEBUG:colcon.colcon_core.event_handler.log_command:Invoked command in '/home/wheeltec/KUL_TABLOO/src/rpi_pub' returned '0': PYTHONPATH=/home/wheeltec/KUL_TABLOO/src/build/rpi_pub/prefix_override:/usr/lib/python3/dist-packages/colcon_core/task/python/colcon_distutils_commands:/home/wheeltec/KUL_TABLOO/src/install/rpi_pub/lib/python3.8/site-packages:${PYTHONPATH} /usr/bin/python3 -W ignore:setup.py install is deprecated -W ignore:easy_install command is deprecated setup.py egg_info --egg-base ../build/rpi_pub build --build-base /home/wheeltec/KUL_TABLOO/src/build/rpi_pub/build install --record /home/wheeltec/KUL_TABLOO/src/build/rpi_pub/install.log --single-version-externally-managed install_data
[40.892s] Level 1:colcon.colcon_core.environment:checking '/home/wheeltec/KUL_TABLOO/src/install/rpi_pub' for CMake config files
[40.895s] Level 1:colcon.colcon_core.environment:checking '/home/wheeltec/KUL_TABLOO/src/install/rpi_pub/lib'
[40.895s] Level 1:colcon.colcon_core.environment:checking '/home/wheeltec/KUL_TABLOO/src/install/rpi_pub/bin'
[40.895s] Level 1:colcon.colcon_core.environment:checking '/home/wheeltec/KUL_TABLOO/src/install/rpi_pub/lib/pkgconfig/rpi_pub.pc'
[40.896s] Level 1:colcon.colcon_core.environment:checking '/home/wheeltec/KUL_TABLOO/src/install/rpi_pub/lib/python3.8/site-packages'
[40.897s] Level 1:colcon.colcon_core.shell:create_environment_hook('rpi_pub', 'pythonpath')
[40.898s] INFO:colcon.colcon_core.shell:Creating environment hook '/home/wheeltec/KUL_TABLOO/src/install/rpi_pub/share/rpi_pub/hook/pythonpath.ps1'
[40.901s] INFO:colcon.colcon_core.shell:Creating environment descriptor '/home/wheeltec/KUL_TABLOO/src/install/rpi_pub/share/rpi_pub/hook/pythonpath.dsv'
[40.903s] INFO:colcon.colcon_core.shell:Creating environment hook '/home/wheeltec/KUL_TABLOO/src/install/rpi_pub/share/rpi_pub/hook/pythonpath.sh'
[40.906s] Level 1:colcon.colcon_core.environment:checking '/home/wheeltec/KUL_TABLOO/src/install/rpi_pub/bin'
[40.906s] Level 1:colcon.colcon_core.environment:create_environment_scripts_only(rpi_pub)
[40.908s] INFO:colcon.colcon_core.shell:Creating package script '/home/wheeltec/KUL_TABLOO/src/install/rpi_pub/share/rpi_pub/package.ps1'
[40.910s] INFO:colcon.colcon_core.shell:Creating package descriptor '/home/wheeltec/KUL_TABLOO/src/install/rpi_pub/share/rpi_pub/package.dsv'
[40.912s] INFO:colcon.colcon_core.shell:Creating package script '/home/wheeltec/KUL_TABLOO/src/install/rpi_pub/share/rpi_pub/package.sh'
[40.915s] INFO:colcon.colcon_core.shell:Creating package script '/home/wheeltec/KUL_TABLOO/src/install/rpi_pub/share/rpi_pub/package.bash'
[40.917s] INFO:colcon.colcon_core.shell:Creating package script '/home/wheeltec/KUL_TABLOO/src/install/rpi_pub/share/rpi_pub/package.zsh'
[40.919s] Level 1:colcon.colcon_core.environment:create_file_with_runtime_dependencies(/home/wheeltec/KUL_TABLOO/src/install/rpi_pub/share/colcon-core/packages/rpi_pub)
[40.921s] Level 1:colcon.colcon_core.environment:checking '/home/wheeltec/KUL_TABLOO/src/install/remote_control_socket' for CMake module files
[40.926s] DEBUG:colcon.colcon_core.event_handler.log_command:Invoked command in '/home/wheeltec/KUL_TABLOO/src/remote_control_socket' returned '0': PYTHONPATH=/home/wheeltec/KUL_TABLOO/src/build/remote_control_socket/prefix_override:/usr/lib/python3/dist-packages/colcon_core/task/python/colcon_distutils_commands:/home/wheeltec/KUL_TABLOO/src/install/remote_control_socket/lib/python3.8/site-packages:${PYTHONPATH} /usr/bin/python3 -W ignore:setup.py install is deprecated -W ignore:easy_install command is deprecated setup.py egg_info --egg-base ../build/remote_control_socket build --build-base /home/wheeltec/KUL_TABLOO/src/build/remote_control_socket/build install --record /home/wheeltec/KUL_TABLOO/src/build/remote_control_socket/install.log --single-version-externally-managed install_data
[40.928s] Level 1:colcon.colcon_core.environment:checking '/home/wheeltec/KUL_TABLOO/src/install/remote_control_socket' for CMake config files
[40.930s] Level 1:colcon.colcon_core.environment:checking '/home/wheeltec/KUL_TABLOO/src/install/remote_control_socket/lib'
[40.930s] Level 1:colcon.colcon_core.environment:checking '/home/wheeltec/KUL_TABLOO/src/install/remote_control_socket/bin'
[40.931s] Level 1:colcon.colcon_core.environment:checking '/home/wheeltec/KUL_TABLOO/src/install/remote_control_socket/lib/pkgconfig/remote_control_socket.pc'
[40.931s] Level 1:colcon.colcon_core.environment:checking '/home/wheeltec/KUL_TABLOO/src/install/remote_control_socket/lib/python3.8/site-packages'
[40.932s] Level 1:colcon.colcon_core.shell:create_environment_hook('remote_control_socket', 'pythonpath')
[40.933s] INFO:colcon.colcon_core.shell:Creating environment hook '/home/wheeltec/KUL_TABLOO/src/install/remote_control_socket/share/remote_control_socket/hook/pythonpath.ps1'
[40.935s] INFO:colcon.colcon_core.shell:Creating environment descriptor '/home/wheeltec/KUL_TABLOO/src/install/remote_control_socket/share/remote_control_socket/hook/pythonpath.dsv'
[40.937s] INFO:colcon.colcon_core.shell:Creating environment hook '/home/wheeltec/KUL_TABLOO/src/install/remote_control_socket/share/remote_control_socket/hook/pythonpath.sh'
[40.941s] Level 1:colcon.colcon_core.environment:checking '/home/wheeltec/KUL_TABLOO/src/install/remote_control_socket/bin'
[40.941s] Level 1:colcon.colcon_core.environment:create_environment_scripts_only(remote_control_socket)
[40.943s] INFO:colcon.colcon_core.shell:Creating package script '/home/wheeltec/KUL_TABLOO/src/install/remote_control_socket/share/remote_control_socket/package.ps1'
[40.946s] INFO:colcon.colcon_core.shell:Creating package descriptor '/home/wheeltec/KUL_TABLOO/src/install/remote_control_socket/share/remote_control_socket/package.dsv'
[40.948s] INFO:colcon.colcon_core.shell:Creating package script '/home/wheeltec/KUL_TABLOO/src/install/remote_control_socket/share/remote_control_socket/package.sh'
[40.951s] INFO:colcon.colcon_core.shell:Creating package script '/home/wheeltec/KUL_TABLOO/src/install/remote_control_socket/share/remote_control_socket/package.bash'
[40.953s] INFO:colcon.colcon_core.shell:Creating package script '/home/wheeltec/KUL_TABLOO/src/install/remote_control_socket/share/remote_control_socket/package.zsh'
[40.955s] Level 1:colcon.colcon_core.environment:create_file_with_runtime_dependencies(/home/wheeltec/KUL_TABLOO/src/install/remote_control_socket/share/colcon-core/packages/remote_control_socket)
[44.461s] DEBUG:colcon.colcon_core.event_handler.log_command:Invoking command in '/home/wheeltec/KUL_TABLOO/src/teleop_twist_emer_key': PYTHONPATH=/home/wheeltec/KUL_TABLOO/src/build/teleop_twist_emer_key/prefix_override:/usr/lib/python3/dist-packages/colcon_core/task/python/colcon_distutils_commands:/home/wheeltec/KUL_TABLOO/src/install/teleop_twist_emer_key/lib/python3.8/site-packages:${PYTHONPATH} /usr/bin/python3 -W ignore:setup.py install is deprecated -W ignore:easy_install command is deprecated setup.py egg_info --egg-base ../build/teleop_twist_emer_key build --build-base /home/wheeltec/KUL_TABLOO/src/build/teleop_twist_emer_key/build install --record /home/wheeltec/KUL_TABLOO/src/build/teleop_twist_emer_key/install.log --single-version-externally-managed install_data
[47.482s] Level 1:colcon.colcon_core.environment:checking '/home/wheeltec/KUL_TABLOO/src/install/teleop_twist_emer_key' for CMake module files
[47.485s] DEBUG:colcon.colcon_core.event_handler.log_command:Invoked command in '/home/wheeltec/KUL_TABLOO/src/teleop_twist_emer_key' returned '0': PYTHONPATH=/home/wheeltec/KUL_TABLOO/src/build/teleop_twist_emer_key/prefix_override:/usr/lib/python3/dist-packages/colcon_core/task/python/colcon_distutils_commands:/home/wheeltec/KUL_TABLOO/src/install/teleop_twist_emer_key/lib/python3.8/site-packages:${PYTHONPATH} /usr/bin/python3 -W ignore:setup.py install is deprecated -W ignore:easy_install command is deprecated setup.py egg_info --egg-base ../build/teleop_twist_emer_key build --build-base /home/wheeltec/KUL_TABLOO/src/build/teleop_twist_emer_key/build install --record /home/wheeltec/KUL_TABLOO/src/build/teleop_twist_emer_key/install.log --single-version-externally-managed install_data
[47.486s] Level 1:colcon.colcon_core.environment:checking '/home/wheeltec/KUL_TABLOO/src/install/teleop_twist_emer_key' for CMake config files
[47.489s] Level 1:colcon.colcon_core.environment:checking '/home/wheeltec/KUL_TABLOO/src/install/teleop_twist_emer_key/lib'
[47.489s] Level 1:colcon.colcon_core.environment:checking '/home/wheeltec/KUL_TABLOO/src/install/teleop_twist_emer_key/bin'
[47.489s] Level 1:colcon.colcon_core.environment:checking '/home/wheeltec/KUL_TABLOO/src/install/teleop_twist_emer_key/lib/pkgconfig/teleop_twist_emer_key.pc'
[47.490s] Level 1:colcon.colcon_core.environment:checking '/home/wheeltec/KUL_TABLOO/src/install/teleop_twist_emer_key/lib/python3.8/site-packages'
[47.490s] Level 1:colcon.colcon_core.shell:create_environment_hook('teleop_twist_emer_key', 'pythonpath')
[47.491s] INFO:colcon.colcon_core.shell:Creating environment hook '/home/wheeltec/KUL_TABLOO/src/install/teleop_twist_emer_key/share/teleop_twist_emer_key/hook/pythonpath.ps1'
[47.494s] INFO:colcon.colcon_core.shell:Creating environment descriptor '/home/wheeltec/KUL_TABLOO/src/install/teleop_twist_emer_key/share/teleop_twist_emer_key/hook/pythonpath.dsv'
[47.495s] INFO:colcon.colcon_core.shell:Creating environment hook '/home/wheeltec/KUL_TABLOO/src/install/teleop_twist_emer_key/share/teleop_twist_emer_key/hook/pythonpath.sh'
[47.498s] Level 1:colcon.colcon_core.environment:checking '/home/wheeltec/KUL_TABLOO/src/install/teleop_twist_emer_key/bin'
[47.498s] Level 1:colcon.colcon_core.environment:create_environment_scripts_only(teleop_twist_emer_key)
[47.500s] INFO:colcon.colcon_core.shell:Creating package script '/home/wheeltec/KUL_TABLOO/src/install/teleop_twist_emer_key/share/teleop_twist_emer_key/package.ps1'
[47.502s] INFO:colcon.colcon_core.shell:Creating package descriptor '/home/wheeltec/KUL_TABLOO/src/install/teleop_twist_emer_key/share/teleop_twist_emer_key/package.dsv'
[47.504s] INFO:colcon.colcon_core.shell:Creating package script '/home/wheeltec/KUL_TABLOO/src/install/teleop_twist_emer_key/share/teleop_twist_emer_key/package.sh'
[47.506s] INFO:colcon.colcon_core.shell:Creating package script '/home/wheeltec/KUL_TABLOO/src/install/teleop_twist_emer_key/share/teleop_twist_emer_key/package.bash'
[47.507s] INFO:colcon.colcon_core.shell:Creating package script '/home/wheeltec/KUL_TABLOO/src/install/teleop_twist_emer_key/share/teleop_twist_emer_key/package.zsh'
[47.509s] Level 1:colcon.colcon_core.environment:create_file_with_runtime_dependencies(/home/wheeltec/KUL_TABLOO/src/install/teleop_twist_emer_key/share/colcon-core/packages/teleop_twist_emer_key)
[47.510s] DEBUG:colcon.colcon_parallel_executor.executor.parallel:closing loop
[47.511s] DEBUG:colcon.colcon_parallel_executor.executor.parallel:loop closed
[47.511s] DEBUG:colcon.colcon_parallel_executor.executor.parallel:run_until_complete finished with '0'
[47.511s] DEBUG:colcon.colcon_core.event_reactor:joining thread
[47.551s] INFO:colcon.colcon_core.plugin_system:Skipping extension 'colcon_notification.desktop_notification.terminal_notifier': Not used on non-Darwin systems
[47.552s] INFO:colcon.colcon_core.plugin_system:Skipping extension 'colcon_notification.desktop_notification.win32': Not used on non-Windows systems
[47.552s] INFO:colcon.colcon_notification.desktop_notification:Sending desktop notification using 'notify2'
[47.618s] DEBUG:colcon.colcon_core.event_reactor:joined thread
[47.620s] INFO:colcon.colcon_core.shell:Creating prefix script '/home/wheeltec/KUL_TABLOO/src/install/local_setup.ps1'
[47.627s] INFO:colcon.colcon_core.shell:Creating prefix util module '/home/wheeltec/KUL_TABLOO/src/install/_local_setup_util_ps1.py'
[47.634s] INFO:colcon.colcon_core.shell:Creating prefix chain script '/home/wheeltec/KUL_TABLOO/src/install/setup.ps1'
[47.656s] INFO:colcon.colcon_core.shell:Creating prefix script '/home/wheeltec/KUL_TABLOO/src/install/local_setup.sh'
[47.659s] INFO:colcon.colcon_core.shell:Creating prefix util module '/home/wheeltec/KUL_TABLOO/src/install/_local_setup_util_sh.py'
[47.662s] INFO:colcon.colcon_core.shell:Creating prefix chain script '/home/wheeltec/KUL_TABLOO/src/install/setup.sh'
[47.686s] INFO:colcon.colcon_core.shell:Creating prefix script '/home/wheeltec/KUL_TABLOO/src/install/local_setup.bash'
[47.690s] INFO:colcon.colcon_core.shell:Creating prefix chain script '/home/wheeltec/KUL_TABLOO/src/install/setup.bash'
[47.712s] INFO:colcon.colcon_core.shell:Creating prefix script '/home/wheeltec/KUL_TABLOO/src/install/local_setup.zsh'
[47.720s] INFO:colcon.colcon_core.shell:Creating prefix chain script '/home/wheeltec/KUL_TABLOO/src/install/setup.zsh'
