running egg_info
creating ../build/heartbeat_monitor/heartbeat_monitor.egg-info
writing ../build/heartbeat_monitor/heartbeat_monitor.egg-info/PKG-INFO
writing dependency_links to ../build/heartbeat_monitor/heartbeat_monitor.egg-info/dependency_links.txt
writing entry points to ../build/heartbeat_monitor/heartbeat_monitor.egg-info/entry_points.txt
writing requirements to ../build/heartbeat_monitor/heartbeat_monitor.egg-info/requires.txt
writing top-level names to ../build/heartbeat_monitor/heartbeat_monitor.egg-info/top_level.txt
writing manifest file '../build/heartbeat_monitor/heartbeat_monitor.egg-info/SOURCES.txt'
reading manifest file '../build/heartbeat_monitor/heartbeat_monitor.egg-info/SOURCES.txt'
writing manifest file '../build/heartbeat_monitor/heartbeat_monitor.egg-info/SOURCES.txt'
running build
running build_py
creating /home/wheeltec/KUL_TABLOO/src/build/heartbeat_monitor/build
creating /home/wheeltec/KUL_TABLOO/src/build/heartbeat_monitor/build/lib
creating /home/wheeltec/KUL_TABLOO/src/build/heartbeat_monitor/build/lib/heartbeat_monitor
copying heartbeat_monitor/__init__.py -> /home/wheeltec/KUL_TABLOO/src/build/heartbeat_monitor/build/lib/heartbeat_monitor
running install
running install_lib
creating /home/wheeltec/KUL_TABLOO/src/install/heartbeat_monitor/lib/python3.8/site-packages/heartbeat_monitor
copying /home/wheeltec/KUL_TABLOO/src/build/heartbeat_monitor/build/lib/heartbeat_monitor/__init__.py -> /home/wheeltec/KUL_TABLOO/src/install/heartbeat_monitor/lib/python3.8/site-packages/heartbeat_monitor
byte-compiling /home/wheeltec/KUL_TABLOO/src/install/heartbeat_monitor/lib/python3.8/site-packages/heartbeat_monitor/__init__.py to __init__.cpython-38.pyc
running install_data
creating /home/wheeltec/KUL_TABLOO/src/install/heartbeat_monitor/share/ament_index
creating /home/wheeltec/KUL_TABLOO/src/install/heartbeat_monitor/share/ament_index/resource_index
creating /home/wheeltec/KUL_TABLOO/src/install/heartbeat_monitor/share/ament_index/resource_index/packages
copying resource/heartbeat_monitor -> /home/wheeltec/KUL_TABLOO/src/install/heartbeat_monitor/share/ament_index/resource_index/packages
copying package.xml -> /home/wheeltec/KUL_TABLOO/src/install/heartbeat_monitor/share/heartbeat_monitor
running install_egg_info
Copying ../build/heartbeat_monitor/heartbeat_monitor.egg-info to /home/wheeltec/KUL_TABLOO/src/install/heartbeat_monitor/lib/python3.8/site-packages/heartbeat_monitor-0.0.0-py3.8.egg-info
running install_scripts
Installing heartbeat_monitor script to /home/wheeltec/KUL_TABLOO/src/install/heartbeat_monitor/lib/heartbeat_monitor
Installing heartbeat_publisher script to /home/wheeltec/KUL_TABLOO/src/install/heartbeat_monitor/lib/heartbeat_monitor
writing list of installed files to '/home/wheeltec/KUL_TABLOO/src/build/heartbeat_monitor/install.log'
