[8.104s] Invoking command in '/home/wheeltec/KUL_TABLOO/src/teleop_twist_emer_key': PYTHONPATH=/home/wheeltec/KUL_TABLOO/src/build/teleop_twist_emer_key/prefix_override:/usr/lib/python3/dist-packages/colcon_core/task/python/colcon_distutils_commands:/home/wheeltec/KUL_TABLOO/src/install/teleop_twist_emer_key/lib/python3.8/site-packages:${PYTHONPATH} /usr/bin/python3 -W ignore:setup.py install is deprecated -W ignore:easy_install command is deprecated setup.py egg_info --egg-base ../build/teleop_twist_emer_key build --build-base /home/wheeltec/KUL_TABLOO/src/build/teleop_twist_emer_key/build install --record /home/wheeltec/KUL_TABLOO/src/build/teleop_twist_emer_key/install.log --single-version-externally-managed install_data
[9.907s] running egg_info
[9.972s] writing ../build/teleop_twist_emer_key/teleop_twist_emer_key.egg-info/PKG-INFO
[9.979s] writing dependency_links to ../build/teleop_twist_emer_key/teleop_twist_emer_key.egg-info/dependency_links.txt
[9.980s] writing entry points to ../build/teleop_twist_emer_key/teleop_twist_emer_key.egg-info/entry_points.txt
[9.980s] writing requirements to ../build/teleop_twist_emer_key/teleop_twist_emer_key.egg-info/requires.txt
[9.981s] writing top-level names to ../build/teleop_twist_emer_key/teleop_twist_emer_key.egg-info/top_level.txt
[10.107s] reading manifest file '../build/teleop_twist_emer_key/teleop_twist_emer_key.egg-info/SOURCES.txt'
[10.114s] writing manifest file '../build/teleop_twist_emer_key/teleop_twist_emer_key.egg-info/SOURCES.txt'
[10.114s] running build
[10.115s] running build_py
[10.132s] copying teleop_twist_emer_key/keyboard_emer.py -> /home/wheeltec/KUL_TABLOO/src/build/teleop_twist_emer_key/build/lib/teleop_twist_emer_key
[10.134s] running install
[10.154s] running install_lib
[10.212s] copying /home/wheeltec/KUL_TABLOO/src/build/teleop_twist_emer_key/build/lib/teleop_twist_emer_key/keyboard_emer.py -> /home/wheeltec/KUL_TABLOO/src/install/teleop_twist_emer_key/lib/python3.8/site-packages/teleop_twist_emer_key
[10.215s] byte-compiling /home/wheeltec/KUL_TABLOO/src/install/teleop_twist_emer_key/lib/python3.8/site-packages/teleop_twist_emer_key/keyboard_emer.py to keyboard_emer.cpython-38.pyc
[10.219s] running install_data
[10.221s] running install_egg_info
[10.289s] removing '/home/wheeltec/KUL_TABLOO/src/install/teleop_twist_emer_key/lib/python3.8/site-packages/teleop_twist_emer_key-0.0.0-py3.8.egg-info' (and everything under it)
[10.291s] Copying ../build/teleop_twist_emer_key/teleop_twist_emer_key.egg-info to /home/wheeltec/KUL_TABLOO/src/install/teleop_twist_emer_key/lib/python3.8/site-packages/teleop_twist_emer_key-0.0.0-py3.8.egg-info
[10.296s] running install_scripts
[10.672s] Installing keyboard_emer script to /home/wheeltec/KUL_TABLOO/src/install/teleop_twist_emer_key/lib/teleop_twist_emer_key
[10.676s] writing list of installed files to '/home/wheeltec/KUL_TABLOO/src/build/teleop_twist_emer_key/install.log'
[10.838s] Invoked command in '/home/wheeltec/KUL_TABLOO/src/teleop_twist_emer_key' returned '0': PYTHONPATH=/home/wheeltec/KUL_TABLOO/src/build/teleop_twist_emer_key/prefix_override:/usr/lib/python3/dist-packages/colcon_core/task/python/colcon_distutils_commands:/home/wheeltec/KUL_TABLOO/src/install/teleop_twist_emer_key/lib/python3.8/site-packages:${PYTHONPATH} /usr/bin/python3 -W ignore:setup.py install is deprecated -W ignore:easy_install command is deprecated setup.py egg_info --egg-base ../build/teleop_twist_emer_key build --build-base /home/wheeltec/KUL_TABLOO/src/build/teleop_twist_emer_key/build install --record /home/wheeltec/KUL_TABLOO/src/build/teleop_twist_emer_key/install.log --single-version-externally-managed install_data
