[11.778s] Invoking command in '/home/wheeltec/KUL_TABLOO/src/quiz': PYTHONPATH=/home/wheeltec/KUL_TABLOO/src/build/quiz/prefix_override:/usr/lib/python3/dist-packages/colcon_core/task/python/colcon_distutils_commands:/home/wheeltec/KUL_TABLOO/src/install/quiz/lib/python3.8/site-packages:${PYTHONPATH} /usr/bin/python3 -W ignore:setup.py install is deprecated -W ignore:easy_install command is deprecated setup.py egg_info --egg-base ../build/quiz build --build-base /home/wheeltec/KUL_TABLOO/src/build/quiz/build install --record /home/wheeltec/KUL_TABLOO/src/build/quiz/install.log --single-version-externally-managed install_data
[14.141s] running egg_info
[14.218s] writing ../build/quiz/quiz.egg-info/PKG-INFO
[14.218s] writing dependency_links to ../build/quiz/quiz.egg-info/dependency_links.txt
[14.220s] writing entry points to ../build/quiz/quiz.egg-info/entry_points.txt
[14.221s] writing requirements to ../build/quiz/quiz.egg-info/requires.txt
[14.221s] writing top-level names to ../build/quiz/quiz.egg-info/top_level.txt
[14.381s] reading manifest file '../build/quiz/quiz.egg-info/SOURCES.txt'
[14.389s] writing manifest file '../build/quiz/quiz.egg-info/SOURCES.txt'
[14.391s] running build
[14.391s] running build_py
[14.394s] running install
[14.460s] running install_lib
[14.611s] running install_data
[14.613s] running install_egg_info
[14.712s] removing '/home/wheeltec/KUL_TABLOO/src/install/quiz/lib/python3.8/site-packages/quiz-0.0.0-py3.8.egg-info' (and everything under it)
[14.713s] Copying ../build/quiz/quiz.egg-info to /home/wheeltec/KUL_TABLOO/src/install/quiz/lib/python3.8/site-packages/quiz-0.0.0-py3.8.egg-info
[14.720s] running install_scripts
[15.270s] Installing quiz script to /home/wheeltec/KUL_TABLOO/src/install/quiz/lib/quiz
[15.272s] writing list of installed files to '/home/wheeltec/KUL_TABLOO/src/build/quiz/install.log'
[15.612s] Invoked command in '/home/wheeltec/KUL_TABLOO/src/quiz' returned '0': PYTHONPATH=/home/wheeltec/KUL_TABLOO/src/build/quiz/prefix_override:/usr/lib/python3/dist-packages/colcon_core/task/python/colcon_distutils_commands:/home/wheeltec/KUL_TABLOO/src/install/quiz/lib/python3.8/site-packages:${PYTHONPATH} /usr/bin/python3 -W ignore:setup.py install is deprecated -W ignore:easy_install command is deprecated setup.py egg_info --egg-base ../build/quiz build --build-base /home/wheeltec/KUL_TABLOO/src/build/quiz/build install --record /home/wheeltec/KUL_TABLOO/src/build/quiz/install.log --single-version-externally-managed install_data
