[7.204s] Invoking command in '/home/wheeltec/KUL_TABLOO/src/teleop_twist_emer_key': PYTHONPATH=/home/wheeltec/KUL_TABLOO/src/build/teleop_twist_emer_key/prefix_override:/usr/lib/python3/dist-packages/colcon_core/task/python/colcon_distutils_commands:/home/wheeltec/KUL_TABLOO/src/install/teleop_twist_emer_key/lib/python3.8/site-packages:${PYTHONPATH} /usr/bin/python3 -W ignore:setup.py install is deprecated -W ignore:easy_install command is deprecated setup.py egg_info --egg-base ../build/teleop_twist_emer_key build --build-base /home/wheeltec/KUL_TABLOO/src/build/teleop_twist_emer_key/build install --record /home/wheeltec/KUL_TABLOO/src/build/teleop_twist_emer_key/install.log --single-version-externally-managed install_data
[9.154s] running egg_info
[9.221s] writing ../build/teleop_twist_emer_key/teleop_twist_emer_key.egg-info/PKG-INFO
[9.223s] writing dependency_links to ../build/teleop_twist_emer_key/teleop_twist_emer_key.egg-info/dependency_links.txt
[9.224s] writing entry points to ../build/teleop_twist_emer_key/teleop_twist_emer_key.egg-info/entry_points.txt
[9.224s] writing requirements to ../build/teleop_twist_emer_key/teleop_twist_emer_key.egg-info/requires.txt
[9.224s] writing top-level names to ../build/teleop_twist_emer_key/teleop_twist_emer_key.egg-info/top_level.txt
[9.361s] reading manifest file '../build/teleop_twist_emer_key/teleop_twist_emer_key.egg-info/SOURCES.txt'
[9.367s] writing manifest file '../build/teleop_twist_emer_key/teleop_twist_emer_key.egg-info/SOURCES.txt'
[9.367s] running build
[9.367s] running build_py
[9.368s] running install
[9.398s] running install_lib
[9.468s] running install_data
[9.469s] running install_egg_info
[9.554s] removing '/home/wheeltec/KUL_TABLOO/src/install/teleop_twist_emer_key/lib/python3.8/site-packages/teleop_twist_emer_key-0.0.0-py3.8.egg-info' (and everything under it)
[9.561s] Copying ../build/teleop_twist_emer_key/teleop_twist_emer_key.egg-info to /home/wheeltec/KUL_TABLOO/src/install/teleop_twist_emer_key/lib/python3.8/site-packages/teleop_twist_emer_key-0.0.0-py3.8.egg-info
[9.562s] running install_scripts
[9.957s] Installing keyboard_emer script to /home/wheeltec/KUL_TABLOO/src/install/teleop_twist_emer_key/lib/teleop_twist_emer_key
[9.958s] writing list of installed files to '/home/wheeltec/KUL_TABLOO/src/build/teleop_twist_emer_key/install.log'
[10.129s] Invoked command in '/home/wheeltec/KUL_TABLOO/src/teleop_twist_emer_key' returned '0': PYTHONPATH=/home/wheeltec/KUL_TABLOO/src/build/teleop_twist_emer_key/prefix_override:/usr/lib/python3/dist-packages/colcon_core/task/python/colcon_distutils_commands:/home/wheeltec/KUL_TABLOO/src/install/teleop_twist_emer_key/lib/python3.8/site-packages:${PYTHONPATH} /usr/bin/python3 -W ignore:setup.py install is deprecated -W ignore:easy_install command is deprecated setup.py egg_info --egg-base ../build/teleop_twist_emer_key build --build-base /home/wheeltec/KUL_TABLOO/src/build/teleop_twist_emer_key/build install --record /home/wheeltec/KUL_TABLOO/src/build/teleop_twist_emer_key/install.log --single-version-externally-managed install_data
