[10.009s] Invoking command in '/home/wheeltec/KUL_TABLOO/src/remote_control_socket': PYTHONPATH=/home/wheeltec/KUL_TABLOO/src/build/remote_control_socket/prefix_override:/usr/lib/python3/dist-packages/colcon_core/task/python/colcon_distutils_commands:/home/wheeltec/KUL_TABLOO/src/install/remote_control_socket/lib/python3.8/site-packages:${PYTHONPATH} /usr/bin/python3 -W ignore:setup.py install is deprecated -W ignore:easy_install command is deprecated setup.py egg_info --egg-base ../build/remote_control_socket build --build-base /home/wheeltec/KUL_TABLOO/src/build/remote_control_socket/build install --record /home/wheeltec/KUL_TABLOO/src/build/remote_control_socket/install.log --single-version-externally-managed install_data
[12.889s] running egg_info
[13.007s] writing ../build/remote_control_socket/remote_control_socket.egg-info/PKG-INFO
[13.008s] writing dependency_links to ../build/remote_control_socket/remote_control_socket.egg-info/dependency_links.txt
[13.009s] writing entry points to ../build/remote_control_socket/remote_control_socket.egg-info/entry_points.txt
[13.009s] writing requirements to ../build/remote_control_socket/remote_control_socket.egg-info/requires.txt
[13.010s] writing top-level names to ../build/remote_control_socket/remote_control_socket.egg-info/top_level.txt
[13.200s] reading manifest file '../build/remote_control_socket/remote_control_socket.egg-info/SOURCES.txt'
[13.205s] writing manifest file '../build/remote_control_socket/remote_control_socket.egg-info/SOURCES.txt'
[13.206s] running build
[13.206s] running build_py
[13.207s] running install
[13.237s] running install_lib
[13.322s] running install_data
[13.323s] running install_egg_info
[13.429s] removing '/home/wheeltec/KUL_TABLOO/src/install/remote_control_socket/lib/python3.8/site-packages/remote_control_socket-0.0.0-py3.8.egg-info' (and everything under it)
[13.431s] Copying ../build/remote_control_socket/remote_control_socket.egg-info to /home/wheeltec/KUL_TABLOO/src/install/remote_control_socket/lib/python3.8/site-packages/remote_control_socket-0.0.0-py3.8.egg-info
[13.444s] running install_scripts
[13.950s] Installing remote_control_socket script to /home/wheeltec/KUL_TABLOO/src/install/remote_control_socket/lib/remote_control_socket
[13.952s] writing list of installed files to '/home/wheeltec/KUL_TABLOO/src/build/remote_control_socket/install.log'
[15.683s] Invoked command in '/home/wheeltec/KUL_TABLOO/src/remote_control_socket' returned '0': PYTHONPATH=/home/wheeltec/KUL_TABLOO/src/build/remote_control_socket/prefix_override:/usr/lib/python3/dist-packages/colcon_core/task/python/colcon_distutils_commands:/home/wheeltec/KUL_TABLOO/src/install/remote_control_socket/lib/python3.8/site-packages:${PYTHONPATH} /usr/bin/python3 -W ignore:setup.py install is deprecated -W ignore:easy_install command is deprecated setup.py egg_info --egg-base ../build/remote_control_socket build --build-base /home/wheeltec/KUL_TABLOO/src/build/remote_control_socket/build install --record /home/wheeltec/KUL_TABLOO/src/build/remote_control_socket/install.log --single-version-externally-managed install_data
