[9.574s] Invoking command in '/home/wheeltec/KUL_TABLOO/src/rpi_pub': PYTHONPATH=/home/wheeltec/KUL_TABLOO/src/build/rpi_pub/prefix_override:/usr/lib/python3/dist-packages/colcon_core/task/python/colcon_distutils_commands:/home/wheeltec/KUL_TABLOO/src/install/rpi_pub/lib/python3.8/site-packages:${PYTHONPATH} /usr/bin/python3 -W ignore:setup.py install is deprecated -W ignore:easy_install command is deprecated setup.py egg_info --egg-base ../build/rpi_pub build --build-base /home/wheeltec/KUL_TABLOO/src/build/rpi_pub/build install --record /home/wheeltec/KUL_TABLOO/src/build/rpi_pub/install.log --single-version-externally-managed install_data
[12.975s] running egg_info
[13.064s] writing ../build/rpi_pub/rpi_pub.egg-info/PKG-INFO
[13.067s] writing dependency_links to ../build/rpi_pub/rpi_pub.egg-info/dependency_links.txt
[13.069s] writing entry points to ../build/rpi_pub/rpi_pub.egg-info/entry_points.txt
[13.069s] writing requirements to ../build/rpi_pub/rpi_pub.egg-info/requires.txt
[13.070s] writing top-level names to ../build/rpi_pub/rpi_pub.egg-info/top_level.txt
[13.280s] reading manifest file '../build/rpi_pub/rpi_pub.egg-info/SOURCES.txt'
[13.286s] writing manifest file '../build/rpi_pub/rpi_pub.egg-info/SOURCES.txt'
[13.287s] running build
[13.287s] running build_py
[13.290s] running install
[13.323s] running install_lib
[13.415s] running install_data
[13.415s] running install_egg_info
[13.499s] removing '/home/wheeltec/KUL_TABLOO/src/install/rpi_pub/lib/python3.8/site-packages/rpi_pub-0.0.0-py3.8.egg-info' (and everything under it)
[13.501s] Copying ../build/rpi_pub/rpi_pub.egg-info to /home/wheeltec/KUL_TABLOO/src/install/rpi_pub/lib/python3.8/site-packages/rpi_pub-0.0.0-py3.8.egg-info
[13.508s] running install_scripts
[13.987s] Installing rpi_pub script to /home/wheeltec/KUL_TABLOO/src/install/rpi_pub/lib/rpi_pub
[13.992s] writing list of installed files to '/home/wheeltec/KUL_TABLOO/src/build/rpi_pub/install.log'
[14.169s] Invoked command in '/home/wheeltec/KUL_TABLOO/src/rpi_pub' returned '0': PYTHONPATH=/home/wheeltec/KUL_TABLOO/src/build/rpi_pub/prefix_override:/usr/lib/python3/dist-packages/colcon_core/task/python/colcon_distutils_commands:/home/wheeltec/KUL_TABLOO/src/install/rpi_pub/lib/python3.8/site-packages:${PYTHONPATH} /usr/bin/python3 -W ignore:setup.py install is deprecated -W ignore:easy_install command is deprecated setup.py egg_info --egg-base ../build/rpi_pub build --build-base /home/wheeltec/KUL_TABLOO/src/build/rpi_pub/build install --record /home/wheeltec/KUL_TABLOO/src/build/rpi_pub/install.log --single-version-externally-managed install_data
