[10.864s] Invoking command in '/home/wheeltec/KUL_TABLOO/src/heartbeat_monitor': PYTHONPATH=/home/wheeltec/KUL_TABLOO/src/build/heartbeat_monitor/prefix_override:/usr/lib/python3/dist-packages/colcon_core/task/python/colcon_distutils_commands:/home/wheeltec/KUL_TABLOO/src/install/heartbeat_monitor/lib/python3.8/site-packages:${PYTHONPATH} /usr/bin/python3 -W ignore:setup.py install is deprecated -W ignore:easy_install command is deprecated setup.py egg_info --egg-base ../build/heartbeat_monitor build --build-base /home/wheeltec/KUL_TABLOO/src/build/heartbeat_monitor/build install --record /home/wheeltec/KUL_TABLOO/src/build/heartbeat_monitor/install.log --single-version-externally-managed install_data
[13.265s] running egg_info
[13.364s] writing ../build/heartbeat_monitor/heartbeat_monitor.egg-info/PKG-INFO
[13.370s] writing dependency_links to ../build/heartbeat_monitor/heartbeat_monitor.egg-info/dependency_links.txt
[13.375s] writing entry points to ../build/heartbeat_monitor/heartbeat_monitor.egg-info/entry_points.txt
[13.377s] writing requirements to ../build/heartbeat_monitor/heartbeat_monitor.egg-info/requires.txt
[13.379s] writing top-level names to ../build/heartbeat_monitor/heartbeat_monitor.egg-info/top_level.txt
[13.575s] reading manifest file '../build/heartbeat_monitor/heartbeat_monitor.egg-info/SOURCES.txt'
[13.580s] writing manifest file '../build/heartbeat_monitor/heartbeat_monitor.egg-info/SOURCES.txt'
[13.581s] running build
[13.582s] running build_py
[13.587s] running install
[13.616s] running install_lib
[13.699s] running install_data
[13.699s] running install_egg_info
[13.819s] removing '/home/wheeltec/KUL_TABLOO/src/install/heartbeat_monitor/lib/python3.8/site-packages/heartbeat_monitor-0.0.0-py3.8.egg-info' (and everything under it)
[13.823s] Copying ../build/heartbeat_monitor/heartbeat_monitor.egg-info to /home/wheeltec/KUL_TABLOO/src/install/heartbeat_monitor/lib/python3.8/site-packages/heartbeat_monitor-0.0.0-py3.8.egg-info
[13.828s] running install_scripts
[14.551s] Installing heartbeat_monitor script to /home/wheeltec/KUL_TABLOO/src/install/heartbeat_monitor/lib/heartbeat_monitor
[14.552s] Installing heartbeat_publisher script to /home/wheeltec/KUL_TABLOO/src/install/heartbeat_monitor/lib/heartbeat_monitor
[14.554s] writing list of installed files to '/home/wheeltec/KUL_TABLOO/src/build/heartbeat_monitor/install.log'
[14.862s] Invoked command in '/home/wheeltec/KUL_TABLOO/src/heartbeat_monitor' returned '0': PYTHONPATH=/home/wheeltec/KUL_TABLOO/src/build/heartbeat_monitor/prefix_override:/usr/lib/python3/dist-packages/colcon_core/task/python/colcon_distutils_commands:/home/wheeltec/KUL_TABLOO/src/install/heartbeat_monitor/lib/python3.8/site-packages:${PYTHONPATH} /usr/bin/python3 -W ignore:setup.py install is deprecated -W ignore:easy_install command is deprecated setup.py egg_info --egg-base ../build/heartbeat_monitor build --build-base /home/wheeltec/KUL_TABLOO/src/build/heartbeat_monitor/build install --record /home/wheeltec/KUL_TABLOO/src/build/heartbeat_monitor/install.log --single-version-externally-managed install_data
