running egg_info
creating ../build/rpi_pub/rpi_pub.egg-info
writing ../build/rpi_pub/rpi_pub.egg-info/PKG-INFO
writing dependency_links to ../build/rpi_pub/rpi_pub.egg-info/dependency_links.txt
writing entry points to ../build/rpi_pub/rpi_pub.egg-info/entry_points.txt
writing requirements to ../build/rpi_pub/rpi_pub.egg-info/requires.txt
writing top-level names to ../build/rpi_pub/rpi_pub.egg-info/top_level.txt
writing manifest file '../build/rpi_pub/rpi_pub.egg-info/SOURCES.txt'
reading manifest file '../build/rpi_pub/rpi_pub.egg-info/SOURCES.txt'
writing manifest file '../build/rpi_pub/rpi_pub.egg-info/SOURCES.txt'
running build
running build_py
creating /home/wheeltec/KUL_TABLOO/src/build/rpi_pub/build
creating /home/wheeltec/KUL_TABLOO/src/build/rpi_pub/build/lib
creating /home/wheeltec/KUL_TABLOO/src/build/rpi_pub/build/lib/rpi_pub
copying rpi_pub/__init__.py -> /home/wheeltec/KUL_TABLOO/src/build/rpi_pub/build/lib/rpi_pub
copying rpi_pub/rpi_pub.py -> /home/wheeltec/KUL_TABLOO/src/build/rpi_pub/build/lib/rpi_pub
running install
running install_lib
creating /home/wheeltec/KUL_TABLOO/src/install/rpi_pub/lib/python3.8/site-packages/rpi_pub
copying /home/wheeltec/KUL_TABLOO/src/build/rpi_pub/build/lib/rpi_pub/__init__.py -> /home/wheeltec/KUL_TABLOO/src/install/rpi_pub/lib/python3.8/site-packages/rpi_pub
copying /home/wheeltec/KUL_TABLOO/src/build/rpi_pub/build/lib/rpi_pub/rpi_pub.py -> /home/wheeltec/KUL_TABLOO/src/install/rpi_pub/lib/python3.8/site-packages/rpi_pub
byte-compiling /home/wheeltec/KUL_TABLOO/src/install/rpi_pub/lib/python3.8/site-packages/rpi_pub/__init__.py to __init__.cpython-38.pyc
byte-compiling /home/wheeltec/KUL_TABLOO/src/install/rpi_pub/lib/python3.8/site-packages/rpi_pub/rpi_pub.py to rpi_pub.cpython-38.pyc
running install_data
creating /home/wheeltec/KUL_TABLOO/src/install/rpi_pub/share/ament_index
creating /home/wheeltec/KUL_TABLOO/src/install/rpi_pub/share/ament_index/resource_index
creating /home/wheeltec/KUL_TABLOO/src/install/rpi_pub/share/ament_index/resource_index/packages
copying resource/rpi_pub -> /home/wheeltec/KUL_TABLOO/src/install/rpi_pub/share/ament_index/resource_index/packages
copying package.xml -> /home/wheeltec/KUL_TABLOO/src/install/rpi_pub/share/rpi_pub
running install_egg_info
Copying ../build/rpi_pub/rpi_pub.egg-info to /home/wheeltec/KUL_TABLOO/src/install/rpi_pub/lib/python3.8/site-packages/rpi_pub-0.0.0-py3.8.egg-info
running install_scripts
Installing rpi_pub script to /home/wheeltec/KUL_TABLOO/src/install/rpi_pub/lib/rpi_pub
writing list of installed files to '/home/wheeltec/KUL_TABLOO/src/build/rpi_pub/install.log'
