[13.677s] Invoking command in '/home/wheeltec/KUL_TABLOO/src/remote_control_socket': PYTHONPATH=/home/wheeltec/KUL_TABLOO/src/build/remote_control_socket/prefix_override:/usr/lib/python3/dist-packages/colcon_core/task/python/colcon_distutils_commands:/home/wheeltec/KUL_TABLOO/src/install/remote_control_socket/lib/python3.8/site-packages:${PYTHONPATH} /usr/bin/python3 -W ignore:setup.py install is deprecated -W ignore:easy_install command is deprecated setup.py egg_info --egg-base ../build/remote_control_socket build --build-base /home/wheeltec/KUL_TABLOO/src/build/remote_control_socket/build install --record /home/wheeltec/KUL_TABLOO/src/build/remote_control_socket/install.log --single-version-externally-managed install_data
[16.674s] running egg_info
[16.758s] writing ../build/remote_control_socket/remote_control_socket.egg-info/PKG-INFO
[16.759s] writing dependency_links to ../build/remote_control_socket/remote_control_socket.egg-info/dependency_links.txt
[16.760s] writing entry points to ../build/remote_control_socket/remote_control_socket.egg-info/entry_points.txt
[16.761s] writing requirements to ../build/remote_control_socket/remote_control_socket.egg-info/requires.txt
[16.761s] writing top-level names to ../build/remote_control_socket/remote_control_socket.egg-info/top_level.txt
[16.941s] reading manifest file '../build/remote_control_socket/remote_control_socket.egg-info/SOURCES.txt'
[16.948s] writing manifest file '../build/remote_control_socket/remote_control_socket.egg-info/SOURCES.txt'
[16.952s] running build
[16.953s] running build_py
[16.958s] running install
[17.000s] running install_lib
[17.096s] running install_data
[17.099s] running install_egg_info
[17.189s] removing '/home/wheeltec/KUL_TABLOO/src/install/remote_control_socket/lib/python3.8/site-packages/remote_control_socket-0.0.0-py3.8.egg-info' (and everything under it)
[17.190s] Copying ../build/remote_control_socket/remote_control_socket.egg-info to /home/wheeltec/KUL_TABLOO/src/install/remote_control_socket/lib/python3.8/site-packages/remote_control_socket-0.0.0-py3.8.egg-info
[17.201s] running install_scripts
[17.738s] Installing remote_control_socket script to /home/wheeltec/KUL_TABLOO/src/install/remote_control_socket/lib/remote_control_socket
[17.738s] writing list of installed files to '/home/wheeltec/KUL_TABLOO/src/build/remote_control_socket/install.log'
[18.100s] Invoked command in '/home/wheeltec/KUL_TABLOO/src/remote_control_socket' returned '0': PYTHONPATH=/home/wheeltec/KUL_TABLOO/src/build/remote_control_socket/prefix_override:/usr/lib/python3/dist-packages/colcon_core/task/python/colcon_distutils_commands:/home/wheeltec/KUL_TABLOO/src/install/remote_control_socket/lib/python3.8/site-packages:${PYTHONPATH} /usr/bin/python3 -W ignore:setup.py install is deprecated -W ignore:easy_install command is deprecated setup.py egg_info --egg-base ../build/remote_control_socket build --build-base /home/wheeltec/KUL_TABLOO/src/build/remote_control_socket/build install --record /home/wheeltec/KUL_TABLOO/src/build/remote_control_socket/install.log --single-version-externally-managed install_data
