running egg_info
creating ../build/teleop_twist_emer_key/teleop_twist_emer_key.egg-info
writing ../build/teleop_twist_emer_key/teleop_twist_emer_key.egg-info/PKG-INFO
writing dependency_links to ../build/teleop_twist_emer_key/teleop_twist_emer_key.egg-info/dependency_links.txt
writing entry points to ../build/teleop_twist_emer_key/teleop_twist_emer_key.egg-info/entry_points.txt
writing requirements to ../build/teleop_twist_emer_key/teleop_twist_emer_key.egg-info/requires.txt
writing top-level names to ../build/teleop_twist_emer_key/teleop_twist_emer_key.egg-info/top_level.txt
writing manifest file '../build/teleop_twist_emer_key/teleop_twist_emer_key.egg-info/SOURCES.txt'
reading manifest file '../build/teleop_twist_emer_key/teleop_twist_emer_key.egg-info/SOURCES.txt'
writing manifest file '../build/teleop_twist_emer_key/teleop_twist_emer_key.egg-info/SOURCES.txt'
running build
running build_py
creating /home/wheeltec/KUL_TABLOO/src/build/teleop_twist_emer_key/build
creating /home/wheeltec/KUL_TABLOO/src/build/teleop_twist_emer_key/build/lib
creating /home/wheeltec/KUL_TABLOO/src/build/teleop_twist_emer_key/build/lib/teleop_twist_emer_key
copying teleop_twist_emer_key/__init__.py -> /home/wheeltec/KUL_TABLOO/src/build/teleop_twist_emer_key/build/lib/teleop_twist_emer_key
copying teleop_twist_emer_key/keyboard_emer.py -> /home/wheeltec/KUL_TABLOO/src/build/teleop_twist_emer_key/build/lib/teleop_twist_emer_key
running install
running install_lib
creating /home/wheeltec/KUL_TABLOO/src/install/teleop_twist_emer_key/lib/python3.8/site-packages/teleop_twist_emer_key
copying /home/wheeltec/KUL_TABLOO/src/build/teleop_twist_emer_key/build/lib/teleop_twist_emer_key/__init__.py -> /home/wheeltec/KUL_TABLOO/src/install/teleop_twist_emer_key/lib/python3.8/site-packages/teleop_twist_emer_key
copying /home/wheeltec/KUL_TABLOO/src/build/teleop_twist_emer_key/build/lib/teleop_twist_emer_key/keyboard_emer.py -> /home/wheeltec/KUL_TABLOO/src/install/teleop_twist_emer_key/lib/python3.8/site-packages/teleop_twist_emer_key
byte-compiling /home/wheeltec/KUL_TABLOO/src/install/teleop_twist_emer_key/lib/python3.8/site-packages/teleop_twist_emer_key/__init__.py to __init__.cpython-38.pyc
byte-compiling /home/wheeltec/KUL_TABLOO/src/install/teleop_twist_emer_key/lib/python3.8/site-packages/teleop_twist_emer_key/keyboard_emer.py to keyboard_emer.cpython-38.pyc
running install_data
creating /home/wheeltec/KUL_TABLOO/src/install/teleop_twist_emer_key/share/ament_index
creating /home/wheeltec/KUL_TABLOO/src/install/teleop_twist_emer_key/share/ament_index/resource_index
creating /home/wheeltec/KUL_TABLOO/src/install/teleop_twist_emer_key/share/ament_index/resource_index/packages
copying resource/teleop_twist_emer_key -> /home/wheeltec/KUL_TABLOO/src/install/teleop_twist_emer_key/share/ament_index/resource_index/packages
copying package.xml -> /home/wheeltec/KUL_TABLOO/src/install/teleop_twist_emer_key/share/teleop_twist_emer_key
running install_egg_info
Copying ../build/teleop_twist_emer_key/teleop_twist_emer_key.egg-info to /home/wheeltec/KUL_TABLOO/src/install/teleop_twist_emer_key/lib/python3.8/site-packages/teleop_twist_emer_key-0.0.0-py3.8.egg-info
running install_scripts
Installing keyboard_emer script to /home/wheeltec/KUL_TABLOO/src/install/teleop_twist_emer_key/lib/teleop_twist_emer_key
writing list of installed files to '/home/wheeltec/KUL_TABLOO/src/build/teleop_twist_emer_key/install.log'
