[16.626s] Invoking command in '/home/wheeltec/KUL_TABLOO/src/quiz_enable': PYTHONPATH=/home/wheeltec/KUL_TABLOO/src/build/quiz_enable/prefix_override:/usr/lib/python3/dist-packages/colcon_core/task/python/colcon_distutils_commands:/home/wheeltec/KUL_TABLOO/src/install/quiz_enable/lib/python3.8/site-packages:${PYTHONPATH} /usr/bin/python3 -W ignore:setup.py install is deprecated -W ignore:easy_install command is deprecated setup.py egg_info --egg-base ../build/quiz_enable build --build-base /home/wheeltec/KUL_TABLOO/src/build/quiz_enable/build install --record /home/wheeltec/KUL_TABLOO/src/build/quiz_enable/install.log --single-version-externally-managed install_data
[21.517s] running egg_info
[21.667s] writing ../build/quiz_enable/quiz_enable.egg-info/PKG-INFO
[21.669s] writing dependency_links to ../build/quiz_enable/quiz_enable.egg-info/dependency_links.txt
[21.671s] writing entry points to ../build/quiz_enable/quiz_enable.egg-info/entry_points.txt
[21.673s] writing requirements to ../build/quiz_enable/quiz_enable.egg-info/requires.txt
[21.676s] writing top-level names to ../build/quiz_enable/quiz_enable.egg-info/top_level.txt
[22.058s] reading manifest file '../build/quiz_enable/quiz_enable.egg-info/SOURCES.txt'
[22.064s] writing manifest file '../build/quiz_enable/quiz_enable.egg-info/SOURCES.txt'
[22.066s] running build
[22.066s] running build_py
[22.070s] running install
[22.139s] running install_lib
[22.286s] running install_data
[22.290s] running install_egg_info
[22.458s] removing '/home/wheeltec/KUL_TABLOO/src/install/quiz_enable/lib/python3.8/site-packages/quiz_enable-0.0.0-py3.8.egg-info' (and everything under it)
[22.459s] Copying ../build/quiz_enable/quiz_enable.egg-info to /home/wheeltec/KUL_TABLOO/src/install/quiz_enable/lib/python3.8/site-packages/quiz_enable-0.0.0-py3.8.egg-info
[22.466s] running install_scripts
[23.674s] Installing quiz_enable script to /home/wheeltec/KUL_TABLOO/src/install/quiz_enable/lib/quiz_enable
[23.680s] writing list of installed files to '/home/wheeltec/KUL_TABLOO/src/build/quiz_enable/install.log'
[26.469s] Invoked command in '/home/wheeltec/KUL_TABLOO/src/quiz_enable' returned '0': PYTHONPATH=/home/wheeltec/KUL_TABLOO/src/build/quiz_enable/prefix_override:/usr/lib/python3/dist-packages/colcon_core/task/python/colcon_distutils_commands:/home/wheeltec/KUL_TABLOO/src/install/quiz_enable/lib/python3.8/site-packages:${PYTHONPATH} /usr/bin/python3 -W ignore:setup.py install is deprecated -W ignore:easy_install command is deprecated setup.py egg_info --egg-base ../build/quiz_enable build --build-base /home/wheeltec/KUL_TABLOO/src/build/quiz_enable/build install --record /home/wheeltec/KUL_TABLOO/src/build/quiz_enable/install.log --single-version-externally-managed install_data
