[17.718s] Invoking command in '/home/wheeltec/KUL_TABLOO/src/emergency_stop': PYTHONPATH=/home/wheeltec/KUL_TABLOO/src/build/emergency_stop/prefix_override:/usr/lib/python3/dist-packages/colcon_core/task/python/colcon_distutils_commands:/home/wheeltec/KUL_TABLOO/src/install/emergency_stop/lib/python3.8/site-packages:${PYTHONPATH} /usr/bin/python3 -W ignore:setup.py install is deprecated -W ignore:easy_install command is deprecated setup.py egg_info --egg-base ../build/emergency_stop build --build-base /home/wheeltec/KUL_TABLOO/src/build/emergency_stop/build install --record /home/wheeltec/KUL_TABLOO/src/build/emergency_stop/install.log --single-version-externally-managed install_data
[23.350s] running egg_info
[23.556s] writing ../build/emergency_stop/emergency_stop.egg-info/PKG-INFO
[23.563s] writing dependency_links to ../build/emergency_stop/emergency_stop.egg-info/dependency_links.txt
[23.565s] writing entry points to ../build/emergency_stop/emergency_stop.egg-info/entry_points.txt
[23.566s] writing requirements to ../build/emergency_stop/emergency_stop.egg-info/requires.txt
[23.566s] writing top-level names to ../build/emergency_stop/emergency_stop.egg-info/top_level.txt
[24.299s] reading manifest file '../build/emergency_stop/emergency_stop.egg-info/SOURCES.txt'
[24.327s] writing manifest file '../build/emergency_stop/emergency_stop.egg-info/SOURCES.txt'
[24.335s] running build
[24.335s] running build_py
[24.336s] running install
[24.387s] running install_lib
[24.687s] running install_data
[24.689s] running install_egg_info
[24.817s] removing '/home/wheeltec/KUL_TABLOO/src/install/emergency_stop/lib/python3.8/site-packages/emergency_stop-0.0.0-py3.8.egg-info' (and everything under it)
[24.828s] Copying ../build/emergency_stop/emergency_stop.egg-info to /home/wheeltec/KUL_TABLOO/src/install/emergency_stop/lib/python3.8/site-packages/emergency_stop-0.0.0-py3.8.egg-info
[24.828s] running install_scripts
[25.453s] Installing emergency_stop script to /home/wheeltec/KUL_TABLOO/src/install/emergency_stop/lib/emergency_stop
[25.456s] writing list of installed files to '/home/wheeltec/KUL_TABLOO/src/build/emergency_stop/install.log'
[27.674s] Invoked command in '/home/wheeltec/KUL_TABLOO/src/emergency_stop' returned '0': PYTHONPATH=/home/wheeltec/KUL_TABLOO/src/build/emergency_stop/prefix_override:/usr/lib/python3/dist-packages/colcon_core/task/python/colcon_distutils_commands:/home/wheeltec/KUL_TABLOO/src/install/emergency_stop/lib/python3.8/site-packages:${PYTHONPATH} /usr/bin/python3 -W ignore:setup.py install is deprecated -W ignore:easy_install command is deprecated setup.py egg_info --egg-base ../build/emergency_stop build --build-base /home/wheeltec/KUL_TABLOO/src/build/emergency_stop/build install --record /home/wheeltec/KUL_TABLOO/src/build/emergency_stop/install.log --single-version-externally-managed install_data
