[16.900s] Invoking command in '/home/wheeltec/KUL_TABLOO/src/quiz': PYTHONPATH=/home/wheeltec/KUL_TABLOO/src/build/quiz/prefix_override:/usr/lib/python3/dist-packages/colcon_core/task/python/colcon_distutils_commands:/home/wheeltec/KUL_TABLOO/src/install/quiz/lib/python3.8/site-packages:${PYTHONPATH} /usr/bin/python3 -W ignore:setup.py install is deprecated -W ignore:easy_install command is deprecated setup.py egg_info --egg-base ../build/quiz build --build-base /home/wheeltec/KUL_TABLOO/src/build/quiz/build install --record /home/wheeltec/KUL_TABLOO/src/build/quiz/install.log --single-version-externally-managed install_data
[21.118s] running egg_info
[21.239s] writing ../build/quiz/quiz.egg-info/PKG-INFO
[21.243s] writing dependency_links to ../build/quiz/quiz.egg-info/dependency_links.txt
[21.245s] writing entry points to ../build/quiz/quiz.egg-info/entry_points.txt
[21.245s] writing requirements to ../build/quiz/quiz.egg-info/requires.txt
[21.247s] writing top-level names to ../build/quiz/quiz.egg-info/top_level.txt
[21.498s] reading manifest file '../build/quiz/quiz.egg-info/SOURCES.txt'
[21.502s] writing manifest file '../build/quiz/quiz.egg-info/SOURCES.txt'
[21.505s] running build
[21.506s] running build_py
[21.509s] running install
[21.573s] running install_lib
[21.767s] running install_data
[21.768s] running install_egg_info
[21.955s] removing '/home/wheeltec/KUL_TABLOO/src/install/quiz/lib/python3.8/site-packages/quiz-0.0.0-py3.8.egg-info' (and everything under it)
[21.959s] Copying ../build/quiz/quiz.egg-info to /home/wheeltec/KUL_TABLOO/src/install/quiz/lib/python3.8/site-packages/quiz-0.0.0-py3.8.egg-info
[21.962s] running install_scripts
[22.744s] Installing quiz script to /home/wheeltec/KUL_TABLOO/src/install/quiz/lib/quiz
[22.752s] writing list of installed files to '/home/wheeltec/KUL_TABLOO/src/build/quiz/install.log'
[23.108s] Invoked command in '/home/wheeltec/KUL_TABLOO/src/quiz' returned '0': PYTHONPATH=/home/wheeltec/KUL_TABLOO/src/build/quiz/prefix_override:/usr/lib/python3/dist-packages/colcon_core/task/python/colcon_distutils_commands:/home/wheeltec/KUL_TABLOO/src/install/quiz/lib/python3.8/site-packages:${PYTHONPATH} /usr/bin/python3 -W ignore:setup.py install is deprecated -W ignore:easy_install command is deprecated setup.py egg_info --egg-base ../build/quiz build --build-base /home/wheeltec/KUL_TABLOO/src/build/quiz/build install --record /home/wheeltec/KUL_TABLOO/src/build/quiz/install.log --single-version-externally-managed install_data
