[17.520s] Invoking command in '/home/wheeltec/KUL_TABLOO/src/quiz_enable': PYTHONPATH=/home/wheeltec/KUL_TABLOO/src/build/quiz_enable/prefix_override:/usr/lib/python3/dist-packages/colcon_core/task/python/colcon_distutils_commands:/home/wheeltec/KUL_TABLOO/src/install/quiz_enable/lib/python3.8/site-packages:${PYTHONPATH} /usr/bin/python3 -W ignore:setup.py install is deprecated -W ignore:easy_install command is deprecated setup.py egg_info --egg-base ../build/quiz_enable build --build-base /home/wheeltec/KUL_TABLOO/src/build/quiz_enable/build install --record /home/wheeltec/KUL_TABLOO/src/build/quiz_enable/install.log --single-version-externally-managed install_data
[22.120s] running egg_info
[22.344s] writing ../build/quiz_enable/quiz_enable.egg-info/PKG-INFO
[22.353s] writing dependency_links to ../build/quiz_enable/quiz_enable.egg-info/dependency_links.txt
[22.357s] writing entry points to ../build/quiz_enable/quiz_enable.egg-info/entry_points.txt
[22.381s] writing requirements to ../build/quiz_enable/quiz_enable.egg-info/requires.txt
[22.385s] writing top-level names to ../build/quiz_enable/quiz_enable.egg-info/top_level.txt
[22.711s] reading manifest file '../build/quiz_enable/quiz_enable.egg-info/SOURCES.txt'
[22.725s] writing manifest file '../build/quiz_enable/quiz_enable.egg-info/SOURCES.txt'
[22.725s] running build
[22.726s] running build_py
[22.726s] running install
[22.808s] running install_lib
[22.952s] running install_data
[22.956s] running install_egg_info
[23.151s] removing '/home/wheeltec/KUL_TABLOO/src/install/quiz_enable/lib/python3.8/site-packages/quiz_enable-0.0.0-py3.8.egg-info' (and everything under it)
[23.162s] Copying ../build/quiz_enable/quiz_enable.egg-info to /home/wheeltec/KUL_TABLOO/src/install/quiz_enable/lib/python3.8/site-packages/quiz_enable-0.0.0-py3.8.egg-info
[23.205s] running install_scripts
[24.500s] Installing quiz_enable script to /home/wheeltec/KUL_TABLOO/src/install/quiz_enable/lib/quiz_enable
[24.514s] writing list of installed files to '/home/wheeltec/KUL_TABLOO/src/build/quiz_enable/install.log'
[27.231s] Invoked command in '/home/wheeltec/KUL_TABLOO/src/quiz_enable' returned '0': PYTHONPATH=/home/wheeltec/KUL_TABLOO/src/build/quiz_enable/prefix_override:/usr/lib/python3/dist-packages/colcon_core/task/python/colcon_distutils_commands:/home/wheeltec/KUL_TABLOO/src/install/quiz_enable/lib/python3.8/site-packages:${PYTHONPATH} /usr/bin/python3 -W ignore:setup.py install is deprecated -W ignore:easy_install command is deprecated setup.py egg_info --egg-base ../build/quiz_enable build --build-base /home/wheeltec/KUL_TABLOO/src/build/quiz_enable/build install --record /home/wheeltec/KUL_TABLOO/src/build/quiz_enable/install.log --single-version-externally-managed install_data
