[9.968s] Invoking command in '/home/wheeltec/KUL_TABLOO/src/quiz': PYTHONPATH=/home/wheeltec/KUL_TABLOO/src/build/quiz/prefix_override:/usr/lib/python3/dist-packages/colcon_core/task/python/colcon_distutils_commands:/home/wheeltec/KUL_TABLOO/src/install/quiz/lib/python3.8/site-packages:${PYTHONPATH} /usr/bin/python3 -W ignore:setup.py install is deprecated -W ignore:easy_install command is deprecated setup.py egg_info --egg-base ../build/quiz build --build-base /home/wheeltec/KUL_TABLOO/src/build/quiz/build install --record /home/wheeltec/KUL_TABLOO/src/build/quiz/install.log --single-version-externally-managed install_data
[12.548s] running egg_info
[12.651s] writing ../build/quiz/quiz.egg-info/PKG-INFO
[12.653s] writing dependency_links to ../build/quiz/quiz.egg-info/dependency_links.txt
[12.653s] writing entry points to ../build/quiz/quiz.egg-info/entry_points.txt
[12.654s] writing requirements to ../build/quiz/quiz.egg-info/requires.txt
[12.655s] writing top-level names to ../build/quiz/quiz.egg-info/top_level.txt
[12.845s] reading manifest file '../build/quiz/quiz.egg-info/SOURCES.txt'
[12.849s] writing manifest file '../build/quiz/quiz.egg-info/SOURCES.txt'
[12.851s] running build
[12.852s] running build_py
[12.853s] running install
[12.886s] running install_lib
[12.968s] running install_data
[12.969s] running install_egg_info
[13.062s] removing '/home/wheeltec/KUL_TABLOO/src/install/quiz/lib/python3.8/site-packages/quiz-0.0.0-py3.8.egg-info' (and everything under it)
[13.064s] Copying ../build/quiz/quiz.egg-info to /home/wheeltec/KUL_TABLOO/src/install/quiz/lib/python3.8/site-packages/quiz-0.0.0-py3.8.egg-info
[13.070s] running install_scripts
[13.548s] Installing quiz script to /home/wheeltec/KUL_TABLOO/src/install/quiz/lib/quiz
[13.550s] writing list of installed files to '/home/wheeltec/KUL_TABLOO/src/build/quiz/install.log'
[13.758s] Invoked command in '/home/wheeltec/KUL_TABLOO/src/quiz' returned '0': PYTHONPATH=/home/wheeltec/KUL_TABLOO/src/build/quiz/prefix_override:/usr/lib/python3/dist-packages/colcon_core/task/python/colcon_distutils_commands:/home/wheeltec/KUL_TABLOO/src/install/quiz/lib/python3.8/site-packages:${PYTHONPATH} /usr/bin/python3 -W ignore:setup.py install is deprecated -W ignore:easy_install command is deprecated setup.py egg_info --egg-base ../build/quiz build --build-base /home/wheeltec/KUL_TABLOO/src/build/quiz/build install --record /home/wheeltec/KUL_TABLOO/src/build/quiz/install.log --single-version-externally-managed install_data
