[12.013s] Invoking command in '/home/wheeltec/KUL_TABLOO/src/beamer': PYTHONPATH=/home/wheeltec/KUL_TABLOO/src/build/beamer/prefix_override:/usr/lib/python3/dist-packages/colcon_core/task/python/colcon_distutils_commands:/home/wheeltec/KUL_TABLOO/src/install/beamer/lib/python3.8/site-packages:${PYTHONPATH} /usr/bin/python3 -W ignore:setup.py install is deprecated -W ignore:easy_install command is deprecated setup.py egg_info --egg-base ../build/beamer build --build-base /home/wheeltec/KUL_TABLOO/src/build/beamer/build install --record /home/wheeltec/KUL_TABLOO/src/build/beamer/install.log --single-version-externally-managed install_data
[14.521s] running egg_info
[14.607s] writing ../build/beamer/beamer.egg-info/PKG-INFO
[14.608s] writing dependency_links to ../build/beamer/beamer.egg-info/dependency_links.txt
[14.609s] writing entry points to ../build/beamer/beamer.egg-info/entry_points.txt
[14.610s] writing requirements to ../build/beamer/beamer.egg-info/requires.txt
[14.610s] writing top-level names to ../build/beamer/beamer.egg-info/top_level.txt
[14.773s] reading manifest file '../build/beamer/beamer.egg-info/SOURCES.txt'
[14.780s] writing manifest file '../build/beamer/beamer.egg-info/SOURCES.txt'
[14.781s] running build
[14.781s] running build_py
[14.782s] running install
[14.813s] running install_lib
[14.894s] running install_data
[14.895s] running install_egg_info
[14.986s] removing '/home/wheeltec/KUL_TABLOO/src/install/beamer/lib/python3.8/site-packages/beamer-0.0.0-py3.8.egg-info' (and everything under it)
[14.990s] Copying ../build/beamer/beamer.egg-info to /home/wheeltec/KUL_TABLOO/src/install/beamer/lib/python3.8/site-packages/beamer-0.0.0-py3.8.egg-info
[14.994s] running install_scripts
[15.470s] Installing beamer script to /home/wheeltec/KUL_TABLOO/src/install/beamer/lib/beamer
[15.472s] writing list of installed files to '/home/wheeltec/KUL_TABLOO/src/build/beamer/install.log'
[15.795s] Invoked command in '/home/wheeltec/KUL_TABLOO/src/beamer' returned '0': PYTHONPATH=/home/wheeltec/KUL_TABLOO/src/build/beamer/prefix_override:/usr/lib/python3/dist-packages/colcon_core/task/python/colcon_distutils_commands:/home/wheeltec/KUL_TABLOO/src/install/beamer/lib/python3.8/site-packages:${PYTHONPATH} /usr/bin/python3 -W ignore:setup.py install is deprecated -W ignore:easy_install command is deprecated setup.py egg_info --egg-base ../build/beamer build --build-base /home/wheeltec/KUL_TABLOO/src/build/beamer/build install --record /home/wheeltec/KUL_TABLOO/src/build/beamer/install.log --single-version-externally-managed install_data
