running egg_info
writing ../build/rpi_pub/rpi_pub.egg-info/PKG-INFO
writing dependency_links to ../build/rpi_pub/rpi_pub.egg-info/dependency_links.txt
writing entry points to ../build/rpi_pub/rpi_pub.egg-info/entry_points.txt
writing requirements to ../build/rpi_pub/rpi_pub.egg-info/requires.txt
writing top-level names to ../build/rpi_pub/rpi_pub.egg-info/top_level.txt
reading manifest file '../build/rpi_pub/rpi_pub.egg-info/SOURCES.txt'
writing manifest file '../build/rpi_pub/rpi_pub.egg-info/SOURCES.txt'
running build
running build_py
copying rpi_pub/rpi_pub.py -> /home/wheeltec/KUL_TABLOO/src/build/rpi_pub/build/lib/rpi_pub
running install
running install_lib
copying /home/wheeltec/KUL_TABLOO/src/build/rpi_pub/build/lib/rpi_pub/rpi_pub.py -> /home/wheeltec/KUL_TABLOO/src/install/rpi_pub/lib/python3.8/site-packages/rpi_pub
byte-compiling /home/wheeltec/KUL_TABLOO/src/install/rpi_pub/lib/python3.8/site-packages/rpi_pub/rpi_pub.py to rpi_pub.cpython-38.pyc
running install_data
running install_egg_info
removing '/home/wheeltec/KUL_TABLOO/src/install/rpi_pub/lib/python3.8/site-packages/rpi_pub-0.0.0-py3.8.egg-info' (and everything under it)
Copying ../build/rpi_pub/rpi_pub.egg-info to /home/wheeltec/KUL_TABLOO/src/install/rpi_pub/lib/python3.8/site-packages/rpi_pub-0.0.0-py3.8.egg-info
running install_scripts
Installing rpi_pub script to /home/wheeltec/KUL_TABLOO/src/install/rpi_pub/lib/rpi_pub
writing list of installed files to '/home/wheeltec/KUL_TABLOO/src/build/rpi_pub/install.log'
