[13.206s] Invoking command in '/home/wheeltec/KUL_TABLOO/src/quiz_enable': PYTHONPATH=/home/wheeltec/KUL_TABLOO/src/build/quiz_enable/prefix_override:/usr/lib/python3/dist-packages/colcon_core/task/python/colcon_distutils_commands:/home/wheeltec/KUL_TABLOO/src/install/quiz_enable/lib/python3.8/site-packages:${PYTHONPATH} /usr/bin/python3 -W ignore:setup.py install is deprecated -W ignore:easy_install command is deprecated setup.py egg_info --egg-base ../build/quiz_enable build --build-base /home/wheeltec/KUL_TABLOO/src/build/quiz_enable/build install --record /home/wheeltec/KUL_TABLOO/src/build/quiz_enable/install.log --single-version-externally-managed install_data
[16.970s] running egg_info
[17.125s] writing ../build/quiz_enable/quiz_enable.egg-info/PKG-INFO
[17.138s] writing dependency_links to ../build/quiz_enable/quiz_enable.egg-info/dependency_links.txt
[17.139s] writing entry points to ../build/quiz_enable/quiz_enable.egg-info/entry_points.txt
[17.141s] writing requirements to ../build/quiz_enable/quiz_enable.egg-info/requires.txt
[17.143s] writing top-level names to ../build/quiz_enable/quiz_enable.egg-info/top_level.txt
[17.668s] reading manifest file '../build/quiz_enable/quiz_enable.egg-info/SOURCES.txt'
[17.677s] writing manifest file '../build/quiz_enable/quiz_enable.egg-info/SOURCES.txt'
[17.680s] running build
[17.680s] running build_py
[17.681s] running install
[17.713s] running install_lib
[17.848s] running install_data
[17.850s] running install_egg_info
[18.098s] removing '/home/wheeltec/KUL_TABLOO/src/install/quiz_enable/lib/python3.8/site-packages/quiz_enable-0.0.0-py3.8.egg-info' (and everything under it)
[18.098s] Copying ../build/quiz_enable/quiz_enable.egg-info to /home/wheeltec/KUL_TABLOO/src/install/quiz_enable/lib/python3.8/site-packages/quiz_enable-0.0.0-py3.8.egg-info
[18.131s] running install_scripts
[18.727s] Installing quiz_enable script to /home/wheeltec/KUL_TABLOO/src/install/quiz_enable/lib/quiz_enable
[18.734s] writing list of installed files to '/home/wheeltec/KUL_TABLOO/src/build/quiz_enable/install.log'
[20.496s] Invoked command in '/home/wheeltec/KUL_TABLOO/src/quiz_enable' returned '0': PYTHONPATH=/home/wheeltec/KUL_TABLOO/src/build/quiz_enable/prefix_override:/usr/lib/python3/dist-packages/colcon_core/task/python/colcon_distutils_commands:/home/wheeltec/KUL_TABLOO/src/install/quiz_enable/lib/python3.8/site-packages:${PYTHONPATH} /usr/bin/python3 -W ignore:setup.py install is deprecated -W ignore:easy_install command is deprecated setup.py egg_info --egg-base ../build/quiz_enable build --build-base /home/wheeltec/KUL_TABLOO/src/build/quiz_enable/build install --record /home/wheeltec/KUL_TABLOO/src/build/quiz_enable/install.log --single-version-externally-managed install_data
