[1.668s] DEBUG:colcon:Command line arguments: ['/usr/bin/colcon', 'build']
[1.668s] DEBUG:colcon:Parsed command line arguments: Namespace(allow_overriding=[], ament_cmake_args=None, base_paths=['.'], build_base='build', catkin_cmake_args=None, catkin_skip_building_tests=False, cmake_args=None, cmake_clean_cache=False, cmake_clean_first=False, cmake_force_configure=False, cmake_target=None, cmake_target_skip_unavailable=False, continue_on_error=False, event_handlers=None, executor='parallel', ignore_user_meta=False, install_base='install', log_base=None, log_level=None, main=<bound method BuildVerb.main of <colcon_core.verb.build.BuildVerb object at 0x7f89e47490>>, merge_install=False, metas=['./colcon.meta'], packages_above=None, packages_above_and_dependencies=None, packages_above_depth=None, packages_end=None, packages_ignore=None, packages_ignore_regex=None, packages_select=None, packages_select_build_failed=False, packages_select_by_dep=None, packages_select_regex=None, packages_select_test_failures=False, packages_skip=None, packages_skip_build_finished=False, packages_skip_by_dep=None, packages_skip_regex=None, packages_skip_test_passed=False, packages_skip_up_to=None, packages_start=None, packages_up_to=None, packages_up_to_regex=None, parallel_workers=4, paths=None, symlink_install=False, test_result_base=None, verb_extension=<colcon_core.verb.build.BuildVerb object at 0x7f89e47490>, verb_name='build', verb_parser=<colcon_defaults.argument_parser.defaults.DefaultArgumentsDecorator object at 0x7f89e478e0>)
[3.282s] Level 1:colcon.colcon_core.package_discovery:discover_packages(colcon_meta) check parameters
[3.283s] Level 1:colcon.colcon_core.package_discovery:discover_packages(recursive) check parameters
[3.284s] Level 1:colcon.colcon_core.package_discovery:discover_packages(ignore) check parameters
[3.284s] Level 1:colcon.colcon_core.package_discovery:discover_packages(path) check parameters
[3.284s] Level 1:colcon.colcon_core.package_discovery:discover_packages(colcon_meta) discover
[3.284s] Level 1:colcon.colcon_core.package_discovery:discover_packages(recursive) discover
[3.285s] INFO:colcon.colcon_core.package_discovery:Crawling recursively for packages in '/home/wheeltec/KUL_TABLOO/src'
[3.285s] Level 1:colcon.colcon_core.package_identification:_identify(.) by extensions ['ignore', 'ignore_ament_install']
[3.285s] Level 1:colcon.colcon_core.package_identification:_identify(.) by extension 'ignore'
[3.286s] Level 1:colcon.colcon_core.package_identification:_identify(.) by extension 'ignore_ament_install'
[3.286s] Level 1:colcon.colcon_core.package_identification:_identify(.) by extensions ['colcon_pkg']
[3.286s] Level 1:colcon.colcon_core.package_identification:_identify(.) by extension 'colcon_pkg'
[3.286s] Level 1:colcon.colcon_core.package_identification:_identify(.) by extensions ['colcon_meta']
[3.287s] Level 1:colcon.colcon_core.package_identification:_identify(.) by extension 'colcon_meta'
[3.287s] Level 1:colcon.colcon_core.package_identification:_identify(.) by extensions ['ros']
[3.287s] Level 1:colcon.colcon_core.package_identification:_identify(.) by extension 'ros'
[3.367s] Level 1:colcon.colcon_core.package_identification:_identify(.) by extensions ['cmake', 'python']
[3.367s] Level 1:colcon.colcon_core.package_identification:_identify(.) by extension 'cmake'
[3.368s] Level 1:colcon.colcon_core.package_identification:_identify(.) by extension 'python'
[3.368s] Level 1:colcon.colcon_core.package_identification:_identify(.) by extensions ['python_setup_py']
[3.368s] Level 1:colcon.colcon_core.package_identification:_identify(.) by extension 'python_setup_py'
[3.369s] Level 1:colcon.colcon_core.package_identification:_identify(build) by extensions ['ignore', 'ignore_ament_install']
[3.369s] Level 1:colcon.colcon_core.package_identification:_identify(build) by extension 'ignore'
[3.370s] Level 1:colcon.colcon_core.package_identification:_identify(build) ignored
[3.370s] Level 1:colcon.colcon_core.package_identification:_identify(config) by extensions ['ignore', 'ignore_ament_install']
[3.370s] Level 1:colcon.colcon_core.package_identification:_identify(config) by extension 'ignore'
[3.371s] Level 1:colcon.colcon_core.package_identification:_identify(config) by extension 'ignore_ament_install'
[3.371s] Level 1:colcon.colcon_core.package_identification:_identify(config) by extensions ['colcon_pkg']
[3.371s] Level 1:colcon.colcon_core.package_identification:_identify(config) by extension 'colcon_pkg'
[3.371s] Level 1:colcon.colcon_core.package_identification:_identify(config) by extensions ['colcon_meta']
[3.371s] Level 1:colcon.colcon_core.package_identification:_identify(config) by extension 'colcon_meta'
[3.372s] Level 1:colcon.colcon_core.package_identification:_identify(config) by extensions ['ros']
[3.372s] Level 1:colcon.colcon_core.package_identification:_identify(config) by extension 'ros'
[3.372s] Level 1:colcon.colcon_core.package_identification:_identify(config) by extensions ['cmake', 'python']
[3.372s] Level 1:colcon.colcon_core.package_identification:_identify(config) by extension 'cmake'
[3.373s] Level 1:colcon.colcon_core.package_identification:_identify(config) by extension 'python'
[3.373s] Level 1:colcon.colcon_core.package_identification:_identify(config) by extensions ['python_setup_py']
[3.373s] Level 1:colcon.colcon_core.package_identification:_identify(config) by extension 'python_setup_py'
[3.374s] Level 1:colcon.colcon_core.package_identification:_identify(emergency_stop) by extensions ['ignore', 'ignore_ament_install']
[3.374s] Level 1:colcon.colcon_core.package_identification:_identify(emergency_stop) by extension 'ignore'
[3.374s] Level 1:colcon.colcon_core.package_identification:_identify(emergency_stop) by extension 'ignore_ament_install'
[3.375s] Level 1:colcon.colcon_core.package_identification:_identify(emergency_stop) by extensions ['colcon_pkg']
[3.375s] Level 1:colcon.colcon_core.package_identification:_identify(emergency_stop) by extension 'colcon_pkg'
[3.375s] Level 1:colcon.colcon_core.package_identification:_identify(emergency_stop) by extensions ['colcon_meta']
[3.375s] Level 1:colcon.colcon_core.package_identification:_identify(emergency_stop) by extension 'colcon_meta'
[3.375s] Level 1:colcon.colcon_core.package_identification:_identify(emergency_stop) by extensions ['ros']
[3.376s] Level 1:colcon.colcon_core.package_identification:_identify(emergency_stop) by extension 'ros'
[3.392s] DEBUG:colcon.colcon_core.package_identification:Package 'emergency_stop' with type 'ros.ament_python' and name 'emergency_stop'
[3.392s] Level 1:colcon.colcon_core.package_identification:_identify(install) by extensions ['ignore', 'ignore_ament_install']
[3.393s] Level 1:colcon.colcon_core.package_identification:_identify(install) by extension 'ignore'
[3.393s] Level 1:colcon.colcon_core.package_identification:_identify(install) ignored
[3.394s] Level 1:colcon.colcon_core.package_identification:_identify(launch) by extensions ['ignore', 'ignore_ament_install']
[3.394s] Level 1:colcon.colcon_core.package_identification:_identify(launch) by extension 'ignore'
[3.394s] Level 1:colcon.colcon_core.package_identification:_identify(launch) by extension 'ignore_ament_install'
[3.395s] Level 1:colcon.colcon_core.package_identification:_identify(launch) by extensions ['colcon_pkg']
[3.395s] Level 1:colcon.colcon_core.package_identification:_identify(launch) by extension 'colcon_pkg'
[3.395s] Level 1:colcon.colcon_core.package_identification:_identify(launch) by extensions ['colcon_meta']
[3.395s] Level 1:colcon.colcon_core.package_identification:_identify(launch) by extension 'colcon_meta'
[3.395s] Level 1:colcon.colcon_core.package_identification:_identify(launch) by extensions ['ros']
[3.396s] Level 1:colcon.colcon_core.package_identification:_identify(launch) by extension 'ros'
[3.396s] Level 1:colcon.colcon_core.package_identification:_identify(launch) by extensions ['cmake', 'python']
[3.396s] Level 1:colcon.colcon_core.package_identification:_identify(launch) by extension 'cmake'
[3.396s] Level 1:colcon.colcon_core.package_identification:_identify(launch) by extension 'python'
[3.397s] Level 1:colcon.colcon_core.package_identification:_identify(launch) by extensions ['python_setup_py']
[3.397s] Level 1:colcon.colcon_core.package_identification:_identify(launch) by extension 'python_setup_py'
[3.398s] Level 1:colcon.colcon_core.package_identification:_identify(log) by extensions ['ignore', 'ignore_ament_install']
[3.398s] Level 1:colcon.colcon_core.package_identification:_identify(log) by extension 'ignore'
[3.398s] Level 1:colcon.colcon_core.package_identification:_identify(log) ignored
[3.399s] Level 1:colcon.colcon_core.package_identification:_identify(quiz) by extensions ['ignore', 'ignore_ament_install']
[3.399s] Level 1:colcon.colcon_core.package_identification:_identify(quiz) by extension 'ignore'
[3.399s] Level 1:colcon.colcon_core.package_identification:_identify(quiz) by extension 'ignore_ament_install'
[3.400s] Level 1:colcon.colcon_core.package_identification:_identify(quiz) by extensions ['colcon_pkg']
[3.400s] Level 1:colcon.colcon_core.package_identification:_identify(quiz) by extension 'colcon_pkg'
[3.400s] Level 1:colcon.colcon_core.package_identification:_identify(quiz) by extensions ['colcon_meta']
[3.400s] Level 1:colcon.colcon_core.package_identification:_identify(quiz) by extension 'colcon_meta'
[3.401s] Level 1:colcon.colcon_core.package_identification:_identify(quiz) by extensions ['ros']
[3.401s] Level 1:colcon.colcon_core.package_identification:_identify(quiz) by extension 'ros'
[3.405s] DEBUG:colcon.colcon_core.package_identification:Package 'quiz' with type 'ros.ament_python' and name 'quiz'
[3.405s] Level 1:colcon.colcon_core.package_identification:_identify(quiz_enable) by extensions ['ignore', 'ignore_ament_install']
[3.406s] Level 1:colcon.colcon_core.package_identification:_identify(quiz_enable) by extension 'ignore'
[3.406s] Level 1:colcon.colcon_core.package_identification:_identify(quiz_enable) by extension 'ignore_ament_install'
[3.406s] Level 1:colcon.colcon_core.package_identification:_identify(quiz_enable) by extensions ['colcon_pkg']
[3.407s] Level 1:colcon.colcon_core.package_identification:_identify(quiz_enable) by extension 'colcon_pkg'
[3.407s] Level 1:colcon.colcon_core.package_identification:_identify(quiz_enable) by extensions ['colcon_meta']
[3.407s] Level 1:colcon.colcon_core.package_identification:_identify(quiz_enable) by extension 'colcon_meta'
[3.407s] Level 1:colcon.colcon_core.package_identification:_identify(quiz_enable) by extensions ['ros']
[3.407s] Level 1:colcon.colcon_core.package_identification:_identify(quiz_enable) by extension 'ros'
[3.411s] DEBUG:colcon.colcon_core.package_identification:Package 'quiz_enable' with type 'ros.ament_python' and name 'quiz_enable'
[3.411s] Level 1:colcon.colcon_core.package_identification:_identify(remote_control_socket) by extensions ['ignore', 'ignore_ament_install']
[3.412s] Level 1:colcon.colcon_core.package_identification:_identify(remote_control_socket) by extension 'ignore'
[3.412s] Level 1:colcon.colcon_core.package_identification:_identify(remote_control_socket) by extension 'ignore_ament_install'
[3.412s] Level 1:colcon.colcon_core.package_identification:_identify(remote_control_socket) by extensions ['colcon_pkg']
[3.413s] Level 1:colcon.colcon_core.package_identification:_identify(remote_control_socket) by extension 'colcon_pkg'
[3.413s] Level 1:colcon.colcon_core.package_identification:_identify(remote_control_socket) by extensions ['colcon_meta']
[3.413s] Level 1:colcon.colcon_core.package_identification:_identify(remote_control_socket) by extension 'colcon_meta'
[3.414s] Level 1:colcon.colcon_core.package_identification:_identify(remote_control_socket) by extensions ['ros']
[3.414s] Level 1:colcon.colcon_core.package_identification:_identify(remote_control_socket) by extension 'ros'
[3.418s] DEBUG:colcon.colcon_core.package_identification:Package 'remote_control_socket' with type 'ros.ament_python' and name 'remote_control_socket'
[3.418s] Level 1:colcon.colcon_core.package_identification:_identify(rpi_pub) by extensions ['ignore', 'ignore_ament_install']
[3.419s] Level 1:colcon.colcon_core.package_identification:_identify(rpi_pub) by extension 'ignore'
[3.419s] Level 1:colcon.colcon_core.package_identification:_identify(rpi_pub) by extension 'ignore_ament_install'
[3.419s] Level 1:colcon.colcon_core.package_identification:_identify(rpi_pub) by extensions ['colcon_pkg']
[3.420s] Level 1:colcon.colcon_core.package_identification:_identify(rpi_pub) by extension 'colcon_pkg'
[3.420s] Level 1:colcon.colcon_core.package_identification:_identify(rpi_pub) by extensions ['colcon_meta']
[3.420s] Level 1:colcon.colcon_core.package_identification:_identify(rpi_pub) by extension 'colcon_meta'
[3.420s] Level 1:colcon.colcon_core.package_identification:_identify(rpi_pub) by extensions ['ros']
[3.421s] Level 1:colcon.colcon_core.package_identification:_identify(rpi_pub) by extension 'ros'
[3.425s] DEBUG:colcon.colcon_core.package_identification:Package 'rpi_pub' with type 'ros.ament_python' and name 'rpi_pub'
[3.425s] Level 1:colcon.colcon_core.package_identification:_identify(teleop_twist_emer_key) by extensions ['ignore', 'ignore_ament_install']
[3.426s] Level 1:colcon.colcon_core.package_identification:_identify(teleop_twist_emer_key) by extension 'ignore'
[3.426s] Level 1:colcon.colcon_core.package_identification:_identify(teleop_twist_emer_key) by extension 'ignore_ament_install'
[3.426s] Level 1:colcon.colcon_core.package_identification:_identify(teleop_twist_emer_key) by extensions ['colcon_pkg']
[3.427s] Level 1:colcon.colcon_core.package_identification:_identify(teleop_twist_emer_key) by extension 'colcon_pkg'
[3.427s] Level 1:colcon.colcon_core.package_identification:_identify(teleop_twist_emer_key) by extensions ['colcon_meta']
[3.427s] Level 1:colcon.colcon_core.package_identification:_identify(teleop_twist_emer_key) by extension 'colcon_meta'
[3.427s] Level 1:colcon.colcon_core.package_identification:_identify(teleop_twist_emer_key) by extensions ['ros']
[3.427s] Level 1:colcon.colcon_core.package_identification:_identify(teleop_twist_emer_key) by extension 'ros'
[3.431s] DEBUG:colcon.colcon_core.package_identification:Package 'teleop_twist_emer_key' with type 'ros.ament_python' and name 'teleop_twist_emer_key'
[3.432s] Level 1:colcon.colcon_core.package_discovery:discover_packages(recursive) using defaults
[3.432s] Level 1:colcon.colcon_core.package_discovery:discover_packages(ignore) discover
[3.432s] Level 1:colcon.colcon_core.package_discovery:discover_packages(ignore) using defaults
[3.432s] Level 1:colcon.colcon_core.package_discovery:discover_packages(path) discover
[3.432s] Level 1:colcon.colcon_core.package_discovery:discover_packages(path) using defaults
[3.561s] Level 1:colcon.colcon_core.package_discovery:discover_packages(prefix_path) check parameters
[3.562s] Level 1:colcon.colcon_core.package_discovery:discover_packages(prefix_path) discover
[3.631s] DEBUG:colcon.colcon_installed_package_information.package_discovery:Found 7 installed packages in /home/wheeltec/KUL_TABLOO/src/install
[3.769s] DEBUG:colcon.colcon_installed_package_information.package_discovery:Found 72 installed packages in /home/wheeltec/install
[3.926s] DEBUG:colcon.colcon_installed_package_information.package_discovery:Found 72 installed packages in /home/wheeltec/wheeltec_ros2/install
[3.948s] DEBUG:colcon.colcon_installed_package_information.package_discovery:Found 5 installed packages in /home/wheeltec/KUL_TABLOO/install
[3.965s] DEBUG:colcon.colcon_installed_package_information.package_discovery:Found 345 installed packages in /opt/ros/galactic
[3.995s] Level 1:colcon.colcon_core.package_discovery:discover_packages(prefix_path) using defaults
[4.928s] Level 5:colcon.colcon_core.verb:set package 'emergency_stop' build argument 'cmake_args' from command line to 'None'
[4.928s] Level 5:colcon.colcon_core.verb:set package 'emergency_stop' build argument 'cmake_target' from command line to 'None'
[4.929s] Level 5:colcon.colcon_core.verb:set package 'emergency_stop' build argument 'cmake_target_skip_unavailable' from command line to 'False'
[4.929s] Level 5:colcon.colcon_core.verb:set package 'emergency_stop' build argument 'cmake_clean_cache' from command line to 'False'
[4.929s] Level 5:colcon.colcon_core.verb:set package 'emergency_stop' build argument 'cmake_clean_first' from command line to 'False'
[4.929s] Level 5:colcon.colcon_core.verb:set package 'emergency_stop' build argument 'cmake_force_configure' from command line to 'False'
[4.929s] Level 5:colcon.colcon_core.verb:set package 'emergency_stop' build argument 'ament_cmake_args' from command line to 'None'
[4.929s] Level 5:colcon.colcon_core.verb:set package 'emergency_stop' build argument 'catkin_cmake_args' from command line to 'None'
[4.929s] Level 5:colcon.colcon_core.verb:set package 'emergency_stop' build argument 'catkin_skip_building_tests' from command line to 'False'
[4.930s] DEBUG:colcon.colcon_core.verb:Building package 'emergency_stop' with the following arguments: {'ament_cmake_args': None, 'build_base': '/home/wheeltec/KUL_TABLOO/src/build/emergency_stop', 'catkin_cmake_args': None, 'catkin_skip_building_tests': False, 'cmake_args': None, 'cmake_clean_cache': False, 'cmake_clean_first': False, 'cmake_force_configure': False, 'cmake_target': None, 'cmake_target_skip_unavailable': False, 'install_base': '/home/wheeltec/KUL_TABLOO/src/install/emergency_stop', 'merge_install': False, 'path': '/home/wheeltec/KUL_TABLOO/src/emergency_stop', 'symlink_install': False, 'test_result_base': None}
[4.932s] Level 5:colcon.colcon_core.verb:set package 'quiz' build argument 'cmake_args' from command line to 'None'
[4.932s] Level 5:colcon.colcon_core.verb:set package 'quiz' build argument 'cmake_target' from command line to 'None'
[4.932s] Level 5:colcon.colcon_core.verb:set package 'quiz' build argument 'cmake_target_skip_unavailable' from command line to 'False'
[4.933s] Level 5:colcon.colcon_core.verb:set package 'quiz' build argument 'cmake_clean_cache' from command line to 'False'
[4.933s] Level 5:colcon.colcon_core.verb:set package 'quiz' build argument 'cmake_clean_first' from command line to 'False'
[4.933s] Level 5:colcon.colcon_core.verb:set package 'quiz' build argument 'cmake_force_configure' from command line to 'False'
[4.933s] Level 5:colcon.colcon_core.verb:set package 'quiz' build argument 'ament_cmake_args' from command line to 'None'
[4.933s] Level 5:colcon.colcon_core.verb:set package 'quiz' build argument 'catkin_cmake_args' from command line to 'None'
[4.933s] Level 5:colcon.colcon_core.verb:set package 'quiz' build argument 'catkin_skip_building_tests' from command line to 'False'
[4.933s] DEBUG:colcon.colcon_core.verb:Building package 'quiz' with the following arguments: {'ament_cmake_args': None, 'build_base': '/home/wheeltec/KUL_TABLOO/src/build/quiz', 'catkin_cmake_args': None, 'catkin_skip_building_tests': False, 'cmake_args': None, 'cmake_clean_cache': False, 'cmake_clean_first': False, 'cmake_force_configure': False, 'cmake_target': None, 'cmake_target_skip_unavailable': False, 'install_base': '/home/wheeltec/KUL_TABLOO/src/install/quiz', 'merge_install': False, 'path': '/home/wheeltec/KUL_TABLOO/src/quiz', 'symlink_install': False, 'test_result_base': None}
[4.935s] Level 5:colcon.colcon_core.verb:set package 'quiz_enable' build argument 'cmake_args' from command line to 'None'
[4.936s] Level 5:colcon.colcon_core.verb:set package 'quiz_enable' build argument 'cmake_target' from command line to 'None'
[4.936s] Level 5:colcon.colcon_core.verb:set package 'quiz_enable' build argument 'cmake_target_skip_unavailable' from command line to 'False'
[4.936s] Level 5:colcon.colcon_core.verb:set package 'quiz_enable' build argument 'cmake_clean_cache' from command line to 'False'
[4.936s] Level 5:colcon.colcon_core.verb:set package 'quiz_enable' build argument 'cmake_clean_first' from command line to 'False'
[4.936s] Level 5:colcon.colcon_core.verb:set package 'quiz_enable' build argument 'cmake_force_configure' from command line to 'False'
[4.937s] Level 5:colcon.colcon_core.verb:set package 'quiz_enable' build argument 'ament_cmake_args' from command line to 'None'
[4.937s] Level 5:colcon.colcon_core.verb:set package 'quiz_enable' build argument 'catkin_cmake_args' from command line to 'None'
[4.937s] Level 5:colcon.colcon_core.verb:set package 'quiz_enable' build argument 'catkin_skip_building_tests' from command line to 'False'
[4.937s] DEBUG:colcon.colcon_core.verb:Building package 'quiz_enable' with the following arguments: {'ament_cmake_args': None, 'build_base': '/home/wheeltec/KUL_TABLOO/src/build/quiz_enable', 'catkin_cmake_args': None, 'catkin_skip_building_tests': False, 'cmake_args': None, 'cmake_clean_cache': False, 'cmake_clean_first': False, 'cmake_force_configure': False, 'cmake_target': None, 'cmake_target_skip_unavailable': False, 'install_base': '/home/wheeltec/KUL_TABLOO/src/install/quiz_enable', 'merge_install': False, 'path': '/home/wheeltec/KUL_TABLOO/src/quiz_enable', 'symlink_install': False, 'test_result_base': None}
[4.939s] Level 5:colcon.colcon_core.verb:set package 'remote_control_socket' build argument 'cmake_args' from command line to 'None'
[4.940s] Level 5:colcon.colcon_core.verb:set package 'remote_control_socket' build argument 'cmake_target' from command line to 'None'
[4.940s] Level 5:colcon.colcon_core.verb:set package 'remote_control_socket' build argument 'cmake_target_skip_unavailable' from command line to 'False'
[4.940s] Level 5:colcon.colcon_core.verb:set package 'remote_control_socket' build argument 'cmake_clean_cache' from command line to 'False'
[4.940s] Level 5:colcon.colcon_core.verb:set package 'remote_control_socket' build argument 'cmake_clean_first' from command line to 'False'
[4.940s] Level 5:colcon.colcon_core.verb:set package 'remote_control_socket' build argument 'cmake_force_configure' from command line to 'False'
[4.940s] Level 5:colcon.colcon_core.verb:set package 'remote_control_socket' build argument 'ament_cmake_args' from command line to 'None'
[4.941s] Level 5:colcon.colcon_core.verb:set package 'remote_control_socket' build argument 'catkin_cmake_args' from command line to 'None'
[4.941s] Level 5:colcon.colcon_core.verb:set package 'remote_control_socket' build argument 'catkin_skip_building_tests' from command line to 'False'
[4.941s] DEBUG:colcon.colcon_core.verb:Building package 'remote_control_socket' with the following arguments: {'ament_cmake_args': None, 'build_base': '/home/wheeltec/KUL_TABLOO/src/build/remote_control_socket', 'catkin_cmake_args': None, 'catkin_skip_building_tests': False, 'cmake_args': None, 'cmake_clean_cache': False, 'cmake_clean_first': False, 'cmake_force_configure': False, 'cmake_target': None, 'cmake_target_skip_unavailable': False, 'install_base': '/home/wheeltec/KUL_TABLOO/src/install/remote_control_socket', 'merge_install': False, 'path': '/home/wheeltec/KUL_TABLOO/src/remote_control_socket', 'symlink_install': False, 'test_result_base': None}
[4.943s] Level 5:colcon.colcon_core.verb:set package 'rpi_pub' build argument 'cmake_args' from command line to 'None'
[4.944s] Level 5:colcon.colcon_core.verb:set package 'rpi_pub' build argument 'cmake_target' from command line to 'None'
[4.944s] Level 5:colcon.colcon_core.verb:set package 'rpi_pub' build argument 'cmake_target_skip_unavailable' from command line to 'False'
[4.944s] Level 5:colcon.colcon_core.verb:set package 'rpi_pub' build argument 'cmake_clean_cache' from command line to 'False'
[4.944s] Level 5:colcon.colcon_core.verb:set package 'rpi_pub' build argument 'cmake_clean_first' from command line to 'False'
[4.944s] Level 5:colcon.colcon_core.verb:set package 'rpi_pub' build argument 'cmake_force_configure' from command line to 'False'
[4.944s] Level 5:colcon.colcon_core.verb:set package 'rpi_pub' build argument 'ament_cmake_args' from command line to 'None'
[4.944s] Level 5:colcon.colcon_core.verb:set package 'rpi_pub' build argument 'catkin_cmake_args' from command line to 'None'
[4.945s] Level 5:colcon.colcon_core.verb:set package 'rpi_pub' build argument 'catkin_skip_building_tests' from command line to 'False'
[4.945s] DEBUG:colcon.colcon_core.verb:Building package 'rpi_pub' with the following arguments: {'ament_cmake_args': None, 'build_base': '/home/wheeltec/KUL_TABLOO/src/build/rpi_pub', 'catkin_cmake_args': None, 'catkin_skip_building_tests': False, 'cmake_args': None, 'cmake_clean_cache': False, 'cmake_clean_first': False, 'cmake_force_configure': False, 'cmake_target': None, 'cmake_target_skip_unavailable': False, 'install_base': '/home/wheeltec/KUL_TABLOO/src/install/rpi_pub', 'merge_install': False, 'path': '/home/wheeltec/KUL_TABLOO/src/rpi_pub', 'symlink_install': False, 'test_result_base': None}
[4.947s] Level 5:colcon.colcon_core.verb:set package 'teleop_twist_emer_key' build argument 'cmake_args' from command line to 'None'
[4.949s] Level 5:colcon.colcon_core.verb:set package 'teleop_twist_emer_key' build argument 'cmake_target' from command line to 'None'
[4.949s] Level 5:colcon.colcon_core.verb:set package 'teleop_twist_emer_key' build argument 'cmake_target_skip_unavailable' from command line to 'False'
[4.949s] Level 5:colcon.colcon_core.verb:set package 'teleop_twist_emer_key' build argument 'cmake_clean_cache' from command line to 'False'
[4.949s] Level 5:colcon.colcon_core.verb:set package 'teleop_twist_emer_key' build argument 'cmake_clean_first' from command line to 'False'
[4.949s] Level 5:colcon.colcon_core.verb:set package 'teleop_twist_emer_key' build argument 'cmake_force_configure' from command line to 'False'
[4.950s] Level 5:colcon.colcon_core.verb:set package 'teleop_twist_emer_key' build argument 'ament_cmake_args' from command line to 'None'
[4.950s] Level 5:colcon.colcon_core.verb:set package 'teleop_twist_emer_key' build argument 'catkin_cmake_args' from command line to 'None'
[4.950s] Level 5:colcon.colcon_core.verb:set package 'teleop_twist_emer_key' build argument 'catkin_skip_building_tests' from command line to 'False'
[4.950s] DEBUG:colcon.colcon_core.verb:Building package 'teleop_twist_emer_key' with the following arguments: {'ament_cmake_args': None, 'build_base': '/home/wheeltec/KUL_TABLOO/src/build/teleop_twist_emer_key', 'catkin_cmake_args': None, 'catkin_skip_building_tests': False, 'cmake_args': None, 'cmake_clean_cache': False, 'cmake_clean_first': False, 'cmake_force_configure': False, 'cmake_target': None, 'cmake_target_skip_unavailable': False, 'install_base': '/home/wheeltec/KUL_TABLOO/src/install/teleop_twist_emer_key', 'merge_install': False, 'path': '/home/wheeltec/KUL_TABLOO/src/teleop_twist_emer_key', 'symlink_install': False, 'test_result_base': None}
[4.951s] INFO:colcon.colcon_core.executor:Executing jobs using 'parallel' executor
[4.958s] DEBUG:colcon.colcon_parallel_executor.executor.parallel:run_until_complete
[4.959s] INFO:colcon.colcon_ros.task.ament_python.build:Building ROS package in '/home/wheeltec/KUL_TABLOO/src/emergency_stop' with build type 'ament_python'
[4.960s] Level 1:colcon.colcon_core.shell:create_environment_hook('emergency_stop', 'ament_prefix_path')
[4.981s] INFO:colcon.colcon_core.plugin_system:Skipping extension 'colcon_core.shell.bat': Not used on non-Windows systems
[4.982s] INFO:colcon.colcon_core.shell:Creating environment hook '/home/wheeltec/KUL_TABLOO/src/install/emergency_stop/share/emergency_stop/hook/ament_prefix_path.ps1'
[4.985s] INFO:colcon.colcon_core.shell:Creating environment descriptor '/home/wheeltec/KUL_TABLOO/src/install/emergency_stop/share/emergency_stop/hook/ament_prefix_path.dsv'
[4.989s] INFO:colcon.colcon_core.shell:Creating environment hook '/home/wheeltec/KUL_TABLOO/src/install/emergency_stop/share/emergency_stop/hook/ament_prefix_path.sh'
[4.995s] INFO:colcon.colcon_core.shell:Skip shell extension 'powershell' for command environment: Not usable outside of PowerShell
[4.996s] DEBUG:colcon.colcon_core.shell:Skip shell extension 'dsv' for command environment
[5.082s] INFO:colcon.colcon_ros.task.ament_python.build:Building ROS package in '/home/wheeltec/KUL_TABLOO/src/quiz' with build type 'ament_python'
[5.083s] Level 1:colcon.colcon_core.shell:create_environment_hook('quiz', 'ament_prefix_path')
[5.086s] INFO:colcon.colcon_core.shell:Creating environment hook '/home/wheeltec/KUL_TABLOO/src/install/quiz/share/quiz/hook/ament_prefix_path.ps1'
[5.088s] INFO:colcon.colcon_core.shell:Creating environment descriptor '/home/wheeltec/KUL_TABLOO/src/install/quiz/share/quiz/hook/ament_prefix_path.dsv'
[5.091s] INFO:colcon.colcon_core.shell:Creating environment hook '/home/wheeltec/KUL_TABLOO/src/install/quiz/share/quiz/hook/ament_prefix_path.sh'
[5.094s] INFO:colcon.colcon_core.shell:Skip shell extension 'powershell' for command environment: Not usable outside of PowerShell
[5.095s] DEBUG:colcon.colcon_core.shell:Skip shell extension 'dsv' for command environment
[5.184s] INFO:colcon.colcon_ros.task.ament_python.build:Building ROS package in '/home/wheeltec/KUL_TABLOO/src/quiz_enable' with build type 'ament_python'
[5.185s] Level 1:colcon.colcon_core.shell:create_environment_hook('quiz_enable', 'ament_prefix_path')
[5.186s] INFO:colcon.colcon_core.shell:Creating environment hook '/home/wheeltec/KUL_TABLOO/src/install/quiz_enable/share/quiz_enable/hook/ament_prefix_path.ps1'
[5.189s] INFO:colcon.colcon_core.shell:Creating environment descriptor '/home/wheeltec/KUL_TABLOO/src/install/quiz_enable/share/quiz_enable/hook/ament_prefix_path.dsv'
[5.191s] INFO:colcon.colcon_core.shell:Creating environment hook '/home/wheeltec/KUL_TABLOO/src/install/quiz_enable/share/quiz_enable/hook/ament_prefix_path.sh'
[5.194s] INFO:colcon.colcon_core.shell:Skip shell extension 'powershell' for command environment: Not usable outside of PowerShell
[5.194s] DEBUG:colcon.colcon_core.shell:Skip shell extension 'dsv' for command environment
[5.275s] INFO:colcon.colcon_ros.task.ament_python.build:Building ROS package in '/home/wheeltec/KUL_TABLOO/src/remote_control_socket' with build type 'ament_python'
[5.276s] Level 1:colcon.colcon_core.shell:create_environment_hook('remote_control_socket', 'ament_prefix_path')
[5.279s] INFO:colcon.colcon_core.shell:Creating environment hook '/home/wheeltec/KUL_TABLOO/src/install/remote_control_socket/share/remote_control_socket/hook/ament_prefix_path.ps1'
[5.281s] INFO:colcon.colcon_core.shell:Creating environment descriptor '/home/wheeltec/KUL_TABLOO/src/install/remote_control_socket/share/remote_control_socket/hook/ament_prefix_path.dsv'
[5.283s] INFO:colcon.colcon_core.shell:Creating environment hook '/home/wheeltec/KUL_TABLOO/src/install/remote_control_socket/share/remote_control_socket/hook/ament_prefix_path.sh'
[5.286s] INFO:colcon.colcon_core.shell:Skip shell extension 'powershell' for command environment: Not usable outside of PowerShell
[5.286s] DEBUG:colcon.colcon_core.shell:Skip shell extension 'dsv' for command environment
[7.628s] INFO:colcon.colcon_core.task.python.build:Building Python package in '/home/wheeltec/KUL_TABLOO/src/emergency_stop'
[7.631s] INFO:colcon.colcon_core.shell:Skip shell extension 'powershell' for command environment: Not usable outside of PowerShell
[7.632s] DEBUG:colcon.colcon_core.shell:Skip shell extension 'dsv' for command environment
[9.828s] INFO:colcon.colcon_core.task.python.build:Building Python package in '/home/wheeltec/KUL_TABLOO/src/quiz'
[9.830s] INFO:colcon.colcon_core.shell:Skip shell extension 'powershell' for command environment: Not usable outside of PowerShell
[9.830s] DEBUG:colcon.colcon_core.shell:Skip shell extension 'dsv' for command environment
[12.184s] INFO:colcon.colcon_core.task.python.build:Building Python package in '/home/wheeltec/KUL_TABLOO/src/quiz_enable'
[12.186s] INFO:colcon.colcon_core.shell:Skip shell extension 'powershell' for command environment: Not usable outside of PowerShell
[12.186s] DEBUG:colcon.colcon_core.shell:Skip shell extension 'dsv' for command environment
[14.651s] INFO:colcon.colcon_core.task.python.build:Building Python package in '/home/wheeltec/KUL_TABLOO/src/remote_control_socket'
[14.653s] INFO:colcon.colcon_core.shell:Skip shell extension 'powershell' for command environment: Not usable outside of PowerShell
[14.653s] DEBUG:colcon.colcon_core.shell:Skip shell extension 'dsv' for command environment
[21.593s] DEBUG:colcon.colcon_core.event_handler.log_command:Invoking command in '/home/wheeltec/KUL_TABLOO/src/emergency_stop': PYTHONPATH=/home/wheeltec/KUL_TABLOO/src/build/emergency_stop/prefix_override:/usr/lib/python3/dist-packages/colcon_core/task/python/colcon_distutils_commands:/home/wheeltec/KUL_TABLOO/src/install/emergency_stop/lib/python3.8/site-packages:${PYTHONPATH} /usr/bin/python3 -W ignore:setup.py install is deprecated -W ignore:easy_install command is deprecated setup.py egg_info --egg-base ../build/emergency_stop build --build-base /home/wheeltec/KUL_TABLOO/src/build/emergency_stop/build install --record /home/wheeltec/KUL_TABLOO/src/build/emergency_stop/install.log --single-version-externally-managed install_data
[21.707s] DEBUG:colcon.colcon_core.event_handler.log_command:Invoking command in '/home/wheeltec/KUL_TABLOO/src/remote_control_socket': PYTHONPATH=/home/wheeltec/KUL_TABLOO/src/build/remote_control_socket/prefix_override:/usr/lib/python3/dist-packages/colcon_core/task/python/colcon_distutils_commands:/home/wheeltec/KUL_TABLOO/src/install/remote_control_socket/lib/python3.8/site-packages:${PYTHONPATH} /usr/bin/python3 -W ignore:setup.py install is deprecated -W ignore:easy_install command is deprecated setup.py egg_info --egg-base ../build/remote_control_socket build --build-base /home/wheeltec/KUL_TABLOO/src/build/remote_control_socket/build install --record /home/wheeltec/KUL_TABLOO/src/build/remote_control_socket/install.log --single-version-externally-managed install_data
[21.788s] DEBUG:colcon.colcon_core.event_handler.log_command:Invoking command in '/home/wheeltec/KUL_TABLOO/src/quiz_enable': PYTHONPATH=/home/wheeltec/KUL_TABLOO/src/build/quiz_enable/prefix_override:/usr/lib/python3/dist-packages/colcon_core/task/python/colcon_distutils_commands:/home/wheeltec/KUL_TABLOO/src/install/quiz_enable/lib/python3.8/site-packages:${PYTHONPATH} /usr/bin/python3 -W ignore:setup.py install is deprecated -W ignore:easy_install command is deprecated setup.py egg_info --egg-base ../build/quiz_enable build --build-base /home/wheeltec/KUL_TABLOO/src/build/quiz_enable/build install --record /home/wheeltec/KUL_TABLOO/src/build/quiz_enable/install.log --single-version-externally-managed install_data
[21.871s] DEBUG:colcon.colcon_core.event_handler.log_command:Invoking command in '/home/wheeltec/KUL_TABLOO/src/quiz': PYTHONPATH=/home/wheeltec/KUL_TABLOO/src/build/quiz/prefix_override:/usr/lib/python3/dist-packages/colcon_core/task/python/colcon_distutils_commands:/home/wheeltec/KUL_TABLOO/src/install/quiz/lib/python3.8/site-packages:${PYTHONPATH} /usr/bin/python3 -W ignore:setup.py install is deprecated -W ignore:easy_install command is deprecated setup.py egg_info --egg-base ../build/quiz build --build-base /home/wheeltec/KUL_TABLOO/src/build/quiz/build install --record /home/wheeltec/KUL_TABLOO/src/build/quiz/install.log --single-version-externally-managed install_data
[27.365s] DEBUG:colcon.colcon_core.event_handler.log_command:Invoked command in '/home/wheeltec/KUL_TABLOO/src/remote_control_socket' returned '0': PYTHONPATH=/home/wheeltec/KUL_TABLOO/src/build/remote_control_socket/prefix_override:/usr/lib/python3/dist-packages/colcon_core/task/python/colcon_distutils_commands:/home/wheeltec/KUL_TABLOO/src/install/remote_control_socket/lib/python3.8/site-packages:${PYTHONPATH} /usr/bin/python3 -W ignore:setup.py install is deprecated -W ignore:easy_install command is deprecated setup.py egg_info --egg-base ../build/remote_control_socket build --build-base /home/wheeltec/KUL_TABLOO/src/build/remote_control_socket/build install --record /home/wheeltec/KUL_TABLOO/src/build/remote_control_socket/install.log --single-version-externally-managed install_data
[27.406s] Level 1:colcon.colcon_core.environment:checking '/home/wheeltec/KUL_TABLOO/src/install/remote_control_socket' for CMake module files
[27.410s] Level 1:colcon.colcon_core.environment:checking '/home/wheeltec/KUL_TABLOO/src/install/remote_control_socket' for CMake config files
[27.423s] Level 1:colcon.colcon_core.environment:checking '/home/wheeltec/KUL_TABLOO/src/install/remote_control_socket/lib'
[27.424s] Level 1:colcon.colcon_core.environment:checking '/home/wheeltec/KUL_TABLOO/src/install/remote_control_socket/bin'
[27.425s] Level 1:colcon.colcon_core.environment:checking '/home/wheeltec/KUL_TABLOO/src/install/remote_control_socket/lib/pkgconfig/remote_control_socket.pc'
[27.426s] Level 1:colcon.colcon_core.environment:checking '/home/wheeltec/KUL_TABLOO/src/install/remote_control_socket/lib/python3.8/site-packages'
[27.427s] Level 1:colcon.colcon_core.shell:create_environment_hook('remote_control_socket', 'pythonpath')
[27.429s] INFO:colcon.colcon_core.shell:Creating environment hook '/home/wheeltec/KUL_TABLOO/src/install/remote_control_socket/share/remote_control_socket/hook/pythonpath.ps1'
[27.435s] INFO:colcon.colcon_core.shell:Creating environment descriptor '/home/wheeltec/KUL_TABLOO/src/install/remote_control_socket/share/remote_control_socket/hook/pythonpath.dsv'
[27.440s] INFO:colcon.colcon_core.shell:Creating environment hook '/home/wheeltec/KUL_TABLOO/src/install/remote_control_socket/share/remote_control_socket/hook/pythonpath.sh'
[27.443s] Level 1:colcon.colcon_core.environment:checking '/home/wheeltec/KUL_TABLOO/src/install/remote_control_socket/bin'
[27.444s] Level 1:colcon.colcon_core.environment:create_environment_scripts_only(remote_control_socket)
[27.446s] INFO:colcon.colcon_core.shell:Creating package script '/home/wheeltec/KUL_TABLOO/src/install/remote_control_socket/share/remote_control_socket/package.ps1'
[27.480s] INFO:colcon.colcon_core.shell:Creating package descriptor '/home/wheeltec/KUL_TABLOO/src/install/remote_control_socket/share/remote_control_socket/package.dsv'
[27.491s] INFO:colcon.colcon_core.shell:Creating package script '/home/wheeltec/KUL_TABLOO/src/install/remote_control_socket/share/remote_control_socket/package.sh'
[27.496s] INFO:colcon.colcon_core.shell:Creating package script '/home/wheeltec/KUL_TABLOO/src/install/remote_control_socket/share/remote_control_socket/package.bash'
[27.502s] INFO:colcon.colcon_core.shell:Creating package script '/home/wheeltec/KUL_TABLOO/src/install/remote_control_socket/share/remote_control_socket/package.zsh'
[27.508s] Level 1:colcon.colcon_core.environment:create_file_with_runtime_dependencies(/home/wheeltec/KUL_TABLOO/src/install/remote_control_socket/share/colcon-core/packages/remote_control_socket)
[27.517s] INFO:colcon.colcon_ros.task.ament_python.build:Building ROS package in '/home/wheeltec/KUL_TABLOO/src/rpi_pub' with build type 'ament_python'
[27.523s] Level 1:colcon.colcon_core.shell:create_environment_hook('rpi_pub', 'ament_prefix_path')
[27.526s] INFO:colcon.colcon_core.shell:Creating environment hook '/home/wheeltec/KUL_TABLOO/src/install/rpi_pub/share/rpi_pub/hook/ament_prefix_path.ps1'
[27.534s] INFO:colcon.colcon_core.shell:Creating environment descriptor '/home/wheeltec/KUL_TABLOO/src/install/rpi_pub/share/rpi_pub/hook/ament_prefix_path.dsv'
[27.538s] INFO:colcon.colcon_core.shell:Creating environment hook '/home/wheeltec/KUL_TABLOO/src/install/rpi_pub/share/rpi_pub/hook/ament_prefix_path.sh'
[27.542s] INFO:colcon.colcon_core.shell:Skip shell extension 'powershell' for command environment: Not usable outside of PowerShell
[27.547s] DEBUG:colcon.colcon_core.shell:Skip shell extension 'dsv' for command environment
[27.689s] Level 1:colcon.colcon_core.environment:checking '/home/wheeltec/KUL_TABLOO/src/install/emergency_stop' for CMake module files
[27.691s] Level 1:colcon.colcon_core.environment:checking '/home/wheeltec/KUL_TABLOO/src/install/emergency_stop' for CMake config files
[27.694s] DEBUG:colcon.colcon_core.event_handler.log_command:Invoked command in '/home/wheeltec/KUL_TABLOO/src/emergency_stop' returned '0': PYTHONPATH=/home/wheeltec/KUL_TABLOO/src/build/emergency_stop/prefix_override:/usr/lib/python3/dist-packages/colcon_core/task/python/colcon_distutils_commands:/home/wheeltec/KUL_TABLOO/src/install/emergency_stop/lib/python3.8/site-packages:${PYTHONPATH} /usr/bin/python3 -W ignore:setup.py install is deprecated -W ignore:easy_install command is deprecated setup.py egg_info --egg-base ../build/emergency_stop build --build-base /home/wheeltec/KUL_TABLOO/src/build/emergency_stop/build install --record /home/wheeltec/KUL_TABLOO/src/build/emergency_stop/install.log --single-version-externally-managed install_data
[27.714s] Level 1:colcon.colcon_core.environment:checking '/home/wheeltec/KUL_TABLOO/src/install/emergency_stop/lib'
[27.717s] Level 1:colcon.colcon_core.environment:checking '/home/wheeltec/KUL_TABLOO/src/install/emergency_stop/bin'
[27.724s] Level 1:colcon.colcon_core.environment:checking '/home/wheeltec/KUL_TABLOO/src/install/emergency_stop/lib/pkgconfig/emergency_stop.pc'
[27.728s] Level 1:colcon.colcon_core.environment:checking '/home/wheeltec/KUL_TABLOO/src/install/emergency_stop/lib/python3.8/site-packages'
[27.733s] Level 1:colcon.colcon_core.shell:create_environment_hook('emergency_stop', 'pythonpath')
[27.735s] INFO:colcon.colcon_core.shell:Creating environment hook '/home/wheeltec/KUL_TABLOO/src/install/emergency_stop/share/emergency_stop/hook/pythonpath.ps1'
[27.753s] INFO:colcon.colcon_core.shell:Creating environment descriptor '/home/wheeltec/KUL_TABLOO/src/install/emergency_stop/share/emergency_stop/hook/pythonpath.dsv'
[27.758s] INFO:colcon.colcon_core.shell:Creating environment hook '/home/wheeltec/KUL_TABLOO/src/install/emergency_stop/share/emergency_stop/hook/pythonpath.sh'
[27.772s] Level 1:colcon.colcon_core.environment:checking '/home/wheeltec/KUL_TABLOO/src/install/emergency_stop/bin'
[27.773s] Level 1:colcon.colcon_core.environment:create_environment_scripts_only(emergency_stop)
[27.776s] INFO:colcon.colcon_core.shell:Creating package script '/home/wheeltec/KUL_TABLOO/src/install/emergency_stop/share/emergency_stop/package.ps1'
[27.786s] INFO:colcon.colcon_core.shell:Creating package descriptor '/home/wheeltec/KUL_TABLOO/src/install/emergency_stop/share/emergency_stop/package.dsv'
[27.799s] INFO:colcon.colcon_core.shell:Creating package script '/home/wheeltec/KUL_TABLOO/src/install/emergency_stop/share/emergency_stop/package.sh'
[27.818s] INFO:colcon.colcon_core.shell:Creating package script '/home/wheeltec/KUL_TABLOO/src/install/emergency_stop/share/emergency_stop/package.bash'
[27.825s] INFO:colcon.colcon_core.shell:Creating package script '/home/wheeltec/KUL_TABLOO/src/install/emergency_stop/share/emergency_stop/package.zsh'
[27.830s] Level 1:colcon.colcon_core.environment:create_file_with_runtime_dependencies(/home/wheeltec/KUL_TABLOO/src/install/emergency_stop/share/colcon-core/packages/emergency_stop)
[27.842s] INFO:colcon.colcon_ros.task.ament_python.build:Building ROS package in '/home/wheeltec/KUL_TABLOO/src/teleop_twist_emer_key' with build type 'ament_python'
[27.845s] Level 1:colcon.colcon_core.shell:create_environment_hook('teleop_twist_emer_key', 'ament_prefix_path')
[27.851s] INFO:colcon.colcon_core.shell:Creating environment hook '/home/wheeltec/KUL_TABLOO/src/install/teleop_twist_emer_key/share/teleop_twist_emer_key/hook/ament_prefix_path.ps1'
[27.866s] INFO:colcon.colcon_core.shell:Creating environment descriptor '/home/wheeltec/KUL_TABLOO/src/install/teleop_twist_emer_key/share/teleop_twist_emer_key/hook/ament_prefix_path.dsv'
[27.870s] INFO:colcon.colcon_core.shell:Creating environment hook '/home/wheeltec/KUL_TABLOO/src/install/teleop_twist_emer_key/share/teleop_twist_emer_key/hook/ament_prefix_path.sh'
[27.873s] INFO:colcon.colcon_core.shell:Skip shell extension 'powershell' for command environment: Not usable outside of PowerShell
[27.874s] DEBUG:colcon.colcon_core.shell:Skip shell extension 'dsv' for command environment
[30.306s] INFO:colcon.colcon_core.task.python.build:Building Python package in '/home/wheeltec/KUL_TABLOO/src/rpi_pub'
[30.308s] INFO:colcon.colcon_core.shell:Skip shell extension 'powershell' for command environment: Not usable outside of PowerShell
[30.308s] DEBUG:colcon.colcon_core.shell:Skip shell extension 'dsv' for command environment
[30.440s] Level 1:colcon.colcon_core.environment:checking '/home/wheeltec/KUL_TABLOO/src/install/quiz_enable' for CMake module files
[30.445s] DEBUG:colcon.colcon_core.event_handler.log_command:Invoked command in '/home/wheeltec/KUL_TABLOO/src/quiz_enable' returned '0': PYTHONPATH=/home/wheeltec/KUL_TABLOO/src/build/quiz_enable/prefix_override:/usr/lib/python3/dist-packages/colcon_core/task/python/colcon_distutils_commands:/home/wheeltec/KUL_TABLOO/src/install/quiz_enable/lib/python3.8/site-packages:${PYTHONPATH} /usr/bin/python3 -W ignore:setup.py install is deprecated -W ignore:easy_install command is deprecated setup.py egg_info --egg-base ../build/quiz_enable build --build-base /home/wheeltec/KUL_TABLOO/src/build/quiz_enable/build install --record /home/wheeltec/KUL_TABLOO/src/build/quiz_enable/install.log --single-version-externally-managed install_data
[30.447s] Level 1:colcon.colcon_core.environment:checking '/home/wheeltec/KUL_TABLOO/src/install/quiz_enable' for CMake config files
[30.450s] Level 1:colcon.colcon_core.environment:checking '/home/wheeltec/KUL_TABLOO/src/install/quiz_enable/lib'
[30.450s] Level 1:colcon.colcon_core.environment:checking '/home/wheeltec/KUL_TABLOO/src/install/quiz_enable/bin'
[30.451s] Level 1:colcon.colcon_core.environment:checking '/home/wheeltec/KUL_TABLOO/src/install/quiz_enable/lib/pkgconfig/quiz_enable.pc'
[30.452s] Level 1:colcon.colcon_core.environment:checking '/home/wheeltec/KUL_TABLOO/src/install/quiz_enable/lib/python3.8/site-packages'
[30.452s] Level 1:colcon.colcon_core.shell:create_environment_hook('quiz_enable', 'pythonpath')
[30.454s] INFO:colcon.colcon_core.shell:Creating environment hook '/home/wheeltec/KUL_TABLOO/src/install/quiz_enable/share/quiz_enable/hook/pythonpath.ps1'
[30.457s] INFO:colcon.colcon_core.shell:Creating environment descriptor '/home/wheeltec/KUL_TABLOO/src/install/quiz_enable/share/quiz_enable/hook/pythonpath.dsv'
[30.459s] INFO:colcon.colcon_core.shell:Creating environment hook '/home/wheeltec/KUL_TABLOO/src/install/quiz_enable/share/quiz_enable/hook/pythonpath.sh'
[30.462s] Level 1:colcon.colcon_core.environment:checking '/home/wheeltec/KUL_TABLOO/src/install/quiz_enable/bin'
[30.462s] Level 1:colcon.colcon_core.environment:create_environment_scripts_only(quiz_enable)
[30.464s] INFO:colcon.colcon_core.shell:Creating package script '/home/wheeltec/KUL_TABLOO/src/install/quiz_enable/share/quiz_enable/package.ps1'
[30.466s] INFO:colcon.colcon_core.shell:Creating package descriptor '/home/wheeltec/KUL_TABLOO/src/install/quiz_enable/share/quiz_enable/package.dsv'
[30.469s] INFO:colcon.colcon_core.shell:Creating package script '/home/wheeltec/KUL_TABLOO/src/install/quiz_enable/share/quiz_enable/package.sh'
[30.471s] INFO:colcon.colcon_core.shell:Creating package script '/home/wheeltec/KUL_TABLOO/src/install/quiz_enable/share/quiz_enable/package.bash'
[30.473s] INFO:colcon.colcon_core.shell:Creating package script '/home/wheeltec/KUL_TABLOO/src/install/quiz_enable/share/quiz_enable/package.zsh'
[30.475s] Level 1:colcon.colcon_core.environment:create_file_with_runtime_dependencies(/home/wheeltec/KUL_TABLOO/src/install/quiz_enable/share/colcon-core/packages/quiz_enable)
[30.478s] Level 1:colcon.colcon_core.environment:checking '/home/wheeltec/KUL_TABLOO/src/install/quiz' for CMake module files
[30.483s] Level 1:colcon.colcon_core.environment:checking '/home/wheeltec/KUL_TABLOO/src/install/quiz' for CMake config files
[30.484s] DEBUG:colcon.colcon_core.event_handler.log_command:Invoked command in '/home/wheeltec/KUL_TABLOO/src/quiz' returned '0': PYTHONPATH=/home/wheeltec/KUL_TABLOO/src/build/quiz/prefix_override:/usr/lib/python3/dist-packages/colcon_core/task/python/colcon_distutils_commands:/home/wheeltec/KUL_TABLOO/src/install/quiz/lib/python3.8/site-packages:${PYTHONPATH} /usr/bin/python3 -W ignore:setup.py install is deprecated -W ignore:easy_install command is deprecated setup.py egg_info --egg-base ../build/quiz build --build-base /home/wheeltec/KUL_TABLOO/src/build/quiz/build install --record /home/wheeltec/KUL_TABLOO/src/build/quiz/install.log --single-version-externally-managed install_data
[30.486s] Level 1:colcon.colcon_core.environment:checking '/home/wheeltec/KUL_TABLOO/src/install/quiz/lib'
[30.487s] Level 1:colcon.colcon_core.environment:checking '/home/wheeltec/KUL_TABLOO/src/install/quiz/bin'
[30.487s] Level 1:colcon.colcon_core.environment:checking '/home/wheeltec/KUL_TABLOO/src/install/quiz/lib/pkgconfig/quiz.pc'
[30.488s] Level 1:colcon.colcon_core.environment:checking '/home/wheeltec/KUL_TABLOO/src/install/quiz/lib/python3.8/site-packages'
[30.488s] Level 1:colcon.colcon_core.shell:create_environment_hook('quiz', 'pythonpath')
[30.489s] INFO:colcon.colcon_core.shell:Creating environment hook '/home/wheeltec/KUL_TABLOO/src/install/quiz/share/quiz/hook/pythonpath.ps1'
[30.491s] INFO:colcon.colcon_core.shell:Creating environment descriptor '/home/wheeltec/KUL_TABLOO/src/install/quiz/share/quiz/hook/pythonpath.dsv'
[30.493s] INFO:colcon.colcon_core.shell:Creating environment hook '/home/wheeltec/KUL_TABLOO/src/install/quiz/share/quiz/hook/pythonpath.sh'
[30.495s] Level 1:colcon.colcon_core.environment:checking '/home/wheeltec/KUL_TABLOO/src/install/quiz/bin'
[30.496s] Level 1:colcon.colcon_core.environment:create_environment_scripts_only(quiz)
[30.497s] INFO:colcon.colcon_core.shell:Creating package script '/home/wheeltec/KUL_TABLOO/src/install/quiz/share/quiz/package.ps1'
[30.499s] INFO:colcon.colcon_core.shell:Creating package descriptor '/home/wheeltec/KUL_TABLOO/src/install/quiz/share/quiz/package.dsv'
[30.502s] INFO:colcon.colcon_core.shell:Creating package script '/home/wheeltec/KUL_TABLOO/src/install/quiz/share/quiz/package.sh'
[30.504s] INFO:colcon.colcon_core.shell:Creating package script '/home/wheeltec/KUL_TABLOO/src/install/quiz/share/quiz/package.bash'
[30.506s] INFO:colcon.colcon_core.shell:Creating package script '/home/wheeltec/KUL_TABLOO/src/install/quiz/share/quiz/package.zsh'
[30.508s] Level 1:colcon.colcon_core.environment:create_file_with_runtime_dependencies(/home/wheeltec/KUL_TABLOO/src/install/quiz/share/colcon-core/packages/quiz)
[32.797s] INFO:colcon.colcon_core.task.python.build:Building Python package in '/home/wheeltec/KUL_TABLOO/src/teleop_twist_emer_key'
[32.801s] INFO:colcon.colcon_core.shell:Skip shell extension 'powershell' for command environment: Not usable outside of PowerShell
[32.801s] DEBUG:colcon.colcon_core.shell:Skip shell extension 'dsv' for command environment
[37.269s] DEBUG:colcon.colcon_core.event_handler.log_command:Invoking command in '/home/wheeltec/KUL_TABLOO/src/rpi_pub': PYTHONPATH=/home/wheeltec/KUL_TABLOO/src/build/rpi_pub/prefix_override:/usr/lib/python3/dist-packages/colcon_core/task/python/colcon_distutils_commands:/home/wheeltec/KUL_TABLOO/src/install/rpi_pub/lib/python3.8/site-packages:${PYTHONPATH} /usr/bin/python3 -W ignore:setup.py install is deprecated -W ignore:easy_install command is deprecated setup.py egg_info --egg-base ../build/rpi_pub build --build-base /home/wheeltec/KUL_TABLOO/src/build/rpi_pub/build install --record /home/wheeltec/KUL_TABLOO/src/build/rpi_pub/install.log --single-version-externally-managed install_data
[37.313s] DEBUG:colcon.colcon_core.event_handler.log_command:Invoking command in '/home/wheeltec/KUL_TABLOO/src/teleop_twist_emer_key': PYTHONPATH=/home/wheeltec/KUL_TABLOO/src/build/teleop_twist_emer_key/prefix_override:/usr/lib/python3/dist-packages/colcon_core/task/python/colcon_distutils_commands:/home/wheeltec/KUL_TABLOO/src/install/teleop_twist_emer_key/lib/python3.8/site-packages:${PYTHONPATH} /usr/bin/python3 -W ignore:setup.py install is deprecated -W ignore:easy_install command is deprecated setup.py egg_info --egg-base ../build/teleop_twist_emer_key build --build-base /home/wheeltec/KUL_TABLOO/src/build/teleop_twist_emer_key/build install --record /home/wheeltec/KUL_TABLOO/src/build/teleop_twist_emer_key/install.log --single-version-externally-managed install_data
[41.043s] Level 1:colcon.colcon_core.environment:checking '/home/wheeltec/KUL_TABLOO/src/install/teleop_twist_emer_key' for CMake module files
[41.045s] DEBUG:colcon.colcon_core.event_handler.log_command:Invoked command in '/home/wheeltec/KUL_TABLOO/src/teleop_twist_emer_key' returned '0': PYTHONPATH=/home/wheeltec/KUL_TABLOO/src/build/teleop_twist_emer_key/prefix_override:/usr/lib/python3/dist-packages/colcon_core/task/python/colcon_distutils_commands:/home/wheeltec/KUL_TABLOO/src/install/teleop_twist_emer_key/lib/python3.8/site-packages:${PYTHONPATH} /usr/bin/python3 -W ignore:setup.py install is deprecated -W ignore:easy_install command is deprecated setup.py egg_info --egg-base ../build/teleop_twist_emer_key build --build-base /home/wheeltec/KUL_TABLOO/src/build/teleop_twist_emer_key/build install --record /home/wheeltec/KUL_TABLOO/src/build/teleop_twist_emer_key/install.log --single-version-externally-managed install_data
[41.051s] Level 1:colcon.colcon_core.environment:checking '/home/wheeltec/KUL_TABLOO/src/install/teleop_twist_emer_key' for CMake config files
[41.054s] Level 1:colcon.colcon_core.environment:checking '/home/wheeltec/KUL_TABLOO/src/install/teleop_twist_emer_key/lib'
[41.054s] Level 1:colcon.colcon_core.environment:checking '/home/wheeltec/KUL_TABLOO/src/install/teleop_twist_emer_key/bin'
[41.055s] Level 1:colcon.colcon_core.environment:checking '/home/wheeltec/KUL_TABLOO/src/install/teleop_twist_emer_key/lib/pkgconfig/teleop_twist_emer_key.pc'
[41.057s] Level 1:colcon.colcon_core.environment:checking '/home/wheeltec/KUL_TABLOO/src/install/teleop_twist_emer_key/lib/python3.8/site-packages'
[41.058s] Level 1:colcon.colcon_core.shell:create_environment_hook('teleop_twist_emer_key', 'pythonpath')
[41.064s] INFO:colcon.colcon_core.shell:Creating environment hook '/home/wheeltec/KUL_TABLOO/src/install/teleop_twist_emer_key/share/teleop_twist_emer_key/hook/pythonpath.ps1'
[41.068s] INFO:colcon.colcon_core.shell:Creating environment descriptor '/home/wheeltec/KUL_TABLOO/src/install/teleop_twist_emer_key/share/teleop_twist_emer_key/hook/pythonpath.dsv'
[41.072s] INFO:colcon.colcon_core.shell:Creating environment hook '/home/wheeltec/KUL_TABLOO/src/install/teleop_twist_emer_key/share/teleop_twist_emer_key/hook/pythonpath.sh'
[41.076s] Level 1:colcon.colcon_core.environment:checking '/home/wheeltec/KUL_TABLOO/src/install/teleop_twist_emer_key/bin'
[41.077s] Level 1:colcon.colcon_core.environment:create_environment_scripts_only(teleop_twist_emer_key)
[41.079s] INFO:colcon.colcon_core.shell:Creating package script '/home/wheeltec/KUL_TABLOO/src/install/teleop_twist_emer_key/share/teleop_twist_emer_key/package.ps1'
[41.084s] INFO:colcon.colcon_core.shell:Creating package descriptor '/home/wheeltec/KUL_TABLOO/src/install/teleop_twist_emer_key/share/teleop_twist_emer_key/package.dsv'
[41.088s] INFO:colcon.colcon_core.shell:Creating package script '/home/wheeltec/KUL_TABLOO/src/install/teleop_twist_emer_key/share/teleop_twist_emer_key/package.sh'
[41.094s] INFO:colcon.colcon_core.shell:Creating package script '/home/wheeltec/KUL_TABLOO/src/install/teleop_twist_emer_key/share/teleop_twist_emer_key/package.bash'
[41.096s] INFO:colcon.colcon_core.shell:Creating package script '/home/wheeltec/KUL_TABLOO/src/install/teleop_twist_emer_key/share/teleop_twist_emer_key/package.zsh'
[41.098s] Level 1:colcon.colcon_core.environment:create_file_with_runtime_dependencies(/home/wheeltec/KUL_TABLOO/src/install/teleop_twist_emer_key/share/colcon-core/packages/teleop_twist_emer_key)
[41.165s] Level 1:colcon.colcon_core.environment:checking '/home/wheeltec/KUL_TABLOO/src/install/rpi_pub' for CMake module files
[41.169s] DEBUG:colcon.colcon_core.event_handler.log_command:Invoked command in '/home/wheeltec/KUL_TABLOO/src/rpi_pub' returned '0': PYTHONPATH=/home/wheeltec/KUL_TABLOO/src/build/rpi_pub/prefix_override:/usr/lib/python3/dist-packages/colcon_core/task/python/colcon_distutils_commands:/home/wheeltec/KUL_TABLOO/src/install/rpi_pub/lib/python3.8/site-packages:${PYTHONPATH} /usr/bin/python3 -W ignore:setup.py install is deprecated -W ignore:easy_install command is deprecated setup.py egg_info --egg-base ../build/rpi_pub build --build-base /home/wheeltec/KUL_TABLOO/src/build/rpi_pub/build install --record /home/wheeltec/KUL_TABLOO/src/build/rpi_pub/install.log --single-version-externally-managed install_data
[41.170s] Level 1:colcon.colcon_core.environment:checking '/home/wheeltec/KUL_TABLOO/src/install/rpi_pub' for CMake config files
[41.173s] Level 1:colcon.colcon_core.environment:checking '/home/wheeltec/KUL_TABLOO/src/install/rpi_pub/lib'
[41.174s] Level 1:colcon.colcon_core.environment:checking '/home/wheeltec/KUL_TABLOO/src/install/rpi_pub/bin'
[41.174s] Level 1:colcon.colcon_core.environment:checking '/home/wheeltec/KUL_TABLOO/src/install/rpi_pub/lib/pkgconfig/rpi_pub.pc'
[41.175s] Level 1:colcon.colcon_core.environment:checking '/home/wheeltec/KUL_TABLOO/src/install/rpi_pub/lib/python3.8/site-packages'
[41.175s] Level 1:colcon.colcon_core.shell:create_environment_hook('rpi_pub', 'pythonpath')
[41.176s] INFO:colcon.colcon_core.shell:Creating environment hook '/home/wheeltec/KUL_TABLOO/src/install/rpi_pub/share/rpi_pub/hook/pythonpath.ps1'
[41.178s] INFO:colcon.colcon_core.shell:Creating environment descriptor '/home/wheeltec/KUL_TABLOO/src/install/rpi_pub/share/rpi_pub/hook/pythonpath.dsv'
[41.180s] INFO:colcon.colcon_core.shell:Creating environment hook '/home/wheeltec/KUL_TABLOO/src/install/rpi_pub/share/rpi_pub/hook/pythonpath.sh'
[41.183s] Level 1:colcon.colcon_core.environment:checking '/home/wheeltec/KUL_TABLOO/src/install/rpi_pub/bin'
[41.183s] Level 1:colcon.colcon_core.environment:create_environment_scripts_only(rpi_pub)
[41.185s] INFO:colcon.colcon_core.shell:Creating package script '/home/wheeltec/KUL_TABLOO/src/install/rpi_pub/share/rpi_pub/package.ps1'
[41.188s] INFO:colcon.colcon_core.shell:Creating package descriptor '/home/wheeltec/KUL_TABLOO/src/install/rpi_pub/share/rpi_pub/package.dsv'
[41.191s] INFO:colcon.colcon_core.shell:Creating package script '/home/wheeltec/KUL_TABLOO/src/install/rpi_pub/share/rpi_pub/package.sh'
[41.193s] INFO:colcon.colcon_core.shell:Creating package script '/home/wheeltec/KUL_TABLOO/src/install/rpi_pub/share/rpi_pub/package.bash'
[41.195s] INFO:colcon.colcon_core.shell:Creating package script '/home/wheeltec/KUL_TABLOO/src/install/rpi_pub/share/rpi_pub/package.zsh'
[41.197s] Level 1:colcon.colcon_core.environment:create_file_with_runtime_dependencies(/home/wheeltec/KUL_TABLOO/src/install/rpi_pub/share/colcon-core/packages/rpi_pub)
[41.198s] DEBUG:colcon.colcon_parallel_executor.executor.parallel:closing loop
[41.199s] DEBUG:colcon.colcon_parallel_executor.executor.parallel:loop closed
[41.200s] DEBUG:colcon.colcon_parallel_executor.executor.parallel:run_until_complete finished with '0'
[41.200s] DEBUG:colcon.colcon_core.event_reactor:joining thread
[41.260s] INFO:colcon.colcon_core.plugin_system:Skipping extension 'colcon_notification.desktop_notification.terminal_notifier': Not used on non-Darwin systems
[41.261s] INFO:colcon.colcon_core.plugin_system:Skipping extension 'colcon_notification.desktop_notification.win32': Not used on non-Windows systems
[41.261s] INFO:colcon.colcon_notification.desktop_notification:Sending desktop notification using 'notify2'
[41.358s] DEBUG:colcon.colcon_core.event_reactor:joined thread
[41.359s] INFO:colcon.colcon_core.shell:Creating prefix script '/home/wheeltec/KUL_TABLOO/src/install/local_setup.ps1'
[41.367s] INFO:colcon.colcon_core.shell:Creating prefix util module '/home/wheeltec/KUL_TABLOO/src/install/_local_setup_util_ps1.py'
[41.377s] INFO:colcon.colcon_core.shell:Creating prefix chain script '/home/wheeltec/KUL_TABLOO/src/install/setup.ps1'
[41.432s] INFO:colcon.colcon_core.shell:Creating prefix script '/home/wheeltec/KUL_TABLOO/src/install/local_setup.sh'
[41.438s] INFO:colcon.colcon_core.shell:Creating prefix util module '/home/wheeltec/KUL_TABLOO/src/install/_local_setup_util_sh.py'
[41.442s] INFO:colcon.colcon_core.shell:Creating prefix chain script '/home/wheeltec/KUL_TABLOO/src/install/setup.sh'
[41.488s] INFO:colcon.colcon_core.shell:Creating prefix script '/home/wheeltec/KUL_TABLOO/src/install/local_setup.bash'
[41.491s] INFO:colcon.colcon_core.shell:Creating prefix chain script '/home/wheeltec/KUL_TABLOO/src/install/setup.bash'
[41.530s] INFO:colcon.colcon_core.shell:Creating prefix script '/home/wheeltec/KUL_TABLOO/src/install/local_setup.zsh'
[41.535s] INFO:colcon.colcon_core.shell:Creating prefix chain script '/home/wheeltec/KUL_TABLOO/src/install/setup.zsh'
