[16.625s] Invoking command in '/home/wheeltec/KUL_TABLOO/src/emergency_stop': PYTHONPATH=/home/wheeltec/KUL_TABLOO/src/build/emergency_stop/prefix_override:/usr/lib/python3/dist-packages/colcon_core/task/python/colcon_distutils_commands:/home/wheeltec/KUL_TABLOO/src/install/emergency_stop/lib/python3.8/site-packages:${PYTHONPATH} /usr/bin/python3 -W ignore:setup.py install is deprecated -W ignore:easy_install command is deprecated setup.py egg_info --egg-base ../build/emergency_stop build --build-base /home/wheeltec/KUL_TABLOO/src/build/emergency_stop/build install --record /home/wheeltec/KUL_TABLOO/src/build/emergency_stop/install.log --single-version-externally-managed install_data
[20.378s] running egg_info
[20.552s] writing ../build/emergency_stop/emergency_stop.egg-info/PKG-INFO
[20.552s] writing dependency_links to ../build/emergency_stop/emergency_stop.egg-info/dependency_links.txt
[20.553s] writing entry points to ../build/emergency_stop/emergency_stop.egg-info/entry_points.txt
[20.555s] writing requirements to ../build/emergency_stop/emergency_stop.egg-info/requires.txt
[20.555s] writing top-level names to ../build/emergency_stop/emergency_stop.egg-info/top_level.txt
[20.790s] reading manifest file '../build/emergency_stop/emergency_stop.egg-info/SOURCES.txt'
[20.798s] writing manifest file '../build/emergency_stop/emergency_stop.egg-info/SOURCES.txt'
[20.799s] running build
[20.800s] running build_py
[20.800s] running install
[20.867s] running install_lib
[21.030s] running install_data
[21.032s] running install_egg_info
[21.190s] removing '/home/wheeltec/KUL_TABLOO/src/install/emergency_stop/lib/python3.8/site-packages/emergency_stop-0.0.0-py3.8.egg-info' (and everything under it)
[21.201s] Copying ../build/emergency_stop/emergency_stop.egg-info to /home/wheeltec/KUL_TABLOO/src/install/emergency_stop/lib/python3.8/site-packages/emergency_stop-0.0.0-py3.8.egg-info
[21.204s] running install_scripts
[22.185s] Installing emergency_stop script to /home/wheeltec/KUL_TABLOO/src/install/emergency_stop/lib/emergency_stop
[22.192s] writing list of installed files to '/home/wheeltec/KUL_TABLOO/src/build/emergency_stop/install.log'
[22.727s] Invoked command in '/home/wheeltec/KUL_TABLOO/src/emergency_stop' returned '0': PYTHONPATH=/home/wheeltec/KUL_TABLOO/src/build/emergency_stop/prefix_override:/usr/lib/python3/dist-packages/colcon_core/task/python/colcon_distutils_commands:/home/wheeltec/KUL_TABLOO/src/install/emergency_stop/lib/python3.8/site-packages:${PYTHONPATH} /usr/bin/python3 -W ignore:setup.py install is deprecated -W ignore:easy_install command is deprecated setup.py egg_info --egg-base ../build/emergency_stop build --build-base /home/wheeltec/KUL_TABLOO/src/build/emergency_stop/build install --record /home/wheeltec/KUL_TABLOO/src/build/emergency_stop/install.log --single-version-externally-managed install_data
