running egg_info
creating ../build/quiz_enable/quiz_enable.egg-info
writing ../build/quiz_enable/quiz_enable.egg-info/PKG-INFO
writing dependency_links to ../build/quiz_enable/quiz_enable.egg-info/dependency_links.txt
writing entry points to ../build/quiz_enable/quiz_enable.egg-info/entry_points.txt
writing requirements to ../build/quiz_enable/quiz_enable.egg-info/requires.txt
writing top-level names to ../build/quiz_enable/quiz_enable.egg-info/top_level.txt
writing manifest file '../build/quiz_enable/quiz_enable.egg-info/SOURCES.txt'
reading manifest file '../build/quiz_enable/quiz_enable.egg-info/SOURCES.txt'
writing manifest file '../build/quiz_enable/quiz_enable.egg-info/SOURCES.txt'
running build
running build_py
creating /home/wheeltec/KUL_TABLOO/src/build/quiz_enable/build
creating /home/wheeltec/KUL_TABLOO/src/build/quiz_enable/build/lib
creating /home/wheeltec/KUL_TABLOO/src/build/quiz_enable/build/lib/quiz_enable
copying quiz_enable/__init__.py -> /home/wheeltec/KUL_TABLOO/src/build/quiz_enable/build/lib/quiz_enable
copying quiz_enable/quiz_enable.py -> /home/wheeltec/KUL_TABLOO/src/build/quiz_enable/build/lib/quiz_enable
running install
running install_lib
creating /home/wheeltec/KUL_TABLOO/src/install/quiz_enable/lib/python3.8/site-packages/quiz_enable
copying /home/wheeltec/KUL_TABLOO/src/build/quiz_enable/build/lib/quiz_enable/__init__.py -> /home/wheeltec/KUL_TABLOO/src/install/quiz_enable/lib/python3.8/site-packages/quiz_enable
copying /home/wheeltec/KUL_TABLOO/src/build/quiz_enable/build/lib/quiz_enable/quiz_enable.py -> /home/wheeltec/KUL_TABLOO/src/install/quiz_enable/lib/python3.8/site-packages/quiz_enable
byte-compiling /home/wheeltec/KUL_TABLOO/src/install/quiz_enable/lib/python3.8/site-packages/quiz_enable/__init__.py to __init__.cpython-38.pyc
byte-compiling /home/wheeltec/KUL_TABLOO/src/install/quiz_enable/lib/python3.8/site-packages/quiz_enable/quiz_enable.py to quiz_enable.cpython-38.pyc
running install_data
creating /home/wheeltec/KUL_TABLOO/src/install/quiz_enable/share/ament_index
creating /home/wheeltec/KUL_TABLOO/src/install/quiz_enable/share/ament_index/resource_index
creating /home/wheeltec/KUL_TABLOO/src/install/quiz_enable/share/ament_index/resource_index/packages
copying resource/quiz_enable -> /home/wheeltec/KUL_TABLOO/src/install/quiz_enable/share/ament_index/resource_index/packages
copying package.xml -> /home/wheeltec/KUL_TABLOO/src/install/quiz_enable/share/quiz_enable
running install_egg_info
Copying ../build/quiz_enable/quiz_enable.egg-info to /home/wheeltec/KUL_TABLOO/src/install/quiz_enable/lib/python3.8/site-packages/quiz_enable-0.0.0-py3.8.egg-info
running install_scripts
Installing quiz_enable script to /home/wheeltec/KUL_TABLOO/src/install/quiz_enable/lib/quiz_enable
writing list of installed files to '/home/wheeltec/KUL_TABLOO/src/build/quiz_enable/install.log'
