[11.945s] Invoking command in '/home/wheeltec/KUL_TABLOO/src/quiz_enable': PYTHONPATH=/home/wheeltec/KUL_TABLOO/src/build/quiz_enable/prefix_override:/usr/lib/python3/dist-packages/colcon_core/task/python/colcon_distutils_commands:/home/wheeltec/KUL_TABLOO/src/install/quiz_enable/lib/python3.8/site-packages:${PYTHONPATH} /usr/bin/python3 -W ignore:setup.py install is deprecated -W ignore:easy_install command is deprecated setup.py egg_info --egg-base ../build/quiz_enable build --build-base /home/wheeltec/KUL_TABLOO/src/build/quiz_enable/build install --record /home/wheeltec/KUL_TABLOO/src/build/quiz_enable/install.log --single-version-externally-managed install_data
[14.479s] running egg_info
[14.482s] creating ../build/quiz_enable/quiz_enable.egg-info
[14.559s] writing ../build/quiz_enable/quiz_enable.egg-info/PKG-INFO
[14.560s] writing dependency_links to ../build/quiz_enable/quiz_enable.egg-info/dependency_links.txt
[14.561s] writing entry points to ../build/quiz_enable/quiz_enable.egg-info/entry_points.txt
[14.561s] writing requirements to ../build/quiz_enable/quiz_enable.egg-info/requires.txt
[14.562s] writing top-level names to ../build/quiz_enable/quiz_enable.egg-info/top_level.txt
[14.568s] writing manifest file '../build/quiz_enable/quiz_enable.egg-info/SOURCES.txt'
[14.730s] reading manifest file '../build/quiz_enable/quiz_enable.egg-info/SOURCES.txt'
[14.734s] writing manifest file '../build/quiz_enable/quiz_enable.egg-info/SOURCES.txt'
[14.734s] running build
[14.735s] running build_py
[14.735s] creating /home/wheeltec/KUL_TABLOO/src/build/quiz_enable/build
[14.736s] creating /home/wheeltec/KUL_TABLOO/src/build/quiz_enable/build/lib
[14.737s] creating /home/wheeltec/KUL_TABLOO/src/build/quiz_enable/build/lib/quiz_enable
[14.738s] copying quiz_enable/__init__.py -> /home/wheeltec/KUL_TABLOO/src/build/quiz_enable/build/lib/quiz_enable
[14.743s] copying quiz_enable/quiz_enable.py -> /home/wheeltec/KUL_TABLOO/src/build/quiz_enable/build/lib/quiz_enable
[14.743s] running install
[14.772s] running install_lib
[14.843s] creating /home/wheeltec/KUL_TABLOO/src/install/quiz_enable/lib/python3.8/site-packages/quiz_enable
[14.844s] copying /home/wheeltec/KUL_TABLOO/src/build/quiz_enable/build/lib/quiz_enable/__init__.py -> /home/wheeltec/KUL_TABLOO/src/install/quiz_enable/lib/python3.8/site-packages/quiz_enable
[14.844s] copying /home/wheeltec/KUL_TABLOO/src/build/quiz_enable/build/lib/quiz_enable/quiz_enable.py -> /home/wheeltec/KUL_TABLOO/src/install/quiz_enable/lib/python3.8/site-packages/quiz_enable
[14.849s] byte-compiling /home/wheeltec/KUL_TABLOO/src/install/quiz_enable/lib/python3.8/site-packages/quiz_enable/__init__.py to __init__.cpython-38.pyc
[14.850s] byte-compiling /home/wheeltec/KUL_TABLOO/src/install/quiz_enable/lib/python3.8/site-packages/quiz_enable/quiz_enable.py to quiz_enable.cpython-38.pyc
[14.851s] running install_data
[14.851s] creating /home/wheeltec/KUL_TABLOO/src/install/quiz_enable/share/ament_index
[14.852s] creating /home/wheeltec/KUL_TABLOO/src/install/quiz_enable/share/ament_index/resource_index
[14.852s] creating /home/wheeltec/KUL_TABLOO/src/install/quiz_enable/share/ament_index/resource_index/packages
[14.853s] copying resource/quiz_enable -> /home/wheeltec/KUL_TABLOO/src/install/quiz_enable/share/ament_index/resource_index/packages
[14.853s] copying package.xml -> /home/wheeltec/KUL_TABLOO/src/install/quiz_enable/share/quiz_enable
[14.854s] running install_egg_info
[14.931s] Copying ../build/quiz_enable/quiz_enable.egg-info to /home/wheeltec/KUL_TABLOO/src/install/quiz_enable/lib/python3.8/site-packages/quiz_enable-0.0.0-py3.8.egg-info
[14.934s] running install_scripts
[15.478s] Installing quiz_enable script to /home/wheeltec/KUL_TABLOO/src/install/quiz_enable/lib/quiz_enable
[15.480s] writing list of installed files to '/home/wheeltec/KUL_TABLOO/src/build/quiz_enable/install.log'
[15.866s] Invoked command in '/home/wheeltec/KUL_TABLOO/src/quiz_enable' returned '0': PYTHONPATH=/home/wheeltec/KUL_TABLOO/src/build/quiz_enable/prefix_override:/usr/lib/python3/dist-packages/colcon_core/task/python/colcon_distutils_commands:/home/wheeltec/KUL_TABLOO/src/install/quiz_enable/lib/python3.8/site-packages:${PYTHONPATH} /usr/bin/python3 -W ignore:setup.py install is deprecated -W ignore:easy_install command is deprecated setup.py egg_info --egg-base ../build/quiz_enable build --build-base /home/wheeltec/KUL_TABLOO/src/build/quiz_enable/build install --record /home/wheeltec/KUL_TABLOO/src/build/quiz_enable/install.log --single-version-externally-managed install_data
