[13.639s] Invoking command in '/home/wheeltec/KUL_TABLOO/src/emergency_stop': PYTHONPATH=/home/wheeltec/KUL_TABLOO/src/build/emergency_stop/prefix_override:/usr/lib/python3/dist-packages/colcon_core/task/python/colcon_distutils_commands:/home/wheeltec/KUL_TABLOO/src/install/emergency_stop/lib/python3.8/site-packages:${PYTHONPATH} /usr/bin/python3 -W ignore:setup.py install is deprecated -W ignore:easy_install command is deprecated setup.py egg_info --egg-base ../build/emergency_stop build --build-base /home/wheeltec/KUL_TABLOO/src/build/emergency_stop/build install --record /home/wheeltec/KUL_TABLOO/src/build/emergency_stop/install.log --single-version-externally-managed install_data
[16.887s] running egg_info
[16.993s] writing ../build/emergency_stop/emergency_stop.egg-info/PKG-INFO
[16.995s] writing dependency_links to ../build/emergency_stop/emergency_stop.egg-info/dependency_links.txt
[16.998s] writing entry points to ../build/emergency_stop/emergency_stop.egg-info/entry_points.txt
[17.000s] writing requirements to ../build/emergency_stop/emergency_stop.egg-info/requires.txt
[17.001s] writing top-level names to ../build/emergency_stop/emergency_stop.egg-info/top_level.txt
[17.220s] reading manifest file '../build/emergency_stop/emergency_stop.egg-info/SOURCES.txt'
[17.226s] writing manifest file '../build/emergency_stop/emergency_stop.egg-info/SOURCES.txt'
[17.227s] running build
[17.228s] running build_py
[17.231s] running install
[17.264s] running install_lib
[17.359s] running install_data
[17.361s] running install_egg_info
[17.464s] removing '/home/wheeltec/KUL_TABLOO/src/install/emergency_stop/lib/python3.8/site-packages/emergency_stop-0.0.0-py3.8.egg-info' (and everything under it)
[17.465s] Copying ../build/emergency_stop/emergency_stop.egg-info to /home/wheeltec/KUL_TABLOO/src/install/emergency_stop/lib/python3.8/site-packages/emergency_stop-0.0.0-py3.8.egg-info
[17.472s] running install_scripts
[18.140s] Installing emergency_stop script to /home/wheeltec/KUL_TABLOO/src/install/emergency_stop/lib/emergency_stop
[18.141s] writing list of installed files to '/home/wheeltec/KUL_TABLOO/src/build/emergency_stop/install.log'
[18.495s] Invoked command in '/home/wheeltec/KUL_TABLOO/src/emergency_stop' returned '0': PYTHONPATH=/home/wheeltec/KUL_TABLOO/src/build/emergency_stop/prefix_override:/usr/lib/python3/dist-packages/colcon_core/task/python/colcon_distutils_commands:/home/wheeltec/KUL_TABLOO/src/install/emergency_stop/lib/python3.8/site-packages:${PYTHONPATH} /usr/bin/python3 -W ignore:setup.py install is deprecated -W ignore:easy_install command is deprecated setup.py egg_info --egg-base ../build/emergency_stop build --build-base /home/wheeltec/KUL_TABLOO/src/build/emergency_stop/build install --record /home/wheeltec/KUL_TABLOO/src/build/emergency_stop/install.log --single-version-externally-managed install_data
