[7.980s] Invoking command in '/home/wheeltec/KUL_TABLOO/src/rpi_pub': PYTHONPATH=/home/wheeltec/KUL_TABLOO/src/build/rpi_pub/prefix_override:/usr/lib/python3/dist-packages/colcon_core/task/python/colcon_distutils_commands:/home/wheeltec/KUL_TABLOO/src/install/rpi_pub/lib/python3.8/site-packages:${PYTHONPATH} /usr/bin/python3 -W ignore:setup.py install is deprecated -W ignore:easy_install command is deprecated setup.py egg_info --egg-base ../build/rpi_pub build --build-base /home/wheeltec/KUL_TABLOO/src/build/rpi_pub/build install --record /home/wheeltec/KUL_TABLOO/src/build/rpi_pub/install.log --single-version-externally-managed install_data
[10.908s] running egg_info
[11.024s] writing ../build/rpi_pub/rpi_pub.egg-info/PKG-INFO
[11.024s] writing dependency_links to ../build/rpi_pub/rpi_pub.egg-info/dependency_links.txt
[11.025s] writing entry points to ../build/rpi_pub/rpi_pub.egg-info/entry_points.txt
[11.025s] writing requirements to ../build/rpi_pub/rpi_pub.egg-info/requires.txt
[11.026s] writing top-level names to ../build/rpi_pub/rpi_pub.egg-info/top_level.txt
[11.215s] reading manifest file '../build/rpi_pub/rpi_pub.egg-info/SOURCES.txt'
[11.217s] writing manifest file '../build/rpi_pub/rpi_pub.egg-info/SOURCES.txt'
[11.218s] running build
[11.218s] running build_py
[11.224s] running install
[11.253s] running install_lib
[11.351s] running install_data
[11.352s] running install_egg_info
[11.448s] removing '/home/wheeltec/KUL_TABLOO/src/install/rpi_pub/lib/python3.8/site-packages/rpi_pub-0.0.0-py3.8.egg-info' (and everything under it)
[11.452s] Copying ../build/rpi_pub/rpi_pub.egg-info to /home/wheeltec/KUL_TABLOO/src/install/rpi_pub/lib/python3.8/site-packages/rpi_pub-0.0.0-py3.8.egg-info
[11.453s] running install_scripts
[11.959s] Installing rpi_pub script to /home/wheeltec/KUL_TABLOO/src/install/rpi_pub/lib/rpi_pub
[11.962s] writing list of installed files to '/home/wheeltec/KUL_TABLOO/src/build/rpi_pub/install.log'
[12.141s] Invoked command in '/home/wheeltec/KUL_TABLOO/src/rpi_pub' returned '0': PYTHONPATH=/home/wheeltec/KUL_TABLOO/src/build/rpi_pub/prefix_override:/usr/lib/python3/dist-packages/colcon_core/task/python/colcon_distutils_commands:/home/wheeltec/KUL_TABLOO/src/install/rpi_pub/lib/python3.8/site-packages:${PYTHONPATH} /usr/bin/python3 -W ignore:setup.py install is deprecated -W ignore:easy_install command is deprecated setup.py egg_info --egg-base ../build/rpi_pub build --build-base /home/wheeltec/KUL_TABLOO/src/build/rpi_pub/build install --record /home/wheeltec/KUL_TABLOO/src/build/rpi_pub/install.log --single-version-externally-managed install_data
