[0.940s] DEBUG:colcon:Command line arguments: ['/usr/bin/colcon', 'build']
[0.940s] DEBUG:colcon:Parsed command line arguments: Namespace(allow_overriding=[], ament_cmake_args=None, base_paths=['.'], build_base='build', catkin_cmake_args=None, catkin_skip_building_tests=False, cmake_args=None, cmake_clean_cache=False, cmake_clean_first=False, cmake_force_configure=False, cmake_target=None, cmake_target_skip_unavailable=False, continue_on_error=False, event_handlers=None, executor='parallel', ignore_user_meta=False, install_base='install', log_base=None, log_level=None, main=<bound method BuildVerb.main of <colcon_core.verb.build.BuildVerb object at 0x7f7af50af0>>, merge_install=False, metas=['./colcon.meta'], packages_above=None, packages_above_and_dependencies=None, packages_above_depth=None, packages_end=None, packages_ignore=None, packages_ignore_regex=None, packages_select=None, packages_select_build_failed=False, packages_select_by_dep=None, packages_select_regex=None, packages_select_test_failures=False, packages_skip=None, packages_skip_build_finished=False, packages_skip_by_dep=None, packages_skip_regex=None, packages_skip_test_passed=False, packages_skip_up_to=None, packages_start=None, packages_up_to=None, packages_up_to_regex=None, parallel_workers=4, paths=None, symlink_install=False, test_result_base=None, verb_extension=<colcon_core.verb.build.BuildVerb object at 0x7f7af50af0>, verb_name='build', verb_parser=<colcon_defaults.argument_parser.defaults.DefaultArgumentsDecorator object at 0x7f7ae3bca0>)
[2.166s] Level 1:colcon.colcon_core.package_discovery:discover_packages(colcon_meta) check parameters
[2.167s] Level 1:colcon.colcon_core.package_discovery:discover_packages(recursive) check parameters
[2.167s] Level 1:colcon.colcon_core.package_discovery:discover_packages(ignore) check parameters
[2.167s] Level 1:colcon.colcon_core.package_discovery:discover_packages(path) check parameters
[2.167s] Level 1:colcon.colcon_core.package_discovery:discover_packages(colcon_meta) discover
[2.167s] Level 1:colcon.colcon_core.package_discovery:discover_packages(recursive) discover
[2.168s] INFO:colcon.colcon_core.package_discovery:Crawling recursively for packages in '/home/wheeltec/KUL_TABLOO/src'
[2.168s] Level 1:colcon.colcon_core.package_identification:_identify(.) by extensions ['ignore', 'ignore_ament_install']
[2.168s] Level 1:colcon.colcon_core.package_identification:_identify(.) by extension 'ignore'
[2.168s] Level 1:colcon.colcon_core.package_identification:_identify(.) by extension 'ignore_ament_install'
[2.169s] Level 1:colcon.colcon_core.package_identification:_identify(.) by extensions ['colcon_pkg']
[2.169s] Level 1:colcon.colcon_core.package_identification:_identify(.) by extension 'colcon_pkg'
[2.169s] Level 1:colcon.colcon_core.package_identification:_identify(.) by extensions ['colcon_meta']
[2.169s] Level 1:colcon.colcon_core.package_identification:_identify(.) by extension 'colcon_meta'
[2.169s] Level 1:colcon.colcon_core.package_identification:_identify(.) by extensions ['ros']
[2.170s] Level 1:colcon.colcon_core.package_identification:_identify(.) by extension 'ros'
[2.229s] Level 1:colcon.colcon_core.package_identification:_identify(.) by extensions ['cmake', 'python']
[2.229s] Level 1:colcon.colcon_core.package_identification:_identify(.) by extension 'cmake'
[2.230s] Level 1:colcon.colcon_core.package_identification:_identify(.) by extension 'python'
[2.230s] Level 1:colcon.colcon_core.package_identification:_identify(.) by extensions ['python_setup_py']
[2.230s] Level 1:colcon.colcon_core.package_identification:_identify(.) by extension 'python_setup_py'
[2.230s] Level 1:colcon.colcon_core.package_identification:_identify(actionclient) by extensions ['ignore', 'ignore_ament_install']
[2.231s] Level 1:colcon.colcon_core.package_identification:_identify(actionclient) by extension 'ignore'
[2.231s] Level 1:colcon.colcon_core.package_identification:_identify(actionclient) by extension 'ignore_ament_install'
[2.231s] Level 1:colcon.colcon_core.package_identification:_identify(actionclient) by extensions ['colcon_pkg']
[2.231s] Level 1:colcon.colcon_core.package_identification:_identify(actionclient) by extension 'colcon_pkg'
[2.231s] Level 1:colcon.colcon_core.package_identification:_identify(actionclient) by extensions ['colcon_meta']
[2.232s] Level 1:colcon.colcon_core.package_identification:_identify(actionclient) by extension 'colcon_meta'
[2.232s] Level 1:colcon.colcon_core.package_identification:_identify(actionclient) by extensions ['ros']
[2.232s] Level 1:colcon.colcon_core.package_identification:_identify(actionclient) by extension 'ros'
[2.241s] DEBUG:colcon.colcon_core.package_identification:Package 'actionclient' with type 'ros.ament_python' and name 'actionclient'
[2.241s] Level 1:colcon.colcon_core.package_identification:_identify(beamer) by extensions ['ignore', 'ignore_ament_install']
[2.241s] Level 1:colcon.colcon_core.package_identification:_identify(beamer) by extension 'ignore'
[2.242s] Level 1:colcon.colcon_core.package_identification:_identify(beamer) by extension 'ignore_ament_install'
[2.242s] Level 1:colcon.colcon_core.package_identification:_identify(beamer) by extensions ['colcon_pkg']
[2.242s] Level 1:colcon.colcon_core.package_identification:_identify(beamer) by extension 'colcon_pkg'
[2.242s] Level 1:colcon.colcon_core.package_identification:_identify(beamer) by extensions ['colcon_meta']
[2.242s] Level 1:colcon.colcon_core.package_identification:_identify(beamer) by extension 'colcon_meta'
[2.242s] Level 1:colcon.colcon_core.package_identification:_identify(beamer) by extensions ['ros']
[2.243s] Level 1:colcon.colcon_core.package_identification:_identify(beamer) by extension 'ros'
[2.244s] DEBUG:colcon.colcon_core.package_identification:Package 'beamer' with type 'ros.ament_python' and name 'beamer'
[2.245s] Level 1:colcon.colcon_core.package_identification:_identify(build) by extensions ['ignore', 'ignore_ament_install']
[2.245s] Level 1:colcon.colcon_core.package_identification:_identify(build) by extension 'ignore'
[2.245s] Level 1:colcon.colcon_core.package_identification:_identify(build) ignored
[2.246s] Level 1:colcon.colcon_core.package_identification:_identify(config) by extensions ['ignore', 'ignore_ament_install']
[2.246s] Level 1:colcon.colcon_core.package_identification:_identify(config) by extension 'ignore'
[2.246s] Level 1:colcon.colcon_core.package_identification:_identify(config) by extension 'ignore_ament_install'
[2.246s] Level 1:colcon.colcon_core.package_identification:_identify(config) by extensions ['colcon_pkg']
[2.247s] Level 1:colcon.colcon_core.package_identification:_identify(config) by extension 'colcon_pkg'
[2.247s] Level 1:colcon.colcon_core.package_identification:_identify(config) by extensions ['colcon_meta']
[2.247s] Level 1:colcon.colcon_core.package_identification:_identify(config) by extension 'colcon_meta'
[2.247s] Level 1:colcon.colcon_core.package_identification:_identify(config) by extensions ['ros']
[2.247s] Level 1:colcon.colcon_core.package_identification:_identify(config) by extension 'ros'
[2.247s] Level 1:colcon.colcon_core.package_identification:_identify(config) by extensions ['cmake', 'python']
[2.247s] Level 1:colcon.colcon_core.package_identification:_identify(config) by extension 'cmake'
[2.248s] Level 1:colcon.colcon_core.package_identification:_identify(config) by extension 'python'
[2.248s] Level 1:colcon.colcon_core.package_identification:_identify(config) by extensions ['python_setup_py']
[2.248s] Level 1:colcon.colcon_core.package_identification:_identify(config) by extension 'python_setup_py'
[2.248s] Level 1:colcon.colcon_core.package_identification:_identify(emergency_stop) by extensions ['ignore', 'ignore_ament_install']
[2.249s] Level 1:colcon.colcon_core.package_identification:_identify(emergency_stop) by extension 'ignore'
[2.249s] Level 1:colcon.colcon_core.package_identification:_identify(emergency_stop) by extension 'ignore_ament_install'
[2.249s] Level 1:colcon.colcon_core.package_identification:_identify(emergency_stop) by extensions ['colcon_pkg']
[2.249s] Level 1:colcon.colcon_core.package_identification:_identify(emergency_stop) by extension 'colcon_pkg'
[2.249s] Level 1:colcon.colcon_core.package_identification:_identify(emergency_stop) by extensions ['colcon_meta']
[2.249s] Level 1:colcon.colcon_core.package_identification:_identify(emergency_stop) by extension 'colcon_meta'
[2.250s] Level 1:colcon.colcon_core.package_identification:_identify(emergency_stop) by extensions ['ros']
[2.250s] Level 1:colcon.colcon_core.package_identification:_identify(emergency_stop) by extension 'ros'
[2.252s] DEBUG:colcon.colcon_core.package_identification:Package 'emergency_stop' with type 'ros.ament_python' and name 'emergency_stop'
[2.253s] Level 1:colcon.colcon_core.package_identification:_identify(heartbeat_monitor) by extensions ['ignore', 'ignore_ament_install']
[2.253s] Level 1:colcon.colcon_core.package_identification:_identify(heartbeat_monitor) by extension 'ignore'
[2.253s] Level 1:colcon.colcon_core.package_identification:_identify(heartbeat_monitor) by extension 'ignore_ament_install'
[2.254s] Level 1:colcon.colcon_core.package_identification:_identify(heartbeat_monitor) by extensions ['colcon_pkg']
[2.254s] Level 1:colcon.colcon_core.package_identification:_identify(heartbeat_monitor) by extension 'colcon_pkg'
[2.254s] Level 1:colcon.colcon_core.package_identification:_identify(heartbeat_monitor) by extensions ['colcon_meta']
[2.254s] Level 1:colcon.colcon_core.package_identification:_identify(heartbeat_monitor) by extension 'colcon_meta'
[2.254s] Level 1:colcon.colcon_core.package_identification:_identify(heartbeat_monitor) by extensions ['ros']
[2.254s] Level 1:colcon.colcon_core.package_identification:_identify(heartbeat_monitor) by extension 'ros'
[2.256s] DEBUG:colcon.colcon_core.package_identification:Package 'heartbeat_monitor' with type 'ros.ament_python' and name 'heartbeat_monitor'
[2.256s] Level 1:colcon.colcon_core.package_identification:_identify(install) by extensions ['ignore', 'ignore_ament_install']
[2.257s] Level 1:colcon.colcon_core.package_identification:_identify(install) by extension 'ignore'
[2.257s] Level 1:colcon.colcon_core.package_identification:_identify(install) ignored
[2.257s] Level 1:colcon.colcon_core.package_identification:_identify(launch) by extensions ['ignore', 'ignore_ament_install']
[2.257s] Level 1:colcon.colcon_core.package_identification:_identify(launch) by extension 'ignore'
[2.258s] Level 1:colcon.colcon_core.package_identification:_identify(launch) by extension 'ignore_ament_install'
[2.258s] Level 1:colcon.colcon_core.package_identification:_identify(launch) by extensions ['colcon_pkg']
[2.258s] Level 1:colcon.colcon_core.package_identification:_identify(launch) by extension 'colcon_pkg'
[2.258s] Level 1:colcon.colcon_core.package_identification:_identify(launch) by extensions ['colcon_meta']
[2.258s] Level 1:colcon.colcon_core.package_identification:_identify(launch) by extension 'colcon_meta'
[2.258s] Level 1:colcon.colcon_core.package_identification:_identify(launch) by extensions ['ros']
[2.259s] Level 1:colcon.colcon_core.package_identification:_identify(launch) by extension 'ros'
[2.259s] Level 1:colcon.colcon_core.package_identification:_identify(launch) by extensions ['cmake', 'python']
[2.259s] Level 1:colcon.colcon_core.package_identification:_identify(launch) by extension 'cmake'
[2.259s] Level 1:colcon.colcon_core.package_identification:_identify(launch) by extension 'python'
[2.259s] Level 1:colcon.colcon_core.package_identification:_identify(launch) by extensions ['python_setup_py']
[2.259s] Level 1:colcon.colcon_core.package_identification:_identify(launch) by extension 'python_setup_py'
[2.260s] Level 1:colcon.colcon_core.package_identification:_identify(log) by extensions ['ignore', 'ignore_ament_install']
[2.260s] Level 1:colcon.colcon_core.package_identification:_identify(log) by extension 'ignore'
[2.260s] Level 1:colcon.colcon_core.package_identification:_identify(log) ignored
[2.261s] Level 1:colcon.colcon_core.package_identification:_identify(quiz) by extensions ['ignore', 'ignore_ament_install']
[2.261s] Level 1:colcon.colcon_core.package_identification:_identify(quiz) by extension 'ignore'
[2.261s] Level 1:colcon.colcon_core.package_identification:_identify(quiz) by extension 'ignore_ament_install'
[2.261s] Level 1:colcon.colcon_core.package_identification:_identify(quiz) by extensions ['colcon_pkg']
[2.262s] Level 1:colcon.colcon_core.package_identification:_identify(quiz) by extension 'colcon_pkg'
[2.262s] Level 1:colcon.colcon_core.package_identification:_identify(quiz) by extensions ['colcon_meta']
[2.262s] Level 1:colcon.colcon_core.package_identification:_identify(quiz) by extension 'colcon_meta'
[2.262s] Level 1:colcon.colcon_core.package_identification:_identify(quiz) by extensions ['ros']
[2.262s] Level 1:colcon.colcon_core.package_identification:_identify(quiz) by extension 'ros'
[2.264s] DEBUG:colcon.colcon_core.package_identification:Package 'quiz' with type 'ros.ament_python' and name 'quiz'
[2.265s] Level 1:colcon.colcon_core.package_identification:_identify(quiz_enable) by extensions ['ignore', 'ignore_ament_install']
[2.266s] Level 1:colcon.colcon_core.package_identification:_identify(quiz_enable) by extension 'ignore'
[2.266s] Level 1:colcon.colcon_core.package_identification:_identify(quiz_enable) by extension 'ignore_ament_install'
[2.266s] Level 1:colcon.colcon_core.package_identification:_identify(quiz_enable) by extensions ['colcon_pkg']
[2.266s] Level 1:colcon.colcon_core.package_identification:_identify(quiz_enable) by extension 'colcon_pkg'
[2.267s] Level 1:colcon.colcon_core.package_identification:_identify(quiz_enable) by extensions ['colcon_meta']
[2.267s] Level 1:colcon.colcon_core.package_identification:_identify(quiz_enable) by extension 'colcon_meta'
[2.267s] Level 1:colcon.colcon_core.package_identification:_identify(quiz_enable) by extensions ['ros']
[2.267s] Level 1:colcon.colcon_core.package_identification:_identify(quiz_enable) by extension 'ros'
[2.269s] DEBUG:colcon.colcon_core.package_identification:Package 'quiz_enable' with type 'ros.ament_python' and name 'quiz_enable'
[2.269s] Level 1:colcon.colcon_core.package_identification:_identify(remote_control_socket) by extensions ['ignore', 'ignore_ament_install']
[2.270s] Level 1:colcon.colcon_core.package_identification:_identify(remote_control_socket) by extension 'ignore'
[2.270s] Level 1:colcon.colcon_core.package_identification:_identify(remote_control_socket) by extension 'ignore_ament_install'
[2.270s] Level 1:colcon.colcon_core.package_identification:_identify(remote_control_socket) by extensions ['colcon_pkg']
[2.270s] Level 1:colcon.colcon_core.package_identification:_identify(remote_control_socket) by extension 'colcon_pkg'
[2.271s] Level 1:colcon.colcon_core.package_identification:_identify(remote_control_socket) by extensions ['colcon_meta']
[2.271s] Level 1:colcon.colcon_core.package_identification:_identify(remote_control_socket) by extension 'colcon_meta'
[2.271s] Level 1:colcon.colcon_core.package_identification:_identify(remote_control_socket) by extensions ['ros']
[2.271s] Level 1:colcon.colcon_core.package_identification:_identify(remote_control_socket) by extension 'ros'
[2.273s] DEBUG:colcon.colcon_core.package_identification:Package 'remote_control_socket' with type 'ros.ament_python' and name 'remote_control_socket'
[2.274s] Level 1:colcon.colcon_core.package_identification:_identify(rpi_pub) by extensions ['ignore', 'ignore_ament_install']
[2.274s] Level 1:colcon.colcon_core.package_identification:_identify(rpi_pub) by extension 'ignore'
[2.274s] Level 1:colcon.colcon_core.package_identification:_identify(rpi_pub) by extension 'ignore_ament_install'
[2.274s] Level 1:colcon.colcon_core.package_identification:_identify(rpi_pub) by extensions ['colcon_pkg']
[2.274s] Level 1:colcon.colcon_core.package_identification:_identify(rpi_pub) by extension 'colcon_pkg'
[2.275s] Level 1:colcon.colcon_core.package_identification:_identify(rpi_pub) by extensions ['colcon_meta']
[2.275s] Level 1:colcon.colcon_core.package_identification:_identify(rpi_pub) by extension 'colcon_meta'
[2.275s] Level 1:colcon.colcon_core.package_identification:_identify(rpi_pub) by extensions ['ros']
[2.275s] Level 1:colcon.colcon_core.package_identification:_identify(rpi_pub) by extension 'ros'
[2.277s] DEBUG:colcon.colcon_core.package_identification:Package 'rpi_pub' with type 'ros.ament_python' and name 'rpi_pub'
[2.277s] Level 1:colcon.colcon_core.package_identification:_identify(teleop_twist_emer_key) by extensions ['ignore', 'ignore_ament_install']
[2.278s] Level 1:colcon.colcon_core.package_identification:_identify(teleop_twist_emer_key) by extension 'ignore'
[2.278s] Level 1:colcon.colcon_core.package_identification:_identify(teleop_twist_emer_key) by extension 'ignore_ament_install'
[2.278s] Level 1:colcon.colcon_core.package_identification:_identify(teleop_twist_emer_key) by extensions ['colcon_pkg']
[2.278s] Level 1:colcon.colcon_core.package_identification:_identify(teleop_twist_emer_key) by extension 'colcon_pkg'
[2.278s] Level 1:colcon.colcon_core.package_identification:_identify(teleop_twist_emer_key) by extensions ['colcon_meta']
[2.278s] Level 1:colcon.colcon_core.package_identification:_identify(teleop_twist_emer_key) by extension 'colcon_meta'
[2.279s] Level 1:colcon.colcon_core.package_identification:_identify(teleop_twist_emer_key) by extensions ['ros']
[2.279s] Level 1:colcon.colcon_core.package_identification:_identify(teleop_twist_emer_key) by extension 'ros'
[2.281s] DEBUG:colcon.colcon_core.package_identification:Package 'teleop_twist_emer_key' with type 'ros.ament_python' and name 'teleop_twist_emer_key'
[2.281s] Level 1:colcon.colcon_core.package_discovery:discover_packages(recursive) using defaults
[2.281s] Level 1:colcon.colcon_core.package_discovery:discover_packages(ignore) discover
[2.281s] Level 1:colcon.colcon_core.package_discovery:discover_packages(ignore) using defaults
[2.281s] Level 1:colcon.colcon_core.package_discovery:discover_packages(path) discover
[2.281s] Level 1:colcon.colcon_core.package_discovery:discover_packages(path) using defaults
[2.371s] Level 1:colcon.colcon_core.package_discovery:discover_packages(prefix_path) check parameters
[2.371s] Level 1:colcon.colcon_core.package_discovery:discover_packages(prefix_path) discover
[2.393s] DEBUG:colcon.colcon_installed_package_information.package_discovery:Found 10 installed packages in /home/wheeltec/KUL_TABLOO/src/install
[2.406s] DEBUG:colcon.colcon_installed_package_information.package_discovery:Found 72 installed packages in /home/wheeltec/wheeltec_ros2/install
[2.411s] DEBUG:colcon.colcon_installed_package_information.package_discovery:Found 8 installed packages in /home/wheeltec/KUL_TABLOO/install
[2.420s] DEBUG:colcon.colcon_installed_package_information.package_discovery:Found 345 installed packages in /opt/ros/galactic
[2.444s] Level 1:colcon.colcon_core.package_discovery:discover_packages(prefix_path) using defaults
[2.748s] Level 5:colcon.colcon_core.verb:set package 'actionclient' build argument 'cmake_args' from command line to 'None'
[2.748s] Level 5:colcon.colcon_core.verb:set package 'actionclient' build argument 'cmake_target' from command line to 'None'
[2.748s] Level 5:colcon.colcon_core.verb:set package 'actionclient' build argument 'cmake_target_skip_unavailable' from command line to 'False'
[2.748s] Level 5:colcon.colcon_core.verb:set package 'actionclient' build argument 'cmake_clean_cache' from command line to 'False'
[2.748s] Level 5:colcon.colcon_core.verb:set package 'actionclient' build argument 'cmake_clean_first' from command line to 'False'
[2.748s] Level 5:colcon.colcon_core.verb:set package 'actionclient' build argument 'cmake_force_configure' from command line to 'False'
[2.749s] Level 5:colcon.colcon_core.verb:set package 'actionclient' build argument 'ament_cmake_args' from command line to 'None'
[2.749s] Level 5:colcon.colcon_core.verb:set package 'actionclient' build argument 'catkin_cmake_args' from command line to 'None'
[2.749s] Level 5:colcon.colcon_core.verb:set package 'actionclient' build argument 'catkin_skip_building_tests' from command line to 'False'
[2.749s] DEBUG:colcon.colcon_core.verb:Building package 'actionclient' with the following arguments: {'ament_cmake_args': None, 'build_base': '/home/wheeltec/KUL_TABLOO/src/build/actionclient', 'catkin_cmake_args': None, 'catkin_skip_building_tests': False, 'cmake_args': None, 'cmake_clean_cache': False, 'cmake_clean_first': False, 'cmake_force_configure': False, 'cmake_target': None, 'cmake_target_skip_unavailable': False, 'install_base': '/home/wheeltec/KUL_TABLOO/src/install/actionclient', 'merge_install': False, 'path': '/home/wheeltec/KUL_TABLOO/src/actionclient', 'symlink_install': False, 'test_result_base': None}
[2.751s] Level 5:colcon.colcon_core.verb:set package 'beamer' build argument 'cmake_args' from command line to 'None'
[2.751s] Level 5:colcon.colcon_core.verb:set package 'beamer' build argument 'cmake_target' from command line to 'None'
[2.751s] Level 5:colcon.colcon_core.verb:set package 'beamer' build argument 'cmake_target_skip_unavailable' from command line to 'False'
[2.751s] Level 5:colcon.colcon_core.verb:set package 'beamer' build argument 'cmake_clean_cache' from command line to 'False'
[2.752s] Level 5:colcon.colcon_core.verb:set package 'beamer' build argument 'cmake_clean_first' from command line to 'False'
[2.752s] Level 5:colcon.colcon_core.verb:set package 'beamer' build argument 'cmake_force_configure' from command line to 'False'
[2.752s] Level 5:colcon.colcon_core.verb:set package 'beamer' build argument 'ament_cmake_args' from command line to 'None'
[2.752s] Level 5:colcon.colcon_core.verb:set package 'beamer' build argument 'catkin_cmake_args' from command line to 'None'
[2.752s] Level 5:colcon.colcon_core.verb:set package 'beamer' build argument 'catkin_skip_building_tests' from command line to 'False'
[2.752s] DEBUG:colcon.colcon_core.verb:Building package 'beamer' with the following arguments: {'ament_cmake_args': None, 'build_base': '/home/wheeltec/KUL_TABLOO/src/build/beamer', 'catkin_cmake_args': None, 'catkin_skip_building_tests': False, 'cmake_args': None, 'cmake_clean_cache': False, 'cmake_clean_first': False, 'cmake_force_configure': False, 'cmake_target': None, 'cmake_target_skip_unavailable': False, 'install_base': '/home/wheeltec/KUL_TABLOO/src/install/beamer', 'merge_install': False, 'path': '/home/wheeltec/KUL_TABLOO/src/beamer', 'symlink_install': False, 'test_result_base': None}
[2.754s] Level 5:colcon.colcon_core.verb:set package 'emergency_stop' build argument 'cmake_args' from command line to 'None'
[2.754s] Level 5:colcon.colcon_core.verb:set package 'emergency_stop' build argument 'cmake_target' from command line to 'None'
[2.754s] Level 5:colcon.colcon_core.verb:set package 'emergency_stop' build argument 'cmake_target_skip_unavailable' from command line to 'False'
[2.754s] Level 5:colcon.colcon_core.verb:set package 'emergency_stop' build argument 'cmake_clean_cache' from command line to 'False'
[2.754s] Level 5:colcon.colcon_core.verb:set package 'emergency_stop' build argument 'cmake_clean_first' from command line to 'False'
[2.754s] Level 5:colcon.colcon_core.verb:set package 'emergency_stop' build argument 'cmake_force_configure' from command line to 'False'
[2.755s] Level 5:colcon.colcon_core.verb:set package 'emergency_stop' build argument 'ament_cmake_args' from command line to 'None'
[2.755s] Level 5:colcon.colcon_core.verb:set package 'emergency_stop' build argument 'catkin_cmake_args' from command line to 'None'
[2.755s] Level 5:colcon.colcon_core.verb:set package 'emergency_stop' build argument 'catkin_skip_building_tests' from command line to 'False'
[2.755s] DEBUG:colcon.colcon_core.verb:Building package 'emergency_stop' with the following arguments: {'ament_cmake_args': None, 'build_base': '/home/wheeltec/KUL_TABLOO/src/build/emergency_stop', 'catkin_cmake_args': None, 'catkin_skip_building_tests': False, 'cmake_args': None, 'cmake_clean_cache': False, 'cmake_clean_first': False, 'cmake_force_configure': False, 'cmake_target': None, 'cmake_target_skip_unavailable': False, 'install_base': '/home/wheeltec/KUL_TABLOO/src/install/emergency_stop', 'merge_install': False, 'path': '/home/wheeltec/KUL_TABLOO/src/emergency_stop', 'symlink_install': False, 'test_result_base': None}
[2.757s] Level 5:colcon.colcon_core.verb:set package 'heartbeat_monitor' build argument 'cmake_args' from command line to 'None'
[2.757s] Level 5:colcon.colcon_core.verb:set package 'heartbeat_monitor' build argument 'cmake_target' from command line to 'None'
[2.757s] Level 5:colcon.colcon_core.verb:set package 'heartbeat_monitor' build argument 'cmake_target_skip_unavailable' from command line to 'False'
[2.757s] Level 5:colcon.colcon_core.verb:set package 'heartbeat_monitor' build argument 'cmake_clean_cache' from command line to 'False'
[2.757s] Level 5:colcon.colcon_core.verb:set package 'heartbeat_monitor' build argument 'cmake_clean_first' from command line to 'False'
[2.757s] Level 5:colcon.colcon_core.verb:set package 'heartbeat_monitor' build argument 'cmake_force_configure' from command line to 'False'
[2.757s] Level 5:colcon.colcon_core.verb:set package 'heartbeat_monitor' build argument 'ament_cmake_args' from command line to 'None'
[2.757s] Level 5:colcon.colcon_core.verb:set package 'heartbeat_monitor' build argument 'catkin_cmake_args' from command line to 'None'
[2.757s] Level 5:colcon.colcon_core.verb:set package 'heartbeat_monitor' build argument 'catkin_skip_building_tests' from command line to 'False'
[2.758s] DEBUG:colcon.colcon_core.verb:Building package 'heartbeat_monitor' with the following arguments: {'ament_cmake_args': None, 'build_base': '/home/wheeltec/KUL_TABLOO/src/build/heartbeat_monitor', 'catkin_cmake_args': None, 'catkin_skip_building_tests': False, 'cmake_args': None, 'cmake_clean_cache': False, 'cmake_clean_first': False, 'cmake_force_configure': False, 'cmake_target': None, 'cmake_target_skip_unavailable': False, 'install_base': '/home/wheeltec/KUL_TABLOO/src/install/heartbeat_monitor', 'merge_install': False, 'path': '/home/wheeltec/KUL_TABLOO/src/heartbeat_monitor', 'symlink_install': False, 'test_result_base': None}
[2.759s] Level 5:colcon.colcon_core.verb:set package 'quiz' build argument 'cmake_args' from command line to 'None'
[2.759s] Level 5:colcon.colcon_core.verb:set package 'quiz' build argument 'cmake_target' from command line to 'None'
[2.760s] Level 5:colcon.colcon_core.verb:set package 'quiz' build argument 'cmake_target_skip_unavailable' from command line to 'False'
[2.760s] Level 5:colcon.colcon_core.verb:set package 'quiz' build argument 'cmake_clean_cache' from command line to 'False'
[2.760s] Level 5:colcon.colcon_core.verb:set package 'quiz' build argument 'cmake_clean_first' from command line to 'False'
[2.760s] Level 5:colcon.colcon_core.verb:set package 'quiz' build argument 'cmake_force_configure' from command line to 'False'
[2.760s] Level 5:colcon.colcon_core.verb:set package 'quiz' build argument 'ament_cmake_args' from command line to 'None'
[2.760s] Level 5:colcon.colcon_core.verb:set package 'quiz' build argument 'catkin_cmake_args' from command line to 'None'
[2.760s] Level 5:colcon.colcon_core.verb:set package 'quiz' build argument 'catkin_skip_building_tests' from command line to 'False'
[2.760s] DEBUG:colcon.colcon_core.verb:Building package 'quiz' with the following arguments: {'ament_cmake_args': None, 'build_base': '/home/wheeltec/KUL_TABLOO/src/build/quiz', 'catkin_cmake_args': None, 'catkin_skip_building_tests': False, 'cmake_args': None, 'cmake_clean_cache': False, 'cmake_clean_first': False, 'cmake_force_configure': False, 'cmake_target': None, 'cmake_target_skip_unavailable': False, 'install_base': '/home/wheeltec/KUL_TABLOO/src/install/quiz', 'merge_install': False, 'path': '/home/wheeltec/KUL_TABLOO/src/quiz', 'symlink_install': False, 'test_result_base': None}
[2.762s] Level 5:colcon.colcon_core.verb:set package 'quiz_enable' build argument 'cmake_args' from command line to 'None'
[2.762s] Level 5:colcon.colcon_core.verb:set package 'quiz_enable' build argument 'cmake_target' from command line to 'None'
[2.763s] Level 5:colcon.colcon_core.verb:set package 'quiz_enable' build argument 'cmake_target_skip_unavailable' from command line to 'False'
[2.763s] Level 5:colcon.colcon_core.verb:set package 'quiz_enable' build argument 'cmake_clean_cache' from command line to 'False'
[2.763s] Level 5:colcon.colcon_core.verb:set package 'quiz_enable' build argument 'cmake_clean_first' from command line to 'False'
[2.763s] Level 5:colcon.colcon_core.verb:set package 'quiz_enable' build argument 'cmake_force_configure' from command line to 'False'
[2.763s] Level 5:colcon.colcon_core.verb:set package 'quiz_enable' build argument 'ament_cmake_args' from command line to 'None'
[2.763s] Level 5:colcon.colcon_core.verb:set package 'quiz_enable' build argument 'catkin_cmake_args' from command line to 'None'
[2.763s] Level 5:colcon.colcon_core.verb:set package 'quiz_enable' build argument 'catkin_skip_building_tests' from command line to 'False'
[2.764s] DEBUG:colcon.colcon_core.verb:Building package 'quiz_enable' with the following arguments: {'ament_cmake_args': None, 'build_base': '/home/wheeltec/KUL_TABLOO/src/build/quiz_enable', 'catkin_cmake_args': None, 'catkin_skip_building_tests': False, 'cmake_args': None, 'cmake_clean_cache': False, 'cmake_clean_first': False, 'cmake_force_configure': False, 'cmake_target': None, 'cmake_target_skip_unavailable': False, 'install_base': '/home/wheeltec/KUL_TABLOO/src/install/quiz_enable', 'merge_install': False, 'path': '/home/wheeltec/KUL_TABLOO/src/quiz_enable', 'symlink_install': False, 'test_result_base': None}
[2.765s] Level 5:colcon.colcon_core.verb:set package 'remote_control_socket' build argument 'cmake_args' from command line to 'None'
[2.766s] Level 5:colcon.colcon_core.verb:set package 'remote_control_socket' build argument 'cmake_target' from command line to 'None'
[2.766s] Level 5:colcon.colcon_core.verb:set package 'remote_control_socket' build argument 'cmake_target_skip_unavailable' from command line to 'False'
[2.766s] Level 5:colcon.colcon_core.verb:set package 'remote_control_socket' build argument 'cmake_clean_cache' from command line to 'False'
[2.766s] Level 5:colcon.colcon_core.verb:set package 'remote_control_socket' build argument 'cmake_clean_first' from command line to 'False'
[2.766s] Level 5:colcon.colcon_core.verb:set package 'remote_control_socket' build argument 'cmake_force_configure' from command line to 'False'
[2.766s] Level 5:colcon.colcon_core.verb:set package 'remote_control_socket' build argument 'ament_cmake_args' from command line to 'None'
[2.766s] Level 5:colcon.colcon_core.verb:set package 'remote_control_socket' build argument 'catkin_cmake_args' from command line to 'None'
[2.766s] Level 5:colcon.colcon_core.verb:set package 'remote_control_socket' build argument 'catkin_skip_building_tests' from command line to 'False'
[2.767s] DEBUG:colcon.colcon_core.verb:Building package 'remote_control_socket' with the following arguments: {'ament_cmake_args': None, 'build_base': '/home/wheeltec/KUL_TABLOO/src/build/remote_control_socket', 'catkin_cmake_args': None, 'catkin_skip_building_tests': False, 'cmake_args': None, 'cmake_clean_cache': False, 'cmake_clean_first': False, 'cmake_force_configure': False, 'cmake_target': None, 'cmake_target_skip_unavailable': False, 'install_base': '/home/wheeltec/KUL_TABLOO/src/install/remote_control_socket', 'merge_install': False, 'path': '/home/wheeltec/KUL_TABLOO/src/remote_control_socket', 'symlink_install': False, 'test_result_base': None}
[2.768s] Level 5:colcon.colcon_core.verb:set package 'rpi_pub' build argument 'cmake_args' from command line to 'None'
[2.768s] Level 5:colcon.colcon_core.verb:set package 'rpi_pub' build argument 'cmake_target' from command line to 'None'
[2.769s] Level 5:colcon.colcon_core.verb:set package 'rpi_pub' build argument 'cmake_target_skip_unavailable' from command line to 'False'
[2.769s] Level 5:colcon.colcon_core.verb:set package 'rpi_pub' build argument 'cmake_clean_cache' from command line to 'False'
[2.769s] Level 5:colcon.colcon_core.verb:set package 'rpi_pub' build argument 'cmake_clean_first' from command line to 'False'
[2.769s] Level 5:colcon.colcon_core.verb:set package 'rpi_pub' build argument 'cmake_force_configure' from command line to 'False'
[2.769s] Level 5:colcon.colcon_core.verb:set package 'rpi_pub' build argument 'ament_cmake_args' from command line to 'None'
[2.769s] Level 5:colcon.colcon_core.verb:set package 'rpi_pub' build argument 'catkin_cmake_args' from command line to 'None'
[2.769s] Level 5:colcon.colcon_core.verb:set package 'rpi_pub' build argument 'catkin_skip_building_tests' from command line to 'False'
[2.770s] DEBUG:colcon.colcon_core.verb:Building package 'rpi_pub' with the following arguments: {'ament_cmake_args': None, 'build_base': '/home/wheeltec/KUL_TABLOO/src/build/rpi_pub', 'catkin_cmake_args': None, 'catkin_skip_building_tests': False, 'cmake_args': None, 'cmake_clean_cache': False, 'cmake_clean_first': False, 'cmake_force_configure': False, 'cmake_target': None, 'cmake_target_skip_unavailable': False, 'install_base': '/home/wheeltec/KUL_TABLOO/src/install/rpi_pub', 'merge_install': False, 'path': '/home/wheeltec/KUL_TABLOO/src/rpi_pub', 'symlink_install': False, 'test_result_base': None}
[2.772s] Level 5:colcon.colcon_core.verb:set package 'teleop_twist_emer_key' build argument 'cmake_args' from command line to 'None'
[2.772s] Level 5:colcon.colcon_core.verb:set package 'teleop_twist_emer_key' build argument 'cmake_target' from command line to 'None'
[2.772s] Level 5:colcon.colcon_core.verb:set package 'teleop_twist_emer_key' build argument 'cmake_target_skip_unavailable' from command line to 'False'
[2.772s] Level 5:colcon.colcon_core.verb:set package 'teleop_twist_emer_key' build argument 'cmake_clean_cache' from command line to 'False'
[2.772s] Level 5:colcon.colcon_core.verb:set package 'teleop_twist_emer_key' build argument 'cmake_clean_first' from command line to 'False'
[2.772s] Level 5:colcon.colcon_core.verb:set package 'teleop_twist_emer_key' build argument 'cmake_force_configure' from command line to 'False'
[2.772s] Level 5:colcon.colcon_core.verb:set package 'teleop_twist_emer_key' build argument 'ament_cmake_args' from command line to 'None'
[2.772s] Level 5:colcon.colcon_core.verb:set package 'teleop_twist_emer_key' build argument 'catkin_cmake_args' from command line to 'None'
[2.772s] Level 5:colcon.colcon_core.verb:set package 'teleop_twist_emer_key' build argument 'catkin_skip_building_tests' from command line to 'False'
[2.773s] DEBUG:colcon.colcon_core.verb:Building package 'teleop_twist_emer_key' with the following arguments: {'ament_cmake_args': None, 'build_base': '/home/wheeltec/KUL_TABLOO/src/build/teleop_twist_emer_key', 'catkin_cmake_args': None, 'catkin_skip_building_tests': False, 'cmake_args': None, 'cmake_clean_cache': False, 'cmake_clean_first': False, 'cmake_force_configure': False, 'cmake_target': None, 'cmake_target_skip_unavailable': False, 'install_base': '/home/wheeltec/KUL_TABLOO/src/install/teleop_twist_emer_key', 'merge_install': False, 'path': '/home/wheeltec/KUL_TABLOO/src/teleop_twist_emer_key', 'symlink_install': False, 'test_result_base': None}
[2.773s] INFO:colcon.colcon_core.executor:Executing jobs using 'parallel' executor
[2.777s] DEBUG:colcon.colcon_parallel_executor.executor.parallel:run_until_complete
[2.778s] INFO:colcon.colcon_ros.task.ament_python.build:Building ROS package in '/home/wheeltec/KUL_TABLOO/src/actionclient' with build type 'ament_python'
[2.778s] Level 1:colcon.colcon_core.shell:create_environment_hook('actionclient', 'ament_prefix_path')
[2.789s] INFO:colcon.colcon_core.plugin_system:Skipping extension 'colcon_core.shell.bat': Not used on non-Windows systems
[2.790s] INFO:colcon.colcon_core.shell:Creating environment hook '/home/wheeltec/KUL_TABLOO/src/install/actionclient/share/actionclient/hook/ament_prefix_path.ps1'
[2.793s] INFO:colcon.colcon_core.shell:Creating environment descriptor '/home/wheeltec/KUL_TABLOO/src/install/actionclient/share/actionclient/hook/ament_prefix_path.dsv'
[2.794s] INFO:colcon.colcon_core.shell:Creating environment hook '/home/wheeltec/KUL_TABLOO/src/install/actionclient/share/actionclient/hook/ament_prefix_path.sh'
[2.797s] INFO:colcon.colcon_core.shell:Skip shell extension 'powershell' for command environment: Not usable outside of PowerShell
[2.797s] DEBUG:colcon.colcon_core.shell:Skip shell extension 'dsv' for command environment
[2.846s] INFO:colcon.colcon_ros.task.ament_python.build:Building ROS package in '/home/wheeltec/KUL_TABLOO/src/beamer' with build type 'ament_python'
[2.847s] Level 1:colcon.colcon_core.shell:create_environment_hook('beamer', 'ament_prefix_path')
[2.848s] INFO:colcon.colcon_core.shell:Creating environment hook '/home/wheeltec/KUL_TABLOO/src/install/beamer/share/beamer/hook/ament_prefix_path.ps1'
[2.851s] INFO:colcon.colcon_core.shell:Creating environment descriptor '/home/wheeltec/KUL_TABLOO/src/install/beamer/share/beamer/hook/ament_prefix_path.dsv'
[2.852s] INFO:colcon.colcon_core.shell:Creating environment hook '/home/wheeltec/KUL_TABLOO/src/install/beamer/share/beamer/hook/ament_prefix_path.sh'
[2.855s] INFO:colcon.colcon_core.shell:Skip shell extension 'powershell' for command environment: Not usable outside of PowerShell
[2.855s] DEBUG:colcon.colcon_core.shell:Skip shell extension 'dsv' for command environment
[2.904s] INFO:colcon.colcon_ros.task.ament_python.build:Building ROS package in '/home/wheeltec/KUL_TABLOO/src/emergency_stop' with build type 'ament_python'
[2.905s] Level 1:colcon.colcon_core.shell:create_environment_hook('emergency_stop', 'ament_prefix_path')
[2.906s] INFO:colcon.colcon_core.shell:Creating environment hook '/home/wheeltec/KUL_TABLOO/src/install/emergency_stop/share/emergency_stop/hook/ament_prefix_path.ps1'
[2.909s] INFO:colcon.colcon_core.shell:Creating environment descriptor '/home/wheeltec/KUL_TABLOO/src/install/emergency_stop/share/emergency_stop/hook/ament_prefix_path.dsv'
[2.910s] INFO:colcon.colcon_core.shell:Creating environment hook '/home/wheeltec/KUL_TABLOO/src/install/emergency_stop/share/emergency_stop/hook/ament_prefix_path.sh'
[2.913s] INFO:colcon.colcon_core.shell:Skip shell extension 'powershell' for command environment: Not usable outside of PowerShell
[2.913s] DEBUG:colcon.colcon_core.shell:Skip shell extension 'dsv' for command environment
[2.964s] INFO:colcon.colcon_ros.task.ament_python.build:Building ROS package in '/home/wheeltec/KUL_TABLOO/src/heartbeat_monitor' with build type 'ament_python'
[2.965s] Level 1:colcon.colcon_core.shell:create_environment_hook('heartbeat_monitor', 'ament_prefix_path')
[2.966s] INFO:colcon.colcon_core.shell:Creating environment hook '/home/wheeltec/KUL_TABLOO/src/install/heartbeat_monitor/share/heartbeat_monitor/hook/ament_prefix_path.ps1'
[2.969s] INFO:colcon.colcon_core.shell:Creating environment descriptor '/home/wheeltec/KUL_TABLOO/src/install/heartbeat_monitor/share/heartbeat_monitor/hook/ament_prefix_path.dsv'
[2.970s] INFO:colcon.colcon_core.shell:Creating environment hook '/home/wheeltec/KUL_TABLOO/src/install/heartbeat_monitor/share/heartbeat_monitor/hook/ament_prefix_path.sh'
[2.973s] INFO:colcon.colcon_core.shell:Skip shell extension 'powershell' for command environment: Not usable outside of PowerShell
[2.973s] DEBUG:colcon.colcon_core.shell:Skip shell extension 'dsv' for command environment
[4.728s] INFO:colcon.colcon_core.task.python.build:Building Python package in '/home/wheeltec/KUL_TABLOO/src/actionclient'
[4.730s] INFO:colcon.colcon_core.shell:Skip shell extension 'powershell' for command environment: Not usable outside of PowerShell
[4.730s] DEBUG:colcon.colcon_core.shell:Skip shell extension 'dsv' for command environment
[6.482s] INFO:colcon.colcon_core.task.python.build:Building Python package in '/home/wheeltec/KUL_TABLOO/src/beamer'
[6.484s] INFO:colcon.colcon_core.shell:Skip shell extension 'powershell' for command environment: Not usable outside of PowerShell
[6.484s] DEBUG:colcon.colcon_core.shell:Skip shell extension 'dsv' for command environment
[8.231s] INFO:colcon.colcon_core.task.python.build:Building Python package in '/home/wheeltec/KUL_TABLOO/src/emergency_stop'
[8.233s] INFO:colcon.colcon_core.shell:Skip shell extension 'powershell' for command environment: Not usable outside of PowerShell
[8.233s] DEBUG:colcon.colcon_core.shell:Skip shell extension 'dsv' for command environment
[10.013s] INFO:colcon.colcon_core.task.python.build:Building Python package in '/home/wheeltec/KUL_TABLOO/src/heartbeat_monitor'
[10.014s] INFO:colcon.colcon_core.shell:Skip shell extension 'powershell' for command environment: Not usable outside of PowerShell
[10.014s] DEBUG:colcon.colcon_core.shell:Skip shell extension 'dsv' for command environment
[14.139s] DEBUG:colcon.colcon_core.event_handler.log_command:Invoking command in '/home/wheeltec/KUL_TABLOO/src/heartbeat_monitor': PYTHONPATH=/home/wheeltec/KUL_TABLOO/src/build/heartbeat_monitor/prefix_override:/usr/lib/python3/dist-packages/colcon_core/task/python/colcon_distutils_commands:/home/wheeltec/KUL_TABLOO/src/install/heartbeat_monitor/lib/python3.8/site-packages:${PYTHONPATH} /usr/bin/python3 -W ignore:setup.py install is deprecated -W ignore:easy_install command is deprecated setup.py egg_info --egg-base ../build/heartbeat_monitor build --build-base /home/wheeltec/KUL_TABLOO/src/build/heartbeat_monitor/build install --record /home/wheeltec/KUL_TABLOO/src/build/heartbeat_monitor/install.log --single-version-externally-managed install_data
[14.197s] DEBUG:colcon.colcon_core.event_handler.log_command:Invoking command in '/home/wheeltec/KUL_TABLOO/src/actionclient': PYTHONPATH=/home/wheeltec/KUL_TABLOO/src/build/actionclient/prefix_override:/usr/lib/python3/dist-packages/colcon_core/task/python/colcon_distutils_commands:/home/wheeltec/KUL_TABLOO/src/install/actionclient/lib/python3.8/site-packages:${PYTHONPATH} /usr/bin/python3 -W ignore:setup.py install is deprecated -W ignore:easy_install command is deprecated setup.py egg_info --egg-base ../build/actionclient build --build-base /home/wheeltec/KUL_TABLOO/src/build/actionclient/build install --record /home/wheeltec/KUL_TABLOO/src/build/actionclient/install.log --single-version-externally-managed install_data
[14.223s] DEBUG:colcon.colcon_core.event_handler.log_command:Invoking command in '/home/wheeltec/KUL_TABLOO/src/beamer': PYTHONPATH=/home/wheeltec/KUL_TABLOO/src/build/beamer/prefix_override:/usr/lib/python3/dist-packages/colcon_core/task/python/colcon_distutils_commands:/home/wheeltec/KUL_TABLOO/src/install/beamer/lib/python3.8/site-packages:${PYTHONPATH} /usr/bin/python3 -W ignore:setup.py install is deprecated -W ignore:easy_install command is deprecated setup.py egg_info --egg-base ../build/beamer build --build-base /home/wheeltec/KUL_TABLOO/src/build/beamer/build install --record /home/wheeltec/KUL_TABLOO/src/build/beamer/install.log --single-version-externally-managed install_data
[14.252s] DEBUG:colcon.colcon_core.event_handler.log_command:Invoking command in '/home/wheeltec/KUL_TABLOO/src/emergency_stop': PYTHONPATH=/home/wheeltec/KUL_TABLOO/src/build/emergency_stop/prefix_override:/usr/lib/python3/dist-packages/colcon_core/task/python/colcon_distutils_commands:/home/wheeltec/KUL_TABLOO/src/install/emergency_stop/lib/python3.8/site-packages:${PYTHONPATH} /usr/bin/python3 -W ignore:setup.py install is deprecated -W ignore:easy_install command is deprecated setup.py egg_info --egg-base ../build/emergency_stop build --build-base /home/wheeltec/KUL_TABLOO/src/build/emergency_stop/build install --record /home/wheeltec/KUL_TABLOO/src/build/emergency_stop/install.log --single-version-externally-managed install_data
[17.652s] DEBUG:colcon.colcon_core.event_handler.log_command:Invoked command in '/home/wheeltec/KUL_TABLOO/src/heartbeat_monitor' returned '0': PYTHONPATH=/home/wheeltec/KUL_TABLOO/src/build/heartbeat_monitor/prefix_override:/usr/lib/python3/dist-packages/colcon_core/task/python/colcon_distutils_commands:/home/wheeltec/KUL_TABLOO/src/install/heartbeat_monitor/lib/python3.8/site-packages:${PYTHONPATH} /usr/bin/python3 -W ignore:setup.py install is deprecated -W ignore:easy_install command is deprecated setup.py egg_info --egg-base ../build/heartbeat_monitor build --build-base /home/wheeltec/KUL_TABLOO/src/build/heartbeat_monitor/build install --record /home/wheeltec/KUL_TABLOO/src/build/heartbeat_monitor/install.log --single-version-externally-managed install_data
[17.682s] Level 1:colcon.colcon_core.environment:checking '/home/wheeltec/KUL_TABLOO/src/install/heartbeat_monitor' for CMake module files
[17.685s] Level 1:colcon.colcon_core.environment:checking '/home/wheeltec/KUL_TABLOO/src/install/heartbeat_monitor' for CMake config files
[17.689s] Level 1:colcon.colcon_core.environment:checking '/home/wheeltec/KUL_TABLOO/src/install/heartbeat_monitor/lib'
[17.690s] Level 1:colcon.colcon_core.environment:checking '/home/wheeltec/KUL_TABLOO/src/install/heartbeat_monitor/bin'
[17.690s] Level 1:colcon.colcon_core.environment:checking '/home/wheeltec/KUL_TABLOO/src/install/heartbeat_monitor/lib/pkgconfig/heartbeat_monitor.pc'
[17.691s] Level 1:colcon.colcon_core.environment:checking '/home/wheeltec/KUL_TABLOO/src/install/heartbeat_monitor/lib/python3.8/site-packages'
[17.692s] Level 1:colcon.colcon_core.shell:create_environment_hook('heartbeat_monitor', 'pythonpath')
[17.693s] INFO:colcon.colcon_core.shell:Creating environment hook '/home/wheeltec/KUL_TABLOO/src/install/heartbeat_monitor/share/heartbeat_monitor/hook/pythonpath.ps1'
[17.697s] INFO:colcon.colcon_core.shell:Creating environment descriptor '/home/wheeltec/KUL_TABLOO/src/install/heartbeat_monitor/share/heartbeat_monitor/hook/pythonpath.dsv'
[17.699s] INFO:colcon.colcon_core.shell:Creating environment hook '/home/wheeltec/KUL_TABLOO/src/install/heartbeat_monitor/share/heartbeat_monitor/hook/pythonpath.sh'
[17.702s] Level 1:colcon.colcon_core.environment:checking '/home/wheeltec/KUL_TABLOO/src/install/heartbeat_monitor/bin'
[17.703s] Level 1:colcon.colcon_core.environment:create_environment_scripts_only(heartbeat_monitor)
[17.705s] INFO:colcon.colcon_core.shell:Creating package script '/home/wheeltec/KUL_TABLOO/src/install/heartbeat_monitor/share/heartbeat_monitor/package.ps1'
[17.714s] INFO:colcon.colcon_core.shell:Creating package descriptor '/home/wheeltec/KUL_TABLOO/src/install/heartbeat_monitor/share/heartbeat_monitor/package.dsv'
[17.717s] INFO:colcon.colcon_core.shell:Creating package script '/home/wheeltec/KUL_TABLOO/src/install/heartbeat_monitor/share/heartbeat_monitor/package.sh'
[17.721s] INFO:colcon.colcon_core.shell:Creating package script '/home/wheeltec/KUL_TABLOO/src/install/heartbeat_monitor/share/heartbeat_monitor/package.bash'
[17.729s] INFO:colcon.colcon_core.shell:Creating package script '/home/wheeltec/KUL_TABLOO/src/install/heartbeat_monitor/share/heartbeat_monitor/package.zsh'
[17.733s] Level 1:colcon.colcon_core.environment:create_file_with_runtime_dependencies(/home/wheeltec/KUL_TABLOO/src/install/heartbeat_monitor/share/colcon-core/packages/heartbeat_monitor)
[17.737s] INFO:colcon.colcon_ros.task.ament_python.build:Building ROS package in '/home/wheeltec/KUL_TABLOO/src/quiz' with build type 'ament_python'
[17.738s] Level 1:colcon.colcon_core.shell:create_environment_hook('quiz', 'ament_prefix_path')
[17.740s] INFO:colcon.colcon_core.shell:Creating environment hook '/home/wheeltec/KUL_TABLOO/src/install/quiz/share/quiz/hook/ament_prefix_path.ps1'
[17.742s] INFO:colcon.colcon_core.shell:Creating environment descriptor '/home/wheeltec/KUL_TABLOO/src/install/quiz/share/quiz/hook/ament_prefix_path.dsv'
[17.744s] INFO:colcon.colcon_core.shell:Creating environment hook '/home/wheeltec/KUL_TABLOO/src/install/quiz/share/quiz/hook/ament_prefix_path.sh'
[17.747s] INFO:colcon.colcon_core.shell:Skip shell extension 'powershell' for command environment: Not usable outside of PowerShell
[17.747s] DEBUG:colcon.colcon_core.shell:Skip shell extension 'dsv' for command environment
[17.803s] Level 1:colcon.colcon_core.environment:checking '/home/wheeltec/KUL_TABLOO/src/install/beamer' for CMake module files
[17.806s] DEBUG:colcon.colcon_core.event_handler.log_command:Invoked command in '/home/wheeltec/KUL_TABLOO/src/beamer' returned '0': PYTHONPATH=/home/wheeltec/KUL_TABLOO/src/build/beamer/prefix_override:/usr/lib/python3/dist-packages/colcon_core/task/python/colcon_distutils_commands:/home/wheeltec/KUL_TABLOO/src/install/beamer/lib/python3.8/site-packages:${PYTHONPATH} /usr/bin/python3 -W ignore:setup.py install is deprecated -W ignore:easy_install command is deprecated setup.py egg_info --egg-base ../build/beamer build --build-base /home/wheeltec/KUL_TABLOO/src/build/beamer/build install --record /home/wheeltec/KUL_TABLOO/src/build/beamer/install.log --single-version-externally-managed install_data
[17.807s] Level 1:colcon.colcon_core.environment:checking '/home/wheeltec/KUL_TABLOO/src/install/beamer' for CMake config files
[17.810s] Level 1:colcon.colcon_core.environment:checking '/home/wheeltec/KUL_TABLOO/src/install/beamer/lib'
[17.810s] Level 1:colcon.colcon_core.environment:checking '/home/wheeltec/KUL_TABLOO/src/install/beamer/bin'
[17.811s] Level 1:colcon.colcon_core.environment:checking '/home/wheeltec/KUL_TABLOO/src/install/beamer/lib/pkgconfig/beamer.pc'
[17.812s] Level 1:colcon.colcon_core.environment:checking '/home/wheeltec/KUL_TABLOO/src/install/beamer/lib/python3.8/site-packages'
[17.812s] Level 1:colcon.colcon_core.shell:create_environment_hook('beamer', 'pythonpath')
[17.813s] INFO:colcon.colcon_core.shell:Creating environment hook '/home/wheeltec/KUL_TABLOO/src/install/beamer/share/beamer/hook/pythonpath.ps1'
[17.816s] INFO:colcon.colcon_core.shell:Creating environment descriptor '/home/wheeltec/KUL_TABLOO/src/install/beamer/share/beamer/hook/pythonpath.dsv'
[17.817s] INFO:colcon.colcon_core.shell:Creating environment hook '/home/wheeltec/KUL_TABLOO/src/install/beamer/share/beamer/hook/pythonpath.sh'
[17.819s] Level 1:colcon.colcon_core.environment:checking '/home/wheeltec/KUL_TABLOO/src/install/beamer/bin'
[17.820s] Level 1:colcon.colcon_core.environment:create_environment_scripts_only(beamer)
[17.821s] INFO:colcon.colcon_core.shell:Creating package script '/home/wheeltec/KUL_TABLOO/src/install/beamer/share/beamer/package.ps1'
[17.824s] INFO:colcon.colcon_core.shell:Creating package descriptor '/home/wheeltec/KUL_TABLOO/src/install/beamer/share/beamer/package.dsv'
[17.826s] INFO:colcon.colcon_core.shell:Creating package script '/home/wheeltec/KUL_TABLOO/src/install/beamer/share/beamer/package.sh'
[17.828s] INFO:colcon.colcon_core.shell:Creating package script '/home/wheeltec/KUL_TABLOO/src/install/beamer/share/beamer/package.bash'
[17.829s] INFO:colcon.colcon_core.shell:Creating package script '/home/wheeltec/KUL_TABLOO/src/install/beamer/share/beamer/package.zsh'
[17.831s] Level 1:colcon.colcon_core.environment:create_file_with_runtime_dependencies(/home/wheeltec/KUL_TABLOO/src/install/beamer/share/colcon-core/packages/beamer)
[17.833s] Level 1:colcon.colcon_core.environment:checking '/home/wheeltec/KUL_TABLOO/src/install/emergency_stop' for CMake module files
[17.838s] DEBUG:colcon.colcon_core.event_handler.log_command:Invoked command in '/home/wheeltec/KUL_TABLOO/src/emergency_stop' returned '0': PYTHONPATH=/home/wheeltec/KUL_TABLOO/src/build/emergency_stop/prefix_override:/usr/lib/python3/dist-packages/colcon_core/task/python/colcon_distutils_commands:/home/wheeltec/KUL_TABLOO/src/install/emergency_stop/lib/python3.8/site-packages:${PYTHONPATH} /usr/bin/python3 -W ignore:setup.py install is deprecated -W ignore:easy_install command is deprecated setup.py egg_info --egg-base ../build/emergency_stop build --build-base /home/wheeltec/KUL_TABLOO/src/build/emergency_stop/build install --record /home/wheeltec/KUL_TABLOO/src/build/emergency_stop/install.log --single-version-externally-managed install_data
[17.838s] Level 1:colcon.colcon_core.environment:checking '/home/wheeltec/KUL_TABLOO/src/install/emergency_stop' for CMake config files
[17.840s] Level 1:colcon.colcon_core.environment:checking '/home/wheeltec/KUL_TABLOO/src/install/emergency_stop/lib'
[17.841s] Level 1:colcon.colcon_core.environment:checking '/home/wheeltec/KUL_TABLOO/src/install/emergency_stop/bin'
[17.841s] Level 1:colcon.colcon_core.environment:checking '/home/wheeltec/KUL_TABLOO/src/install/emergency_stop/lib/pkgconfig/emergency_stop.pc'
[17.842s] Level 1:colcon.colcon_core.environment:checking '/home/wheeltec/KUL_TABLOO/src/install/emergency_stop/lib/python3.8/site-packages'
[17.842s] Level 1:colcon.colcon_core.shell:create_environment_hook('emergency_stop', 'pythonpath')
[17.843s] INFO:colcon.colcon_core.shell:Creating environment hook '/home/wheeltec/KUL_TABLOO/src/install/emergency_stop/share/emergency_stop/hook/pythonpath.ps1'
[17.845s] INFO:colcon.colcon_core.shell:Creating environment descriptor '/home/wheeltec/KUL_TABLOO/src/install/emergency_stop/share/emergency_stop/hook/pythonpath.dsv'
[17.846s] INFO:colcon.colcon_core.shell:Creating environment hook '/home/wheeltec/KUL_TABLOO/src/install/emergency_stop/share/emergency_stop/hook/pythonpath.sh'
[17.848s] Level 1:colcon.colcon_core.environment:checking '/home/wheeltec/KUL_TABLOO/src/install/emergency_stop/bin'
[17.848s] Level 1:colcon.colcon_core.environment:create_environment_scripts_only(emergency_stop)
[17.849s] INFO:colcon.colcon_core.shell:Creating package script '/home/wheeltec/KUL_TABLOO/src/install/emergency_stop/share/emergency_stop/package.ps1'
[17.851s] INFO:colcon.colcon_core.shell:Creating package descriptor '/home/wheeltec/KUL_TABLOO/src/install/emergency_stop/share/emergency_stop/package.dsv'
[17.853s] INFO:colcon.colcon_core.shell:Creating package script '/home/wheeltec/KUL_TABLOO/src/install/emergency_stop/share/emergency_stop/package.sh'
[17.854s] INFO:colcon.colcon_core.shell:Creating package script '/home/wheeltec/KUL_TABLOO/src/install/emergency_stop/share/emergency_stop/package.bash'
[17.856s] INFO:colcon.colcon_core.shell:Creating package script '/home/wheeltec/KUL_TABLOO/src/install/emergency_stop/share/emergency_stop/package.zsh'
[17.857s] Level 1:colcon.colcon_core.environment:create_file_with_runtime_dependencies(/home/wheeltec/KUL_TABLOO/src/install/emergency_stop/share/colcon-core/packages/emergency_stop)
[17.859s] INFO:colcon.colcon_ros.task.ament_python.build:Building ROS package in '/home/wheeltec/KUL_TABLOO/src/quiz_enable' with build type 'ament_python'
[17.860s] Level 1:colcon.colcon_core.shell:create_environment_hook('quiz_enable', 'ament_prefix_path')
[17.861s] INFO:colcon.colcon_core.shell:Creating environment hook '/home/wheeltec/KUL_TABLOO/src/install/quiz_enable/share/quiz_enable/hook/ament_prefix_path.ps1'
[17.864s] INFO:colcon.colcon_core.shell:Creating environment descriptor '/home/wheeltec/KUL_TABLOO/src/install/quiz_enable/share/quiz_enable/hook/ament_prefix_path.dsv'
[17.866s] INFO:colcon.colcon_core.shell:Creating environment hook '/home/wheeltec/KUL_TABLOO/src/install/quiz_enable/share/quiz_enable/hook/ament_prefix_path.sh'
[17.868s] INFO:colcon.colcon_core.shell:Skip shell extension 'powershell' for command environment: Not usable outside of PowerShell
[17.868s] DEBUG:colcon.colcon_core.shell:Skip shell extension 'dsv' for command environment
[17.939s] INFO:colcon.colcon_ros.task.ament_python.build:Building ROS package in '/home/wheeltec/KUL_TABLOO/src/remote_control_socket' with build type 'ament_python'
[17.940s] Level 1:colcon.colcon_core.shell:create_environment_hook('remote_control_socket', 'ament_prefix_path')
[17.942s] INFO:colcon.colcon_core.shell:Creating environment hook '/home/wheeltec/KUL_TABLOO/src/install/remote_control_socket/share/remote_control_socket/hook/ament_prefix_path.ps1'
[17.948s] INFO:colcon.colcon_core.shell:Creating environment descriptor '/home/wheeltec/KUL_TABLOO/src/install/remote_control_socket/share/remote_control_socket/hook/ament_prefix_path.dsv'
[17.950s] INFO:colcon.colcon_core.shell:Creating environment hook '/home/wheeltec/KUL_TABLOO/src/install/remote_control_socket/share/remote_control_socket/hook/ament_prefix_path.sh'
[17.954s] INFO:colcon.colcon_core.shell:Skip shell extension 'powershell' for command environment: Not usable outside of PowerShell
[17.954s] DEBUG:colcon.colcon_core.shell:Skip shell extension 'dsv' for command environment
[19.744s] INFO:colcon.colcon_core.task.python.build:Building Python package in '/home/wheeltec/KUL_TABLOO/src/quiz'
[19.745s] INFO:colcon.colcon_core.shell:Skip shell extension 'powershell' for command environment: Not usable outside of PowerShell
[19.746s] DEBUG:colcon.colcon_core.shell:Skip shell extension 'dsv' for command environment
[21.539s] INFO:colcon.colcon_core.task.python.build:Building Python package in '/home/wheeltec/KUL_TABLOO/src/quiz_enable'
[21.541s] INFO:colcon.colcon_core.shell:Skip shell extension 'powershell' for command environment: Not usable outside of PowerShell
[21.541s] DEBUG:colcon.colcon_core.shell:Skip shell extension 'dsv' for command environment
[23.293s] INFO:colcon.colcon_core.task.python.build:Building Python package in '/home/wheeltec/KUL_TABLOO/src/remote_control_socket'
[23.296s] INFO:colcon.colcon_core.shell:Skip shell extension 'powershell' for command environment: Not usable outside of PowerShell
[23.296s] DEBUG:colcon.colcon_core.shell:Skip shell extension 'dsv' for command environment
[23.349s] Level 1:colcon.colcon_core.environment:checking '/home/wheeltec/KUL_TABLOO/src/install/actionclient' for CMake module files
[23.351s] DEBUG:colcon.colcon_core.event_handler.log_command:Invoked command in '/home/wheeltec/KUL_TABLOO/src/actionclient' returned '0': PYTHONPATH=/home/wheeltec/KUL_TABLOO/src/build/actionclient/prefix_override:/usr/lib/python3/dist-packages/colcon_core/task/python/colcon_distutils_commands:/home/wheeltec/KUL_TABLOO/src/install/actionclient/lib/python3.8/site-packages:${PYTHONPATH} /usr/bin/python3 -W ignore:setup.py install is deprecated -W ignore:easy_install command is deprecated setup.py egg_info --egg-base ../build/actionclient build --build-base /home/wheeltec/KUL_TABLOO/src/build/actionclient/build install --record /home/wheeltec/KUL_TABLOO/src/build/actionclient/install.log --single-version-externally-managed install_data
[23.354s] Level 1:colcon.colcon_core.environment:checking '/home/wheeltec/KUL_TABLOO/src/install/actionclient' for CMake config files
[23.357s] Level 1:colcon.colcon_core.environment:checking '/home/wheeltec/KUL_TABLOO/src/install/actionclient/lib'
[23.357s] Level 1:colcon.colcon_core.environment:checking '/home/wheeltec/KUL_TABLOO/src/install/actionclient/bin'
[23.358s] Level 1:colcon.colcon_core.environment:checking '/home/wheeltec/KUL_TABLOO/src/install/actionclient/lib/pkgconfig/actionclient.pc'
[23.358s] Level 1:colcon.colcon_core.environment:checking '/home/wheeltec/KUL_TABLOO/src/install/actionclient/lib/python3.8/site-packages'
[23.359s] Level 1:colcon.colcon_core.shell:create_environment_hook('actionclient', 'pythonpath')
[23.360s] INFO:colcon.colcon_core.shell:Creating environment hook '/home/wheeltec/KUL_TABLOO/src/install/actionclient/share/actionclient/hook/pythonpath.ps1'
[23.362s] INFO:colcon.colcon_core.shell:Creating environment descriptor '/home/wheeltec/KUL_TABLOO/src/install/actionclient/share/actionclient/hook/pythonpath.dsv'
[23.363s] INFO:colcon.colcon_core.shell:Creating environment hook '/home/wheeltec/KUL_TABLOO/src/install/actionclient/share/actionclient/hook/pythonpath.sh'
[23.366s] Level 1:colcon.colcon_core.environment:checking '/home/wheeltec/KUL_TABLOO/src/install/actionclient/bin'
[23.366s] Level 1:colcon.colcon_core.environment:create_environment_scripts_only(actionclient)
[23.367s] INFO:colcon.colcon_core.shell:Creating package script '/home/wheeltec/KUL_TABLOO/src/install/actionclient/share/actionclient/package.ps1'
[23.370s] INFO:colcon.colcon_core.shell:Creating package descriptor '/home/wheeltec/KUL_TABLOO/src/install/actionclient/share/actionclient/package.dsv'
[23.372s] INFO:colcon.colcon_core.shell:Creating package script '/home/wheeltec/KUL_TABLOO/src/install/actionclient/share/actionclient/package.sh'
[23.373s] INFO:colcon.colcon_core.shell:Creating package script '/home/wheeltec/KUL_TABLOO/src/install/actionclient/share/actionclient/package.bash'
[23.375s] INFO:colcon.colcon_core.shell:Creating package script '/home/wheeltec/KUL_TABLOO/src/install/actionclient/share/actionclient/package.zsh'
[23.376s] Level 1:colcon.colcon_core.environment:create_file_with_runtime_dependencies(/home/wheeltec/KUL_TABLOO/src/install/actionclient/share/colcon-core/packages/actionclient)
[23.381s] INFO:colcon.colcon_ros.task.ament_python.build:Building ROS package in '/home/wheeltec/KUL_TABLOO/src/rpi_pub' with build type 'ament_python'
[23.382s] Level 1:colcon.colcon_core.shell:create_environment_hook('rpi_pub', 'ament_prefix_path')
[23.383s] INFO:colcon.colcon_core.shell:Creating environment hook '/home/wheeltec/KUL_TABLOO/src/install/rpi_pub/share/rpi_pub/hook/ament_prefix_path.ps1'
[23.385s] INFO:colcon.colcon_core.shell:Creating environment descriptor '/home/wheeltec/KUL_TABLOO/src/install/rpi_pub/share/rpi_pub/hook/ament_prefix_path.dsv'
[23.386s] INFO:colcon.colcon_core.shell:Creating environment hook '/home/wheeltec/KUL_TABLOO/src/install/rpi_pub/share/rpi_pub/hook/ament_prefix_path.sh'
[23.390s] INFO:colcon.colcon_core.shell:Skip shell extension 'powershell' for command environment: Not usable outside of PowerShell
[23.390s] DEBUG:colcon.colcon_core.shell:Skip shell extension 'dsv' for command environment
[25.957s] INFO:colcon.colcon_core.task.python.build:Building Python package in '/home/wheeltec/KUL_TABLOO/src/rpi_pub'
[25.959s] INFO:colcon.colcon_core.shell:Skip shell extension 'powershell' for command environment: Not usable outside of PowerShell
[25.959s] DEBUG:colcon.colcon_core.shell:Skip shell extension 'dsv' for command environment
[27.706s] DEBUG:colcon.colcon_core.event_handler.log_command:Invoking command in '/home/wheeltec/KUL_TABLOO/src/quiz': PYTHONPATH=/home/wheeltec/KUL_TABLOO/src/build/quiz/prefix_override:/usr/lib/python3/dist-packages/colcon_core/task/python/colcon_distutils_commands:/home/wheeltec/KUL_TABLOO/src/install/quiz/lib/python3.8/site-packages:${PYTHONPATH} /usr/bin/python3 -W ignore:setup.py install is deprecated -W ignore:easy_install command is deprecated setup.py egg_info --egg-base ../build/quiz build --build-base /home/wheeltec/KUL_TABLOO/src/build/quiz/build install --record /home/wheeltec/KUL_TABLOO/src/build/quiz/install.log --single-version-externally-managed install_data
[27.814s] DEBUG:colcon.colcon_core.event_handler.log_command:Invoking command in '/home/wheeltec/KUL_TABLOO/src/quiz_enable': PYTHONPATH=/home/wheeltec/KUL_TABLOO/src/build/quiz_enable/prefix_override:/usr/lib/python3/dist-packages/colcon_core/task/python/colcon_distutils_commands:/home/wheeltec/KUL_TABLOO/src/install/quiz_enable/lib/python3.8/site-packages:${PYTHONPATH} /usr/bin/python3 -W ignore:setup.py install is deprecated -W ignore:easy_install command is deprecated setup.py egg_info --egg-base ../build/quiz_enable build --build-base /home/wheeltec/KUL_TABLOO/src/build/quiz_enable/build install --record /home/wheeltec/KUL_TABLOO/src/build/quiz_enable/install.log --single-version-externally-managed install_data
[27.955s] DEBUG:colcon.colcon_core.event_handler.log_command:Invoking command in '/home/wheeltec/KUL_TABLOO/src/remote_control_socket': PYTHONPATH=/home/wheeltec/KUL_TABLOO/src/build/remote_control_socket/prefix_override:/usr/lib/python3/dist-packages/colcon_core/task/python/colcon_distutils_commands:/home/wheeltec/KUL_TABLOO/src/install/remote_control_socket/lib/python3.8/site-packages:${PYTHONPATH} /usr/bin/python3 -W ignore:setup.py install is deprecated -W ignore:easy_install command is deprecated setup.py egg_info --egg-base ../build/remote_control_socket build --build-base /home/wheeltec/KUL_TABLOO/src/build/remote_control_socket/build install --record /home/wheeltec/KUL_TABLOO/src/build/remote_control_socket/install.log --single-version-externally-managed install_data
[30.475s] DEBUG:colcon.colcon_core.event_handler.log_command:Invoking command in '/home/wheeltec/KUL_TABLOO/src/rpi_pub': PYTHONPATH=/home/wheeltec/KUL_TABLOO/src/build/rpi_pub/prefix_override:/usr/lib/python3/dist-packages/colcon_core/task/python/colcon_distutils_commands:/home/wheeltec/KUL_TABLOO/src/install/rpi_pub/lib/python3.8/site-packages:${PYTHONPATH} /usr/bin/python3 -W ignore:setup.py install is deprecated -W ignore:easy_install command is deprecated setup.py egg_info --egg-base ../build/rpi_pub build --build-base /home/wheeltec/KUL_TABLOO/src/build/rpi_pub/build install --record /home/wheeltec/KUL_TABLOO/src/build/rpi_pub/install.log --single-version-externally-managed install_data
[31.495s] Level 1:colcon.colcon_core.environment:checking '/home/wheeltec/KUL_TABLOO/src/install/quiz' for CMake module files
[31.499s] Level 1:colcon.colcon_core.environment:checking '/home/wheeltec/KUL_TABLOO/src/install/quiz' for CMake config files
[31.497s] DEBUG:colcon.colcon_core.event_handler.log_command:Invoked command in '/home/wheeltec/KUL_TABLOO/src/quiz' returned '0': PYTHONPATH=/home/wheeltec/KUL_TABLOO/src/build/quiz/prefix_override:/usr/lib/python3/dist-packages/colcon_core/task/python/colcon_distutils_commands:/home/wheeltec/KUL_TABLOO/src/install/quiz/lib/python3.8/site-packages:${PYTHONPATH} /usr/bin/python3 -W ignore:setup.py install is deprecated -W ignore:easy_install command is deprecated setup.py egg_info --egg-base ../build/quiz build --build-base /home/wheeltec/KUL_TABLOO/src/build/quiz/build install --record /home/wheeltec/KUL_TABLOO/src/build/quiz/install.log --single-version-externally-managed install_data
[31.502s] Level 1:colcon.colcon_core.environment:checking '/home/wheeltec/KUL_TABLOO/src/install/quiz/lib'
[31.513s] Level 1:colcon.colcon_core.environment:checking '/home/wheeltec/KUL_TABLOO/src/install/quiz/bin'
[31.514s] Level 1:colcon.colcon_core.environment:checking '/home/wheeltec/KUL_TABLOO/src/install/quiz/lib/pkgconfig/quiz.pc'
[31.515s] Level 1:colcon.colcon_core.environment:checking '/home/wheeltec/KUL_TABLOO/src/install/quiz/lib/python3.8/site-packages'
[31.516s] Level 1:colcon.colcon_core.shell:create_environment_hook('quiz', 'pythonpath')
[31.517s] INFO:colcon.colcon_core.shell:Creating environment hook '/home/wheeltec/KUL_TABLOO/src/install/quiz/share/quiz/hook/pythonpath.ps1'
[31.519s] INFO:colcon.colcon_core.shell:Creating environment descriptor '/home/wheeltec/KUL_TABLOO/src/install/quiz/share/quiz/hook/pythonpath.dsv'
[31.521s] INFO:colcon.colcon_core.shell:Creating environment hook '/home/wheeltec/KUL_TABLOO/src/install/quiz/share/quiz/hook/pythonpath.sh'
[31.529s] Level 1:colcon.colcon_core.environment:checking '/home/wheeltec/KUL_TABLOO/src/install/quiz/bin'
[31.530s] Level 1:colcon.colcon_core.environment:create_environment_scripts_only(quiz)
[31.531s] INFO:colcon.colcon_core.shell:Creating package script '/home/wheeltec/KUL_TABLOO/src/install/quiz/share/quiz/package.ps1'
[31.542s] INFO:colcon.colcon_core.shell:Creating package descriptor '/home/wheeltec/KUL_TABLOO/src/install/quiz/share/quiz/package.dsv'
[31.544s] INFO:colcon.colcon_core.shell:Creating package script '/home/wheeltec/KUL_TABLOO/src/install/quiz/share/quiz/package.sh'
[31.546s] INFO:colcon.colcon_core.shell:Creating package script '/home/wheeltec/KUL_TABLOO/src/install/quiz/share/quiz/package.bash'
[31.558s] INFO:colcon.colcon_core.shell:Creating package script '/home/wheeltec/KUL_TABLOO/src/install/quiz/share/quiz/package.zsh'
[31.560s] Level 1:colcon.colcon_core.environment:create_file_with_runtime_dependencies(/home/wheeltec/KUL_TABLOO/src/install/quiz/share/colcon-core/packages/quiz)
[31.568s] INFO:colcon.colcon_ros.task.ament_python.build:Building ROS package in '/home/wheeltec/KUL_TABLOO/src/teleop_twist_emer_key' with build type 'ament_python'
[31.573s] Level 1:colcon.colcon_core.shell:create_environment_hook('teleop_twist_emer_key', 'ament_prefix_path')
[31.579s] INFO:colcon.colcon_core.shell:Creating environment hook '/home/wheeltec/KUL_TABLOO/src/install/teleop_twist_emer_key/share/teleop_twist_emer_key/hook/ament_prefix_path.ps1'
[31.581s] INFO:colcon.colcon_core.shell:Creating environment descriptor '/home/wheeltec/KUL_TABLOO/src/install/teleop_twist_emer_key/share/teleop_twist_emer_key/hook/ament_prefix_path.dsv'
[31.583s] INFO:colcon.colcon_core.shell:Creating environment hook '/home/wheeltec/KUL_TABLOO/src/install/teleop_twist_emer_key/share/teleop_twist_emer_key/hook/ament_prefix_path.sh'
[31.586s] INFO:colcon.colcon_core.shell:Skip shell extension 'powershell' for command environment: Not usable outside of PowerShell
[31.586s] DEBUG:colcon.colcon_core.shell:Skip shell extension 'dsv' for command environment
[31.652s] Level 1:colcon.colcon_core.environment:checking '/home/wheeltec/KUL_TABLOO/src/install/quiz_enable' for CMake module files
[31.654s] DEBUG:colcon.colcon_core.event_handler.log_command:Invoked command in '/home/wheeltec/KUL_TABLOO/src/quiz_enable' returned '0': PYTHONPATH=/home/wheeltec/KUL_TABLOO/src/build/quiz_enable/prefix_override:/usr/lib/python3/dist-packages/colcon_core/task/python/colcon_distutils_commands:/home/wheeltec/KUL_TABLOO/src/install/quiz_enable/lib/python3.8/site-packages:${PYTHONPATH} /usr/bin/python3 -W ignore:setup.py install is deprecated -W ignore:easy_install command is deprecated setup.py egg_info --egg-base ../build/quiz_enable build --build-base /home/wheeltec/KUL_TABLOO/src/build/quiz_enable/build install --record /home/wheeltec/KUL_TABLOO/src/build/quiz_enable/install.log --single-version-externally-managed install_data
[31.657s] Level 1:colcon.colcon_core.environment:checking '/home/wheeltec/KUL_TABLOO/src/install/quiz_enable' for CMake config files
[31.659s] Level 1:colcon.colcon_core.environment:checking '/home/wheeltec/KUL_TABLOO/src/install/quiz_enable/lib'
[31.660s] Level 1:colcon.colcon_core.environment:checking '/home/wheeltec/KUL_TABLOO/src/install/quiz_enable/bin'
[31.660s] Level 1:colcon.colcon_core.environment:checking '/home/wheeltec/KUL_TABLOO/src/install/quiz_enable/lib/pkgconfig/quiz_enable.pc'
[31.661s] Level 1:colcon.colcon_core.environment:checking '/home/wheeltec/KUL_TABLOO/src/install/quiz_enable/lib/python3.8/site-packages'
[31.661s] Level 1:colcon.colcon_core.shell:create_environment_hook('quiz_enable', 'pythonpath')
[31.662s] INFO:colcon.colcon_core.shell:Creating environment hook '/home/wheeltec/KUL_TABLOO/src/install/quiz_enable/share/quiz_enable/hook/pythonpath.ps1'
[31.664s] INFO:colcon.colcon_core.shell:Creating environment descriptor '/home/wheeltec/KUL_TABLOO/src/install/quiz_enable/share/quiz_enable/hook/pythonpath.dsv'
[31.666s] INFO:colcon.colcon_core.shell:Creating environment hook '/home/wheeltec/KUL_TABLOO/src/install/quiz_enable/share/quiz_enable/hook/pythonpath.sh'
[31.668s] Level 1:colcon.colcon_core.environment:checking '/home/wheeltec/KUL_TABLOO/src/install/quiz_enable/bin'
[31.669s] Level 1:colcon.colcon_core.environment:create_environment_scripts_only(quiz_enable)
[31.670s] INFO:colcon.colcon_core.shell:Creating package script '/home/wheeltec/KUL_TABLOO/src/install/quiz_enable/share/quiz_enable/package.ps1'
[31.673s] INFO:colcon.colcon_core.shell:Creating package descriptor '/home/wheeltec/KUL_TABLOO/src/install/quiz_enable/share/quiz_enable/package.dsv'
[31.675s] INFO:colcon.colcon_core.shell:Creating package script '/home/wheeltec/KUL_TABLOO/src/install/quiz_enable/share/quiz_enable/package.sh'
[31.676s] INFO:colcon.colcon_core.shell:Creating package script '/home/wheeltec/KUL_TABLOO/src/install/quiz_enable/share/quiz_enable/package.bash'
[31.678s] INFO:colcon.colcon_core.shell:Creating package script '/home/wheeltec/KUL_TABLOO/src/install/quiz_enable/share/quiz_enable/package.zsh'
[31.679s] Level 1:colcon.colcon_core.environment:create_file_with_runtime_dependencies(/home/wheeltec/KUL_TABLOO/src/install/quiz_enable/share/colcon-core/packages/quiz_enable)
[33.540s] INFO:colcon.colcon_core.task.python.build:Building Python package in '/home/wheeltec/KUL_TABLOO/src/teleop_twist_emer_key'
[33.542s] INFO:colcon.colcon_core.shell:Skip shell extension 'powershell' for command environment: Not usable outside of PowerShell
[33.542s] DEBUG:colcon.colcon_core.shell:Skip shell extension 'dsv' for command environment
[33.626s] Level 1:colcon.colcon_core.environment:checking '/home/wheeltec/KUL_TABLOO/src/install/remote_control_socket' for CMake module files
[33.630s] DEBUG:colcon.colcon_core.event_handler.log_command:Invoked command in '/home/wheeltec/KUL_TABLOO/src/remote_control_socket' returned '0': PYTHONPATH=/home/wheeltec/KUL_TABLOO/src/build/remote_control_socket/prefix_override:/usr/lib/python3/dist-packages/colcon_core/task/python/colcon_distutils_commands:/home/wheeltec/KUL_TABLOO/src/install/remote_control_socket/lib/python3.8/site-packages:${PYTHONPATH} /usr/bin/python3 -W ignore:setup.py install is deprecated -W ignore:easy_install command is deprecated setup.py egg_info --egg-base ../build/remote_control_socket build --build-base /home/wheeltec/KUL_TABLOO/src/build/remote_control_socket/build install --record /home/wheeltec/KUL_TABLOO/src/build/remote_control_socket/install.log --single-version-externally-managed install_data
[33.631s] Level 1:colcon.colcon_core.environment:checking '/home/wheeltec/KUL_TABLOO/src/install/remote_control_socket' for CMake config files
[33.633s] Level 1:colcon.colcon_core.environment:checking '/home/wheeltec/KUL_TABLOO/src/install/remote_control_socket/lib'
[33.634s] Level 1:colcon.colcon_core.environment:checking '/home/wheeltec/KUL_TABLOO/src/install/remote_control_socket/bin'
[33.634s] Level 1:colcon.colcon_core.environment:checking '/home/wheeltec/KUL_TABLOO/src/install/remote_control_socket/lib/pkgconfig/remote_control_socket.pc'
[33.635s] Level 1:colcon.colcon_core.environment:checking '/home/wheeltec/KUL_TABLOO/src/install/remote_control_socket/lib/python3.8/site-packages'
[33.635s] Level 1:colcon.colcon_core.shell:create_environment_hook('remote_control_socket', 'pythonpath')
[33.636s] INFO:colcon.colcon_core.shell:Creating environment hook '/home/wheeltec/KUL_TABLOO/src/install/remote_control_socket/share/remote_control_socket/hook/pythonpath.ps1'
[33.638s] INFO:colcon.colcon_core.shell:Creating environment descriptor '/home/wheeltec/KUL_TABLOO/src/install/remote_control_socket/share/remote_control_socket/hook/pythonpath.dsv'
[33.639s] INFO:colcon.colcon_core.shell:Creating environment hook '/home/wheeltec/KUL_TABLOO/src/install/remote_control_socket/share/remote_control_socket/hook/pythonpath.sh'
[33.642s] Level 1:colcon.colcon_core.environment:checking '/home/wheeltec/KUL_TABLOO/src/install/remote_control_socket/bin'
[33.642s] Level 1:colcon.colcon_core.environment:create_environment_scripts_only(remote_control_socket)
[33.644s] INFO:colcon.colcon_core.shell:Creating package script '/home/wheeltec/KUL_TABLOO/src/install/remote_control_socket/share/remote_control_socket/package.ps1'
[33.645s] INFO:colcon.colcon_core.shell:Creating package descriptor '/home/wheeltec/KUL_TABLOO/src/install/remote_control_socket/share/remote_control_socket/package.dsv'
[33.647s] INFO:colcon.colcon_core.shell:Creating package script '/home/wheeltec/KUL_TABLOO/src/install/remote_control_socket/share/remote_control_socket/package.sh'
[33.649s] INFO:colcon.colcon_core.shell:Creating package script '/home/wheeltec/KUL_TABLOO/src/install/remote_control_socket/share/remote_control_socket/package.bash'
[33.650s] INFO:colcon.colcon_core.shell:Creating package script '/home/wheeltec/KUL_TABLOO/src/install/remote_control_socket/share/remote_control_socket/package.zsh'
[33.651s] Level 1:colcon.colcon_core.environment:create_file_with_runtime_dependencies(/home/wheeltec/KUL_TABLOO/src/install/remote_control_socket/share/colcon-core/packages/remote_control_socket)
[33.868s] Level 1:colcon.colcon_core.environment:checking '/home/wheeltec/KUL_TABLOO/src/install/rpi_pub' for CMake module files
[33.872s] DEBUG:colcon.colcon_core.event_handler.log_command:Invoked command in '/home/wheeltec/KUL_TABLOO/src/rpi_pub' returned '0': PYTHONPATH=/home/wheeltec/KUL_TABLOO/src/build/rpi_pub/prefix_override:/usr/lib/python3/dist-packages/colcon_core/task/python/colcon_distutils_commands:/home/wheeltec/KUL_TABLOO/src/install/rpi_pub/lib/python3.8/site-packages:${PYTHONPATH} /usr/bin/python3 -W ignore:setup.py install is deprecated -W ignore:easy_install command is deprecated setup.py egg_info --egg-base ../build/rpi_pub build --build-base /home/wheeltec/KUL_TABLOO/src/build/rpi_pub/build install --record /home/wheeltec/KUL_TABLOO/src/build/rpi_pub/install.log --single-version-externally-managed install_data
[33.873s] Level 1:colcon.colcon_core.environment:checking '/home/wheeltec/KUL_TABLOO/src/install/rpi_pub' for CMake config files
[33.875s] Level 1:colcon.colcon_core.environment:checking '/home/wheeltec/KUL_TABLOO/src/install/rpi_pub/lib'
[33.876s] Level 1:colcon.colcon_core.environment:checking '/home/wheeltec/KUL_TABLOO/src/install/rpi_pub/bin'
[33.876s] Level 1:colcon.colcon_core.environment:checking '/home/wheeltec/KUL_TABLOO/src/install/rpi_pub/lib/pkgconfig/rpi_pub.pc'
[33.877s] Level 1:colcon.colcon_core.environment:checking '/home/wheeltec/KUL_TABLOO/src/install/rpi_pub/lib/python3.8/site-packages'
[33.877s] Level 1:colcon.colcon_core.shell:create_environment_hook('rpi_pub', 'pythonpath')
[33.878s] INFO:colcon.colcon_core.shell:Creating environment hook '/home/wheeltec/KUL_TABLOO/src/install/rpi_pub/share/rpi_pub/hook/pythonpath.ps1'
[33.880s] INFO:colcon.colcon_core.shell:Creating environment descriptor '/home/wheeltec/KUL_TABLOO/src/install/rpi_pub/share/rpi_pub/hook/pythonpath.dsv'
[33.882s] INFO:colcon.colcon_core.shell:Creating environment hook '/home/wheeltec/KUL_TABLOO/src/install/rpi_pub/share/rpi_pub/hook/pythonpath.sh'
[33.884s] Level 1:colcon.colcon_core.environment:checking '/home/wheeltec/KUL_TABLOO/src/install/rpi_pub/bin'
[33.884s] Level 1:colcon.colcon_core.environment:create_environment_scripts_only(rpi_pub)
[33.885s] INFO:colcon.colcon_core.shell:Creating package script '/home/wheeltec/KUL_TABLOO/src/install/rpi_pub/share/rpi_pub/package.ps1'
[33.887s] INFO:colcon.colcon_core.shell:Creating package descriptor '/home/wheeltec/KUL_TABLOO/src/install/rpi_pub/share/rpi_pub/package.dsv'
[33.889s] INFO:colcon.colcon_core.shell:Creating package script '/home/wheeltec/KUL_TABLOO/src/install/rpi_pub/share/rpi_pub/package.sh'
[33.891s] INFO:colcon.colcon_core.shell:Creating package script '/home/wheeltec/KUL_TABLOO/src/install/rpi_pub/share/rpi_pub/package.bash'
[33.893s] INFO:colcon.colcon_core.shell:Creating package script '/home/wheeltec/KUL_TABLOO/src/install/rpi_pub/share/rpi_pub/package.zsh'
[33.894s] Level 1:colcon.colcon_core.environment:create_file_with_runtime_dependencies(/home/wheeltec/KUL_TABLOO/src/install/rpi_pub/share/colcon-core/packages/rpi_pub)
[36.957s] DEBUG:colcon.colcon_core.event_handler.log_command:Invoking command in '/home/wheeltec/KUL_TABLOO/src/teleop_twist_emer_key': PYTHONPATH=/home/wheeltec/KUL_TABLOO/src/build/teleop_twist_emer_key/prefix_override:/usr/lib/python3/dist-packages/colcon_core/task/python/colcon_distutils_commands:/home/wheeltec/KUL_TABLOO/src/install/teleop_twist_emer_key/lib/python3.8/site-packages:${PYTHONPATH} /usr/bin/python3 -W ignore:setup.py install is deprecated -W ignore:easy_install command is deprecated setup.py egg_info --egg-base ../build/teleop_twist_emer_key build --build-base /home/wheeltec/KUL_TABLOO/src/build/teleop_twist_emer_key/build install --record /home/wheeltec/KUL_TABLOO/src/build/teleop_twist_emer_key/install.log --single-version-externally-managed install_data
[39.722s] Level 1:colcon.colcon_core.environment:checking '/home/wheeltec/KUL_TABLOO/src/install/teleop_twist_emer_key' for CMake module files
[39.724s] DEBUG:colcon.colcon_core.event_handler.log_command:Invoked command in '/home/wheeltec/KUL_TABLOO/src/teleop_twist_emer_key' returned '0': PYTHONPATH=/home/wheeltec/KUL_TABLOO/src/build/teleop_twist_emer_key/prefix_override:/usr/lib/python3/dist-packages/colcon_core/task/python/colcon_distutils_commands:/home/wheeltec/KUL_TABLOO/src/install/teleop_twist_emer_key/lib/python3.8/site-packages:${PYTHONPATH} /usr/bin/python3 -W ignore:setup.py install is deprecated -W ignore:easy_install command is deprecated setup.py egg_info --egg-base ../build/teleop_twist_emer_key build --build-base /home/wheeltec/KUL_TABLOO/src/build/teleop_twist_emer_key/build install --record /home/wheeltec/KUL_TABLOO/src/build/teleop_twist_emer_key/install.log --single-version-externally-managed install_data
[39.727s] Level 1:colcon.colcon_core.environment:checking '/home/wheeltec/KUL_TABLOO/src/install/teleop_twist_emer_key' for CMake config files
[39.729s] Level 1:colcon.colcon_core.environment:checking '/home/wheeltec/KUL_TABLOO/src/install/teleop_twist_emer_key/lib'
[39.729s] Level 1:colcon.colcon_core.environment:checking '/home/wheeltec/KUL_TABLOO/src/install/teleop_twist_emer_key/bin'
[39.729s] Level 1:colcon.colcon_core.environment:checking '/home/wheeltec/KUL_TABLOO/src/install/teleop_twist_emer_key/lib/pkgconfig/teleop_twist_emer_key.pc'
[39.730s] Level 1:colcon.colcon_core.environment:checking '/home/wheeltec/KUL_TABLOO/src/install/teleop_twist_emer_key/lib/python3.8/site-packages'
[39.730s] Level 1:colcon.colcon_core.shell:create_environment_hook('teleop_twist_emer_key', 'pythonpath')
[39.731s] INFO:colcon.colcon_core.shell:Creating environment hook '/home/wheeltec/KUL_TABLOO/src/install/teleop_twist_emer_key/share/teleop_twist_emer_key/hook/pythonpath.ps1'
[39.733s] INFO:colcon.colcon_core.shell:Creating environment descriptor '/home/wheeltec/KUL_TABLOO/src/install/teleop_twist_emer_key/share/teleop_twist_emer_key/hook/pythonpath.dsv'
[39.735s] INFO:colcon.colcon_core.shell:Creating environment hook '/home/wheeltec/KUL_TABLOO/src/install/teleop_twist_emer_key/share/teleop_twist_emer_key/hook/pythonpath.sh'
[39.737s] Level 1:colcon.colcon_core.environment:checking '/home/wheeltec/KUL_TABLOO/src/install/teleop_twist_emer_key/bin'
[39.738s] Level 1:colcon.colcon_core.environment:create_environment_scripts_only(teleop_twist_emer_key)
[39.739s] INFO:colcon.colcon_core.shell:Creating package script '/home/wheeltec/KUL_TABLOO/src/install/teleop_twist_emer_key/share/teleop_twist_emer_key/package.ps1'
[39.741s] INFO:colcon.colcon_core.shell:Creating package descriptor '/home/wheeltec/KUL_TABLOO/src/install/teleop_twist_emer_key/share/teleop_twist_emer_key/package.dsv'
[39.743s] INFO:colcon.colcon_core.shell:Creating package script '/home/wheeltec/KUL_TABLOO/src/install/teleop_twist_emer_key/share/teleop_twist_emer_key/package.sh'
[39.745s] INFO:colcon.colcon_core.shell:Creating package script '/home/wheeltec/KUL_TABLOO/src/install/teleop_twist_emer_key/share/teleop_twist_emer_key/package.bash'
[39.746s] INFO:colcon.colcon_core.shell:Creating package script '/home/wheeltec/KUL_TABLOO/src/install/teleop_twist_emer_key/share/teleop_twist_emer_key/package.zsh'
[39.748s] Level 1:colcon.colcon_core.environment:create_file_with_runtime_dependencies(/home/wheeltec/KUL_TABLOO/src/install/teleop_twist_emer_key/share/colcon-core/packages/teleop_twist_emer_key)
[39.749s] DEBUG:colcon.colcon_parallel_executor.executor.parallel:closing loop
[39.750s] DEBUG:colcon.colcon_parallel_executor.executor.parallel:loop closed
[39.750s] DEBUG:colcon.colcon_parallel_executor.executor.parallel:run_until_complete finished with '0'
[39.751s] DEBUG:colcon.colcon_core.event_reactor:joining thread
[39.777s] INFO:colcon.colcon_core.plugin_system:Skipping extension 'colcon_notification.desktop_notification.terminal_notifier': Not used on non-Darwin systems
[39.778s] INFO:colcon.colcon_core.plugin_system:Skipping extension 'colcon_notification.desktop_notification.win32': Not used on non-Windows systems
[39.778s] INFO:colcon.colcon_notification.desktop_notification:Sending desktop notification using 'notify2'
[39.831s] DEBUG:colcon.colcon_core.event_reactor:joined thread
[39.832s] INFO:colcon.colcon_core.shell:Creating prefix script '/home/wheeltec/KUL_TABLOO/src/install/local_setup.ps1'
[39.836s] INFO:colcon.colcon_core.shell:Creating prefix util module '/home/wheeltec/KUL_TABLOO/src/install/_local_setup_util_ps1.py'
[39.842s] INFO:colcon.colcon_core.shell:Creating prefix chain script '/home/wheeltec/KUL_TABLOO/src/install/setup.ps1'
[39.861s] INFO:colcon.colcon_core.shell:Creating prefix script '/home/wheeltec/KUL_TABLOO/src/install/local_setup.sh'
[39.864s] INFO:colcon.colcon_core.shell:Creating prefix util module '/home/wheeltec/KUL_TABLOO/src/install/_local_setup_util_sh.py'
[39.867s] INFO:colcon.colcon_core.shell:Creating prefix chain script '/home/wheeltec/KUL_TABLOO/src/install/setup.sh'
[39.887s] INFO:colcon.colcon_core.shell:Creating prefix script '/home/wheeltec/KUL_TABLOO/src/install/local_setup.bash'
[39.889s] INFO:colcon.colcon_core.shell:Creating prefix chain script '/home/wheeltec/KUL_TABLOO/src/install/setup.bash'
[39.908s] INFO:colcon.colcon_core.shell:Creating prefix script '/home/wheeltec/KUL_TABLOO/src/install/local_setup.zsh'
[39.911s] INFO:colcon.colcon_core.shell:Creating prefix chain script '/home/wheeltec/KUL_TABLOO/src/install/setup.zsh'
