[9.700s] Invoking command in '/home/wheeltec/KUL_TABLOO/src/rpi_pub': PYTHONPATH=/home/wheeltec/KUL_TABLOO/src/build/rpi_pub/prefix_override:/usr/lib/python3/dist-packages/colcon_core/task/python/colcon_distutils_commands:/home/wheeltec/KUL_TABLOO/src/install/rpi_pub/lib/python3.8/site-packages:${PYTHONPATH} /usr/bin/python3 -W ignore:setup.py install is deprecated -W ignore:easy_install command is deprecated setup.py egg_info --egg-base ../build/rpi_pub build --build-base /home/wheeltec/KUL_TABLOO/src/build/rpi_pub/build install --record /home/wheeltec/KUL_TABLOO/src/build/rpi_pub/install.log --single-version-externally-managed install_data
[12.302s] running egg_info
[12.389s] writing ../build/rpi_pub/rpi_pub.egg-info/PKG-INFO
[12.392s] writing dependency_links to ../build/rpi_pub/rpi_pub.egg-info/dependency_links.txt
[12.392s] writing entry points to ../build/rpi_pub/rpi_pub.egg-info/entry_points.txt
[12.408s] writing requirements to ../build/rpi_pub/rpi_pub.egg-info/requires.txt
[12.409s] writing top-level names to ../build/rpi_pub/rpi_pub.egg-info/top_level.txt
[12.625s] reading manifest file '../build/rpi_pub/rpi_pub.egg-info/SOURCES.txt'
[12.650s] writing manifest file '../build/rpi_pub/rpi_pub.egg-info/SOURCES.txt'
[12.651s] running build
[12.652s] running build_py
[12.654s] running install
[12.694s] running install_lib
[12.780s] running install_data
[12.781s] running install_egg_info
[12.862s] removing '/home/wheeltec/KUL_TABLOO/src/install/rpi_pub/lib/python3.8/site-packages/rpi_pub-0.0.0-py3.8.egg-info' (and everything under it)
[12.867s] Copying ../build/rpi_pub/rpi_pub.egg-info to /home/wheeltec/KUL_TABLOO/src/install/rpi_pub/lib/python3.8/site-packages/rpi_pub-0.0.0-py3.8.egg-info
[12.868s] running install_scripts
[13.338s] Installing rpi_pub script to /home/wheeltec/KUL_TABLOO/src/install/rpi_pub/lib/rpi_pub
[13.339s] writing list of installed files to '/home/wheeltec/KUL_TABLOO/src/build/rpi_pub/install.log'
[13.647s] Invoked command in '/home/wheeltec/KUL_TABLOO/src/rpi_pub' returned '0': PYTHONPATH=/home/wheeltec/KUL_TABLOO/src/build/rpi_pub/prefix_override:/usr/lib/python3/dist-packages/colcon_core/task/python/colcon_distutils_commands:/home/wheeltec/KUL_TABLOO/src/install/rpi_pub/lib/python3.8/site-packages:${PYTHONPATH} /usr/bin/python3 -W ignore:setup.py install is deprecated -W ignore:easy_install command is deprecated setup.py egg_info --egg-base ../build/rpi_pub build --build-base /home/wheeltec/KUL_TABLOO/src/build/rpi_pub/build install --record /home/wheeltec/KUL_TABLOO/src/build/rpi_pub/install.log --single-version-externally-managed install_data
