[1.490s] DEBUG:colcon:Command line arguments: ['/usr/bin/colcon', 'build', '--packages-select', 'beamer']
[1.490s] DEBUG:colcon:Parsed command line arguments: Namespace(allow_overriding=[], ament_cmake_args=None, base_paths=['.'], build_base='build', catkin_cmake_args=None, catkin_skip_building_tests=False, cmake_args=None, cmake_clean_cache=False, cmake_clean_first=False, cmake_force_configure=False, cmake_target=None, cmake_target_skip_unavailable=False, continue_on_error=False, event_handlers=None, executor='parallel', ignore_user_meta=False, install_base='install', log_base=None, log_level=None, main=<bound method BuildVerb.main of <colcon_core.verb.build.BuildVerb object at 0x7f96f45070>>, merge_install=False, metas=['./colcon.meta'], packages_above=None, packages_above_and_dependencies=None, packages_above_depth=None, packages_end=None, packages_ignore=None, packages_ignore_regex=None, packages_select=['beamer'], packages_select_build_failed=False, packages_select_by_dep=None, packages_select_regex=None, packages_select_test_failures=False, packages_skip=None, packages_skip_build_finished=False, packages_skip_by_dep=None, packages_skip_regex=None, packages_skip_test_passed=False, packages_skip_up_to=None, packages_start=None, packages_up_to=None, packages_up_to_regex=None, parallel_workers=4, paths=None, symlink_install=False, test_result_base=None, verb_extension=<colcon_core.verb.build.BuildVerb object at 0x7f96f45070>, verb_name='build', verb_parser=<colcon_defaults.argument_parser.defaults.DefaultArgumentsDecorator object at 0x7f96d53040>)
[2.863s] Level 1:colcon.colcon_core.package_discovery:discover_packages(colcon_meta) check parameters
[2.863s] Level 1:colcon.colcon_core.package_discovery:discover_packages(recursive) check parameters
[2.864s] Level 1:colcon.colcon_core.package_discovery:discover_packages(ignore) check parameters
[2.864s] Level 1:colcon.colcon_core.package_discovery:discover_packages(path) check parameters
[2.864s] Level 1:colcon.colcon_core.package_discovery:discover_packages(colcon_meta) discover
[2.864s] Level 1:colcon.colcon_core.package_discovery:discover_packages(recursive) discover
[2.864s] INFO:colcon.colcon_core.package_discovery:Crawling recursively for packages in '/home/wheeltec/KUL_TABLOO/src'
[2.865s] Level 1:colcon.colcon_core.package_identification:_identify(.) by extensions ['ignore', 'ignore_ament_install']
[2.865s] Level 1:colcon.colcon_core.package_identification:_identify(.) by extension 'ignore'
[2.865s] Level 1:colcon.colcon_core.package_identification:_identify(.) by extension 'ignore_ament_install'
[2.866s] Level 1:colcon.colcon_core.package_identification:_identify(.) by extensions ['colcon_pkg']
[2.866s] Level 1:colcon.colcon_core.package_identification:_identify(.) by extension 'colcon_pkg'
[2.866s] Level 1:colcon.colcon_core.package_identification:_identify(.) by extensions ['colcon_meta']
[2.866s] Level 1:colcon.colcon_core.package_identification:_identify(.) by extension 'colcon_meta'
[2.866s] Level 1:colcon.colcon_core.package_identification:_identify(.) by extensions ['ros']
[2.866s] Level 1:colcon.colcon_core.package_identification:_identify(.) by extension 'ros'
[2.937s] Level 1:colcon.colcon_core.package_identification:_identify(.) by extensions ['cmake', 'python']
[2.937s] Level 1:colcon.colcon_core.package_identification:_identify(.) by extension 'cmake'
[2.937s] Level 1:colcon.colcon_core.package_identification:_identify(.) by extension 'python'
[2.938s] Level 1:colcon.colcon_core.package_identification:_identify(.) by extensions ['python_setup_py']
[2.938s] Level 1:colcon.colcon_core.package_identification:_identify(.) by extension 'python_setup_py'
[2.938s] Level 1:colcon.colcon_core.package_identification:_identify(actionclient) by extensions ['ignore', 'ignore_ament_install']
[2.939s] Level 1:colcon.colcon_core.package_identification:_identify(actionclient) by extension 'ignore'
[2.939s] Level 1:colcon.colcon_core.package_identification:_identify(actionclient) by extension 'ignore_ament_install'
[2.940s] Level 1:colcon.colcon_core.package_identification:_identify(actionclient) by extensions ['colcon_pkg']
[2.940s] Level 1:colcon.colcon_core.package_identification:_identify(actionclient) by extension 'colcon_pkg'
[2.940s] Level 1:colcon.colcon_core.package_identification:_identify(actionclient) by extensions ['colcon_meta']
[2.940s] Level 1:colcon.colcon_core.package_identification:_identify(actionclient) by extension 'colcon_meta'
[2.940s] Level 1:colcon.colcon_core.package_identification:_identify(actionclient) by extensions ['ros']
[2.941s] Level 1:colcon.colcon_core.package_identification:_identify(actionclient) by extension 'ros'
[2.959s] DEBUG:colcon.colcon_core.package_identification:Package 'actionclient' with type 'ros.ament_python' and name 'actionclient'
[2.959s] Level 1:colcon.colcon_core.package_identification:_identify(beamer) by extensions ['ignore', 'ignore_ament_install']
[2.960s] Level 1:colcon.colcon_core.package_identification:_identify(beamer) by extension 'ignore'
[2.960s] Level 1:colcon.colcon_core.package_identification:_identify(beamer) by extension 'ignore_ament_install'
[2.960s] Level 1:colcon.colcon_core.package_identification:_identify(beamer) by extensions ['colcon_pkg']
[2.960s] Level 1:colcon.colcon_core.package_identification:_identify(beamer) by extension 'colcon_pkg'
[2.960s] Level 1:colcon.colcon_core.package_identification:_identify(beamer) by extensions ['colcon_meta']
[2.961s] Level 1:colcon.colcon_core.package_identification:_identify(beamer) by extension 'colcon_meta'
[2.961s] Level 1:colcon.colcon_core.package_identification:_identify(beamer) by extensions ['ros']
[2.961s] Level 1:colcon.colcon_core.package_identification:_identify(beamer) by extension 'ros'
[2.964s] DEBUG:colcon.colcon_core.package_identification:Package 'beamer' with type 'ros.ament_python' and name 'beamer'
[2.965s] Level 1:colcon.colcon_core.package_identification:_identify(build) by extensions ['ignore', 'ignore_ament_install']
[2.965s] Level 1:colcon.colcon_core.package_identification:_identify(build) by extension 'ignore'
[2.965s] Level 1:colcon.colcon_core.package_identification:_identify(build) ignored
[2.966s] Level 1:colcon.colcon_core.package_identification:_identify(config) by extensions ['ignore', 'ignore_ament_install']
[2.966s] Level 1:colcon.colcon_core.package_identification:_identify(config) by extension 'ignore'
[2.966s] Level 1:colcon.colcon_core.package_identification:_identify(config) by extension 'ignore_ament_install'
[2.967s] Level 1:colcon.colcon_core.package_identification:_identify(config) by extensions ['colcon_pkg']
[2.967s] Level 1:colcon.colcon_core.package_identification:_identify(config) by extension 'colcon_pkg'
[2.967s] Level 1:colcon.colcon_core.package_identification:_identify(config) by extensions ['colcon_meta']
[2.967s] Level 1:colcon.colcon_core.package_identification:_identify(config) by extension 'colcon_meta'
[2.967s] Level 1:colcon.colcon_core.package_identification:_identify(config) by extensions ['ros']
[2.968s] Level 1:colcon.colcon_core.package_identification:_identify(config) by extension 'ros'
[2.968s] Level 1:colcon.colcon_core.package_identification:_identify(config) by extensions ['cmake', 'python']
[2.968s] Level 1:colcon.colcon_core.package_identification:_identify(config) by extension 'cmake'
[2.968s] Level 1:colcon.colcon_core.package_identification:_identify(config) by extension 'python'
[2.968s] Level 1:colcon.colcon_core.package_identification:_identify(config) by extensions ['python_setup_py']
[2.969s] Level 1:colcon.colcon_core.package_identification:_identify(config) by extension 'python_setup_py'
[2.969s] Level 1:colcon.colcon_core.package_identification:_identify(emergency_stop) by extensions ['ignore', 'ignore_ament_install']
[2.969s] Level 1:colcon.colcon_core.package_identification:_identify(emergency_stop) by extension 'ignore'
[2.970s] Level 1:colcon.colcon_core.package_identification:_identify(emergency_stop) by extension 'ignore_ament_install'
[2.970s] Level 1:colcon.colcon_core.package_identification:_identify(emergency_stop) by extensions ['colcon_pkg']
[2.970s] Level 1:colcon.colcon_core.package_identification:_identify(emergency_stop) by extension 'colcon_pkg'
[2.970s] Level 1:colcon.colcon_core.package_identification:_identify(emergency_stop) by extensions ['colcon_meta']
[2.970s] Level 1:colcon.colcon_core.package_identification:_identify(emergency_stop) by extension 'colcon_meta'
[2.971s] Level 1:colcon.colcon_core.package_identification:_identify(emergency_stop) by extensions ['ros']
[2.971s] Level 1:colcon.colcon_core.package_identification:_identify(emergency_stop) by extension 'ros'
[2.975s] DEBUG:colcon.colcon_core.package_identification:Package 'emergency_stop' with type 'ros.ament_python' and name 'emergency_stop'
[2.976s] Level 1:colcon.colcon_core.package_identification:_identify(heartbeat_monitor) by extensions ['ignore', 'ignore_ament_install']
[2.976s] Level 1:colcon.colcon_core.package_identification:_identify(heartbeat_monitor) by extension 'ignore'
[2.976s] Level 1:colcon.colcon_core.package_identification:_identify(heartbeat_monitor) by extension 'ignore_ament_install'
[2.977s] Level 1:colcon.colcon_core.package_identification:_identify(heartbeat_monitor) by extensions ['colcon_pkg']
[2.977s] Level 1:colcon.colcon_core.package_identification:_identify(heartbeat_monitor) by extension 'colcon_pkg'
[2.977s] Level 1:colcon.colcon_core.package_identification:_identify(heartbeat_monitor) by extensions ['colcon_meta']
[2.977s] Level 1:colcon.colcon_core.package_identification:_identify(heartbeat_monitor) by extension 'colcon_meta'
[2.977s] Level 1:colcon.colcon_core.package_identification:_identify(heartbeat_monitor) by extensions ['ros']
[2.978s] Level 1:colcon.colcon_core.package_identification:_identify(heartbeat_monitor) by extension 'ros'
[2.981s] DEBUG:colcon.colcon_core.package_identification:Package 'heartbeat_monitor' with type 'ros.ament_python' and name 'heartbeat_monitor'
[2.981s] Level 1:colcon.colcon_core.package_identification:_identify(install) by extensions ['ignore', 'ignore_ament_install']
[2.982s] Level 1:colcon.colcon_core.package_identification:_identify(install) by extension 'ignore'
[2.982s] Level 1:colcon.colcon_core.package_identification:_identify(install) ignored
[2.983s] Level 1:colcon.colcon_core.package_identification:_identify(launch) by extensions ['ignore', 'ignore_ament_install']
[2.983s] Level 1:colcon.colcon_core.package_identification:_identify(launch) by extension 'ignore'
[2.983s] Level 1:colcon.colcon_core.package_identification:_identify(launch) by extension 'ignore_ament_install'
[2.983s] Level 1:colcon.colcon_core.package_identification:_identify(launch) by extensions ['colcon_pkg']
[2.983s] Level 1:colcon.colcon_core.package_identification:_identify(launch) by extension 'colcon_pkg'
[2.984s] Level 1:colcon.colcon_core.package_identification:_identify(launch) by extensions ['colcon_meta']
[2.984s] Level 1:colcon.colcon_core.package_identification:_identify(launch) by extension 'colcon_meta'
[2.984s] Level 1:colcon.colcon_core.package_identification:_identify(launch) by extensions ['ros']
[2.984s] Level 1:colcon.colcon_core.package_identification:_identify(launch) by extension 'ros'
[2.984s] Level 1:colcon.colcon_core.package_identification:_identify(launch) by extensions ['cmake', 'python']
[2.985s] Level 1:colcon.colcon_core.package_identification:_identify(launch) by extension 'cmake'
[2.985s] Level 1:colcon.colcon_core.package_identification:_identify(launch) by extension 'python'
[2.985s] Level 1:colcon.colcon_core.package_identification:_identify(launch) by extensions ['python_setup_py']
[2.985s] Level 1:colcon.colcon_core.package_identification:_identify(launch) by extension 'python_setup_py'
[2.986s] Level 1:colcon.colcon_core.package_identification:_identify(log) by extensions ['ignore', 'ignore_ament_install']
[2.986s] Level 1:colcon.colcon_core.package_identification:_identify(log) by extension 'ignore'
[2.987s] Level 1:colcon.colcon_core.package_identification:_identify(log) ignored
[2.987s] Level 1:colcon.colcon_core.package_identification:_identify(quiz) by extensions ['ignore', 'ignore_ament_install']
[2.987s] Level 1:colcon.colcon_core.package_identification:_identify(quiz) by extension 'ignore'
[2.988s] Level 1:colcon.colcon_core.package_identification:_identify(quiz) by extension 'ignore_ament_install'
[2.988s] Level 1:colcon.colcon_core.package_identification:_identify(quiz) by extensions ['colcon_pkg']
[2.988s] Level 1:colcon.colcon_core.package_identification:_identify(quiz) by extension 'colcon_pkg'
[2.988s] Level 1:colcon.colcon_core.package_identification:_identify(quiz) by extensions ['colcon_meta']
[2.989s] Level 1:colcon.colcon_core.package_identification:_identify(quiz) by extension 'colcon_meta'
[2.989s] Level 1:colcon.colcon_core.package_identification:_identify(quiz) by extensions ['ros']
[2.989s] Level 1:colcon.colcon_core.package_identification:_identify(quiz) by extension 'ros'
[2.992s] DEBUG:colcon.colcon_core.package_identification:Package 'quiz' with type 'ros.ament_python' and name 'quiz'
[2.993s] Level 1:colcon.colcon_core.package_identification:_identify(quiz_enable) by extensions ['ignore', 'ignore_ament_install']
[2.993s] Level 1:colcon.colcon_core.package_identification:_identify(quiz_enable) by extension 'ignore'
[2.993s] Level 1:colcon.colcon_core.package_identification:_identify(quiz_enable) by extension 'ignore_ament_install'
[2.994s] Level 1:colcon.colcon_core.package_identification:_identify(quiz_enable) by extensions ['colcon_pkg']
[2.994s] Level 1:colcon.colcon_core.package_identification:_identify(quiz_enable) by extension 'colcon_pkg'
[2.994s] Level 1:colcon.colcon_core.package_identification:_identify(quiz_enable) by extensions ['colcon_meta']
[2.994s] Level 1:colcon.colcon_core.package_identification:_identify(quiz_enable) by extension 'colcon_meta'
[2.995s] Level 1:colcon.colcon_core.package_identification:_identify(quiz_enable) by extensions ['ros']
[2.995s] Level 1:colcon.colcon_core.package_identification:_identify(quiz_enable) by extension 'ros'
[2.997s] DEBUG:colcon.colcon_core.package_identification:Package 'quiz_enable' with type 'ros.ament_python' and name 'quiz_enable'
[2.998s] Level 1:colcon.colcon_core.package_identification:_identify(remote_control_socket) by extensions ['ignore', 'ignore_ament_install']
[2.999s] Level 1:colcon.colcon_core.package_identification:_identify(remote_control_socket) by extension 'ignore'
[2.999s] Level 1:colcon.colcon_core.package_identification:_identify(remote_control_socket) by extension 'ignore_ament_install'
[2.999s] Level 1:colcon.colcon_core.package_identification:_identify(remote_control_socket) by extensions ['colcon_pkg']
[2.999s] Level 1:colcon.colcon_core.package_identification:_identify(remote_control_socket) by extension 'colcon_pkg'
[2.999s] Level 1:colcon.colcon_core.package_identification:_identify(remote_control_socket) by extensions ['colcon_meta']
[2.999s] Level 1:colcon.colcon_core.package_identification:_identify(remote_control_socket) by extension 'colcon_meta'
[3.000s] Level 1:colcon.colcon_core.package_identification:_identify(remote_control_socket) by extensions ['ros']
[3.000s] Level 1:colcon.colcon_core.package_identification:_identify(remote_control_socket) by extension 'ros'
[3.002s] DEBUG:colcon.colcon_core.package_identification:Package 'remote_control_socket' with type 'ros.ament_python' and name 'remote_control_socket'
[3.003s] Level 1:colcon.colcon_core.package_identification:_identify(rpi_pub) by extensions ['ignore', 'ignore_ament_install']
[3.003s] Level 1:colcon.colcon_core.package_identification:_identify(rpi_pub) by extension 'ignore'
[3.003s] Level 1:colcon.colcon_core.package_identification:_identify(rpi_pub) by extension 'ignore_ament_install'
[3.003s] Level 1:colcon.colcon_core.package_identification:_identify(rpi_pub) by extensions ['colcon_pkg']
[3.004s] Level 1:colcon.colcon_core.package_identification:_identify(rpi_pub) by extension 'colcon_pkg'
[3.004s] Level 1:colcon.colcon_core.package_identification:_identify(rpi_pub) by extensions ['colcon_meta']
[3.004s] Level 1:colcon.colcon_core.package_identification:_identify(rpi_pub) by extension 'colcon_meta'
[3.004s] Level 1:colcon.colcon_core.package_identification:_identify(rpi_pub) by extensions ['ros']
[3.004s] Level 1:colcon.colcon_core.package_identification:_identify(rpi_pub) by extension 'ros'
[3.007s] DEBUG:colcon.colcon_core.package_identification:Package 'rpi_pub' with type 'ros.ament_python' and name 'rpi_pub'
[3.007s] Level 1:colcon.colcon_core.package_identification:_identify(teleop_twist_emer_key) by extensions ['ignore', 'ignore_ament_install']
[3.008s] Level 1:colcon.colcon_core.package_identification:_identify(teleop_twist_emer_key) by extension 'ignore'
[3.008s] Level 1:colcon.colcon_core.package_identification:_identify(teleop_twist_emer_key) by extension 'ignore_ament_install'
[3.008s] Level 1:colcon.colcon_core.package_identification:_identify(teleop_twist_emer_key) by extensions ['colcon_pkg']
[3.008s] Level 1:colcon.colcon_core.package_identification:_identify(teleop_twist_emer_key) by extension 'colcon_pkg'
[3.008s] Level 1:colcon.colcon_core.package_identification:_identify(teleop_twist_emer_key) by extensions ['colcon_meta']
[3.008s] Level 1:colcon.colcon_core.package_identification:_identify(teleop_twist_emer_key) by extension 'colcon_meta'
[3.009s] Level 1:colcon.colcon_core.package_identification:_identify(teleop_twist_emer_key) by extensions ['ros']
[3.009s] Level 1:colcon.colcon_core.package_identification:_identify(teleop_twist_emer_key) by extension 'ros'
[3.011s] DEBUG:colcon.colcon_core.package_identification:Package 'teleop_twist_emer_key' with type 'ros.ament_python' and name 'teleop_twist_emer_key'
[3.011s] Level 1:colcon.colcon_core.package_discovery:discover_packages(recursive) using defaults
[3.012s] Level 1:colcon.colcon_core.package_discovery:discover_packages(ignore) discover
[3.012s] Level 1:colcon.colcon_core.package_discovery:discover_packages(ignore) using defaults
[3.012s] Level 1:colcon.colcon_core.package_discovery:discover_packages(path) discover
[3.012s] Level 1:colcon.colcon_core.package_discovery:discover_packages(path) using defaults
[3.127s] INFO:colcon.colcon_core.package_selection:Skipping not selected package 'actionclient' in 'actionclient'
[3.127s] INFO:colcon.colcon_core.package_selection:Skipping not selected package 'emergency_stop' in 'emergency_stop'
[3.128s] INFO:colcon.colcon_core.package_selection:Skipping not selected package 'heartbeat_monitor' in 'heartbeat_monitor'
[3.128s] INFO:colcon.colcon_core.package_selection:Skipping not selected package 'quiz' in 'quiz'
[3.128s] INFO:colcon.colcon_core.package_selection:Skipping not selected package 'quiz_enable' in 'quiz_enable'
[3.128s] INFO:colcon.colcon_core.package_selection:Skipping not selected package 'remote_control_socket' in 'remote_control_socket'
[3.128s] INFO:colcon.colcon_core.package_selection:Skipping not selected package 'rpi_pub' in 'rpi_pub'
[3.128s] INFO:colcon.colcon_core.package_selection:Skipping not selected package 'teleop_twist_emer_key' in 'teleop_twist_emer_key'
[3.131s] Level 1:colcon.colcon_core.package_discovery:discover_packages(prefix_path) check parameters
[3.131s] Level 1:colcon.colcon_core.package_discovery:discover_packages(prefix_path) discover
[3.158s] DEBUG:colcon.colcon_installed_package_information.package_discovery:Found 10 installed packages in /home/wheeltec/KUL_TABLOO/src/install
[3.175s] DEBUG:colcon.colcon_installed_package_information.package_discovery:Found 72 installed packages in /home/wheeltec/wheeltec_ros2/install
[3.184s] DEBUG:colcon.colcon_installed_package_information.package_discovery:Found 345 installed packages in /opt/ros/galactic
[3.204s] Level 1:colcon.colcon_core.package_discovery:discover_packages(prefix_path) using defaults
[3.720s] Level 5:colcon.colcon_core.verb:set package 'beamer' build argument 'cmake_args' from command line to 'None'
[3.720s] Level 5:colcon.colcon_core.verb:set package 'beamer' build argument 'cmake_target' from command line to 'None'
[3.720s] Level 5:colcon.colcon_core.verb:set package 'beamer' build argument 'cmake_target_skip_unavailable' from command line to 'False'
[3.720s] Level 5:colcon.colcon_core.verb:set package 'beamer' build argument 'cmake_clean_cache' from command line to 'False'
[3.720s] Level 5:colcon.colcon_core.verb:set package 'beamer' build argument 'cmake_clean_first' from command line to 'False'
[3.720s] Level 5:colcon.colcon_core.verb:set package 'beamer' build argument 'cmake_force_configure' from command line to 'False'
[3.720s] Level 5:colcon.colcon_core.verb:set package 'beamer' build argument 'ament_cmake_args' from command line to 'None'
[3.721s] Level 5:colcon.colcon_core.verb:set package 'beamer' build argument 'catkin_cmake_args' from command line to 'None'
[3.721s] Level 5:colcon.colcon_core.verb:set package 'beamer' build argument 'catkin_skip_building_tests' from command line to 'False'
[3.721s] DEBUG:colcon.colcon_core.verb:Building package 'beamer' with the following arguments: {'ament_cmake_args': None, 'build_base': '/home/wheeltec/KUL_TABLOO/src/build/beamer', 'catkin_cmake_args': None, 'catkin_skip_building_tests': False, 'cmake_args': None, 'cmake_clean_cache': False, 'cmake_clean_first': False, 'cmake_force_configure': False, 'cmake_target': None, 'cmake_target_skip_unavailable': False, 'install_base': '/home/wheeltec/KUL_TABLOO/src/install/beamer', 'merge_install': False, 'path': '/home/wheeltec/KUL_TABLOO/src/beamer', 'symlink_install': False, 'test_result_base': None}
[3.721s] INFO:colcon.colcon_core.executor:Executing jobs using 'parallel' executor
[3.725s] DEBUG:colcon.colcon_parallel_executor.executor.parallel:run_until_complete
[3.727s] INFO:colcon.colcon_ros.task.ament_python.build:Building ROS package in '/home/wheeltec/KUL_TABLOO/src/beamer' with build type 'ament_python'
[3.727s] Level 1:colcon.colcon_core.shell:create_environment_hook('beamer', 'ament_prefix_path')
[3.745s] INFO:colcon.colcon_core.plugin_system:Skipping extension 'colcon_core.shell.bat': Not used on non-Windows systems
[3.746s] INFO:colcon.colcon_core.shell:Creating environment hook '/home/wheeltec/KUL_TABLOO/src/install/beamer/share/beamer/hook/ament_prefix_path.ps1'
[3.749s] INFO:colcon.colcon_core.shell:Creating environment descriptor '/home/wheeltec/KUL_TABLOO/src/install/beamer/share/beamer/hook/ament_prefix_path.dsv'
[3.752s] INFO:colcon.colcon_core.shell:Creating environment hook '/home/wheeltec/KUL_TABLOO/src/install/beamer/share/beamer/hook/ament_prefix_path.sh'
[3.757s] INFO:colcon.colcon_core.shell:Skip shell extension 'powershell' for command environment: Not usable outside of PowerShell
[3.758s] DEBUG:colcon.colcon_core.shell:Skip shell extension 'dsv' for command environment
[5.531s] INFO:colcon.colcon_core.task.python.build:Building Python package in '/home/wheeltec/KUL_TABLOO/src/beamer'
[5.533s] INFO:colcon.colcon_core.shell:Skip shell extension 'powershell' for command environment: Not usable outside of PowerShell
[5.533s] DEBUG:colcon.colcon_core.shell:Skip shell extension 'dsv' for command environment
[6.158s] DEBUG:colcon.colcon_parallel_executor.executor.parallel:run_until_complete was interrupted
[6.160s] DEBUG:colcon.colcon_parallel_executor.executor.parallel:run_until_complete again
[6.274s] DEBUG:colcon.colcon_parallel_executor.executor.parallel:run_until_complete finished
[6.274s] DEBUG:colcon.colcon_parallel_executor.executor.parallel:closing loop
[6.275s] DEBUG:colcon.colcon_parallel_executor.executor.parallel:loop closed
[6.275s] DEBUG:colcon.colcon_core.event_reactor:joining thread
[6.310s] INFO:colcon.colcon_core.plugin_system:Skipping extension 'colcon_notification.desktop_notification.terminal_notifier': Not used on non-Darwin systems
[6.311s] INFO:colcon.colcon_core.plugin_system:Skipping extension 'colcon_notification.desktop_notification.win32': Not used on non-Windows systems
[6.311s] INFO:colcon.colcon_notification.desktop_notification:Sending desktop notification using 'notify2'
[6.351s] DEBUG:colcon.colcon_core.event_reactor:joined thread
[6.353s] INFO:colcon.colcon_core.shell:Creating prefix script '/home/wheeltec/KUL_TABLOO/src/install/local_setup.ps1'
[6.359s] INFO:colcon.colcon_core.shell:Creating prefix util module '/home/wheeltec/KUL_TABLOO/src/install/_local_setup_util_ps1.py'
[6.366s] INFO:colcon.colcon_core.shell:Creating prefix chain script '/home/wheeltec/KUL_TABLOO/src/install/setup.ps1'
[6.388s] INFO:colcon.colcon_core.shell:Creating prefix script '/home/wheeltec/KUL_TABLOO/src/install/local_setup.sh'
[6.392s] INFO:colcon.colcon_core.shell:Creating prefix util module '/home/wheeltec/KUL_TABLOO/src/install/_local_setup_util_sh.py'
[6.395s] INFO:colcon.colcon_core.shell:Creating prefix chain script '/home/wheeltec/KUL_TABLOO/src/install/setup.sh'
[6.414s] INFO:colcon.colcon_core.shell:Creating prefix script '/home/wheeltec/KUL_TABLOO/src/install/local_setup.bash'
[6.417s] INFO:colcon.colcon_core.shell:Creating prefix chain script '/home/wheeltec/KUL_TABLOO/src/install/setup.bash'
[6.435s] INFO:colcon.colcon_core.shell:Creating prefix script '/home/wheeltec/KUL_TABLOO/src/install/local_setup.zsh'
[6.438s] INFO:colcon.colcon_core.shell:Creating prefix chain script '/home/wheeltec/KUL_TABLOO/src/install/setup.zsh'
