[11.705s] Invoking command in '/home/wheeltec/KUL_TABLOO/src/actionclient': PYTHONPATH=/home/wheeltec/KUL_TABLOO/src/build/actionclient/prefix_override:/usr/lib/python3/dist-packages/colcon_core/task/python/colcon_distutils_commands:/home/wheeltec/KUL_TABLOO/src/install/actionclient/lib/python3.8/site-packages:${PYTHONPATH} /usr/bin/python3 -W ignore:setup.py install is deprecated -W ignore:easy_install command is deprecated setup.py egg_info --egg-base ../build/actionclient build --build-base /home/wheeltec/KUL_TABLOO/src/build/actionclient/build install --record /home/wheeltec/KUL_TABLOO/src/build/actionclient/install.log --single-version-externally-managed install_data
[14.091s] running egg_info
[14.170s] writing ../build/actionclient/actionclient.egg-info/PKG-INFO
[14.172s] writing dependency_links to ../build/actionclient/actionclient.egg-info/dependency_links.txt
[14.173s] writing entry points to ../build/actionclient/actionclient.egg-info/entry_points.txt
[14.174s] writing requirements to ../build/actionclient/actionclient.egg-info/requires.txt
[14.175s] writing top-level names to ../build/actionclient/actionclient.egg-info/top_level.txt
[14.364s] reading manifest file '../build/actionclient/actionclient.egg-info/SOURCES.txt'
[14.367s] writing manifest file '../build/actionclient/actionclient.egg-info/SOURCES.txt'
[14.369s] running build
[14.369s] running build_py
[14.370s] running install
[14.402s] running install_lib
[14.485s] running install_data
[14.486s] running install_egg_info
[14.568s] removing '/home/wheeltec/KUL_TABLOO/src/install/actionclient/lib/python3.8/site-packages/actionclient-0.0.0-py3.8.egg-info' (and everything under it)
[14.569s] Copying ../build/actionclient/actionclient.egg-info to /home/wheeltec/KUL_TABLOO/src/install/actionclient/lib/python3.8/site-packages/actionclient-0.0.0-py3.8.egg-info
[14.574s] running install_scripts
[15.099s] Installing actionclient script to /home/wheeltec/KUL_TABLOO/src/install/actionclient/lib/actionclient
[15.102s] writing list of installed files to '/home/wheeltec/KUL_TABLOO/src/build/actionclient/install.log'
[15.350s] Invoked command in '/home/wheeltec/KUL_TABLOO/src/actionclient' returned '0': PYTHONPATH=/home/wheeltec/KUL_TABLOO/src/build/actionclient/prefix_override:/usr/lib/python3/dist-packages/colcon_core/task/python/colcon_distutils_commands:/home/wheeltec/KUL_TABLOO/src/install/actionclient/lib/python3.8/site-packages:${PYTHONPATH} /usr/bin/python3 -W ignore:setup.py install is deprecated -W ignore:easy_install command is deprecated setup.py egg_info --egg-base ../build/actionclient build --build-base /home/wheeltec/KUL_TABLOO/src/build/actionclient/build install --record /home/wheeltec/KUL_TABLOO/src/build/actionclient/install.log --single-version-externally-managed install_data
