running egg_info
creating ../build/quiz/quiz.egg-info
writing ../build/quiz/quiz.egg-info/PKG-INFO
writing dependency_links to ../build/quiz/quiz.egg-info/dependency_links.txt
writing entry points to ../build/quiz/quiz.egg-info/entry_points.txt
writing requirements to ../build/quiz/quiz.egg-info/requires.txt
writing top-level names to ../build/quiz/quiz.egg-info/top_level.txt
writing manifest file '../build/quiz/quiz.egg-info/SOURCES.txt'
reading manifest file '../build/quiz/quiz.egg-info/SOURCES.txt'
writing manifest file '../build/quiz/quiz.egg-info/SOURCES.txt'
running build
running build_py
creating /home/wheeltec/KUL_TABLOO/src/build/quiz/build
creating /home/wheeltec/KUL_TABLOO/src/build/quiz/build/lib
creating /home/wheeltec/KUL_TABLOO/src/build/quiz/build/lib/quiz
copying quiz/__init__.py -> /home/wheeltec/KUL_TABLOO/src/build/quiz/build/lib/quiz
copying quiz/quiz.py -> /home/wheeltec/KUL_TABLOO/src/build/quiz/build/lib/quiz
running install
running install_lib
creating /home/wheeltec/KUL_TABLOO/src/install/quiz/lib/python3.8/site-packages/quiz
copying /home/wheeltec/KUL_TABLOO/src/build/quiz/build/lib/quiz/__init__.py -> /home/wheeltec/KUL_TABLOO/src/install/quiz/lib/python3.8/site-packages/quiz
copying /home/wheeltec/KUL_TABLOO/src/build/quiz/build/lib/quiz/quiz.py -> /home/wheeltec/KUL_TABLOO/src/install/quiz/lib/python3.8/site-packages/quiz
byte-compiling /home/wheeltec/KUL_TABLOO/src/install/quiz/lib/python3.8/site-packages/quiz/__init__.py to __init__.cpython-38.pyc
byte-compiling /home/wheeltec/KUL_TABLOO/src/install/quiz/lib/python3.8/site-packages/quiz/quiz.py to quiz.cpython-38.pyc
running install_data
creating /home/wheeltec/KUL_TABLOO/src/install/quiz/share/ament_index
creating /home/wheeltec/KUL_TABLOO/src/install/quiz/share/ament_index/resource_index
creating /home/wheeltec/KUL_TABLOO/src/install/quiz/share/ament_index/resource_index/packages
copying resource/quiz -> /home/wheeltec/KUL_TABLOO/src/install/quiz/share/ament_index/resource_index/packages
copying package.xml -> /home/wheeltec/KUL_TABLOO/src/install/quiz/share/quiz
running install_egg_info
Copying ../build/quiz/quiz.egg-info to /home/wheeltec/KUL_TABLOO/src/install/quiz/lib/python3.8/site-packages/quiz-0.0.0-py3.8.egg-info
running install_scripts
Installing quiz script to /home/wheeltec/KUL_TABLOO/src/install/quiz/lib/quiz
writing list of installed files to '/home/wheeltec/KUL_TABLOO/src/build/quiz/install.log'
