[13.114s] Invoking command in '/home/wheeltec/KUL_TABLOO/src/quiz': PYTHONPATH=/home/wheeltec/KUL_TABLOO/src/build/quiz/prefix_override:/usr/lib/python3/dist-packages/colcon_core/task/python/colcon_distutils_commands:/home/wheeltec/KUL_TABLOO/src/install/quiz/lib/python3.8/site-packages:${PYTHONPATH} /usr/bin/python3 -W ignore:setup.py install is deprecated -W ignore:easy_install command is deprecated setup.py egg_info --egg-base ../build/quiz build --build-base /home/wheeltec/KUL_TABLOO/src/build/quiz/build install --record /home/wheeltec/KUL_TABLOO/src/build/quiz/install.log --single-version-externally-managed install_data
[16.069s] running egg_info
[16.169s] writing ../build/quiz/quiz.egg-info/PKG-INFO
[16.171s] writing dependency_links to ../build/quiz/quiz.egg-info/dependency_links.txt
[16.177s] writing entry points to ../build/quiz/quiz.egg-info/entry_points.txt
[16.179s] writing requirements to ../build/quiz/quiz.egg-info/requires.txt
[16.181s] writing top-level names to ../build/quiz/quiz.egg-info/top_level.txt
[16.391s] reading manifest file '../build/quiz/quiz.egg-info/SOURCES.txt'
[16.397s] writing manifest file '../build/quiz/quiz.egg-info/SOURCES.txt'
[16.397s] running build
[16.398s] running build_py
[16.399s] running install
[16.439s] running install_lib
[16.543s] running install_data
[16.544s] running install_egg_info
[16.635s] removing '/home/wheeltec/KUL_TABLOO/src/install/quiz/lib/python3.8/site-packages/quiz-0.0.0-py3.8.egg-info' (and everything under it)
[16.641s] Copying ../build/quiz/quiz.egg-info to /home/wheeltec/KUL_TABLOO/src/install/quiz/lib/python3.8/site-packages/quiz-0.0.0-py3.8.egg-info
[16.645s] running install_scripts
[17.259s] Installing quiz script to /home/wheeltec/KUL_TABLOO/src/install/quiz/lib/quiz
[17.261s] writing list of installed files to '/home/wheeltec/KUL_TABLOO/src/build/quiz/install.log'
[19.202s] Invoked command in '/home/wheeltec/KUL_TABLOO/src/quiz' returned '0': PYTHONPATH=/home/wheeltec/KUL_TABLOO/src/build/quiz/prefix_override:/usr/lib/python3/dist-packages/colcon_core/task/python/colcon_distutils_commands:/home/wheeltec/KUL_TABLOO/src/install/quiz/lib/python3.8/site-packages:${PYTHONPATH} /usr/bin/python3 -W ignore:setup.py install is deprecated -W ignore:easy_install command is deprecated setup.py egg_info --egg-base ../build/quiz build --build-base /home/wheeltec/KUL_TABLOO/src/build/quiz/build install --record /home/wheeltec/KUL_TABLOO/src/build/quiz/install.log --single-version-externally-managed install_data
