[11.416s] Invoking command in '/home/wheeltec/KUL_TABLOO/src/actionclient': PYTHONPATH=/home/wheeltec/KUL_TABLOO/src/build/actionclient/prefix_override:/usr/lib/python3/dist-packages/colcon_core/task/python/colcon_distutils_commands:/home/wheeltec/KUL_TABLOO/src/install/actionclient/lib/python3.8/site-packages:${PYTHONPATH} /usr/bin/python3 -W ignore:setup.py install is deprecated -W ignore:easy_install command is deprecated setup.py egg_info --egg-base ../build/actionclient build --build-base /home/wheeltec/KUL_TABLOO/src/build/actionclient/build install --record /home/wheeltec/KUL_TABLOO/src/build/actionclient/install.log --single-version-externally-managed install_data
[13.969s] running egg_info
[14.050s] writing ../build/actionclient/actionclient.egg-info/PKG-INFO
[14.051s] writing dependency_links to ../build/actionclient/actionclient.egg-info/dependency_links.txt
[14.052s] writing entry points to ../build/actionclient/actionclient.egg-info/entry_points.txt
[14.053s] writing requirements to ../build/actionclient/actionclient.egg-info/requires.txt
[14.053s] writing top-level names to ../build/actionclient/actionclient.egg-info/top_level.txt
[14.212s] reading manifest file '../build/actionclient/actionclient.egg-info/SOURCES.txt'
[14.216s] writing manifest file '../build/actionclient/actionclient.egg-info/SOURCES.txt'
[14.217s] running build
[14.217s] running build_py
[14.218s] running install
[14.246s] running install_lib
[14.363s] running install_data
[14.364s] running install_egg_info
[14.461s] removing '/home/wheeltec/KUL_TABLOO/src/install/actionclient/lib/python3.8/site-packages/actionclient-0.0.0-py3.8.egg-info' (and everything under it)
[14.463s] Copying ../build/actionclient/actionclient.egg-info to /home/wheeltec/KUL_TABLOO/src/install/actionclient/lib/python3.8/site-packages/actionclient-0.0.0-py3.8.egg-info
[14.471s] running install_scripts
[15.102s] Installing actionclient script to /home/wheeltec/KUL_TABLOO/src/install/actionclient/lib/actionclient
[15.103s] writing list of installed files to '/home/wheeltec/KUL_TABLOO/src/build/actionclient/install.log'
[20.570s] Invoked command in '/home/wheeltec/KUL_TABLOO/src/actionclient' returned '0': PYTHONPATH=/home/wheeltec/KUL_TABLOO/src/build/actionclient/prefix_override:/usr/lib/python3/dist-packages/colcon_core/task/python/colcon_distutils_commands:/home/wheeltec/KUL_TABLOO/src/install/actionclient/lib/python3.8/site-packages:${PYTHONPATH} /usr/bin/python3 -W ignore:setup.py install is deprecated -W ignore:easy_install command is deprecated setup.py egg_info --egg-base ../build/actionclient build --build-base /home/wheeltec/KUL_TABLOO/src/build/actionclient/build install --record /home/wheeltec/KUL_TABLOO/src/build/actionclient/install.log --single-version-externally-managed install_data
