[11.301s] Invoking command in '/home/wheeltec/KUL_TABLOO/src/rpi_pub': PYTHONPATH=/home/wheeltec/KUL_TABLOO/src/build/rpi_pub/prefix_override:/usr/lib/python3/dist-packages/colcon_core/task/python/colcon_distutils_commands:/home/wheeltec/KUL_TABLOO/src/install/rpi_pub/lib/python3.8/site-packages:${PYTHONPATH} /usr/bin/python3 -W ignore:setup.py install is deprecated -W ignore:easy_install command is deprecated setup.py egg_info --egg-base ../build/rpi_pub build --build-base /home/wheeltec/KUL_TABLOO/src/build/rpi_pub/build install --record /home/wheeltec/KUL_TABLOO/src/build/rpi_pub/install.log --single-version-externally-managed install_data
[13.557s] running egg_info
[13.632s] writing ../build/rpi_pub/rpi_pub.egg-info/PKG-INFO
[13.633s] writing dependency_links to ../build/rpi_pub/rpi_pub.egg-info/dependency_links.txt
[13.633s] writing entry points to ../build/rpi_pub/rpi_pub.egg-info/entry_points.txt
[13.635s] writing requirements to ../build/rpi_pub/rpi_pub.egg-info/requires.txt
[13.635s] writing top-level names to ../build/rpi_pub/rpi_pub.egg-info/top_level.txt
[13.793s] reading manifest file '../build/rpi_pub/rpi_pub.egg-info/SOURCES.txt'
[13.797s] writing manifest file '../build/rpi_pub/rpi_pub.egg-info/SOURCES.txt'
[13.798s] running build
[13.798s] running build_py
[13.799s] running install
[13.830s] running install_lib
[13.924s] running install_data
[13.924s] running install_egg_info
[14.018s] removing '/home/wheeltec/KUL_TABLOO/src/install/rpi_pub/lib/python3.8/site-packages/rpi_pub-0.0.0-py3.8.egg-info' (and everything under it)
[14.021s] Copying ../build/rpi_pub/rpi_pub.egg-info to /home/wheeltec/KUL_TABLOO/src/install/rpi_pub/lib/python3.8/site-packages/rpi_pub-0.0.0-py3.8.egg-info
[14.025s] running install_scripts
[14.530s] Installing rpi_pub script to /home/wheeltec/KUL_TABLOO/src/install/rpi_pub/lib/rpi_pub
[14.531s] writing list of installed files to '/home/wheeltec/KUL_TABLOO/src/build/rpi_pub/install.log'
[14.937s] Invoked command in '/home/wheeltec/KUL_TABLOO/src/rpi_pub' returned '0': PYTHONPATH=/home/wheeltec/KUL_TABLOO/src/build/rpi_pub/prefix_override:/usr/lib/python3/dist-packages/colcon_core/task/python/colcon_distutils_commands:/home/wheeltec/KUL_TABLOO/src/install/rpi_pub/lib/python3.8/site-packages:${PYTHONPATH} /usr/bin/python3 -W ignore:setup.py install is deprecated -W ignore:easy_install command is deprecated setup.py egg_info --egg-base ../build/rpi_pub build --build-base /home/wheeltec/KUL_TABLOO/src/build/rpi_pub/build install --record /home/wheeltec/KUL_TABLOO/src/build/rpi_pub/install.log --single-version-externally-managed install_data
